[2022-04-04 21:47:33,379] {processor.py:163} INFO - Started process (PID=249) to work on /home/airflow/.local/lib/python3.7/site-packages/airflow/example_dags/example_branch_datetime_operator.py
[2022-04-04 21:47:33,382] {processor.py:642} INFO - Processing file /home/airflow/.local/lib/python3.7/site-packages/airflow/example_dags/example_branch_datetime_operator.py for tasks to queue
[2022-04-04 21:47:33,383] {logging_mixin.py:109} INFO - [2022-04-04 21:47:33,383] {dagbag.py:500} INFO - Filling up the DagBag from /home/airflow/.local/lib/python3.7/site-packages/airflow/example_dags/example_branch_datetime_operator.py
[2022-04-04 21:47:33,410] {processor.py:652} INFO - DAG(s) dict_keys(['example_branch_datetime_operator_2']) retrieved from /home/airflow/.local/lib/python3.7/site-packages/airflow/example_dags/example_branch_datetime_operator.py
[2022-04-04 21:47:36,552] {logging_mixin.py:109} INFO - [2022-04-04 21:47:36,551] {manager.py:496} INFO - Created Permission View: can edit on DAG:example_branch_datetime_operator_2
[2022-04-04 21:47:36,564] {logging_mixin.py:109} INFO - [2022-04-04 21:47:36,564] {manager.py:496} INFO - Created Permission View: can read on DAG:example_branch_datetime_operator_2
[2022-04-04 21:47:36,565] {logging_mixin.py:109} INFO - [2022-04-04 21:47:36,564] {dag.py:2398} INFO - Sync 1 DAGs
[2022-04-04 21:47:36,576] {logging_mixin.py:109} INFO - [2022-04-04 21:47:36,575] {dag.py:2417} INFO - Creating ORM DAG for example_branch_datetime_operator_2
[2022-04-04 21:47:36,591] {logging_mixin.py:109} INFO - [2022-04-04 21:47:36,591] {dag.py:2937} INFO - Setting next_dagrun for example_branch_datetime_operator_2 to 2022-04-03 00:00:00+00:00
[2022-04-04 21:47:36,610] {processor.py:171} INFO - Processing /home/airflow/.local/lib/python3.7/site-packages/airflow/example_dags/example_branch_datetime_operator.py took 3.242 seconds
[2022-04-04 21:48:07,462] {processor.py:163} INFO - Started process (PID=378) to work on /home/airflow/.local/lib/python3.7/site-packages/airflow/example_dags/example_branch_datetime_operator.py
[2022-04-04 21:48:07,465] {processor.py:642} INFO - Processing file /home/airflow/.local/lib/python3.7/site-packages/airflow/example_dags/example_branch_datetime_operator.py for tasks to queue
[2022-04-04 21:48:07,466] {logging_mixin.py:109} INFO - [2022-04-04 21:48:07,466] {dagbag.py:500} INFO - Filling up the DagBag from /home/airflow/.local/lib/python3.7/site-packages/airflow/example_dags/example_branch_datetime_operator.py
[2022-04-04 21:48:07,509] {processor.py:652} INFO - DAG(s) dict_keys(['example_branch_datetime_operator_2']) retrieved from /home/airflow/.local/lib/python3.7/site-packages/airflow/example_dags/example_branch_datetime_operator.py
[2022-04-04 21:48:07,546] {logging_mixin.py:109} INFO - [2022-04-04 21:48:07,546] {dag.py:2398} INFO - Sync 1 DAGs
[2022-04-04 21:48:07,580] {logging_mixin.py:109} INFO - [2022-04-04 21:48:07,580] {dag.py:2937} INFO - Setting next_dagrun for example_branch_datetime_operator_2 to 2022-04-03 00:00:00+00:00
[2022-04-04 21:48:07,596] {processor.py:171} INFO - Processing /home/airflow/.local/lib/python3.7/site-packages/airflow/example_dags/example_branch_datetime_operator.py took 0.139 seconds
[2022-04-04 21:48:37,847] {processor.py:163} INFO - Started process (PID=442) to work on /home/airflow/.local/lib/python3.7/site-packages/airflow/example_dags/example_branch_datetime_operator.py
[2022-04-04 21:48:37,849] {processor.py:642} INFO - Processing file /home/airflow/.local/lib/python3.7/site-packages/airflow/example_dags/example_branch_datetime_operator.py for tasks to queue
[2022-04-04 21:48:37,849] {logging_mixin.py:109} INFO - [2022-04-04 21:48:37,849] {dagbag.py:500} INFO - Filling up the DagBag from /home/airflow/.local/lib/python3.7/site-packages/airflow/example_dags/example_branch_datetime_operator.py
[2022-04-04 21:48:37,870] {processor.py:652} INFO - DAG(s) dict_keys(['example_branch_datetime_operator_2']) retrieved from /home/airflow/.local/lib/python3.7/site-packages/airflow/example_dags/example_branch_datetime_operator.py
[2022-04-04 21:48:37,898] {logging_mixin.py:109} INFO - [2022-04-04 21:48:37,898] {dag.py:2398} INFO - Sync 1 DAGs
[2022-04-04 21:48:37,930] {logging_mixin.py:109} INFO - [2022-04-04 21:48:37,930] {dag.py:2937} INFO - Setting next_dagrun for example_branch_datetime_operator_2 to 2022-04-03 00:00:00+00:00
[2022-04-04 21:48:37,947] {processor.py:171} INFO - Processing /home/airflow/.local/lib/python3.7/site-packages/airflow/example_dags/example_branch_datetime_operator.py took 0.105 seconds
[2022-04-04 21:49:08,275] {processor.py:163} INFO - Started process (PID=493) to work on /home/airflow/.local/lib/python3.7/site-packages/airflow/example_dags/example_branch_datetime_operator.py
[2022-04-04 21:49:08,277] {processor.py:642} INFO - Processing file /home/airflow/.local/lib/python3.7/site-packages/airflow/example_dags/example_branch_datetime_operator.py for tasks to queue
[2022-04-04 21:49:08,278] {logging_mixin.py:109} INFO - [2022-04-04 21:49:08,278] {dagbag.py:500} INFO - Filling up the DagBag from /home/airflow/.local/lib/python3.7/site-packages/airflow/example_dags/example_branch_datetime_operator.py
[2022-04-04 21:49:08,297] {processor.py:652} INFO - DAG(s) dict_keys(['example_branch_datetime_operator_2']) retrieved from /home/airflow/.local/lib/python3.7/site-packages/airflow/example_dags/example_branch_datetime_operator.py
[2022-04-04 21:49:08,322] {logging_mixin.py:109} INFO - [2022-04-04 21:49:08,322] {dag.py:2398} INFO - Sync 1 DAGs
[2022-04-04 21:49:08,349] {logging_mixin.py:109} INFO - [2022-04-04 21:49:08,349] {dag.py:2937} INFO - Setting next_dagrun for example_branch_datetime_operator_2 to 2022-04-03 00:00:00+00:00
[2022-04-04 21:49:08,364] {processor.py:171} INFO - Processing /home/airflow/.local/lib/python3.7/site-packages/airflow/example_dags/example_branch_datetime_operator.py took 0.092 seconds
[2022-04-04 21:49:38,961] {processor.py:163} INFO - Started process (PID=543) to work on /home/airflow/.local/lib/python3.7/site-packages/airflow/example_dags/example_branch_datetime_operator.py
[2022-04-04 21:49:38,962] {processor.py:642} INFO - Processing file /home/airflow/.local/lib/python3.7/site-packages/airflow/example_dags/example_branch_datetime_operator.py for tasks to queue
[2022-04-04 21:49:38,963] {logging_mixin.py:109} INFO - [2022-04-04 21:49:38,963] {dagbag.py:500} INFO - Filling up the DagBag from /home/airflow/.local/lib/python3.7/site-packages/airflow/example_dags/example_branch_datetime_operator.py
[2022-04-04 21:49:38,981] {processor.py:652} INFO - DAG(s) dict_keys(['example_branch_datetime_operator_2']) retrieved from /home/airflow/.local/lib/python3.7/site-packages/airflow/example_dags/example_branch_datetime_operator.py
[2022-04-04 21:49:39,007] {logging_mixin.py:109} INFO - [2022-04-04 21:49:39,007] {dag.py:2398} INFO - Sync 1 DAGs
[2022-04-04 21:49:39,044] {logging_mixin.py:109} INFO - [2022-04-04 21:49:39,044] {dag.py:2937} INFO - Setting next_dagrun for example_branch_datetime_operator_2 to 2022-04-03 00:00:00+00:00
[2022-04-04 21:49:39,062] {processor.py:171} INFO - Processing /home/airflow/.local/lib/python3.7/site-packages/airflow/example_dags/example_branch_datetime_operator.py took 0.104 seconds
[2022-04-04 21:50:09,328] {processor.py:163} INFO - Started process (PID=605) to work on /home/airflow/.local/lib/python3.7/site-packages/airflow/example_dags/example_branch_datetime_operator.py
[2022-04-04 21:50:09,332] {processor.py:642} INFO - Processing file /home/airflow/.local/lib/python3.7/site-packages/airflow/example_dags/example_branch_datetime_operator.py for tasks to queue
[2022-04-04 21:50:09,334] {logging_mixin.py:109} INFO - [2022-04-04 21:50:09,334] {dagbag.py:500} INFO - Filling up the DagBag from /home/airflow/.local/lib/python3.7/site-packages/airflow/example_dags/example_branch_datetime_operator.py
[2022-04-04 21:50:09,368] {processor.py:652} INFO - DAG(s) dict_keys(['example_branch_datetime_operator_2']) retrieved from /home/airflow/.local/lib/python3.7/site-packages/airflow/example_dags/example_branch_datetime_operator.py
[2022-04-04 21:50:09,401] {logging_mixin.py:109} INFO - [2022-04-04 21:50:09,400] {dag.py:2398} INFO - Sync 1 DAGs
[2022-04-04 21:50:09,435] {logging_mixin.py:109} INFO - [2022-04-04 21:50:09,434] {dag.py:2937} INFO - Setting next_dagrun for example_branch_datetime_operator_2 to 2022-04-03 00:00:00+00:00
[2022-04-04 21:50:09,450] {processor.py:171} INFO - Processing /home/airflow/.local/lib/python3.7/site-packages/airflow/example_dags/example_branch_datetime_operator.py took 0.129 seconds
[2022-04-04 21:50:39,781] {processor.py:163} INFO - Started process (PID=657) to work on /home/airflow/.local/lib/python3.7/site-packages/airflow/example_dags/example_branch_datetime_operator.py
[2022-04-04 21:50:39,783] {processor.py:642} INFO - Processing file /home/airflow/.local/lib/python3.7/site-packages/airflow/example_dags/example_branch_datetime_operator.py for tasks to queue
[2022-04-04 21:50:39,783] {logging_mixin.py:109} INFO - [2022-04-04 21:50:39,783] {dagbag.py:500} INFO - Filling up the DagBag from /home/airflow/.local/lib/python3.7/site-packages/airflow/example_dags/example_branch_datetime_operator.py
[2022-04-04 21:50:39,803] {processor.py:652} INFO - DAG(s) dict_keys(['example_branch_datetime_operator_2']) retrieved from /home/airflow/.local/lib/python3.7/site-packages/airflow/example_dags/example_branch_datetime_operator.py
[2022-04-04 21:50:39,827] {logging_mixin.py:109} INFO - [2022-04-04 21:50:39,827] {dag.py:2398} INFO - Sync 1 DAGs
[2022-04-04 21:50:39,852] {logging_mixin.py:109} INFO - [2022-04-04 21:50:39,851] {dag.py:2937} INFO - Setting next_dagrun for example_branch_datetime_operator_2 to 2022-04-03 00:00:00+00:00
[2022-04-04 21:50:39,866] {processor.py:171} INFO - Processing /home/airflow/.local/lib/python3.7/site-packages/airflow/example_dags/example_branch_datetime_operator.py took 0.088 seconds
[2022-04-04 21:51:10,084] {processor.py:163} INFO - Started process (PID=708) to work on /home/airflow/.local/lib/python3.7/site-packages/airflow/example_dags/example_branch_datetime_operator.py
[2022-04-04 21:51:10,085] {processor.py:642} INFO - Processing file /home/airflow/.local/lib/python3.7/site-packages/airflow/example_dags/example_branch_datetime_operator.py for tasks to queue
[2022-04-04 21:51:10,086] {logging_mixin.py:109} INFO - [2022-04-04 21:51:10,086] {dagbag.py:500} INFO - Filling up the DagBag from /home/airflow/.local/lib/python3.7/site-packages/airflow/example_dags/example_branch_datetime_operator.py
[2022-04-04 21:51:10,107] {processor.py:652} INFO - DAG(s) dict_keys(['example_branch_datetime_operator_2']) retrieved from /home/airflow/.local/lib/python3.7/site-packages/airflow/example_dags/example_branch_datetime_operator.py
[2022-04-04 21:51:10,133] {logging_mixin.py:109} INFO - [2022-04-04 21:51:10,133] {dag.py:2398} INFO - Sync 1 DAGs
[2022-04-04 21:51:10,157] {logging_mixin.py:109} INFO - [2022-04-04 21:51:10,157] {dag.py:2937} INFO - Setting next_dagrun for example_branch_datetime_operator_2 to 2022-04-03 00:00:00+00:00
[2022-04-04 21:51:10,169] {processor.py:171} INFO - Processing /home/airflow/.local/lib/python3.7/site-packages/airflow/example_dags/example_branch_datetime_operator.py took 0.089 seconds
[2022-04-04 21:51:40,455] {processor.py:163} INFO - Started process (PID=768) to work on /home/airflow/.local/lib/python3.7/site-packages/airflow/example_dags/example_branch_datetime_operator.py
[2022-04-04 21:51:40,457] {processor.py:642} INFO - Processing file /home/airflow/.local/lib/python3.7/site-packages/airflow/example_dags/example_branch_datetime_operator.py for tasks to queue
[2022-04-04 21:51:40,458] {logging_mixin.py:109} INFO - [2022-04-04 21:51:40,458] {dagbag.py:500} INFO - Filling up the DagBag from /home/airflow/.local/lib/python3.7/site-packages/airflow/example_dags/example_branch_datetime_operator.py
[2022-04-04 21:51:40,485] {processor.py:652} INFO - DAG(s) dict_keys(['example_branch_datetime_operator_2']) retrieved from /home/airflow/.local/lib/python3.7/site-packages/airflow/example_dags/example_branch_datetime_operator.py
[2022-04-04 21:51:40,519] {logging_mixin.py:109} INFO - [2022-04-04 21:51:40,519] {dag.py:2398} INFO - Sync 1 DAGs
[2022-04-04 21:51:40,564] {logging_mixin.py:109} INFO - [2022-04-04 21:51:40,564] {dag.py:2937} INFO - Setting next_dagrun for example_branch_datetime_operator_2 to 2022-04-03 00:00:00+00:00
[2022-04-04 21:51:40,609] {processor.py:171} INFO - Processing /home/airflow/.local/lib/python3.7/site-packages/airflow/example_dags/example_branch_datetime_operator.py took 0.158 seconds
[2022-04-04 21:52:10,693] {processor.py:163} INFO - Started process (PID=820) to work on /home/airflow/.local/lib/python3.7/site-packages/airflow/example_dags/example_branch_datetime_operator.py
[2022-04-04 21:52:10,694] {processor.py:642} INFO - Processing file /home/airflow/.local/lib/python3.7/site-packages/airflow/example_dags/example_branch_datetime_operator.py for tasks to queue
[2022-04-04 21:52:10,695] {logging_mixin.py:109} INFO - [2022-04-04 21:52:10,695] {dagbag.py:500} INFO - Filling up the DagBag from /home/airflow/.local/lib/python3.7/site-packages/airflow/example_dags/example_branch_datetime_operator.py
[2022-04-04 21:52:10,714] {processor.py:652} INFO - DAG(s) dict_keys(['example_branch_datetime_operator_2']) retrieved from /home/airflow/.local/lib/python3.7/site-packages/airflow/example_dags/example_branch_datetime_operator.py
[2022-04-04 21:52:10,739] {logging_mixin.py:109} INFO - [2022-04-04 21:52:10,738] {dag.py:2398} INFO - Sync 1 DAGs
[2022-04-04 21:52:10,763] {logging_mixin.py:109} INFO - [2022-04-04 21:52:10,763] {dag.py:2937} INFO - Setting next_dagrun for example_branch_datetime_operator_2 to 2022-04-03 00:00:00+00:00
[2022-04-04 21:52:10,780] {processor.py:171} INFO - Processing /home/airflow/.local/lib/python3.7/site-packages/airflow/example_dags/example_branch_datetime_operator.py took 0.091 seconds
[2022-04-04 21:52:41,129] {processor.py:163} INFO - Started process (PID=870) to work on /home/airflow/.local/lib/python3.7/site-packages/airflow/example_dags/example_branch_datetime_operator.py
[2022-04-04 21:52:41,131] {processor.py:642} INFO - Processing file /home/airflow/.local/lib/python3.7/site-packages/airflow/example_dags/example_branch_datetime_operator.py for tasks to queue
[2022-04-04 21:52:41,132] {logging_mixin.py:109} INFO - [2022-04-04 21:52:41,131] {dagbag.py:500} INFO - Filling up the DagBag from /home/airflow/.local/lib/python3.7/site-packages/airflow/example_dags/example_branch_datetime_operator.py
[2022-04-04 21:52:41,152] {processor.py:652} INFO - DAG(s) dict_keys(['example_branch_datetime_operator_2']) retrieved from /home/airflow/.local/lib/python3.7/site-packages/airflow/example_dags/example_branch_datetime_operator.py
[2022-04-04 21:52:41,186] {logging_mixin.py:109} INFO - [2022-04-04 21:52:41,185] {dag.py:2398} INFO - Sync 1 DAGs
[2022-04-04 21:52:41,217] {logging_mixin.py:109} INFO - [2022-04-04 21:52:41,217] {dag.py:2937} INFO - Setting next_dagrun for example_branch_datetime_operator_2 to 2022-04-03 00:00:00+00:00
[2022-04-04 21:52:41,236] {processor.py:171} INFO - Processing /home/airflow/.local/lib/python3.7/site-packages/airflow/example_dags/example_branch_datetime_operator.py took 0.112 seconds
[2022-04-04 21:53:11,352] {processor.py:163} INFO - Started process (PID=921) to work on /home/airflow/.local/lib/python3.7/site-packages/airflow/example_dags/example_branch_datetime_operator.py
[2022-04-04 21:53:11,355] {processor.py:642} INFO - Processing file /home/airflow/.local/lib/python3.7/site-packages/airflow/example_dags/example_branch_datetime_operator.py for tasks to queue
[2022-04-04 21:53:11,355] {logging_mixin.py:109} INFO - [2022-04-04 21:53:11,355] {dagbag.py:500} INFO - Filling up the DagBag from /home/airflow/.local/lib/python3.7/site-packages/airflow/example_dags/example_branch_datetime_operator.py
[2022-04-04 21:53:11,376] {processor.py:652} INFO - DAG(s) dict_keys(['example_branch_datetime_operator_2']) retrieved from /home/airflow/.local/lib/python3.7/site-packages/airflow/example_dags/example_branch_datetime_operator.py
[2022-04-04 21:53:11,404] {logging_mixin.py:109} INFO - [2022-04-04 21:53:11,404] {dag.py:2398} INFO - Sync 1 DAGs
[2022-04-04 21:53:11,432] {logging_mixin.py:109} INFO - [2022-04-04 21:53:11,432] {dag.py:2937} INFO - Setting next_dagrun for example_branch_datetime_operator_2 to 2022-04-03 00:00:00+00:00
[2022-04-04 21:53:11,446] {processor.py:171} INFO - Processing /home/airflow/.local/lib/python3.7/site-packages/airflow/example_dags/example_branch_datetime_operator.py took 0.101 seconds
[2022-04-04 21:53:41,712] {processor.py:163} INFO - Started process (PID=982) to work on /home/airflow/.local/lib/python3.7/site-packages/airflow/example_dags/example_branch_datetime_operator.py
[2022-04-04 21:53:41,714] {processor.py:642} INFO - Processing file /home/airflow/.local/lib/python3.7/site-packages/airflow/example_dags/example_branch_datetime_operator.py for tasks to queue
[2022-04-04 21:53:41,714] {logging_mixin.py:109} INFO - [2022-04-04 21:53:41,714] {dagbag.py:500} INFO - Filling up the DagBag from /home/airflow/.local/lib/python3.7/site-packages/airflow/example_dags/example_branch_datetime_operator.py
[2022-04-04 21:53:41,734] {processor.py:652} INFO - DAG(s) dict_keys(['example_branch_datetime_operator_2']) retrieved from /home/airflow/.local/lib/python3.7/site-packages/airflow/example_dags/example_branch_datetime_operator.py
[2022-04-04 21:53:41,760] {logging_mixin.py:109} INFO - [2022-04-04 21:53:41,760] {dag.py:2398} INFO - Sync 1 DAGs
[2022-04-04 21:53:41,786] {logging_mixin.py:109} INFO - [2022-04-04 21:53:41,785] {dag.py:2937} INFO - Setting next_dagrun for example_branch_datetime_operator_2 to 2022-04-03 00:00:00+00:00
[2022-04-04 21:53:41,804] {processor.py:171} INFO - Processing /home/airflow/.local/lib/python3.7/site-packages/airflow/example_dags/example_branch_datetime_operator.py took 0.095 seconds
[2022-04-04 21:54:12,286] {processor.py:163} INFO - Started process (PID=1035) to work on /home/airflow/.local/lib/python3.7/site-packages/airflow/example_dags/example_branch_datetime_operator.py
[2022-04-04 21:54:12,287] {processor.py:642} INFO - Processing file /home/airflow/.local/lib/python3.7/site-packages/airflow/example_dags/example_branch_datetime_operator.py for tasks to queue
[2022-04-04 21:54:12,288] {logging_mixin.py:109} INFO - [2022-04-04 21:54:12,288] {dagbag.py:500} INFO - Filling up the DagBag from /home/airflow/.local/lib/python3.7/site-packages/airflow/example_dags/example_branch_datetime_operator.py
[2022-04-04 21:54:12,306] {processor.py:652} INFO - DAG(s) dict_keys(['example_branch_datetime_operator_2']) retrieved from /home/airflow/.local/lib/python3.7/site-packages/airflow/example_dags/example_branch_datetime_operator.py
[2022-04-04 21:54:12,330] {logging_mixin.py:109} INFO - [2022-04-04 21:54:12,330] {dag.py:2398} INFO - Sync 1 DAGs
[2022-04-04 21:54:12,353] {logging_mixin.py:109} INFO - [2022-04-04 21:54:12,353] {dag.py:2937} INFO - Setting next_dagrun for example_branch_datetime_operator_2 to 2022-04-03 00:00:00+00:00
[2022-04-04 21:54:12,366] {processor.py:171} INFO - Processing /home/airflow/.local/lib/python3.7/site-packages/airflow/example_dags/example_branch_datetime_operator.py took 0.083 seconds
[2022-04-04 21:54:42,438] {processor.py:163} INFO - Started process (PID=1085) to work on /home/airflow/.local/lib/python3.7/site-packages/airflow/example_dags/example_branch_datetime_operator.py
[2022-04-04 21:54:42,440] {processor.py:642} INFO - Processing file /home/airflow/.local/lib/python3.7/site-packages/airflow/example_dags/example_branch_datetime_operator.py for tasks to queue
[2022-04-04 21:54:42,441] {logging_mixin.py:109} INFO - [2022-04-04 21:54:42,441] {dagbag.py:500} INFO - Filling up the DagBag from /home/airflow/.local/lib/python3.7/site-packages/airflow/example_dags/example_branch_datetime_operator.py
[2022-04-04 21:54:42,458] {processor.py:652} INFO - DAG(s) dict_keys(['example_branch_datetime_operator_2']) retrieved from /home/airflow/.local/lib/python3.7/site-packages/airflow/example_dags/example_branch_datetime_operator.py
[2022-04-04 21:54:42,483] {logging_mixin.py:109} INFO - [2022-04-04 21:54:42,483] {dag.py:2398} INFO - Sync 1 DAGs
[2022-04-04 21:54:42,507] {logging_mixin.py:109} INFO - [2022-04-04 21:54:42,507] {dag.py:2937} INFO - Setting next_dagrun for example_branch_datetime_operator_2 to 2022-04-03 00:00:00+00:00
[2022-04-04 21:54:42,523] {processor.py:171} INFO - Processing /home/airflow/.local/lib/python3.7/site-packages/airflow/example_dags/example_branch_datetime_operator.py took 0.088 seconds
[2022-04-04 21:55:12,796] {processor.py:163} INFO - Started process (PID=1145) to work on /home/airflow/.local/lib/python3.7/site-packages/airflow/example_dags/example_branch_datetime_operator.py
[2022-04-04 21:55:12,797] {processor.py:642} INFO - Processing file /home/airflow/.local/lib/python3.7/site-packages/airflow/example_dags/example_branch_datetime_operator.py for tasks to queue
[2022-04-04 21:55:12,798] {logging_mixin.py:109} INFO - [2022-04-04 21:55:12,798] {dagbag.py:500} INFO - Filling up the DagBag from /home/airflow/.local/lib/python3.7/site-packages/airflow/example_dags/example_branch_datetime_operator.py
[2022-04-04 21:55:12,816] {processor.py:652} INFO - DAG(s) dict_keys(['example_branch_datetime_operator_2']) retrieved from /home/airflow/.local/lib/python3.7/site-packages/airflow/example_dags/example_branch_datetime_operator.py
[2022-04-04 21:55:12,844] {logging_mixin.py:109} INFO - [2022-04-04 21:55:12,843] {dag.py:2398} INFO - Sync 1 DAGs
[2022-04-04 21:55:12,871] {logging_mixin.py:109} INFO - [2022-04-04 21:55:12,871] {dag.py:2937} INFO - Setting next_dagrun for example_branch_datetime_operator_2 to 2022-04-03 00:00:00+00:00
[2022-04-04 21:55:12,886] {processor.py:171} INFO - Processing /home/airflow/.local/lib/python3.7/site-packages/airflow/example_dags/example_branch_datetime_operator.py took 0.094 seconds
[2022-04-04 21:55:42,963] {processor.py:163} INFO - Started process (PID=1197) to work on /home/airflow/.local/lib/python3.7/site-packages/airflow/example_dags/example_branch_datetime_operator.py
[2022-04-04 21:55:42,964] {processor.py:642} INFO - Processing file /home/airflow/.local/lib/python3.7/site-packages/airflow/example_dags/example_branch_datetime_operator.py for tasks to queue
[2022-04-04 21:55:42,965] {logging_mixin.py:109} INFO - [2022-04-04 21:55:42,965] {dagbag.py:500} INFO - Filling up the DagBag from /home/airflow/.local/lib/python3.7/site-packages/airflow/example_dags/example_branch_datetime_operator.py
[2022-04-04 21:55:42,986] {processor.py:652} INFO - DAG(s) dict_keys(['example_branch_datetime_operator_2']) retrieved from /home/airflow/.local/lib/python3.7/site-packages/airflow/example_dags/example_branch_datetime_operator.py
[2022-04-04 21:55:43,020] {logging_mixin.py:109} INFO - [2022-04-04 21:55:43,020] {dag.py:2398} INFO - Sync 1 DAGs
[2022-04-04 21:55:43,047] {logging_mixin.py:109} INFO - [2022-04-04 21:55:43,047] {dag.py:2937} INFO - Setting next_dagrun for example_branch_datetime_operator_2 to 2022-04-03 00:00:00+00:00
[2022-04-04 21:55:43,062] {processor.py:171} INFO - Processing /home/airflow/.local/lib/python3.7/site-packages/airflow/example_dags/example_branch_datetime_operator.py took 0.103 seconds
[2022-04-04 21:56:14,017] {processor.py:163} INFO - Started process (PID=1248) to work on /home/airflow/.local/lib/python3.7/site-packages/airflow/example_dags/example_branch_datetime_operator.py
[2022-04-04 21:56:14,019] {processor.py:642} INFO - Processing file /home/airflow/.local/lib/python3.7/site-packages/airflow/example_dags/example_branch_datetime_operator.py for tasks to queue
[2022-04-04 21:56:14,020] {logging_mixin.py:109} INFO - [2022-04-04 21:56:14,020] {dagbag.py:500} INFO - Filling up the DagBag from /home/airflow/.local/lib/python3.7/site-packages/airflow/example_dags/example_branch_datetime_operator.py
[2022-04-04 21:56:14,042] {processor.py:652} INFO - DAG(s) dict_keys(['example_branch_datetime_operator_2']) retrieved from /home/airflow/.local/lib/python3.7/site-packages/airflow/example_dags/example_branch_datetime_operator.py
[2022-04-04 21:56:14,075] {logging_mixin.py:109} INFO - [2022-04-04 21:56:14,075] {dag.py:2398} INFO - Sync 1 DAGs
[2022-04-04 21:56:14,109] {logging_mixin.py:109} INFO - [2022-04-04 21:56:14,109] {dag.py:2937} INFO - Setting next_dagrun for example_branch_datetime_operator_2 to 2022-04-03 00:00:00+00:00
[2022-04-04 21:56:14,121] {processor.py:171} INFO - Processing /home/airflow/.local/lib/python3.7/site-packages/airflow/example_dags/example_branch_datetime_operator.py took 0.109 seconds
[2022-04-04 21:56:44,356] {processor.py:163} INFO - Started process (PID=1309) to work on /home/airflow/.local/lib/python3.7/site-packages/airflow/example_dags/example_branch_datetime_operator.py
[2022-04-04 21:56:44,357] {processor.py:642} INFO - Processing file /home/airflow/.local/lib/python3.7/site-packages/airflow/example_dags/example_branch_datetime_operator.py for tasks to queue
[2022-04-04 21:56:44,358] {logging_mixin.py:109} INFO - [2022-04-04 21:56:44,358] {dagbag.py:500} INFO - Filling up the DagBag from /home/airflow/.local/lib/python3.7/site-packages/airflow/example_dags/example_branch_datetime_operator.py
[2022-04-04 21:56:44,386] {processor.py:652} INFO - DAG(s) dict_keys(['example_branch_datetime_operator_2']) retrieved from /home/airflow/.local/lib/python3.7/site-packages/airflow/example_dags/example_branch_datetime_operator.py
[2022-04-04 21:56:44,421] {logging_mixin.py:109} INFO - [2022-04-04 21:56:44,421] {dag.py:2398} INFO - Sync 1 DAGs
[2022-04-04 21:56:44,449] {logging_mixin.py:109} INFO - [2022-04-04 21:56:44,449] {dag.py:2937} INFO - Setting next_dagrun for example_branch_datetime_operator_2 to 2022-04-03 00:00:00+00:00
[2022-04-04 21:56:44,468] {processor.py:171} INFO - Processing /home/airflow/.local/lib/python3.7/site-packages/airflow/example_dags/example_branch_datetime_operator.py took 0.116 seconds
[2022-04-04 21:57:15,359] {processor.py:163} INFO - Started process (PID=1362) to work on /home/airflow/.local/lib/python3.7/site-packages/airflow/example_dags/example_branch_datetime_operator.py
[2022-04-04 21:57:15,360] {processor.py:642} INFO - Processing file /home/airflow/.local/lib/python3.7/site-packages/airflow/example_dags/example_branch_datetime_operator.py for tasks to queue
[2022-04-04 21:57:15,361] {logging_mixin.py:109} INFO - [2022-04-04 21:57:15,361] {dagbag.py:500} INFO - Filling up the DagBag from /home/airflow/.local/lib/python3.7/site-packages/airflow/example_dags/example_branch_datetime_operator.py
[2022-04-04 21:57:15,382] {processor.py:652} INFO - DAG(s) dict_keys(['example_branch_datetime_operator_2']) retrieved from /home/airflow/.local/lib/python3.7/site-packages/airflow/example_dags/example_branch_datetime_operator.py
[2022-04-04 21:57:15,410] {logging_mixin.py:109} INFO - [2022-04-04 21:57:15,410] {dag.py:2398} INFO - Sync 1 DAGs
[2022-04-04 21:57:15,438] {logging_mixin.py:109} INFO - [2022-04-04 21:57:15,438] {dag.py:2937} INFO - Setting next_dagrun for example_branch_datetime_operator_2 to 2022-04-03 00:00:00+00:00
[2022-04-04 21:57:15,452] {processor.py:171} INFO - Processing /home/airflow/.local/lib/python3.7/site-packages/airflow/example_dags/example_branch_datetime_operator.py took 0.096 seconds
[2022-04-04 21:57:46,055] {processor.py:163} INFO - Started process (PID=1414) to work on /home/airflow/.local/lib/python3.7/site-packages/airflow/example_dags/example_branch_datetime_operator.py
[2022-04-04 21:57:46,057] {processor.py:642} INFO - Processing file /home/airflow/.local/lib/python3.7/site-packages/airflow/example_dags/example_branch_datetime_operator.py for tasks to queue
[2022-04-04 21:57:46,057] {logging_mixin.py:109} INFO - [2022-04-04 21:57:46,057] {dagbag.py:500} INFO - Filling up the DagBag from /home/airflow/.local/lib/python3.7/site-packages/airflow/example_dags/example_branch_datetime_operator.py
[2022-04-04 21:57:46,078] {processor.py:652} INFO - DAG(s) dict_keys(['example_branch_datetime_operator_2']) retrieved from /home/airflow/.local/lib/python3.7/site-packages/airflow/example_dags/example_branch_datetime_operator.py
[2022-04-04 21:57:46,104] {logging_mixin.py:109} INFO - [2022-04-04 21:57:46,104] {dag.py:2398} INFO - Sync 1 DAGs
[2022-04-04 21:57:46,130] {logging_mixin.py:109} INFO - [2022-04-04 21:57:46,130] {dag.py:2937} INFO - Setting next_dagrun for example_branch_datetime_operator_2 to 2022-04-03 00:00:00+00:00
[2022-04-04 21:57:46,146] {processor.py:171} INFO - Processing /home/airflow/.local/lib/python3.7/site-packages/airflow/example_dags/example_branch_datetime_operator.py took 0.095 seconds
[2022-04-04 21:58:16,211] {processor.py:163} INFO - Started process (PID=1466) to work on /home/airflow/.local/lib/python3.7/site-packages/airflow/example_dags/example_branch_datetime_operator.py
[2022-04-04 21:58:16,212] {processor.py:642} INFO - Processing file /home/airflow/.local/lib/python3.7/site-packages/airflow/example_dags/example_branch_datetime_operator.py for tasks to queue
[2022-04-04 21:58:16,214] {logging_mixin.py:109} INFO - [2022-04-04 21:58:16,213] {dagbag.py:500} INFO - Filling up the DagBag from /home/airflow/.local/lib/python3.7/site-packages/airflow/example_dags/example_branch_datetime_operator.py
[2022-04-04 21:58:16,233] {processor.py:652} INFO - DAG(s) dict_keys(['example_branch_datetime_operator_2']) retrieved from /home/airflow/.local/lib/python3.7/site-packages/airflow/example_dags/example_branch_datetime_operator.py
[2022-04-04 21:58:16,261] {logging_mixin.py:109} INFO - [2022-04-04 21:58:16,260] {dag.py:2398} INFO - Sync 1 DAGs
[2022-04-04 21:58:16,289] {logging_mixin.py:109} INFO - [2022-04-04 21:58:16,289] {dag.py:2937} INFO - Setting next_dagrun for example_branch_datetime_operator_2 to 2022-04-03 00:00:00+00:00
[2022-04-04 21:58:16,307] {processor.py:171} INFO - Processing /home/airflow/.local/lib/python3.7/site-packages/airflow/example_dags/example_branch_datetime_operator.py took 0.101 seconds
[2022-04-04 21:58:46,470] {processor.py:163} INFO - Started process (PID=1525) to work on /home/airflow/.local/lib/python3.7/site-packages/airflow/example_dags/example_branch_datetime_operator.py
[2022-04-04 21:58:46,473] {processor.py:642} INFO - Processing file /home/airflow/.local/lib/python3.7/site-packages/airflow/example_dags/example_branch_datetime_operator.py for tasks to queue
[2022-04-04 21:58:46,474] {logging_mixin.py:109} INFO - [2022-04-04 21:58:46,474] {dagbag.py:500} INFO - Filling up the DagBag from /home/airflow/.local/lib/python3.7/site-packages/airflow/example_dags/example_branch_datetime_operator.py
[2022-04-04 21:58:46,509] {processor.py:652} INFO - DAG(s) dict_keys(['example_branch_datetime_operator_2']) retrieved from /home/airflow/.local/lib/python3.7/site-packages/airflow/example_dags/example_branch_datetime_operator.py
[2022-04-04 21:58:46,558] {logging_mixin.py:109} INFO - [2022-04-04 21:58:46,558] {dag.py:2398} INFO - Sync 1 DAGs
[2022-04-04 21:58:46,608] {logging_mixin.py:109} INFO - [2022-04-04 21:58:46,608] {dag.py:2937} INFO - Setting next_dagrun for example_branch_datetime_operator_2 to 2022-04-03 00:00:00+00:00
[2022-04-04 21:58:46,634] {processor.py:171} INFO - Processing /home/airflow/.local/lib/python3.7/site-packages/airflow/example_dags/example_branch_datetime_operator.py took 0.168 seconds
[2022-04-04 21:59:16,788] {processor.py:163} INFO - Started process (PID=1576) to work on /home/airflow/.local/lib/python3.7/site-packages/airflow/example_dags/example_branch_datetime_operator.py
[2022-04-04 21:59:16,791] {processor.py:642} INFO - Processing file /home/airflow/.local/lib/python3.7/site-packages/airflow/example_dags/example_branch_datetime_operator.py for tasks to queue
[2022-04-04 21:59:16,793] {logging_mixin.py:109} INFO - [2022-04-04 21:59:16,792] {dagbag.py:500} INFO - Filling up the DagBag from /home/airflow/.local/lib/python3.7/site-packages/airflow/example_dags/example_branch_datetime_operator.py
[2022-04-04 21:59:16,832] {processor.py:652} INFO - DAG(s) dict_keys(['example_branch_datetime_operator_2']) retrieved from /home/airflow/.local/lib/python3.7/site-packages/airflow/example_dags/example_branch_datetime_operator.py
[2022-04-04 21:59:16,879] {logging_mixin.py:109} INFO - [2022-04-04 21:59:16,879] {dag.py:2398} INFO - Sync 1 DAGs
[2022-04-04 21:59:16,933] {logging_mixin.py:109} INFO - [2022-04-04 21:59:16,932] {dag.py:2937} INFO - Setting next_dagrun for example_branch_datetime_operator_2 to 2022-04-03 00:00:00+00:00
[2022-04-04 21:59:16,960] {processor.py:171} INFO - Processing /home/airflow/.local/lib/python3.7/site-packages/airflow/example_dags/example_branch_datetime_operator.py took 0.180 seconds
[2022-04-04 22:04:25,058] {processor.py:163} INFO - Started process (PID=222) to work on /home/airflow/.local/lib/python3.7/site-packages/airflow/example_dags/example_branch_datetime_operator.py
[2022-04-04 22:04:25,060] {processor.py:642} INFO - Processing file /home/airflow/.local/lib/python3.7/site-packages/airflow/example_dags/example_branch_datetime_operator.py for tasks to queue
[2022-04-04 22:04:25,060] {logging_mixin.py:109} INFO - [2022-04-04 22:04:25,060] {dagbag.py:500} INFO - Filling up the DagBag from /home/airflow/.local/lib/python3.7/site-packages/airflow/example_dags/example_branch_datetime_operator.py
[2022-04-04 22:04:25,086] {processor.py:652} INFO - DAG(s) dict_keys(['example_branch_datetime_operator_2']) retrieved from /home/airflow/.local/lib/python3.7/site-packages/airflow/example_dags/example_branch_datetime_operator.py
[2022-04-04 22:04:27,066] {logging_mixin.py:109} INFO - [2022-04-04 22:04:27,066] {manager.py:496} INFO - Created Permission View: can edit on DAG:example_branch_datetime_operator_2
[2022-04-04 22:04:27,075] {logging_mixin.py:109} INFO - [2022-04-04 22:04:27,075] {manager.py:496} INFO - Created Permission View: can read on DAG:example_branch_datetime_operator_2
[2022-04-04 22:04:27,075] {logging_mixin.py:109} INFO - [2022-04-04 22:04:27,075] {dag.py:2398} INFO - Sync 1 DAGs
[2022-04-04 22:04:27,083] {logging_mixin.py:109} INFO - [2022-04-04 22:04:27,083] {dag.py:2417} INFO - Creating ORM DAG for example_branch_datetime_operator_2
[2022-04-04 22:04:27,093] {logging_mixin.py:109} INFO - [2022-04-04 22:04:27,093] {dag.py:2937} INFO - Setting next_dagrun for example_branch_datetime_operator_2 to 2022-04-03 00:00:00+00:00
[2022-04-04 22:04:27,105] {processor.py:171} INFO - Processing /home/airflow/.local/lib/python3.7/site-packages/airflow/example_dags/example_branch_datetime_operator.py took 2.050 seconds
[2022-04-04 22:04:57,321] {processor.py:163} INFO - Started process (PID=367) to work on /home/airflow/.local/lib/python3.7/site-packages/airflow/example_dags/example_branch_datetime_operator.py
[2022-04-04 22:04:57,322] {processor.py:642} INFO - Processing file /home/airflow/.local/lib/python3.7/site-packages/airflow/example_dags/example_branch_datetime_operator.py for tasks to queue
[2022-04-04 22:04:57,323] {logging_mixin.py:109} INFO - [2022-04-04 22:04:57,323] {dagbag.py:500} INFO - Filling up the DagBag from /home/airflow/.local/lib/python3.7/site-packages/airflow/example_dags/example_branch_datetime_operator.py
[2022-04-04 22:04:57,343] {processor.py:652} INFO - DAG(s) dict_keys(['example_branch_datetime_operator_2']) retrieved from /home/airflow/.local/lib/python3.7/site-packages/airflow/example_dags/example_branch_datetime_operator.py
[2022-04-04 22:04:57,360] {logging_mixin.py:109} INFO - [2022-04-04 22:04:57,360] {dag.py:2398} INFO - Sync 1 DAGs
[2022-04-04 22:04:57,378] {logging_mixin.py:109} INFO - [2022-04-04 22:04:57,378] {dag.py:2937} INFO - Setting next_dagrun for example_branch_datetime_operator_2 to 2022-04-03 00:00:00+00:00
[2022-04-04 22:04:57,387] {processor.py:171} INFO - Processing /home/airflow/.local/lib/python3.7/site-packages/airflow/example_dags/example_branch_datetime_operator.py took 0.071 seconds
