[2022-04-04 21:47:45,266] {processor.py:163} INFO - Started process (PID=311) to work on /home/airflow/.local/lib/python3.7/site-packages/airflow/example_dags/example_subdag_operator.py
[2022-04-04 21:47:45,267] {processor.py:642} INFO - Processing file /home/airflow/.local/lib/python3.7/site-packages/airflow/example_dags/example_subdag_operator.py for tasks to queue
[2022-04-04 21:47:45,268] {logging_mixin.py:109} INFO - [2022-04-04 21:47:45,267] {dagbag.py:500} INFO - Filling up the DagBag from /home/airflow/.local/lib/python3.7/site-packages/airflow/example_dags/example_subdag_operator.py
[2022-04-04 21:47:45,338] {processor.py:652} INFO - DAG(s) dict_keys(['example_subdag_operator.section-1', 'example_subdag_operator.section-2', 'example_subdag_operator']) retrieved from /home/airflow/.local/lib/python3.7/site-packages/airflow/example_dags/example_subdag_operator.py
[2022-04-04 21:47:48,734] {logging_mixin.py:109} INFO - [2022-04-04 21:47:48,733] {manager.py:496} INFO - Created Permission View: can edit on DAG:example_subdag_operator
[2022-04-04 21:47:48,751] {logging_mixin.py:109} INFO - [2022-04-04 21:47:48,751] {manager.py:496} INFO - Created Permission View: can read on DAG:example_subdag_operator
[2022-04-04 21:47:48,752] {logging_mixin.py:109} INFO - [2022-04-04 21:47:48,752] {dag.py:2398} INFO - Sync 3 DAGs
[2022-04-04 21:47:48,763] {logging_mixin.py:109} INFO - [2022-04-04 21:47:48,762] {dag.py:2417} INFO - Creating ORM DAG for example_subdag_operator
[2022-04-04 21:47:48,764] {logging_mixin.py:109} INFO - [2022-04-04 21:47:48,764] {dag.py:2417} INFO - Creating ORM DAG for example_subdag_operator.section-2
[2022-04-04 21:47:48,765] {logging_mixin.py:109} INFO - [2022-04-04 21:47:48,765] {dag.py:2417} INFO - Creating ORM DAG for example_subdag_operator.section-1
[2022-04-04 21:47:48,777] {logging_mixin.py:109} INFO - [2022-04-04 21:47:48,777] {dag.py:2937} INFO - Setting next_dagrun for example_subdag_operator to 2022-04-02T00:00:00+00:00
[2022-04-04 21:47:48,777] {logging_mixin.py:109} INFO - [2022-04-04 21:47:48,777] {dag.py:2937} INFO - Setting next_dagrun for example_subdag_operator.section-1 to None
[2022-04-04 21:47:48,778] {logging_mixin.py:109} INFO - [2022-04-04 21:47:48,778] {dag.py:2937} INFO - Setting next_dagrun for example_subdag_operator.section-2 to None
[2022-04-04 21:47:48,793] {logging_mixin.py:109} INFO - [2022-04-04 21:47:48,793] {dag.py:2398} INFO - Sync 2 DAGs
[2022-04-04 21:47:48,811] {logging_mixin.py:109} INFO - [2022-04-04 21:47:48,810] {dag.py:2937} INFO - Setting next_dagrun for example_subdag_operator.section-1 to None
[2022-04-04 21:47:48,811] {logging_mixin.py:109} INFO - [2022-04-04 21:47:48,811] {dag.py:2937} INFO - Setting next_dagrun for example_subdag_operator.section-2 to None
[2022-04-04 21:47:48,826] {processor.py:171} INFO - Processing /home/airflow/.local/lib/python3.7/site-packages/airflow/example_dags/example_subdag_operator.py took 3.564 seconds
[2022-04-04 21:48:18,896] {processor.py:163} INFO - Started process (PID=396) to work on /home/airflow/.local/lib/python3.7/site-packages/airflow/example_dags/example_subdag_operator.py
[2022-04-04 21:48:18,898] {processor.py:642} INFO - Processing file /home/airflow/.local/lib/python3.7/site-packages/airflow/example_dags/example_subdag_operator.py for tasks to queue
[2022-04-04 21:48:18,898] {logging_mixin.py:109} INFO - [2022-04-04 21:48:18,898] {dagbag.py:500} INFO - Filling up the DagBag from /home/airflow/.local/lib/python3.7/site-packages/airflow/example_dags/example_subdag_operator.py
[2022-04-04 21:48:18,938] {processor.py:652} INFO - DAG(s) dict_keys(['example_subdag_operator.section-1', 'example_subdag_operator.section-2', 'example_subdag_operator']) retrieved from /home/airflow/.local/lib/python3.7/site-packages/airflow/example_dags/example_subdag_operator.py
[2022-04-04 21:48:18,952] {logging_mixin.py:109} INFO - [2022-04-04 21:48:18,952] {dag.py:2398} INFO - Sync 3 DAGs
[2022-04-04 21:48:18,972] {logging_mixin.py:109} INFO - [2022-04-04 21:48:18,972] {dag.py:2937} INFO - Setting next_dagrun for example_subdag_operator to 2022-04-02T00:00:00+00:00
[2022-04-04 21:48:18,972] {logging_mixin.py:109} INFO - [2022-04-04 21:48:18,972] {dag.py:2937} INFO - Setting next_dagrun for example_subdag_operator.section-1 to None
[2022-04-04 21:48:18,972] {logging_mixin.py:109} INFO - [2022-04-04 21:48:18,972] {dag.py:2937} INFO - Setting next_dagrun for example_subdag_operator.section-2 to None
[2022-04-04 21:48:18,980] {logging_mixin.py:109} INFO - [2022-04-04 21:48:18,980] {dag.py:2398} INFO - Sync 2 DAGs
[2022-04-04 21:48:18,991] {logging_mixin.py:109} INFO - [2022-04-04 21:48:18,990] {dag.py:2937} INFO - Setting next_dagrun for example_subdag_operator.section-1 to None
[2022-04-04 21:48:18,991] {logging_mixin.py:109} INFO - [2022-04-04 21:48:18,991] {dag.py:2937} INFO - Setting next_dagrun for example_subdag_operator.section-2 to None
[2022-04-04 21:48:19,002] {processor.py:171} INFO - Processing /home/airflow/.local/lib/python3.7/site-packages/airflow/example_dags/example_subdag_operator.py took 0.110 seconds
[2022-04-04 21:48:49,181] {processor.py:163} INFO - Started process (PID=457) to work on /home/airflow/.local/lib/python3.7/site-packages/airflow/example_dags/example_subdag_operator.py
[2022-04-04 21:48:49,182] {processor.py:642} INFO - Processing file /home/airflow/.local/lib/python3.7/site-packages/airflow/example_dags/example_subdag_operator.py for tasks to queue
[2022-04-04 21:48:49,183] {logging_mixin.py:109} INFO - [2022-04-04 21:48:49,183] {dagbag.py:500} INFO - Filling up the DagBag from /home/airflow/.local/lib/python3.7/site-packages/airflow/example_dags/example_subdag_operator.py
[2022-04-04 21:48:49,229] {processor.py:652} INFO - DAG(s) dict_keys(['example_subdag_operator.section-1', 'example_subdag_operator.section-2', 'example_subdag_operator']) retrieved from /home/airflow/.local/lib/python3.7/site-packages/airflow/example_dags/example_subdag_operator.py
[2022-04-04 21:48:49,246] {logging_mixin.py:109} INFO - [2022-04-04 21:48:49,246] {dag.py:2398} INFO - Sync 3 DAGs
[2022-04-04 21:48:49,269] {logging_mixin.py:109} INFO - [2022-04-04 21:48:49,269] {dag.py:2937} INFO - Setting next_dagrun for example_subdag_operator to 2022-04-02T00:00:00+00:00
[2022-04-04 21:48:49,269] {logging_mixin.py:109} INFO - [2022-04-04 21:48:49,269] {dag.py:2937} INFO - Setting next_dagrun for example_subdag_operator.section-1 to None
[2022-04-04 21:48:49,269] {logging_mixin.py:109} INFO - [2022-04-04 21:48:49,269] {dag.py:2937} INFO - Setting next_dagrun for example_subdag_operator.section-2 to None
[2022-04-04 21:48:49,278] {logging_mixin.py:109} INFO - [2022-04-04 21:48:49,278] {dag.py:2398} INFO - Sync 2 DAGs
[2022-04-04 21:48:49,289] {logging_mixin.py:109} INFO - [2022-04-04 21:48:49,289] {dag.py:2937} INFO - Setting next_dagrun for example_subdag_operator.section-1 to None
[2022-04-04 21:48:49,290] {logging_mixin.py:109} INFO - [2022-04-04 21:48:49,290] {dag.py:2937} INFO - Setting next_dagrun for example_subdag_operator.section-2 to None
[2022-04-04 21:48:49,300] {processor.py:171} INFO - Processing /home/airflow/.local/lib/python3.7/site-packages/airflow/example_dags/example_subdag_operator.py took 0.124 seconds
[2022-04-04 21:49:19,677] {processor.py:163} INFO - Started process (PID=508) to work on /home/airflow/.local/lib/python3.7/site-packages/airflow/example_dags/example_subdag_operator.py
[2022-04-04 21:49:19,678] {processor.py:642} INFO - Processing file /home/airflow/.local/lib/python3.7/site-packages/airflow/example_dags/example_subdag_operator.py for tasks to queue
[2022-04-04 21:49:19,679] {logging_mixin.py:109} INFO - [2022-04-04 21:49:19,679] {dagbag.py:500} INFO - Filling up the DagBag from /home/airflow/.local/lib/python3.7/site-packages/airflow/example_dags/example_subdag_operator.py
[2022-04-04 21:49:19,719] {processor.py:652} INFO - DAG(s) dict_keys(['example_subdag_operator.section-1', 'example_subdag_operator.section-2', 'example_subdag_operator']) retrieved from /home/airflow/.local/lib/python3.7/site-packages/airflow/example_dags/example_subdag_operator.py
[2022-04-04 21:49:19,734] {logging_mixin.py:109} INFO - [2022-04-04 21:49:19,734] {dag.py:2398} INFO - Sync 3 DAGs
[2022-04-04 21:49:19,755] {logging_mixin.py:109} INFO - [2022-04-04 21:49:19,755] {dag.py:2937} INFO - Setting next_dagrun for example_subdag_operator to 2022-04-02T00:00:00+00:00
[2022-04-04 21:49:19,756] {logging_mixin.py:109} INFO - [2022-04-04 21:49:19,756] {dag.py:2937} INFO - Setting next_dagrun for example_subdag_operator.section-1 to None
[2022-04-04 21:49:19,756] {logging_mixin.py:109} INFO - [2022-04-04 21:49:19,756] {dag.py:2937} INFO - Setting next_dagrun for example_subdag_operator.section-2 to None
[2022-04-04 21:49:19,766] {logging_mixin.py:109} INFO - [2022-04-04 21:49:19,765] {dag.py:2398} INFO - Sync 2 DAGs
[2022-04-04 21:49:19,779] {logging_mixin.py:109} INFO - [2022-04-04 21:49:19,779] {dag.py:2937} INFO - Setting next_dagrun for example_subdag_operator.section-1 to None
[2022-04-04 21:49:19,780] {logging_mixin.py:109} INFO - [2022-04-04 21:49:19,780] {dag.py:2937} INFO - Setting next_dagrun for example_subdag_operator.section-2 to None
[2022-04-04 21:49:19,791] {processor.py:171} INFO - Processing /home/airflow/.local/lib/python3.7/site-packages/airflow/example_dags/example_subdag_operator.py took 0.118 seconds
[2022-04-04 21:49:50,347] {processor.py:163} INFO - Started process (PID=559) to work on /home/airflow/.local/lib/python3.7/site-packages/airflow/example_dags/example_subdag_operator.py
[2022-04-04 21:49:50,348] {processor.py:642} INFO - Processing file /home/airflow/.local/lib/python3.7/site-packages/airflow/example_dags/example_subdag_operator.py for tasks to queue
[2022-04-04 21:49:50,348] {logging_mixin.py:109} INFO - [2022-04-04 21:49:50,348] {dagbag.py:500} INFO - Filling up the DagBag from /home/airflow/.local/lib/python3.7/site-packages/airflow/example_dags/example_subdag_operator.py
[2022-04-04 21:49:50,391] {processor.py:652} INFO - DAG(s) dict_keys(['example_subdag_operator.section-1', 'example_subdag_operator.section-2', 'example_subdag_operator']) retrieved from /home/airflow/.local/lib/python3.7/site-packages/airflow/example_dags/example_subdag_operator.py
[2022-04-04 21:49:50,407] {logging_mixin.py:109} INFO - [2022-04-04 21:49:50,407] {dag.py:2398} INFO - Sync 3 DAGs
[2022-04-04 21:49:50,427] {logging_mixin.py:109} INFO - [2022-04-04 21:49:50,427] {dag.py:2937} INFO - Setting next_dagrun for example_subdag_operator to 2022-04-02T00:00:00+00:00
[2022-04-04 21:49:50,428] {logging_mixin.py:109} INFO - [2022-04-04 21:49:50,428] {dag.py:2937} INFO - Setting next_dagrun for example_subdag_operator.section-1 to None
[2022-04-04 21:49:50,428] {logging_mixin.py:109} INFO - [2022-04-04 21:49:50,428] {dag.py:2937} INFO - Setting next_dagrun for example_subdag_operator.section-2 to None
[2022-04-04 21:49:50,437] {logging_mixin.py:109} INFO - [2022-04-04 21:49:50,436] {dag.py:2398} INFO - Sync 2 DAGs
[2022-04-04 21:49:50,447] {logging_mixin.py:109} INFO - [2022-04-04 21:49:50,447] {dag.py:2937} INFO - Setting next_dagrun for example_subdag_operator.section-1 to None
[2022-04-04 21:49:50,448] {logging_mixin.py:109} INFO - [2022-04-04 21:49:50,448] {dag.py:2937} INFO - Setting next_dagrun for example_subdag_operator.section-2 to None
[2022-04-04 21:49:50,459] {processor.py:171} INFO - Processing /home/airflow/.local/lib/python3.7/site-packages/airflow/example_dags/example_subdag_operator.py took 0.116 seconds
[2022-04-04 21:50:20,750] {processor.py:163} INFO - Started process (PID=611) to work on /home/airflow/.local/lib/python3.7/site-packages/airflow/example_dags/example_subdag_operator.py
[2022-04-04 21:50:20,752] {processor.py:642} INFO - Processing file /home/airflow/.local/lib/python3.7/site-packages/airflow/example_dags/example_subdag_operator.py for tasks to queue
[2022-04-04 21:50:20,753] {logging_mixin.py:109} INFO - [2022-04-04 21:50:20,753] {dagbag.py:500} INFO - Filling up the DagBag from /home/airflow/.local/lib/python3.7/site-packages/airflow/example_dags/example_subdag_operator.py
[2022-04-04 21:50:20,817] {processor.py:652} INFO - DAG(s) dict_keys(['example_subdag_operator.section-1', 'example_subdag_operator.section-2', 'example_subdag_operator']) retrieved from /home/airflow/.local/lib/python3.7/site-packages/airflow/example_dags/example_subdag_operator.py
[2022-04-04 21:50:20,847] {logging_mixin.py:109} INFO - [2022-04-04 21:50:20,847] {dag.py:2398} INFO - Sync 3 DAGs
[2022-04-04 21:50:20,887] {logging_mixin.py:109} INFO - [2022-04-04 21:50:20,887] {dag.py:2937} INFO - Setting next_dagrun for example_subdag_operator to 2022-04-02T00:00:00+00:00
[2022-04-04 21:50:20,888] {logging_mixin.py:109} INFO - [2022-04-04 21:50:20,888] {dag.py:2937} INFO - Setting next_dagrun for example_subdag_operator.section-1 to None
[2022-04-04 21:50:20,888] {logging_mixin.py:109} INFO - [2022-04-04 21:50:20,888] {dag.py:2937} INFO - Setting next_dagrun for example_subdag_operator.section-2 to None
[2022-04-04 21:50:20,897] {logging_mixin.py:109} INFO - [2022-04-04 21:50:20,896] {dag.py:2398} INFO - Sync 2 DAGs
[2022-04-04 21:50:20,911] {logging_mixin.py:109} INFO - [2022-04-04 21:50:20,910] {dag.py:2937} INFO - Setting next_dagrun for example_subdag_operator.section-1 to None
[2022-04-04 21:50:20,911] {logging_mixin.py:109} INFO - [2022-04-04 21:50:20,911] {dag.py:2937} INFO - Setting next_dagrun for example_subdag_operator.section-2 to None
[2022-04-04 21:50:20,922] {processor.py:171} INFO - Processing /home/airflow/.local/lib/python3.7/site-packages/airflow/example_dags/example_subdag_operator.py took 0.178 seconds
[2022-04-04 21:50:51,082] {processor.py:163} INFO - Started process (PID=672) to work on /home/airflow/.local/lib/python3.7/site-packages/airflow/example_dags/example_subdag_operator.py
[2022-04-04 21:50:51,084] {processor.py:642} INFO - Processing file /home/airflow/.local/lib/python3.7/site-packages/airflow/example_dags/example_subdag_operator.py for tasks to queue
[2022-04-04 21:50:51,084] {logging_mixin.py:109} INFO - [2022-04-04 21:50:51,084] {dagbag.py:500} INFO - Filling up the DagBag from /home/airflow/.local/lib/python3.7/site-packages/airflow/example_dags/example_subdag_operator.py
[2022-04-04 21:50:51,126] {processor.py:652} INFO - DAG(s) dict_keys(['example_subdag_operator.section-1', 'example_subdag_operator.section-2', 'example_subdag_operator']) retrieved from /home/airflow/.local/lib/python3.7/site-packages/airflow/example_dags/example_subdag_operator.py
[2022-04-04 21:50:51,145] {logging_mixin.py:109} INFO - [2022-04-04 21:50:51,145] {dag.py:2398} INFO - Sync 3 DAGs
[2022-04-04 21:50:51,167] {logging_mixin.py:109} INFO - [2022-04-04 21:50:51,167] {dag.py:2937} INFO - Setting next_dagrun for example_subdag_operator to 2022-04-02T00:00:00+00:00
[2022-04-04 21:50:51,167] {logging_mixin.py:109} INFO - [2022-04-04 21:50:51,167] {dag.py:2937} INFO - Setting next_dagrun for example_subdag_operator.section-1 to None
[2022-04-04 21:50:51,168] {logging_mixin.py:109} INFO - [2022-04-04 21:50:51,168] {dag.py:2937} INFO - Setting next_dagrun for example_subdag_operator.section-2 to None
[2022-04-04 21:50:51,175] {logging_mixin.py:109} INFO - [2022-04-04 21:50:51,175] {dag.py:2398} INFO - Sync 2 DAGs
[2022-04-04 21:50:51,188] {logging_mixin.py:109} INFO - [2022-04-04 21:50:51,188] {dag.py:2937} INFO - Setting next_dagrun for example_subdag_operator.section-1 to None
[2022-04-04 21:50:51,188] {logging_mixin.py:109} INFO - [2022-04-04 21:50:51,188] {dag.py:2937} INFO - Setting next_dagrun for example_subdag_operator.section-2 to None
[2022-04-04 21:50:51,198] {processor.py:171} INFO - Processing /home/airflow/.local/lib/python3.7/site-packages/airflow/example_dags/example_subdag_operator.py took 0.120 seconds
[2022-04-04 21:51:21,437] {processor.py:163} INFO - Started process (PID=723) to work on /home/airflow/.local/lib/python3.7/site-packages/airflow/example_dags/example_subdag_operator.py
[2022-04-04 21:51:21,438] {processor.py:642} INFO - Processing file /home/airflow/.local/lib/python3.7/site-packages/airflow/example_dags/example_subdag_operator.py for tasks to queue
[2022-04-04 21:51:21,439] {logging_mixin.py:109} INFO - [2022-04-04 21:51:21,439] {dagbag.py:500} INFO - Filling up the DagBag from /home/airflow/.local/lib/python3.7/site-packages/airflow/example_dags/example_subdag_operator.py
[2022-04-04 21:51:21,479] {processor.py:652} INFO - DAG(s) dict_keys(['example_subdag_operator.section-1', 'example_subdag_operator.section-2', 'example_subdag_operator']) retrieved from /home/airflow/.local/lib/python3.7/site-packages/airflow/example_dags/example_subdag_operator.py
[2022-04-04 21:51:21,495] {logging_mixin.py:109} INFO - [2022-04-04 21:51:21,495] {dag.py:2398} INFO - Sync 3 DAGs
[2022-04-04 21:51:21,516] {logging_mixin.py:109} INFO - [2022-04-04 21:51:21,516] {dag.py:2937} INFO - Setting next_dagrun for example_subdag_operator to 2022-04-02T00:00:00+00:00
[2022-04-04 21:51:21,516] {logging_mixin.py:109} INFO - [2022-04-04 21:51:21,516] {dag.py:2937} INFO - Setting next_dagrun for example_subdag_operator.section-1 to None
[2022-04-04 21:51:21,516] {logging_mixin.py:109} INFO - [2022-04-04 21:51:21,516] {dag.py:2937} INFO - Setting next_dagrun for example_subdag_operator.section-2 to None
[2022-04-04 21:51:21,524] {logging_mixin.py:109} INFO - [2022-04-04 21:51:21,523] {dag.py:2398} INFO - Sync 2 DAGs
[2022-04-04 21:51:21,534] {logging_mixin.py:109} INFO - [2022-04-04 21:51:21,534] {dag.py:2937} INFO - Setting next_dagrun for example_subdag_operator.section-1 to None
[2022-04-04 21:51:21,535] {logging_mixin.py:109} INFO - [2022-04-04 21:51:21,535] {dag.py:2937} INFO - Setting next_dagrun for example_subdag_operator.section-2 to None
[2022-04-04 21:51:21,545] {processor.py:171} INFO - Processing /home/airflow/.local/lib/python3.7/site-packages/airflow/example_dags/example_subdag_operator.py took 0.111 seconds
[2022-04-04 21:51:51,953] {processor.py:163} INFO - Started process (PID=774) to work on /home/airflow/.local/lib/python3.7/site-packages/airflow/example_dags/example_subdag_operator.py
[2022-04-04 21:51:51,955] {processor.py:642} INFO - Processing file /home/airflow/.local/lib/python3.7/site-packages/airflow/example_dags/example_subdag_operator.py for tasks to queue
[2022-04-04 21:51:51,956] {logging_mixin.py:109} INFO - [2022-04-04 21:51:51,955] {dagbag.py:500} INFO - Filling up the DagBag from /home/airflow/.local/lib/python3.7/site-packages/airflow/example_dags/example_subdag_operator.py
[2022-04-04 21:51:52,001] {processor.py:652} INFO - DAG(s) dict_keys(['example_subdag_operator.section-1', 'example_subdag_operator.section-2', 'example_subdag_operator']) retrieved from /home/airflow/.local/lib/python3.7/site-packages/airflow/example_dags/example_subdag_operator.py
[2022-04-04 21:51:52,018] {logging_mixin.py:109} INFO - [2022-04-04 21:51:52,018] {dag.py:2398} INFO - Sync 3 DAGs
[2022-04-04 21:51:52,044] {logging_mixin.py:109} INFO - [2022-04-04 21:51:52,044] {dag.py:2937} INFO - Setting next_dagrun for example_subdag_operator to 2022-04-02T00:00:00+00:00
[2022-04-04 21:51:52,044] {logging_mixin.py:109} INFO - [2022-04-04 21:51:52,044] {dag.py:2937} INFO - Setting next_dagrun for example_subdag_operator.section-1 to None
[2022-04-04 21:51:52,045] {logging_mixin.py:109} INFO - [2022-04-04 21:51:52,045] {dag.py:2937} INFO - Setting next_dagrun for example_subdag_operator.section-2 to None
[2022-04-04 21:51:52,053] {logging_mixin.py:109} INFO - [2022-04-04 21:51:52,053] {dag.py:2398} INFO - Sync 2 DAGs
[2022-04-04 21:51:52,067] {logging_mixin.py:109} INFO - [2022-04-04 21:51:52,067] {dag.py:2937} INFO - Setting next_dagrun for example_subdag_operator.section-1 to None
[2022-04-04 21:51:52,068] {logging_mixin.py:109} INFO - [2022-04-04 21:51:52,068] {dag.py:2937} INFO - Setting next_dagrun for example_subdag_operator.section-2 to None
[2022-04-04 21:51:52,078] {processor.py:171} INFO - Processing /home/airflow/.local/lib/python3.7/site-packages/airflow/example_dags/example_subdag_operator.py took 0.128 seconds
[2022-04-04 21:52:22,483] {processor.py:163} INFO - Started process (PID=835) to work on /home/airflow/.local/lib/python3.7/site-packages/airflow/example_dags/example_subdag_operator.py
[2022-04-04 21:52:22,485] {processor.py:642} INFO - Processing file /home/airflow/.local/lib/python3.7/site-packages/airflow/example_dags/example_subdag_operator.py for tasks to queue
[2022-04-04 21:52:22,486] {logging_mixin.py:109} INFO - [2022-04-04 21:52:22,486] {dagbag.py:500} INFO - Filling up the DagBag from /home/airflow/.local/lib/python3.7/site-packages/airflow/example_dags/example_subdag_operator.py
[2022-04-04 21:52:22,560] {processor.py:652} INFO - DAG(s) dict_keys(['example_subdag_operator.section-1', 'example_subdag_operator.section-2', 'example_subdag_operator']) retrieved from /home/airflow/.local/lib/python3.7/site-packages/airflow/example_dags/example_subdag_operator.py
[2022-04-04 21:52:22,587] {logging_mixin.py:109} INFO - [2022-04-04 21:52:22,586] {dag.py:2398} INFO - Sync 3 DAGs
[2022-04-04 21:52:22,619] {logging_mixin.py:109} INFO - [2022-04-04 21:52:22,619] {dag.py:2937} INFO - Setting next_dagrun for example_subdag_operator to 2022-04-02T00:00:00+00:00
[2022-04-04 21:52:22,620] {logging_mixin.py:109} INFO - [2022-04-04 21:52:22,620] {dag.py:2937} INFO - Setting next_dagrun for example_subdag_operator.section-1 to None
[2022-04-04 21:52:22,621] {logging_mixin.py:109} INFO - [2022-04-04 21:52:22,621] {dag.py:2937} INFO - Setting next_dagrun for example_subdag_operator.section-2 to None
[2022-04-04 21:52:22,643] {logging_mixin.py:109} INFO - [2022-04-04 21:52:22,643] {dag.py:2398} INFO - Sync 2 DAGs
[2022-04-04 21:52:22,663] {logging_mixin.py:109} INFO - [2022-04-04 21:52:22,663] {dag.py:2937} INFO - Setting next_dagrun for example_subdag_operator.section-1 to None
[2022-04-04 21:52:22,664] {logging_mixin.py:109} INFO - [2022-04-04 21:52:22,664] {dag.py:2937} INFO - Setting next_dagrun for example_subdag_operator.section-2 to None
[2022-04-04 21:52:22,677] {processor.py:171} INFO - Processing /home/airflow/.local/lib/python3.7/site-packages/airflow/example_dags/example_subdag_operator.py took 0.199 seconds
[2022-04-04 21:52:52,825] {processor.py:163} INFO - Started process (PID=885) to work on /home/airflow/.local/lib/python3.7/site-packages/airflow/example_dags/example_subdag_operator.py
[2022-04-04 21:52:52,826] {processor.py:642} INFO - Processing file /home/airflow/.local/lib/python3.7/site-packages/airflow/example_dags/example_subdag_operator.py for tasks to queue
[2022-04-04 21:52:52,827] {logging_mixin.py:109} INFO - [2022-04-04 21:52:52,827] {dagbag.py:500} INFO - Filling up the DagBag from /home/airflow/.local/lib/python3.7/site-packages/airflow/example_dags/example_subdag_operator.py
[2022-04-04 21:52:52,873] {processor.py:652} INFO - DAG(s) dict_keys(['example_subdag_operator.section-1', 'example_subdag_operator.section-2', 'example_subdag_operator']) retrieved from /home/airflow/.local/lib/python3.7/site-packages/airflow/example_dags/example_subdag_operator.py
[2022-04-04 21:52:52,888] {logging_mixin.py:109} INFO - [2022-04-04 21:52:52,887] {dag.py:2398} INFO - Sync 3 DAGs
[2022-04-04 21:52:52,908] {logging_mixin.py:109} INFO - [2022-04-04 21:52:52,908] {dag.py:2937} INFO - Setting next_dagrun for example_subdag_operator to 2022-04-02T00:00:00+00:00
[2022-04-04 21:52:52,909] {logging_mixin.py:109} INFO - [2022-04-04 21:52:52,909] {dag.py:2937} INFO - Setting next_dagrun for example_subdag_operator.section-1 to None
[2022-04-04 21:52:52,909] {logging_mixin.py:109} INFO - [2022-04-04 21:52:52,909] {dag.py:2937} INFO - Setting next_dagrun for example_subdag_operator.section-2 to None
[2022-04-04 21:52:52,917] {logging_mixin.py:109} INFO - [2022-04-04 21:52:52,917] {dag.py:2398} INFO - Sync 2 DAGs
[2022-04-04 21:52:52,928] {logging_mixin.py:109} INFO - [2022-04-04 21:52:52,928] {dag.py:2937} INFO - Setting next_dagrun for example_subdag_operator.section-1 to None
[2022-04-04 21:52:52,929] {logging_mixin.py:109} INFO - [2022-04-04 21:52:52,929] {dag.py:2937} INFO - Setting next_dagrun for example_subdag_operator.section-2 to None
[2022-04-04 21:52:52,939] {processor.py:171} INFO - Processing /home/airflow/.local/lib/python3.7/site-packages/airflow/example_dags/example_subdag_operator.py took 0.117 seconds
[2022-04-04 21:53:23,173] {processor.py:163} INFO - Started process (PID=937) to work on /home/airflow/.local/lib/python3.7/site-packages/airflow/example_dags/example_subdag_operator.py
[2022-04-04 21:53:23,174] {processor.py:642} INFO - Processing file /home/airflow/.local/lib/python3.7/site-packages/airflow/example_dags/example_subdag_operator.py for tasks to queue
[2022-04-04 21:53:23,175] {logging_mixin.py:109} INFO - [2022-04-04 21:53:23,175] {dagbag.py:500} INFO - Filling up the DagBag from /home/airflow/.local/lib/python3.7/site-packages/airflow/example_dags/example_subdag_operator.py
[2022-04-04 21:53:23,218] {processor.py:652} INFO - DAG(s) dict_keys(['example_subdag_operator.section-1', 'example_subdag_operator.section-2', 'example_subdag_operator']) retrieved from /home/airflow/.local/lib/python3.7/site-packages/airflow/example_dags/example_subdag_operator.py
[2022-04-04 21:53:23,235] {logging_mixin.py:109} INFO - [2022-04-04 21:53:23,234] {dag.py:2398} INFO - Sync 3 DAGs
[2022-04-04 21:53:23,258] {logging_mixin.py:109} INFO - [2022-04-04 21:53:23,258] {dag.py:2937} INFO - Setting next_dagrun for example_subdag_operator to 2022-04-02T00:00:00+00:00
[2022-04-04 21:53:23,259] {logging_mixin.py:109} INFO - [2022-04-04 21:53:23,259] {dag.py:2937} INFO - Setting next_dagrun for example_subdag_operator.section-1 to None
[2022-04-04 21:53:23,259] {logging_mixin.py:109} INFO - [2022-04-04 21:53:23,259] {dag.py:2937} INFO - Setting next_dagrun for example_subdag_operator.section-2 to None
[2022-04-04 21:53:23,268] {logging_mixin.py:109} INFO - [2022-04-04 21:53:23,268] {dag.py:2398} INFO - Sync 2 DAGs
[2022-04-04 21:53:23,278] {logging_mixin.py:109} INFO - [2022-04-04 21:53:23,278] {dag.py:2937} INFO - Setting next_dagrun for example_subdag_operator.section-1 to None
[2022-04-04 21:53:23,278] {logging_mixin.py:109} INFO - [2022-04-04 21:53:23,278] {dag.py:2937} INFO - Setting next_dagrun for example_subdag_operator.section-2 to None
[2022-04-04 21:53:23,288] {processor.py:171} INFO - Processing /home/airflow/.local/lib/python3.7/site-packages/airflow/example_dags/example_subdag_operator.py took 0.118 seconds
[2022-04-04 21:53:54,275] {processor.py:163} INFO - Started process (PID=999) to work on /home/airflow/.local/lib/python3.7/site-packages/airflow/example_dags/example_subdag_operator.py
[2022-04-04 21:53:54,277] {processor.py:642} INFO - Processing file /home/airflow/.local/lib/python3.7/site-packages/airflow/example_dags/example_subdag_operator.py for tasks to queue
[2022-04-04 21:53:54,280] {logging_mixin.py:109} INFO - [2022-04-04 21:53:54,279] {dagbag.py:500} INFO - Filling up the DagBag from /home/airflow/.local/lib/python3.7/site-packages/airflow/example_dags/example_subdag_operator.py
[2022-04-04 21:53:54,357] {processor.py:652} INFO - DAG(s) dict_keys(['example_subdag_operator.section-1', 'example_subdag_operator.section-2', 'example_subdag_operator']) retrieved from /home/airflow/.local/lib/python3.7/site-packages/airflow/example_dags/example_subdag_operator.py
[2022-04-04 21:53:54,387] {logging_mixin.py:109} INFO - [2022-04-04 21:53:54,387] {dag.py:2398} INFO - Sync 3 DAGs
[2022-04-04 21:53:54,419] {logging_mixin.py:109} INFO - [2022-04-04 21:53:54,419] {dag.py:2937} INFO - Setting next_dagrun for example_subdag_operator to 2022-04-02T00:00:00+00:00
[2022-04-04 21:53:54,420] {logging_mixin.py:109} INFO - [2022-04-04 21:53:54,420] {dag.py:2937} INFO - Setting next_dagrun for example_subdag_operator.section-1 to None
[2022-04-04 21:53:54,420] {logging_mixin.py:109} INFO - [2022-04-04 21:53:54,420] {dag.py:2937} INFO - Setting next_dagrun for example_subdag_operator.section-2 to None
[2022-04-04 21:53:54,433] {logging_mixin.py:109} INFO - [2022-04-04 21:53:54,433] {dag.py:2398} INFO - Sync 2 DAGs
[2022-04-04 21:53:54,449] {logging_mixin.py:109} INFO - [2022-04-04 21:53:54,449] {dag.py:2937} INFO - Setting next_dagrun for example_subdag_operator.section-1 to None
[2022-04-04 21:53:54,449] {logging_mixin.py:109} INFO - [2022-04-04 21:53:54,449] {dag.py:2937} INFO - Setting next_dagrun for example_subdag_operator.section-2 to None
[2022-04-04 21:53:54,464] {processor.py:171} INFO - Processing /home/airflow/.local/lib/python3.7/site-packages/airflow/example_dags/example_subdag_operator.py took 0.197 seconds
[2022-04-04 21:54:24,569] {processor.py:163} INFO - Started process (PID=1049) to work on /home/airflow/.local/lib/python3.7/site-packages/airflow/example_dags/example_subdag_operator.py
[2022-04-04 21:54:24,570] {processor.py:642} INFO - Processing file /home/airflow/.local/lib/python3.7/site-packages/airflow/example_dags/example_subdag_operator.py for tasks to queue
[2022-04-04 21:54:24,571] {logging_mixin.py:109} INFO - [2022-04-04 21:54:24,570] {dagbag.py:500} INFO - Filling up the DagBag from /home/airflow/.local/lib/python3.7/site-packages/airflow/example_dags/example_subdag_operator.py
[2022-04-04 21:54:24,616] {processor.py:652} INFO - DAG(s) dict_keys(['example_subdag_operator.section-1', 'example_subdag_operator.section-2', 'example_subdag_operator']) retrieved from /home/airflow/.local/lib/python3.7/site-packages/airflow/example_dags/example_subdag_operator.py
[2022-04-04 21:54:24,632] {logging_mixin.py:109} INFO - [2022-04-04 21:54:24,632] {dag.py:2398} INFO - Sync 3 DAGs
[2022-04-04 21:54:24,656] {logging_mixin.py:109} INFO - [2022-04-04 21:54:24,656] {dag.py:2937} INFO - Setting next_dagrun for example_subdag_operator to 2022-04-02T00:00:00+00:00
[2022-04-04 21:54:24,657] {logging_mixin.py:109} INFO - [2022-04-04 21:54:24,656] {dag.py:2937} INFO - Setting next_dagrun for example_subdag_operator.section-1 to None
[2022-04-04 21:54:24,657] {logging_mixin.py:109} INFO - [2022-04-04 21:54:24,657] {dag.py:2937} INFO - Setting next_dagrun for example_subdag_operator.section-2 to None
[2022-04-04 21:54:24,666] {logging_mixin.py:109} INFO - [2022-04-04 21:54:24,666] {dag.py:2398} INFO - Sync 2 DAGs
[2022-04-04 21:54:24,678] {logging_mixin.py:109} INFO - [2022-04-04 21:54:24,678] {dag.py:2937} INFO - Setting next_dagrun for example_subdag_operator.section-1 to None
[2022-04-04 21:54:24,678] {logging_mixin.py:109} INFO - [2022-04-04 21:54:24,678] {dag.py:2937} INFO - Setting next_dagrun for example_subdag_operator.section-2 to None
[2022-04-04 21:54:24,690] {processor.py:171} INFO - Processing /home/airflow/.local/lib/python3.7/site-packages/airflow/example_dags/example_subdag_operator.py took 0.124 seconds
[2022-04-04 21:54:54,782] {processor.py:163} INFO - Started process (PID=1099) to work on /home/airflow/.local/lib/python3.7/site-packages/airflow/example_dags/example_subdag_operator.py
[2022-04-04 21:54:54,784] {processor.py:642} INFO - Processing file /home/airflow/.local/lib/python3.7/site-packages/airflow/example_dags/example_subdag_operator.py for tasks to queue
[2022-04-04 21:54:54,785] {logging_mixin.py:109} INFO - [2022-04-04 21:54:54,784] {dagbag.py:500} INFO - Filling up the DagBag from /home/airflow/.local/lib/python3.7/site-packages/airflow/example_dags/example_subdag_operator.py
[2022-04-04 21:54:54,824] {processor.py:652} INFO - DAG(s) dict_keys(['example_subdag_operator.section-1', 'example_subdag_operator.section-2', 'example_subdag_operator']) retrieved from /home/airflow/.local/lib/python3.7/site-packages/airflow/example_dags/example_subdag_operator.py
[2022-04-04 21:54:54,838] {logging_mixin.py:109} INFO - [2022-04-04 21:54:54,838] {dag.py:2398} INFO - Sync 3 DAGs
[2022-04-04 21:54:54,859] {logging_mixin.py:109} INFO - [2022-04-04 21:54:54,859] {dag.py:2937} INFO - Setting next_dagrun for example_subdag_operator to 2022-04-02T00:00:00+00:00
[2022-04-04 21:54:54,859] {logging_mixin.py:109} INFO - [2022-04-04 21:54:54,859] {dag.py:2937} INFO - Setting next_dagrun for example_subdag_operator.section-1 to None
[2022-04-04 21:54:54,860] {logging_mixin.py:109} INFO - [2022-04-04 21:54:54,860] {dag.py:2937} INFO - Setting next_dagrun for example_subdag_operator.section-2 to None
[2022-04-04 21:54:54,866] {logging_mixin.py:109} INFO - [2022-04-04 21:54:54,866] {dag.py:2398} INFO - Sync 2 DAGs
[2022-04-04 21:54:54,877] {logging_mixin.py:109} INFO - [2022-04-04 21:54:54,877] {dag.py:2937} INFO - Setting next_dagrun for example_subdag_operator.section-1 to None
[2022-04-04 21:54:54,877] {logging_mixin.py:109} INFO - [2022-04-04 21:54:54,877] {dag.py:2937} INFO - Setting next_dagrun for example_subdag_operator.section-2 to None
[2022-04-04 21:54:54,891] {processor.py:171} INFO - Processing /home/airflow/.local/lib/python3.7/site-packages/airflow/example_dags/example_subdag_operator.py took 0.112 seconds
[2022-04-04 21:55:25,054] {processor.py:163} INFO - Started process (PID=1160) to work on /home/airflow/.local/lib/python3.7/site-packages/airflow/example_dags/example_subdag_operator.py
[2022-04-04 21:55:25,055] {processor.py:642} INFO - Processing file /home/airflow/.local/lib/python3.7/site-packages/airflow/example_dags/example_subdag_operator.py for tasks to queue
[2022-04-04 21:55:25,056] {logging_mixin.py:109} INFO - [2022-04-04 21:55:25,056] {dagbag.py:500} INFO - Filling up the DagBag from /home/airflow/.local/lib/python3.7/site-packages/airflow/example_dags/example_subdag_operator.py
[2022-04-04 21:55:25,100] {processor.py:652} INFO - DAG(s) dict_keys(['example_subdag_operator.section-1', 'example_subdag_operator.section-2', 'example_subdag_operator']) retrieved from /home/airflow/.local/lib/python3.7/site-packages/airflow/example_dags/example_subdag_operator.py
[2022-04-04 21:55:25,116] {logging_mixin.py:109} INFO - [2022-04-04 21:55:25,115] {dag.py:2398} INFO - Sync 3 DAGs
[2022-04-04 21:55:25,142] {logging_mixin.py:109} INFO - [2022-04-04 21:55:25,142] {dag.py:2937} INFO - Setting next_dagrun for example_subdag_operator to 2022-04-02T00:00:00+00:00
[2022-04-04 21:55:25,143] {logging_mixin.py:109} INFO - [2022-04-04 21:55:25,143] {dag.py:2937} INFO - Setting next_dagrun for example_subdag_operator.section-1 to None
[2022-04-04 21:55:25,143] {logging_mixin.py:109} INFO - [2022-04-04 21:55:25,143] {dag.py:2937} INFO - Setting next_dagrun for example_subdag_operator.section-2 to None
[2022-04-04 21:55:25,153] {logging_mixin.py:109} INFO - [2022-04-04 21:55:25,153] {dag.py:2398} INFO - Sync 2 DAGs
[2022-04-04 21:55:25,164] {logging_mixin.py:109} INFO - [2022-04-04 21:55:25,164] {dag.py:2937} INFO - Setting next_dagrun for example_subdag_operator.section-1 to None
[2022-04-04 21:55:25,164] {logging_mixin.py:109} INFO - [2022-04-04 21:55:25,164] {dag.py:2937} INFO - Setting next_dagrun for example_subdag_operator.section-2 to None
[2022-04-04 21:55:25,174] {processor.py:171} INFO - Processing /home/airflow/.local/lib/python3.7/site-packages/airflow/example_dags/example_subdag_operator.py took 0.124 seconds
[2022-04-04 21:55:55,249] {processor.py:163} INFO - Started process (PID=1212) to work on /home/airflow/.local/lib/python3.7/site-packages/airflow/example_dags/example_subdag_operator.py
[2022-04-04 21:55:55,250] {processor.py:642} INFO - Processing file /home/airflow/.local/lib/python3.7/site-packages/airflow/example_dags/example_subdag_operator.py for tasks to queue
[2022-04-04 21:55:55,251] {logging_mixin.py:109} INFO - [2022-04-04 21:55:55,251] {dagbag.py:500} INFO - Filling up the DagBag from /home/airflow/.local/lib/python3.7/site-packages/airflow/example_dags/example_subdag_operator.py
[2022-04-04 21:55:55,293] {processor.py:652} INFO - DAG(s) dict_keys(['example_subdag_operator.section-1', 'example_subdag_operator.section-2', 'example_subdag_operator']) retrieved from /home/airflow/.local/lib/python3.7/site-packages/airflow/example_dags/example_subdag_operator.py
[2022-04-04 21:55:55,307] {logging_mixin.py:109} INFO - [2022-04-04 21:55:55,307] {dag.py:2398} INFO - Sync 3 DAGs
[2022-04-04 21:55:55,328] {logging_mixin.py:109} INFO - [2022-04-04 21:55:55,328] {dag.py:2937} INFO - Setting next_dagrun for example_subdag_operator to 2022-04-02T00:00:00+00:00
[2022-04-04 21:55:55,328] {logging_mixin.py:109} INFO - [2022-04-04 21:55:55,328] {dag.py:2937} INFO - Setting next_dagrun for example_subdag_operator.section-1 to None
[2022-04-04 21:55:55,328] {logging_mixin.py:109} INFO - [2022-04-04 21:55:55,328] {dag.py:2937} INFO - Setting next_dagrun for example_subdag_operator.section-2 to None
[2022-04-04 21:55:55,338] {logging_mixin.py:109} INFO - [2022-04-04 21:55:55,338] {dag.py:2398} INFO - Sync 2 DAGs
[2022-04-04 21:55:55,347] {logging_mixin.py:109} INFO - [2022-04-04 21:55:55,347] {dag.py:2937} INFO - Setting next_dagrun for example_subdag_operator.section-1 to None
[2022-04-04 21:55:55,348] {logging_mixin.py:109} INFO - [2022-04-04 21:55:55,348] {dag.py:2937} INFO - Setting next_dagrun for example_subdag_operator.section-2 to None
[2022-04-04 21:55:55,358] {processor.py:171} INFO - Processing /home/airflow/.local/lib/python3.7/site-packages/airflow/example_dags/example_subdag_operator.py took 0.113 seconds
[2022-04-04 21:56:25,424] {processor.py:163} INFO - Started process (PID=1263) to work on /home/airflow/.local/lib/python3.7/site-packages/airflow/example_dags/example_subdag_operator.py
[2022-04-04 21:56:25,426] {processor.py:642} INFO - Processing file /home/airflow/.local/lib/python3.7/site-packages/airflow/example_dags/example_subdag_operator.py for tasks to queue
[2022-04-04 21:56:25,427] {logging_mixin.py:109} INFO - [2022-04-04 21:56:25,427] {dagbag.py:500} INFO - Filling up the DagBag from /home/airflow/.local/lib/python3.7/site-packages/airflow/example_dags/example_subdag_operator.py
[2022-04-04 21:56:25,470] {processor.py:652} INFO - DAG(s) dict_keys(['example_subdag_operator.section-1', 'example_subdag_operator.section-2', 'example_subdag_operator']) retrieved from /home/airflow/.local/lib/python3.7/site-packages/airflow/example_dags/example_subdag_operator.py
[2022-04-04 21:56:25,486] {logging_mixin.py:109} INFO - [2022-04-04 21:56:25,485] {dag.py:2398} INFO - Sync 3 DAGs
[2022-04-04 21:56:25,511] {logging_mixin.py:109} INFO - [2022-04-04 21:56:25,511] {dag.py:2937} INFO - Setting next_dagrun for example_subdag_operator to 2022-04-02T00:00:00+00:00
[2022-04-04 21:56:25,512] {logging_mixin.py:109} INFO - [2022-04-04 21:56:25,512] {dag.py:2937} INFO - Setting next_dagrun for example_subdag_operator.section-1 to None
[2022-04-04 21:56:25,512] {logging_mixin.py:109} INFO - [2022-04-04 21:56:25,512] {dag.py:2937} INFO - Setting next_dagrun for example_subdag_operator.section-2 to None
[2022-04-04 21:56:25,522] {logging_mixin.py:109} INFO - [2022-04-04 21:56:25,522] {dag.py:2398} INFO - Sync 2 DAGs
[2022-04-04 21:56:25,533] {logging_mixin.py:109} INFO - [2022-04-04 21:56:25,533] {dag.py:2937} INFO - Setting next_dagrun for example_subdag_operator.section-1 to None
[2022-04-04 21:56:25,533] {logging_mixin.py:109} INFO - [2022-04-04 21:56:25,533] {dag.py:2937} INFO - Setting next_dagrun for example_subdag_operator.section-2 to None
[2022-04-04 21:56:25,542] {processor.py:171} INFO - Processing /home/airflow/.local/lib/python3.7/site-packages/airflow/example_dags/example_subdag_operator.py took 0.122 seconds
[2022-04-04 21:56:55,699] {processor.py:163} INFO - Started process (PID=1322) to work on /home/airflow/.local/lib/python3.7/site-packages/airflow/example_dags/example_subdag_operator.py
[2022-04-04 21:56:55,702] {processor.py:642} INFO - Processing file /home/airflow/.local/lib/python3.7/site-packages/airflow/example_dags/example_subdag_operator.py for tasks to queue
[2022-04-04 21:56:55,703] {logging_mixin.py:109} INFO - [2022-04-04 21:56:55,702] {dagbag.py:500} INFO - Filling up the DagBag from /home/airflow/.local/lib/python3.7/site-packages/airflow/example_dags/example_subdag_operator.py
[2022-04-04 21:56:55,776] {processor.py:652} INFO - DAG(s) dict_keys(['example_subdag_operator.section-1', 'example_subdag_operator.section-2', 'example_subdag_operator']) retrieved from /home/airflow/.local/lib/python3.7/site-packages/airflow/example_dags/example_subdag_operator.py
[2022-04-04 21:56:55,799] {logging_mixin.py:109} INFO - [2022-04-04 21:56:55,798] {dag.py:2398} INFO - Sync 3 DAGs
[2022-04-04 21:56:55,838] {logging_mixin.py:109} INFO - [2022-04-04 21:56:55,838] {dag.py:2937} INFO - Setting next_dagrun for example_subdag_operator to 2022-04-02T00:00:00+00:00
[2022-04-04 21:56:55,839] {logging_mixin.py:109} INFO - [2022-04-04 21:56:55,839] {dag.py:2937} INFO - Setting next_dagrun for example_subdag_operator.section-1 to None
[2022-04-04 21:56:55,839] {logging_mixin.py:109} INFO - [2022-04-04 21:56:55,839] {dag.py:2937} INFO - Setting next_dagrun for example_subdag_operator.section-2 to None
[2022-04-04 21:56:55,851] {logging_mixin.py:109} INFO - [2022-04-04 21:56:55,851] {dag.py:2398} INFO - Sync 2 DAGs
[2022-04-04 21:56:55,864] {logging_mixin.py:109} INFO - [2022-04-04 21:56:55,864] {dag.py:2937} INFO - Setting next_dagrun for example_subdag_operator.section-1 to None
[2022-04-04 21:56:55,865] {logging_mixin.py:109} INFO - [2022-04-04 21:56:55,865] {dag.py:2937} INFO - Setting next_dagrun for example_subdag_operator.section-2 to None
[2022-04-04 21:56:55,879] {processor.py:171} INFO - Processing /home/airflow/.local/lib/python3.7/site-packages/airflow/example_dags/example_subdag_operator.py took 0.188 seconds
[2022-04-04 21:57:26,004] {processor.py:163} INFO - Started process (PID=1376) to work on /home/airflow/.local/lib/python3.7/site-packages/airflow/example_dags/example_subdag_operator.py
[2022-04-04 21:57:26,006] {processor.py:642} INFO - Processing file /home/airflow/.local/lib/python3.7/site-packages/airflow/example_dags/example_subdag_operator.py for tasks to queue
[2022-04-04 21:57:26,007] {logging_mixin.py:109} INFO - [2022-04-04 21:57:26,006] {dagbag.py:500} INFO - Filling up the DagBag from /home/airflow/.local/lib/python3.7/site-packages/airflow/example_dags/example_subdag_operator.py
[2022-04-04 21:57:26,051] {processor.py:652} INFO - DAG(s) dict_keys(['example_subdag_operator.section-1', 'example_subdag_operator.section-2', 'example_subdag_operator']) retrieved from /home/airflow/.local/lib/python3.7/site-packages/airflow/example_dags/example_subdag_operator.py
[2022-04-04 21:57:26,068] {logging_mixin.py:109} INFO - [2022-04-04 21:57:26,067] {dag.py:2398} INFO - Sync 3 DAGs
[2022-04-04 21:57:26,089] {logging_mixin.py:109} INFO - [2022-04-04 21:57:26,089] {dag.py:2937} INFO - Setting next_dagrun for example_subdag_operator to 2022-04-02T00:00:00+00:00
[2022-04-04 21:57:26,090] {logging_mixin.py:109} INFO - [2022-04-04 21:57:26,090] {dag.py:2937} INFO - Setting next_dagrun for example_subdag_operator.section-1 to None
[2022-04-04 21:57:26,090] {logging_mixin.py:109} INFO - [2022-04-04 21:57:26,090] {dag.py:2937} INFO - Setting next_dagrun for example_subdag_operator.section-2 to None
[2022-04-04 21:57:26,099] {logging_mixin.py:109} INFO - [2022-04-04 21:57:26,099] {dag.py:2398} INFO - Sync 2 DAGs
[2022-04-04 21:57:26,111] {logging_mixin.py:109} INFO - [2022-04-04 21:57:26,111] {dag.py:2937} INFO - Setting next_dagrun for example_subdag_operator.section-1 to None
[2022-04-04 21:57:26,112] {logging_mixin.py:109} INFO - [2022-04-04 21:57:26,112] {dag.py:2937} INFO - Setting next_dagrun for example_subdag_operator.section-2 to None
[2022-04-04 21:57:26,124] {processor.py:171} INFO - Processing /home/airflow/.local/lib/python3.7/site-packages/airflow/example_dags/example_subdag_operator.py took 0.122 seconds
[2022-04-04 21:57:56,257] {processor.py:163} INFO - Started process (PID=1429) to work on /home/airflow/.local/lib/python3.7/site-packages/airflow/example_dags/example_subdag_operator.py
[2022-04-04 21:57:56,259] {processor.py:642} INFO - Processing file /home/airflow/.local/lib/python3.7/site-packages/airflow/example_dags/example_subdag_operator.py for tasks to queue
[2022-04-04 21:57:56,260] {logging_mixin.py:109} INFO - [2022-04-04 21:57:56,260] {dagbag.py:500} INFO - Filling up the DagBag from /home/airflow/.local/lib/python3.7/site-packages/airflow/example_dags/example_subdag_operator.py
[2022-04-04 21:57:56,305] {processor.py:652} INFO - DAG(s) dict_keys(['example_subdag_operator.section-1', 'example_subdag_operator.section-2', 'example_subdag_operator']) retrieved from /home/airflow/.local/lib/python3.7/site-packages/airflow/example_dags/example_subdag_operator.py
[2022-04-04 21:57:56,323] {logging_mixin.py:109} INFO - [2022-04-04 21:57:56,323] {dag.py:2398} INFO - Sync 3 DAGs
[2022-04-04 21:57:56,347] {logging_mixin.py:109} INFO - [2022-04-04 21:57:56,347] {dag.py:2937} INFO - Setting next_dagrun for example_subdag_operator to 2022-04-02T00:00:00+00:00
[2022-04-04 21:57:56,348] {logging_mixin.py:109} INFO - [2022-04-04 21:57:56,348] {dag.py:2937} INFO - Setting next_dagrun for example_subdag_operator.section-1 to None
[2022-04-04 21:57:56,348] {logging_mixin.py:109} INFO - [2022-04-04 21:57:56,348] {dag.py:2937} INFO - Setting next_dagrun for example_subdag_operator.section-2 to None
[2022-04-04 21:57:56,355] {logging_mixin.py:109} INFO - [2022-04-04 21:57:56,355] {dag.py:2398} INFO - Sync 2 DAGs
[2022-04-04 21:57:56,367] {logging_mixin.py:109} INFO - [2022-04-04 21:57:56,367] {dag.py:2937} INFO - Setting next_dagrun for example_subdag_operator.section-1 to None
[2022-04-04 21:57:56,367] {logging_mixin.py:109} INFO - [2022-04-04 21:57:56,367] {dag.py:2937} INFO - Setting next_dagrun for example_subdag_operator.section-2 to None
[2022-04-04 21:57:56,379] {processor.py:171} INFO - Processing /home/airflow/.local/lib/python3.7/site-packages/airflow/example_dags/example_subdag_operator.py took 0.127 seconds
