[2022-04-04 21:47:33,226] {processor.py:163} INFO - Started process (PID=248) to work on /home/airflow/.local/lib/python3.7/site-packages/airflow/example_dags/example_bash_operator.py
[2022-04-04 21:47:33,228] {processor.py:642} INFO - Processing file /home/airflow/.local/lib/python3.7/site-packages/airflow/example_dags/example_bash_operator.py for tasks to queue
[2022-04-04 21:47:33,229] {logging_mixin.py:109} INFO - [2022-04-04 21:47:33,229] {dagbag.py:500} INFO - Filling up the DagBag from /home/airflow/.local/lib/python3.7/site-packages/airflow/example_dags/example_bash_operator.py
[2022-04-04 21:47:33,271] {processor.py:652} INFO - DAG(s) dict_keys(['example_bash_operator']) retrieved from /home/airflow/.local/lib/python3.7/site-packages/airflow/example_dags/example_bash_operator.py
[2022-04-04 21:47:36,511] {logging_mixin.py:109} INFO - [2022-04-04 21:47:36,510] {manager.py:496} INFO - Created Permission View: can edit on DAG:example_bash_operator
[2022-04-04 21:47:36,527] {logging_mixin.py:109} INFO - [2022-04-04 21:47:36,526] {manager.py:496} INFO - Created Permission View: can read on DAG:example_bash_operator
[2022-04-04 21:47:36,527] {logging_mixin.py:109} INFO - [2022-04-04 21:47:36,527] {dag.py:2398} INFO - Sync 1 DAGs
[2022-04-04 21:47:36,540] {logging_mixin.py:109} INFO - [2022-04-04 21:47:36,540] {dag.py:2417} INFO - Creating ORM DAG for example_bash_operator
[2022-04-04 21:47:36,554] {logging_mixin.py:109} INFO - [2022-04-04 21:47:36,554] {dag.py:2937} INFO - Setting next_dagrun for example_bash_operator to 2022-04-03 00:00:00+00:00
[2022-04-04 21:47:36,576] {processor.py:171} INFO - Processing /home/airflow/.local/lib/python3.7/site-packages/airflow/example_dags/example_bash_operator.py took 3.354 seconds
[2022-04-04 21:48:07,458] {processor.py:163} INFO - Started process (PID=377) to work on /home/airflow/.local/lib/python3.7/site-packages/airflow/example_dags/example_bash_operator.py
[2022-04-04 21:48:07,462] {processor.py:642} INFO - Processing file /home/airflow/.local/lib/python3.7/site-packages/airflow/example_dags/example_bash_operator.py for tasks to queue
[2022-04-04 21:48:07,467] {logging_mixin.py:109} INFO - [2022-04-04 21:48:07,467] {dagbag.py:500} INFO - Filling up the DagBag from /home/airflow/.local/lib/python3.7/site-packages/airflow/example_dags/example_bash_operator.py
[2022-04-04 21:48:07,515] {processor.py:652} INFO - DAG(s) dict_keys(['example_bash_operator']) retrieved from /home/airflow/.local/lib/python3.7/site-packages/airflow/example_dags/example_bash_operator.py
[2022-04-04 21:48:07,555] {logging_mixin.py:109} INFO - [2022-04-04 21:48:07,554] {dag.py:2398} INFO - Sync 1 DAGs
[2022-04-04 21:48:07,591] {logging_mixin.py:109} INFO - [2022-04-04 21:48:07,591] {dag.py:2937} INFO - Setting next_dagrun for example_bash_operator to 2022-04-03 00:00:00+00:00
[2022-04-04 21:48:07,610] {processor.py:171} INFO - Processing /home/airflow/.local/lib/python3.7/site-packages/airflow/example_dags/example_bash_operator.py took 0.157 seconds
[2022-04-04 21:48:37,841] {processor.py:163} INFO - Started process (PID=441) to work on /home/airflow/.local/lib/python3.7/site-packages/airflow/example_dags/example_bash_operator.py
[2022-04-04 21:48:37,842] {processor.py:642} INFO - Processing file /home/airflow/.local/lib/python3.7/site-packages/airflow/example_dags/example_bash_operator.py for tasks to queue
[2022-04-04 21:48:37,843] {logging_mixin.py:109} INFO - [2022-04-04 21:48:37,843] {dagbag.py:500} INFO - Filling up the DagBag from /home/airflow/.local/lib/python3.7/site-packages/airflow/example_dags/example_bash_operator.py
[2022-04-04 21:48:37,870] {processor.py:652} INFO - DAG(s) dict_keys(['example_bash_operator']) retrieved from /home/airflow/.local/lib/python3.7/site-packages/airflow/example_dags/example_bash_operator.py
[2022-04-04 21:48:37,901] {logging_mixin.py:109} INFO - [2022-04-04 21:48:37,901] {dag.py:2398} INFO - Sync 1 DAGs
[2022-04-04 21:48:37,925] {logging_mixin.py:109} INFO - [2022-04-04 21:48:37,925] {dag.py:2937} INFO - Setting next_dagrun for example_bash_operator to 2022-04-03 00:00:00+00:00
[2022-04-04 21:48:37,943] {processor.py:171} INFO - Processing /home/airflow/.local/lib/python3.7/site-packages/airflow/example_dags/example_bash_operator.py took 0.107 seconds
[2022-04-04 21:49:08,272] {processor.py:163} INFO - Started process (PID=492) to work on /home/airflow/.local/lib/python3.7/site-packages/airflow/example_dags/example_bash_operator.py
[2022-04-04 21:49:08,276] {processor.py:642} INFO - Processing file /home/airflow/.local/lib/python3.7/site-packages/airflow/example_dags/example_bash_operator.py for tasks to queue
[2022-04-04 21:49:08,277] {logging_mixin.py:109} INFO - [2022-04-04 21:49:08,277] {dagbag.py:500} INFO - Filling up the DagBag from /home/airflow/.local/lib/python3.7/site-packages/airflow/example_dags/example_bash_operator.py
[2022-04-04 21:49:08,300] {processor.py:652} INFO - DAG(s) dict_keys(['example_bash_operator']) retrieved from /home/airflow/.local/lib/python3.7/site-packages/airflow/example_dags/example_bash_operator.py
[2022-04-04 21:49:08,327] {logging_mixin.py:109} INFO - [2022-04-04 21:49:08,327] {dag.py:2398} INFO - Sync 1 DAGs
[2022-04-04 21:49:08,352] {logging_mixin.py:109} INFO - [2022-04-04 21:49:08,352] {dag.py:2937} INFO - Setting next_dagrun for example_bash_operator to 2022-04-03 00:00:00+00:00
[2022-04-04 21:49:08,367] {processor.py:171} INFO - Processing /home/airflow/.local/lib/python3.7/site-packages/airflow/example_dags/example_bash_operator.py took 0.098 seconds
[2022-04-04 21:49:38,958] {processor.py:163} INFO - Started process (PID=542) to work on /home/airflow/.local/lib/python3.7/site-packages/airflow/example_dags/example_bash_operator.py
[2022-04-04 21:49:38,962] {processor.py:642} INFO - Processing file /home/airflow/.local/lib/python3.7/site-packages/airflow/example_dags/example_bash_operator.py for tasks to queue
[2022-04-04 21:49:38,962] {logging_mixin.py:109} INFO - [2022-04-04 21:49:38,962] {dagbag.py:500} INFO - Filling up the DagBag from /home/airflow/.local/lib/python3.7/site-packages/airflow/example_dags/example_bash_operator.py
[2022-04-04 21:49:38,986] {processor.py:652} INFO - DAG(s) dict_keys(['example_bash_operator']) retrieved from /home/airflow/.local/lib/python3.7/site-packages/airflow/example_dags/example_bash_operator.py
[2022-04-04 21:49:39,016] {logging_mixin.py:109} INFO - [2022-04-04 21:49:39,016] {dag.py:2398} INFO - Sync 1 DAGs
[2022-04-04 21:49:39,055] {logging_mixin.py:109} INFO - [2022-04-04 21:49:39,055] {dag.py:2937} INFO - Setting next_dagrun for example_bash_operator to 2022-04-03 00:00:00+00:00
[2022-04-04 21:49:39,069] {processor.py:171} INFO - Processing /home/airflow/.local/lib/python3.7/site-packages/airflow/example_dags/example_bash_operator.py took 0.116 seconds
[2022-04-04 21:50:09,328] {processor.py:163} INFO - Started process (PID=604) to work on /home/airflow/.local/lib/python3.7/site-packages/airflow/example_dags/example_bash_operator.py
[2022-04-04 21:50:09,332] {processor.py:642} INFO - Processing file /home/airflow/.local/lib/python3.7/site-packages/airflow/example_dags/example_bash_operator.py for tasks to queue
[2022-04-04 21:50:09,334] {logging_mixin.py:109} INFO - [2022-04-04 21:50:09,334] {dagbag.py:500} INFO - Filling up the DagBag from /home/airflow/.local/lib/python3.7/site-packages/airflow/example_dags/example_bash_operator.py
[2022-04-04 21:50:09,374] {processor.py:652} INFO - DAG(s) dict_keys(['example_bash_operator']) retrieved from /home/airflow/.local/lib/python3.7/site-packages/airflow/example_dags/example_bash_operator.py
[2022-04-04 21:50:09,411] {logging_mixin.py:109} INFO - [2022-04-04 21:50:09,411] {dag.py:2398} INFO - Sync 1 DAGs
[2022-04-04 21:50:09,441] {logging_mixin.py:109} INFO - [2022-04-04 21:50:09,441] {dag.py:2937} INFO - Setting next_dagrun for example_bash_operator to 2022-04-03 00:00:00+00:00
[2022-04-04 21:50:09,456] {processor.py:171} INFO - Processing /home/airflow/.local/lib/python3.7/site-packages/airflow/example_dags/example_bash_operator.py took 0.140 seconds
[2022-04-04 21:50:39,777] {processor.py:163} INFO - Started process (PID=656) to work on /home/airflow/.local/lib/python3.7/site-packages/airflow/example_dags/example_bash_operator.py
[2022-04-04 21:50:39,779] {processor.py:642} INFO - Processing file /home/airflow/.local/lib/python3.7/site-packages/airflow/example_dags/example_bash_operator.py for tasks to queue
[2022-04-04 21:50:39,780] {logging_mixin.py:109} INFO - [2022-04-04 21:50:39,780] {dagbag.py:500} INFO - Filling up the DagBag from /home/airflow/.local/lib/python3.7/site-packages/airflow/example_dags/example_bash_operator.py
[2022-04-04 21:50:39,803] {processor.py:652} INFO - DAG(s) dict_keys(['example_bash_operator']) retrieved from /home/airflow/.local/lib/python3.7/site-packages/airflow/example_dags/example_bash_operator.py
[2022-04-04 21:50:39,830] {logging_mixin.py:109} INFO - [2022-04-04 21:50:39,830] {dag.py:2398} INFO - Sync 1 DAGs
[2022-04-04 21:50:39,854] {logging_mixin.py:109} INFO - [2022-04-04 21:50:39,853] {dag.py:2937} INFO - Setting next_dagrun for example_bash_operator to 2022-04-03 00:00:00+00:00
[2022-04-04 21:50:39,869] {processor.py:171} INFO - Processing /home/airflow/.local/lib/python3.7/site-packages/airflow/example_dags/example_bash_operator.py took 0.095 seconds
[2022-04-04 21:51:10,080] {processor.py:163} INFO - Started process (PID=707) to work on /home/airflow/.local/lib/python3.7/site-packages/airflow/example_dags/example_bash_operator.py
[2022-04-04 21:51:10,082] {processor.py:642} INFO - Processing file /home/airflow/.local/lib/python3.7/site-packages/airflow/example_dags/example_bash_operator.py for tasks to queue
[2022-04-04 21:51:10,082] {logging_mixin.py:109} INFO - [2022-04-04 21:51:10,082] {dagbag.py:500} INFO - Filling up the DagBag from /home/airflow/.local/lib/python3.7/site-packages/airflow/example_dags/example_bash_operator.py
[2022-04-04 21:51:10,107] {processor.py:652} INFO - DAG(s) dict_keys(['example_bash_operator']) retrieved from /home/airflow/.local/lib/python3.7/site-packages/airflow/example_dags/example_bash_operator.py
[2022-04-04 21:51:10,136] {logging_mixin.py:109} INFO - [2022-04-04 21:51:10,136] {dag.py:2398} INFO - Sync 1 DAGs
[2022-04-04 21:51:10,158] {logging_mixin.py:109} INFO - [2022-04-04 21:51:10,157] {dag.py:2937} INFO - Setting next_dagrun for example_bash_operator to 2022-04-03 00:00:00+00:00
[2022-04-04 21:51:10,171] {processor.py:171} INFO - Processing /home/airflow/.local/lib/python3.7/site-packages/airflow/example_dags/example_bash_operator.py took 0.095 seconds
[2022-04-04 21:51:40,452] {processor.py:163} INFO - Started process (PID=767) to work on /home/airflow/.local/lib/python3.7/site-packages/airflow/example_dags/example_bash_operator.py
[2022-04-04 21:51:40,455] {processor.py:642} INFO - Processing file /home/airflow/.local/lib/python3.7/site-packages/airflow/example_dags/example_bash_operator.py for tasks to queue
[2022-04-04 21:51:40,456] {logging_mixin.py:109} INFO - [2022-04-04 21:51:40,456] {dagbag.py:500} INFO - Filling up the DagBag from /home/airflow/.local/lib/python3.7/site-packages/airflow/example_dags/example_bash_operator.py
[2022-04-04 21:51:40,487] {processor.py:652} INFO - DAG(s) dict_keys(['example_bash_operator']) retrieved from /home/airflow/.local/lib/python3.7/site-packages/airflow/example_dags/example_bash_operator.py
[2022-04-04 21:51:40,526] {logging_mixin.py:109} INFO - [2022-04-04 21:51:40,526] {dag.py:2398} INFO - Sync 1 DAGs
[2022-04-04 21:51:40,573] {logging_mixin.py:109} INFO - [2022-04-04 21:51:40,573] {dag.py:2937} INFO - Setting next_dagrun for example_bash_operator to 2022-04-03 00:00:00+00:00
[2022-04-04 21:51:40,610] {processor.py:171} INFO - Processing /home/airflow/.local/lib/python3.7/site-packages/airflow/example_dags/example_bash_operator.py took 0.164 seconds
[2022-04-04 21:52:10,688] {processor.py:163} INFO - Started process (PID=819) to work on /home/airflow/.local/lib/python3.7/site-packages/airflow/example_dags/example_bash_operator.py
[2022-04-04 21:52:10,689] {processor.py:642} INFO - Processing file /home/airflow/.local/lib/python3.7/site-packages/airflow/example_dags/example_bash_operator.py for tasks to queue
[2022-04-04 21:52:10,690] {logging_mixin.py:109} INFO - [2022-04-04 21:52:10,690] {dagbag.py:500} INFO - Filling up the DagBag from /home/airflow/.local/lib/python3.7/site-packages/airflow/example_dags/example_bash_operator.py
[2022-04-04 21:52:10,714] {processor.py:652} INFO - DAG(s) dict_keys(['example_bash_operator']) retrieved from /home/airflow/.local/lib/python3.7/site-packages/airflow/example_dags/example_bash_operator.py
[2022-04-04 21:52:10,741] {logging_mixin.py:109} INFO - [2022-04-04 21:52:10,741] {dag.py:2398} INFO - Sync 1 DAGs
[2022-04-04 21:52:10,764] {logging_mixin.py:109} INFO - [2022-04-04 21:52:10,764] {dag.py:2937} INFO - Setting next_dagrun for example_bash_operator to 2022-04-03 00:00:00+00:00
[2022-04-04 21:52:10,781] {processor.py:171} INFO - Processing /home/airflow/.local/lib/python3.7/site-packages/airflow/example_dags/example_bash_operator.py took 0.096 seconds
[2022-04-04 21:52:41,124] {processor.py:163} INFO - Started process (PID=869) to work on /home/airflow/.local/lib/python3.7/site-packages/airflow/example_dags/example_bash_operator.py
[2022-04-04 21:52:41,128] {processor.py:642} INFO - Processing file /home/airflow/.local/lib/python3.7/site-packages/airflow/example_dags/example_bash_operator.py for tasks to queue
[2022-04-04 21:52:41,129] {logging_mixin.py:109} INFO - [2022-04-04 21:52:41,129] {dagbag.py:500} INFO - Filling up the DagBag from /home/airflow/.local/lib/python3.7/site-packages/airflow/example_dags/example_bash_operator.py
[2022-04-04 21:52:41,154] {processor.py:652} INFO - DAG(s) dict_keys(['example_bash_operator']) retrieved from /home/airflow/.local/lib/python3.7/site-packages/airflow/example_dags/example_bash_operator.py
[2022-04-04 21:52:41,186] {logging_mixin.py:109} INFO - [2022-04-04 21:52:41,186] {dag.py:2398} INFO - Sync 1 DAGs
[2022-04-04 21:52:41,213] {logging_mixin.py:109} INFO - [2022-04-04 21:52:41,213] {dag.py:2937} INFO - Setting next_dagrun for example_bash_operator to 2022-04-03 00:00:00+00:00
[2022-04-04 21:52:41,236] {processor.py:171} INFO - Processing /home/airflow/.local/lib/python3.7/site-packages/airflow/example_dags/example_bash_operator.py took 0.117 seconds
[2022-04-04 21:53:11,345] {processor.py:163} INFO - Started process (PID=920) to work on /home/airflow/.local/lib/python3.7/site-packages/airflow/example_dags/example_bash_operator.py
[2022-04-04 21:53:11,347] {processor.py:642} INFO - Processing file /home/airflow/.local/lib/python3.7/site-packages/airflow/example_dags/example_bash_operator.py for tasks to queue
[2022-04-04 21:53:11,348] {logging_mixin.py:109} INFO - [2022-04-04 21:53:11,348] {dagbag.py:500} INFO - Filling up the DagBag from /home/airflow/.local/lib/python3.7/site-packages/airflow/example_dags/example_bash_operator.py
[2022-04-04 21:53:11,375] {processor.py:652} INFO - DAG(s) dict_keys(['example_bash_operator']) retrieved from /home/airflow/.local/lib/python3.7/site-packages/airflow/example_dags/example_bash_operator.py
[2022-04-04 21:53:11,406] {logging_mixin.py:109} INFO - [2022-04-04 21:53:11,406] {dag.py:2398} INFO - Sync 1 DAGs
[2022-04-04 21:53:11,432] {logging_mixin.py:109} INFO - [2022-04-04 21:53:11,431] {dag.py:2937} INFO - Setting next_dagrun for example_bash_operator to 2022-04-03 00:00:00+00:00
[2022-04-04 21:53:11,445] {processor.py:171} INFO - Processing /home/airflow/.local/lib/python3.7/site-packages/airflow/example_dags/example_bash_operator.py took 0.106 seconds
[2022-04-04 21:53:41,708] {processor.py:163} INFO - Started process (PID=981) to work on /home/airflow/.local/lib/python3.7/site-packages/airflow/example_dags/example_bash_operator.py
[2022-04-04 21:53:41,712] {processor.py:642} INFO - Processing file /home/airflow/.local/lib/python3.7/site-packages/airflow/example_dags/example_bash_operator.py for tasks to queue
[2022-04-04 21:53:41,712] {logging_mixin.py:109} INFO - [2022-04-04 21:53:41,712] {dagbag.py:500} INFO - Filling up the DagBag from /home/airflow/.local/lib/python3.7/site-packages/airflow/example_dags/example_bash_operator.py
[2022-04-04 21:53:41,736] {processor.py:652} INFO - DAG(s) dict_keys(['example_bash_operator']) retrieved from /home/airflow/.local/lib/python3.7/site-packages/airflow/example_dags/example_bash_operator.py
[2022-04-04 21:53:41,764] {logging_mixin.py:109} INFO - [2022-04-04 21:53:41,764] {dag.py:2398} INFO - Sync 1 DAGs
[2022-04-04 21:53:41,787] {logging_mixin.py:109} INFO - [2022-04-04 21:53:41,787] {dag.py:2937} INFO - Setting next_dagrun for example_bash_operator to 2022-04-03 00:00:00+00:00
[2022-04-04 21:53:41,804] {processor.py:171} INFO - Processing /home/airflow/.local/lib/python3.7/site-packages/airflow/example_dags/example_bash_operator.py took 0.100 seconds
[2022-04-04 21:54:12,283] {processor.py:163} INFO - Started process (PID=1034) to work on /home/airflow/.local/lib/python3.7/site-packages/airflow/example_dags/example_bash_operator.py
[2022-04-04 21:54:12,285] {processor.py:642} INFO - Processing file /home/airflow/.local/lib/python3.7/site-packages/airflow/example_dags/example_bash_operator.py for tasks to queue
[2022-04-04 21:54:12,285] {logging_mixin.py:109} INFO - [2022-04-04 21:54:12,285] {dagbag.py:500} INFO - Filling up the DagBag from /home/airflow/.local/lib/python3.7/site-packages/airflow/example_dags/example_bash_operator.py
[2022-04-04 21:54:12,306] {processor.py:652} INFO - DAG(s) dict_keys(['example_bash_operator']) retrieved from /home/airflow/.local/lib/python3.7/site-packages/airflow/example_dags/example_bash_operator.py
[2022-04-04 21:54:12,332] {logging_mixin.py:109} INFO - [2022-04-04 21:54:12,332] {dag.py:2398} INFO - Sync 1 DAGs
[2022-04-04 21:54:12,354] {logging_mixin.py:109} INFO - [2022-04-04 21:54:12,354] {dag.py:2937} INFO - Setting next_dagrun for example_bash_operator to 2022-04-03 00:00:00+00:00
[2022-04-04 21:54:12,366] {processor.py:171} INFO - Processing /home/airflow/.local/lib/python3.7/site-packages/airflow/example_dags/example_bash_operator.py took 0.087 seconds
[2022-04-04 21:54:42,434] {processor.py:163} INFO - Started process (PID=1084) to work on /home/airflow/.local/lib/python3.7/site-packages/airflow/example_dags/example_bash_operator.py
[2022-04-04 21:54:42,436] {processor.py:642} INFO - Processing file /home/airflow/.local/lib/python3.7/site-packages/airflow/example_dags/example_bash_operator.py for tasks to queue
[2022-04-04 21:54:42,437] {logging_mixin.py:109} INFO - [2022-04-04 21:54:42,437] {dagbag.py:500} INFO - Filling up the DagBag from /home/airflow/.local/lib/python3.7/site-packages/airflow/example_dags/example_bash_operator.py
[2022-04-04 21:54:42,458] {processor.py:652} INFO - DAG(s) dict_keys(['example_bash_operator']) retrieved from /home/airflow/.local/lib/python3.7/site-packages/airflow/example_dags/example_bash_operator.py
[2022-04-04 21:54:42,485] {logging_mixin.py:109} INFO - [2022-04-04 21:54:42,484] {dag.py:2398} INFO - Sync 1 DAGs
[2022-04-04 21:54:42,507] {logging_mixin.py:109} INFO - [2022-04-04 21:54:42,507] {dag.py:2937} INFO - Setting next_dagrun for example_bash_operator to 2022-04-03 00:00:00+00:00
[2022-04-04 21:54:42,524] {processor.py:171} INFO - Processing /home/airflow/.local/lib/python3.7/site-packages/airflow/example_dags/example_bash_operator.py took 0.093 seconds
[2022-04-04 21:55:12,792] {processor.py:163} INFO - Started process (PID=1144) to work on /home/airflow/.local/lib/python3.7/site-packages/airflow/example_dags/example_bash_operator.py
[2022-04-04 21:55:12,795] {processor.py:642} INFO - Processing file /home/airflow/.local/lib/python3.7/site-packages/airflow/example_dags/example_bash_operator.py for tasks to queue
[2022-04-04 21:55:12,796] {logging_mixin.py:109} INFO - [2022-04-04 21:55:12,796] {dagbag.py:500} INFO - Filling up the DagBag from /home/airflow/.local/lib/python3.7/site-packages/airflow/example_dags/example_bash_operator.py
[2022-04-04 21:55:12,817] {processor.py:652} INFO - DAG(s) dict_keys(['example_bash_operator']) retrieved from /home/airflow/.local/lib/python3.7/site-packages/airflow/example_dags/example_bash_operator.py
[2022-04-04 21:55:12,846] {logging_mixin.py:109} INFO - [2022-04-04 21:55:12,846] {dag.py:2398} INFO - Sync 1 DAGs
[2022-04-04 21:55:12,871] {logging_mixin.py:109} INFO - [2022-04-04 21:55:12,871] {dag.py:2937} INFO - Setting next_dagrun for example_bash_operator to 2022-04-03 00:00:00+00:00
[2022-04-04 21:55:12,885] {processor.py:171} INFO - Processing /home/airflow/.local/lib/python3.7/site-packages/airflow/example_dags/example_bash_operator.py took 0.098 seconds
[2022-04-04 21:55:42,959] {processor.py:163} INFO - Started process (PID=1196) to work on /home/airflow/.local/lib/python3.7/site-packages/airflow/example_dags/example_bash_operator.py
[2022-04-04 21:55:42,960] {processor.py:642} INFO - Processing file /home/airflow/.local/lib/python3.7/site-packages/airflow/example_dags/example_bash_operator.py for tasks to queue
[2022-04-04 21:55:42,961] {logging_mixin.py:109} INFO - [2022-04-04 21:55:42,961] {dagbag.py:500} INFO - Filling up the DagBag from /home/airflow/.local/lib/python3.7/site-packages/airflow/example_dags/example_bash_operator.py
[2022-04-04 21:55:42,982] {processor.py:652} INFO - DAG(s) dict_keys(['example_bash_operator']) retrieved from /home/airflow/.local/lib/python3.7/site-packages/airflow/example_dags/example_bash_operator.py
[2022-04-04 21:55:43,019] {logging_mixin.py:109} INFO - [2022-04-04 21:55:43,019] {dag.py:2398} INFO - Sync 1 DAGs
[2022-04-04 21:55:43,045] {logging_mixin.py:109} INFO - [2022-04-04 21:55:43,045] {dag.py:2937} INFO - Setting next_dagrun for example_bash_operator to 2022-04-03 00:00:00+00:00
[2022-04-04 21:55:43,060] {processor.py:171} INFO - Processing /home/airflow/.local/lib/python3.7/site-packages/airflow/example_dags/example_bash_operator.py took 0.104 seconds
[2022-04-04 21:56:13,906] {processor.py:163} INFO - Started process (PID=1247) to work on /home/airflow/.local/lib/python3.7/site-packages/airflow/example_dags/example_bash_operator.py
[2022-04-04 21:56:13,907] {processor.py:642} INFO - Processing file /home/airflow/.local/lib/python3.7/site-packages/airflow/example_dags/example_bash_operator.py for tasks to queue
[2022-04-04 21:56:13,908] {logging_mixin.py:109} INFO - [2022-04-04 21:56:13,908] {dagbag.py:500} INFO - Filling up the DagBag from /home/airflow/.local/lib/python3.7/site-packages/airflow/example_dags/example_bash_operator.py
[2022-04-04 21:56:13,929] {processor.py:652} INFO - DAG(s) dict_keys(['example_bash_operator']) retrieved from /home/airflow/.local/lib/python3.7/site-packages/airflow/example_dags/example_bash_operator.py
[2022-04-04 21:56:13,957] {logging_mixin.py:109} INFO - [2022-04-04 21:56:13,957] {dag.py:2398} INFO - Sync 1 DAGs
[2022-04-04 21:56:13,982] {logging_mixin.py:109} INFO - [2022-04-04 21:56:13,982] {dag.py:2937} INFO - Setting next_dagrun for example_bash_operator to 2022-04-03 00:00:00+00:00
[2022-04-04 21:56:13,999] {processor.py:171} INFO - Processing /home/airflow/.local/lib/python3.7/site-packages/airflow/example_dags/example_bash_operator.py took 0.097 seconds
[2022-04-04 21:56:44,352] {processor.py:163} INFO - Started process (PID=1308) to work on /home/airflow/.local/lib/python3.7/site-packages/airflow/example_dags/example_bash_operator.py
[2022-04-04 21:56:44,353] {processor.py:642} INFO - Processing file /home/airflow/.local/lib/python3.7/site-packages/airflow/example_dags/example_bash_operator.py for tasks to queue
[2022-04-04 21:56:44,354] {logging_mixin.py:109} INFO - [2022-04-04 21:56:44,354] {dagbag.py:500} INFO - Filling up the DagBag from /home/airflow/.local/lib/python3.7/site-packages/airflow/example_dags/example_bash_operator.py
[2022-04-04 21:56:44,385] {processor.py:652} INFO - DAG(s) dict_keys(['example_bash_operator']) retrieved from /home/airflow/.local/lib/python3.7/site-packages/airflow/example_dags/example_bash_operator.py
[2022-04-04 21:56:44,419] {logging_mixin.py:109} INFO - [2022-04-04 21:56:44,419] {dag.py:2398} INFO - Sync 1 DAGs
[2022-04-04 21:56:44,454] {logging_mixin.py:109} INFO - [2022-04-04 21:56:44,454] {dag.py:2937} INFO - Setting next_dagrun for example_bash_operator to 2022-04-03 00:00:00+00:00
[2022-04-04 21:56:44,469] {processor.py:171} INFO - Processing /home/airflow/.local/lib/python3.7/site-packages/airflow/example_dags/example_bash_operator.py took 0.122 seconds
[2022-04-04 21:57:15,243] {processor.py:163} INFO - Started process (PID=1361) to work on /home/airflow/.local/lib/python3.7/site-packages/airflow/example_dags/example_bash_operator.py
[2022-04-04 21:57:15,244] {processor.py:642} INFO - Processing file /home/airflow/.local/lib/python3.7/site-packages/airflow/example_dags/example_bash_operator.py for tasks to queue
[2022-04-04 21:57:15,245] {logging_mixin.py:109} INFO - [2022-04-04 21:57:15,245] {dagbag.py:500} INFO - Filling up the DagBag from /home/airflow/.local/lib/python3.7/site-packages/airflow/example_dags/example_bash_operator.py
[2022-04-04 21:57:15,271] {processor.py:652} INFO - DAG(s) dict_keys(['example_bash_operator']) retrieved from /home/airflow/.local/lib/python3.7/site-packages/airflow/example_dags/example_bash_operator.py
[2022-04-04 21:57:15,300] {logging_mixin.py:109} INFO - [2022-04-04 21:57:15,300] {dag.py:2398} INFO - Sync 1 DAGs
[2022-04-04 21:57:15,326] {logging_mixin.py:109} INFO - [2022-04-04 21:57:15,325] {dag.py:2937} INFO - Setting next_dagrun for example_bash_operator to 2022-04-03 00:00:00+00:00
[2022-04-04 21:57:15,341] {processor.py:171} INFO - Processing /home/airflow/.local/lib/python3.7/site-packages/airflow/example_dags/example_bash_operator.py took 0.102 seconds
[2022-04-04 21:57:45,940] {processor.py:163} INFO - Started process (PID=1413) to work on /home/airflow/.local/lib/python3.7/site-packages/airflow/example_dags/example_bash_operator.py
[2022-04-04 21:57:45,942] {processor.py:642} INFO - Processing file /home/airflow/.local/lib/python3.7/site-packages/airflow/example_dags/example_bash_operator.py for tasks to queue
[2022-04-04 21:57:45,942] {logging_mixin.py:109} INFO - [2022-04-04 21:57:45,942] {dagbag.py:500} INFO - Filling up the DagBag from /home/airflow/.local/lib/python3.7/site-packages/airflow/example_dags/example_bash_operator.py
[2022-04-04 21:57:45,972] {processor.py:652} INFO - DAG(s) dict_keys(['example_bash_operator']) retrieved from /home/airflow/.local/lib/python3.7/site-packages/airflow/example_dags/example_bash_operator.py
[2022-04-04 21:57:46,000] {logging_mixin.py:109} INFO - [2022-04-04 21:57:46,000] {dag.py:2398} INFO - Sync 1 DAGs
[2022-04-04 21:57:46,026] {logging_mixin.py:109} INFO - [2022-04-04 21:57:46,026] {dag.py:2937} INFO - Setting next_dagrun for example_bash_operator to 2022-04-03 00:00:00+00:00
[2022-04-04 21:57:46,041] {processor.py:171} INFO - Processing /home/airflow/.local/lib/python3.7/site-packages/airflow/example_dags/example_bash_operator.py took 0.104 seconds
[2022-04-04 21:58:16,091] {processor.py:163} INFO - Started process (PID=1465) to work on /home/airflow/.local/lib/python3.7/site-packages/airflow/example_dags/example_bash_operator.py
[2022-04-04 21:58:16,093] {processor.py:642} INFO - Processing file /home/airflow/.local/lib/python3.7/site-packages/airflow/example_dags/example_bash_operator.py for tasks to queue
[2022-04-04 21:58:16,095] {logging_mixin.py:109} INFO - [2022-04-04 21:58:16,095] {dagbag.py:500} INFO - Filling up the DagBag from /home/airflow/.local/lib/python3.7/site-packages/airflow/example_dags/example_bash_operator.py
[2022-04-04 21:58:16,121] {processor.py:652} INFO - DAG(s) dict_keys(['example_bash_operator']) retrieved from /home/airflow/.local/lib/python3.7/site-packages/airflow/example_dags/example_bash_operator.py
[2022-04-04 21:58:16,151] {logging_mixin.py:109} INFO - [2022-04-04 21:58:16,151] {dag.py:2398} INFO - Sync 1 DAGs
[2022-04-04 21:58:16,175] {logging_mixin.py:109} INFO - [2022-04-04 21:58:16,175] {dag.py:2937} INFO - Setting next_dagrun for example_bash_operator to 2022-04-03 00:00:00+00:00
[2022-04-04 21:58:16,192] {processor.py:171} INFO - Processing /home/airflow/.local/lib/python3.7/site-packages/airflow/example_dags/example_bash_operator.py took 0.105 seconds
[2022-04-04 21:58:46,466] {processor.py:163} INFO - Started process (PID=1524) to work on /home/airflow/.local/lib/python3.7/site-packages/airflow/example_dags/example_bash_operator.py
[2022-04-04 21:58:46,469] {processor.py:642} INFO - Processing file /home/airflow/.local/lib/python3.7/site-packages/airflow/example_dags/example_bash_operator.py for tasks to queue
[2022-04-04 21:58:46,470] {logging_mixin.py:109} INFO - [2022-04-04 21:58:46,470] {dagbag.py:500} INFO - Filling up the DagBag from /home/airflow/.local/lib/python3.7/site-packages/airflow/example_dags/example_bash_operator.py
[2022-04-04 21:58:46,510] {processor.py:652} INFO - DAG(s) dict_keys(['example_bash_operator']) retrieved from /home/airflow/.local/lib/python3.7/site-packages/airflow/example_dags/example_bash_operator.py
[2022-04-04 21:58:46,558] {logging_mixin.py:109} INFO - [2022-04-04 21:58:46,558] {dag.py:2398} INFO - Sync 1 DAGs
[2022-04-04 21:58:46,600] {logging_mixin.py:109} INFO - [2022-04-04 21:58:46,600] {dag.py:2937} INFO - Setting next_dagrun for example_bash_operator to 2022-04-03 00:00:00+00:00
[2022-04-04 21:58:46,619] {processor.py:171} INFO - Processing /home/airflow/.local/lib/python3.7/site-packages/airflow/example_dags/example_bash_operator.py took 0.157 seconds
[2022-04-04 21:59:16,777] {processor.py:163} INFO - Started process (PID=1575) to work on /home/airflow/.local/lib/python3.7/site-packages/airflow/example_dags/example_bash_operator.py
[2022-04-04 21:59:16,779] {processor.py:642} INFO - Processing file /home/airflow/.local/lib/python3.7/site-packages/airflow/example_dags/example_bash_operator.py for tasks to queue
[2022-04-04 21:59:16,780] {logging_mixin.py:109} INFO - [2022-04-04 21:59:16,780] {dagbag.py:500} INFO - Filling up the DagBag from /home/airflow/.local/lib/python3.7/site-packages/airflow/example_dags/example_bash_operator.py
[2022-04-04 21:59:16,829] {processor.py:652} INFO - DAG(s) dict_keys(['example_bash_operator']) retrieved from /home/airflow/.local/lib/python3.7/site-packages/airflow/example_dags/example_bash_operator.py
[2022-04-04 21:59:16,881] {logging_mixin.py:109} INFO - [2022-04-04 21:59:16,881] {dag.py:2398} INFO - Sync 1 DAGs
[2022-04-04 21:59:16,925] {logging_mixin.py:109} INFO - [2022-04-04 21:59:16,925] {dag.py:2937} INFO - Setting next_dagrun for example_bash_operator to 2022-04-03 00:00:00+00:00
[2022-04-04 21:59:16,954] {processor.py:171} INFO - Processing /home/airflow/.local/lib/python3.7/site-packages/airflow/example_dags/example_bash_operator.py took 0.188 seconds
[2022-04-04 22:03:56,762] {processor.py:163} INFO - Started process (PID=41) to work on /home/airflow/.local/lib/python3.7/site-packages/airflow/example_dags/example_bash_operator.py
[2022-04-04 22:03:56,763] {processor.py:642} INFO - Processing file /home/airflow/.local/lib/python3.7/site-packages/airflow/example_dags/example_bash_operator.py for tasks to queue
[2022-04-04 22:03:56,764] {logging_mixin.py:109} INFO - [2022-04-04 22:03:56,764] {dagbag.py:500} INFO - Filling up the DagBag from /home/airflow/.local/lib/python3.7/site-packages/airflow/example_dags/example_bash_operator.py
[2022-04-04 22:03:56,805] {processor.py:652} INFO - DAG(s) dict_keys(['example_bash_operator']) retrieved from /home/airflow/.local/lib/python3.7/site-packages/airflow/example_dags/example_bash_operator.py
[2022-04-04 22:04:02,949] {logging_mixin.py:109} INFO - [2022-04-04 22:04:02,949] {manager.py:496} INFO - Created Permission View: can edit on DAG:example_bash_operator
[2022-04-04 22:04:02,958] {logging_mixin.py:109} INFO - [2022-04-04 22:04:02,958] {manager.py:496} INFO - Created Permission View: can read on DAG:example_bash_operator
[2022-04-04 22:04:02,958] {logging_mixin.py:109} INFO - [2022-04-04 22:04:02,958] {dag.py:2398} INFO - Sync 1 DAGs
[2022-04-04 22:04:02,966] {logging_mixin.py:109} INFO - [2022-04-04 22:04:02,965] {dag.py:2417} INFO - Creating ORM DAG for example_bash_operator
[2022-04-04 22:04:02,978] {logging_mixin.py:109} INFO - [2022-04-04 22:04:02,978] {dag.py:2937} INFO - Setting next_dagrun for example_bash_operator to 2022-04-03 00:00:00+00:00
[2022-04-04 22:04:02,991] {processor.py:171} INFO - Processing /home/airflow/.local/lib/python3.7/site-packages/airflow/example_dags/example_bash_operator.py took 6.232 seconds
[2022-04-04 22:04:41,909] {processor.py:163} INFO - Started process (PID=341) to work on /home/airflow/.local/lib/python3.7/site-packages/airflow/example_dags/example_bash_operator.py
[2022-04-04 22:04:41,911] {processor.py:642} INFO - Processing file /home/airflow/.local/lib/python3.7/site-packages/airflow/example_dags/example_bash_operator.py for tasks to queue
[2022-04-04 22:04:41,912] {logging_mixin.py:109} INFO - [2022-04-04 22:04:41,912] {dagbag.py:500} INFO - Filling up the DagBag from /home/airflow/.local/lib/python3.7/site-packages/airflow/example_dags/example_bash_operator.py
[2022-04-04 22:04:41,949] {processor.py:652} INFO - DAG(s) dict_keys(['example_bash_operator']) retrieved from /home/airflow/.local/lib/python3.7/site-packages/airflow/example_dags/example_bash_operator.py
[2022-04-04 22:04:41,979] {logging_mixin.py:109} INFO - [2022-04-04 22:04:41,979] {dag.py:2398} INFO - Sync 1 DAGs
[2022-04-04 22:04:42,008] {logging_mixin.py:109} INFO - [2022-04-04 22:04:42,008] {dag.py:2937} INFO - Setting next_dagrun for example_bash_operator to 2022-04-03 00:00:00+00:00
[2022-04-04 22:04:42,027] {processor.py:171} INFO - Processing /home/airflow/.local/lib/python3.7/site-packages/airflow/example_dags/example_bash_operator.py took 0.121 seconds
