[2022-04-04 21:47:48,875] {processor.py:163} INFO - Started process (PID=329) to work on /home/airflow/.local/lib/python3.7/site-packages/airflow/example_dags/example_xcomargs.py
[2022-04-04 21:47:48,877] {processor.py:642} INFO - Processing file /home/airflow/.local/lib/python3.7/site-packages/airflow/example_dags/example_xcomargs.py for tasks to queue
[2022-04-04 21:47:48,878] {logging_mixin.py:109} INFO - [2022-04-04 21:47:48,878] {dagbag.py:500} INFO - Filling up the DagBag from /home/airflow/.local/lib/python3.7/site-packages/airflow/example_dags/example_xcomargs.py
[2022-04-04 21:47:48,928] {processor.py:652} INFO - DAG(s) dict_keys(['example_xcom_args', 'example_xcom_args_with_operators']) retrieved from /home/airflow/.local/lib/python3.7/site-packages/airflow/example_dags/example_xcomargs.py
[2022-04-04 21:47:52,550] {logging_mixin.py:109} INFO - [2022-04-04 21:47:52,549] {manager.py:496} INFO - Created Permission View: can edit on DAG:example_xcom_args
[2022-04-04 21:47:52,577] {logging_mixin.py:109} INFO - [2022-04-04 21:47:52,576] {manager.py:496} INFO - Created Permission View: can read on DAG:example_xcom_args
[2022-04-04 21:47:52,616] {logging_mixin.py:109} INFO - [2022-04-04 21:47:52,616] {manager.py:496} INFO - Created Permission View: can edit on DAG:example_xcom_args_with_operators
[2022-04-04 21:47:52,641] {logging_mixin.py:109} INFO - [2022-04-04 21:47:52,640] {manager.py:496} INFO - Created Permission View: can read on DAG:example_xcom_args_with_operators
[2022-04-04 21:47:52,641] {logging_mixin.py:109} INFO - [2022-04-04 21:47:52,641] {dag.py:2398} INFO - Sync 2 DAGs
[2022-04-04 21:47:52,658] {logging_mixin.py:109} INFO - [2022-04-04 21:47:52,657] {dag.py:2417} INFO - Creating ORM DAG for example_xcom_args_with_operators
[2022-04-04 21:47:52,660] {logging_mixin.py:109} INFO - [2022-04-04 21:47:52,660] {dag.py:2417} INFO - Creating ORM DAG for example_xcom_args
[2022-04-04 21:47:52,678] {logging_mixin.py:109} INFO - [2022-04-04 21:47:52,678] {dag.py:2937} INFO - Setting next_dagrun for example_xcom_args to None
[2022-04-04 21:47:52,679] {logging_mixin.py:109} INFO - [2022-04-04 21:47:52,679] {dag.py:2937} INFO - Setting next_dagrun for example_xcom_args_with_operators to None
[2022-04-04 21:47:52,712] {processor.py:171} INFO - Processing /home/airflow/.local/lib/python3.7/site-packages/airflow/example_dags/example_xcomargs.py took 3.842 seconds
[2022-04-04 21:48:23,137] {processor.py:163} INFO - Started process (PID=410) to work on /home/airflow/.local/lib/python3.7/site-packages/airflow/example_dags/example_xcomargs.py
[2022-04-04 21:48:23,139] {processor.py:642} INFO - Processing file /home/airflow/.local/lib/python3.7/site-packages/airflow/example_dags/example_xcomargs.py for tasks to queue
[2022-04-04 21:48:23,140] {logging_mixin.py:109} INFO - [2022-04-04 21:48:23,139] {dagbag.py:500} INFO - Filling up the DagBag from /home/airflow/.local/lib/python3.7/site-packages/airflow/example_dags/example_xcomargs.py
[2022-04-04 21:48:23,174] {processor.py:652} INFO - DAG(s) dict_keys(['example_xcom_args', 'example_xcom_args_with_operators']) retrieved from /home/airflow/.local/lib/python3.7/site-packages/airflow/example_dags/example_xcomargs.py
[2022-04-04 21:48:23,640] {logging_mixin.py:109} INFO - [2022-04-04 21:48:23,639] {dag.py:2398} INFO - Sync 2 DAGs
[2022-04-04 21:48:23,659] {logging_mixin.py:109} INFO - [2022-04-04 21:48:23,659] {dag.py:2937} INFO - Setting next_dagrun for example_xcom_args to None
[2022-04-04 21:48:23,660] {logging_mixin.py:109} INFO - [2022-04-04 21:48:23,660] {dag.py:2937} INFO - Setting next_dagrun for example_xcom_args_with_operators to None
[2022-04-04 21:48:23,676] {processor.py:171} INFO - Processing /home/airflow/.local/lib/python3.7/site-packages/airflow/example_dags/example_xcomargs.py took 0.545 seconds
[2022-04-04 21:48:54,513] {processor.py:163} INFO - Started process (PID=464) to work on /home/airflow/.local/lib/python3.7/site-packages/airflow/example_dags/example_xcomargs.py
[2022-04-04 21:48:54,514] {processor.py:642} INFO - Processing file /home/airflow/.local/lib/python3.7/site-packages/airflow/example_dags/example_xcomargs.py for tasks to queue
[2022-04-04 21:48:54,515] {logging_mixin.py:109} INFO - [2022-04-04 21:48:54,515] {dagbag.py:500} INFO - Filling up the DagBag from /home/airflow/.local/lib/python3.7/site-packages/airflow/example_dags/example_xcomargs.py
[2022-04-04 21:48:54,543] {processor.py:652} INFO - DAG(s) dict_keys(['example_xcom_args', 'example_xcom_args_with_operators']) retrieved from /home/airflow/.local/lib/python3.7/site-packages/airflow/example_dags/example_xcomargs.py
[2022-04-04 21:48:54,905] {logging_mixin.py:109} INFO - [2022-04-04 21:48:54,905] {dag.py:2398} INFO - Sync 2 DAGs
[2022-04-04 21:48:54,923] {logging_mixin.py:109} INFO - [2022-04-04 21:48:54,923] {dag.py:2937} INFO - Setting next_dagrun for example_xcom_args to None
[2022-04-04 21:48:54,924] {logging_mixin.py:109} INFO - [2022-04-04 21:48:54,924] {dag.py:2937} INFO - Setting next_dagrun for example_xcom_args_with_operators to None
[2022-04-04 21:48:54,938] {processor.py:171} INFO - Processing /home/airflow/.local/lib/python3.7/site-packages/airflow/example_dags/example_xcomargs.py took 0.431 seconds
[2022-04-04 21:49:25,020] {processor.py:163} INFO - Started process (PID=515) to work on /home/airflow/.local/lib/python3.7/site-packages/airflow/example_dags/example_xcomargs.py
[2022-04-04 21:49:25,021] {processor.py:642} INFO - Processing file /home/airflow/.local/lib/python3.7/site-packages/airflow/example_dags/example_xcomargs.py for tasks to queue
[2022-04-04 21:49:25,022] {logging_mixin.py:109} INFO - [2022-04-04 21:49:25,022] {dagbag.py:500} INFO - Filling up the DagBag from /home/airflow/.local/lib/python3.7/site-packages/airflow/example_dags/example_xcomargs.py
[2022-04-04 21:49:25,050] {processor.py:652} INFO - DAG(s) dict_keys(['example_xcom_args', 'example_xcom_args_with_operators']) retrieved from /home/airflow/.local/lib/python3.7/site-packages/airflow/example_dags/example_xcomargs.py
[2022-04-04 21:49:25,446] {logging_mixin.py:109} INFO - [2022-04-04 21:49:25,445] {dag.py:2398} INFO - Sync 2 DAGs
[2022-04-04 21:49:25,464] {logging_mixin.py:109} INFO - [2022-04-04 21:49:25,464] {dag.py:2937} INFO - Setting next_dagrun for example_xcom_args to None
[2022-04-04 21:49:25,465] {logging_mixin.py:109} INFO - [2022-04-04 21:49:25,465] {dag.py:2937} INFO - Setting next_dagrun for example_xcom_args_with_operators to None
[2022-04-04 21:49:25,482] {processor.py:171} INFO - Processing /home/airflow/.local/lib/python3.7/site-packages/airflow/example_dags/example_xcomargs.py took 0.466 seconds
[2022-04-04 21:49:56,400] {processor.py:163} INFO - Started process (PID=580) to work on /home/airflow/.local/lib/python3.7/site-packages/airflow/example_dags/example_xcomargs.py
[2022-04-04 21:49:56,401] {processor.py:642} INFO - Processing file /home/airflow/.local/lib/python3.7/site-packages/airflow/example_dags/example_xcomargs.py for tasks to queue
[2022-04-04 21:49:56,402] {logging_mixin.py:109} INFO - [2022-04-04 21:49:56,402] {dagbag.py:500} INFO - Filling up the DagBag from /home/airflow/.local/lib/python3.7/site-packages/airflow/example_dags/example_xcomargs.py
[2022-04-04 21:49:56,435] {processor.py:652} INFO - DAG(s) dict_keys(['example_xcom_args', 'example_xcom_args_with_operators']) retrieved from /home/airflow/.local/lib/python3.7/site-packages/airflow/example_dags/example_xcomargs.py
[2022-04-04 21:49:56,916] {logging_mixin.py:109} INFO - [2022-04-04 21:49:56,916] {dag.py:2398} INFO - Sync 2 DAGs
[2022-04-04 21:49:56,939] {logging_mixin.py:109} INFO - [2022-04-04 21:49:56,939] {dag.py:2937} INFO - Setting next_dagrun for example_xcom_args to None
[2022-04-04 21:49:56,939] {logging_mixin.py:109} INFO - [2022-04-04 21:49:56,939] {dag.py:2937} INFO - Setting next_dagrun for example_xcom_args_with_operators to None
[2022-04-04 21:49:56,955] {processor.py:171} INFO - Processing /home/airflow/.local/lib/python3.7/site-packages/airflow/example_dags/example_xcomargs.py took 0.559 seconds
[2022-04-04 21:50:27,702] {processor.py:163} INFO - Started process (PID=635) to work on /home/airflow/.local/lib/python3.7/site-packages/airflow/example_dags/example_xcomargs.py
[2022-04-04 21:50:27,705] {processor.py:642} INFO - Processing file /home/airflow/.local/lib/python3.7/site-packages/airflow/example_dags/example_xcomargs.py for tasks to queue
[2022-04-04 21:50:27,706] {logging_mixin.py:109} INFO - [2022-04-04 21:50:27,706] {dagbag.py:500} INFO - Filling up the DagBag from /home/airflow/.local/lib/python3.7/site-packages/airflow/example_dags/example_xcomargs.py
[2022-04-04 21:50:27,732] {processor.py:652} INFO - DAG(s) dict_keys(['example_xcom_args', 'example_xcom_args_with_operators']) retrieved from /home/airflow/.local/lib/python3.7/site-packages/airflow/example_dags/example_xcomargs.py
[2022-04-04 21:50:28,087] {logging_mixin.py:109} INFO - [2022-04-04 21:50:28,087] {dag.py:2398} INFO - Sync 2 DAGs
[2022-04-04 21:50:28,106] {logging_mixin.py:109} INFO - [2022-04-04 21:50:28,106] {dag.py:2937} INFO - Setting next_dagrun for example_xcom_args to None
[2022-04-04 21:50:28,107] {logging_mixin.py:109} INFO - [2022-04-04 21:50:28,107] {dag.py:2937} INFO - Setting next_dagrun for example_xcom_args_with_operators to None
[2022-04-04 21:50:28,123] {processor.py:171} INFO - Processing /home/airflow/.local/lib/python3.7/site-packages/airflow/example_dags/example_xcomargs.py took 0.423 seconds
[2022-04-04 21:50:58,241] {processor.py:163} INFO - Started process (PID=686) to work on /home/airflow/.local/lib/python3.7/site-packages/airflow/example_dags/example_xcomargs.py
[2022-04-04 21:50:58,243] {processor.py:642} INFO - Processing file /home/airflow/.local/lib/python3.7/site-packages/airflow/example_dags/example_xcomargs.py for tasks to queue
[2022-04-04 21:50:58,243] {logging_mixin.py:109} INFO - [2022-04-04 21:50:58,243] {dagbag.py:500} INFO - Filling up the DagBag from /home/airflow/.local/lib/python3.7/site-packages/airflow/example_dags/example_xcomargs.py
[2022-04-04 21:50:58,268] {processor.py:652} INFO - DAG(s) dict_keys(['example_xcom_args', 'example_xcom_args_with_operators']) retrieved from /home/airflow/.local/lib/python3.7/site-packages/airflow/example_dags/example_xcomargs.py
[2022-04-04 21:50:58,656] {logging_mixin.py:109} INFO - [2022-04-04 21:50:58,656] {dag.py:2398} INFO - Sync 2 DAGs
[2022-04-04 21:50:58,674] {logging_mixin.py:109} INFO - [2022-04-04 21:50:58,674] {dag.py:2937} INFO - Setting next_dagrun for example_xcom_args to None
[2022-04-04 21:50:58,674] {logging_mixin.py:109} INFO - [2022-04-04 21:50:58,674] {dag.py:2937} INFO - Setting next_dagrun for example_xcom_args_with_operators to None
[2022-04-04 21:50:58,690] {processor.py:171} INFO - Processing /home/airflow/.local/lib/python3.7/site-packages/airflow/example_dags/example_xcomargs.py took 0.453 seconds
[2022-04-04 21:51:28,996] {processor.py:163} INFO - Started process (PID=746) to work on /home/airflow/.local/lib/python3.7/site-packages/airflow/example_dags/example_xcomargs.py
[2022-04-04 21:51:28,997] {processor.py:642} INFO - Processing file /home/airflow/.local/lib/python3.7/site-packages/airflow/example_dags/example_xcomargs.py for tasks to queue
[2022-04-04 21:51:28,998] {logging_mixin.py:109} INFO - [2022-04-04 21:51:28,998] {dagbag.py:500} INFO - Filling up the DagBag from /home/airflow/.local/lib/python3.7/site-packages/airflow/example_dags/example_xcomargs.py
[2022-04-04 21:51:29,028] {processor.py:652} INFO - DAG(s) dict_keys(['example_xcom_args', 'example_xcom_args_with_operators']) retrieved from /home/airflow/.local/lib/python3.7/site-packages/airflow/example_dags/example_xcomargs.py
[2022-04-04 21:51:29,461] {logging_mixin.py:109} INFO - [2022-04-04 21:51:29,461] {dag.py:2398} INFO - Sync 2 DAGs
[2022-04-04 21:51:29,494] {logging_mixin.py:109} INFO - [2022-04-04 21:51:29,494] {dag.py:2937} INFO - Setting next_dagrun for example_xcom_args to None
[2022-04-04 21:51:29,495] {logging_mixin.py:109} INFO - [2022-04-04 21:51:29,495] {dag.py:2937} INFO - Setting next_dagrun for example_xcom_args_with_operators to None
[2022-04-04 21:51:29,512] {processor.py:171} INFO - Processing /home/airflow/.local/lib/python3.7/site-packages/airflow/example_dags/example_xcomargs.py took 0.520 seconds
[2022-04-04 21:51:59,775] {processor.py:163} INFO - Started process (PID=798) to work on /home/airflow/.local/lib/python3.7/site-packages/airflow/example_dags/example_xcomargs.py
[2022-04-04 21:51:59,776] {processor.py:642} INFO - Processing file /home/airflow/.local/lib/python3.7/site-packages/airflow/example_dags/example_xcomargs.py for tasks to queue
[2022-04-04 21:51:59,777] {logging_mixin.py:109} INFO - [2022-04-04 21:51:59,777] {dagbag.py:500} INFO - Filling up the DagBag from /home/airflow/.local/lib/python3.7/site-packages/airflow/example_dags/example_xcomargs.py
[2022-04-04 21:51:59,808] {processor.py:652} INFO - DAG(s) dict_keys(['example_xcom_args', 'example_xcom_args_with_operators']) retrieved from /home/airflow/.local/lib/python3.7/site-packages/airflow/example_dags/example_xcomargs.py
[2022-04-04 21:52:00,256] {logging_mixin.py:109} INFO - [2022-04-04 21:52:00,255] {dag.py:2398} INFO - Sync 2 DAGs
[2022-04-04 21:52:00,277] {logging_mixin.py:109} INFO - [2022-04-04 21:52:00,277] {dag.py:2937} INFO - Setting next_dagrun for example_xcom_args to None
[2022-04-04 21:52:00,277] {logging_mixin.py:109} INFO - [2022-04-04 21:52:00,277] {dag.py:2937} INFO - Setting next_dagrun for example_xcom_args_with_operators to None
[2022-04-04 21:52:00,291] {processor.py:171} INFO - Processing /home/airflow/.local/lib/python3.7/site-packages/airflow/example_dags/example_xcomargs.py took 0.520 seconds
[2022-04-04 21:52:30,362] {processor.py:163} INFO - Started process (PID=849) to work on /home/airflow/.local/lib/python3.7/site-packages/airflow/example_dags/example_xcomargs.py
[2022-04-04 21:52:30,363] {processor.py:642} INFO - Processing file /home/airflow/.local/lib/python3.7/site-packages/airflow/example_dags/example_xcomargs.py for tasks to queue
[2022-04-04 21:52:30,364] {logging_mixin.py:109} INFO - [2022-04-04 21:52:30,364] {dagbag.py:500} INFO - Filling up the DagBag from /home/airflow/.local/lib/python3.7/site-packages/airflow/example_dags/example_xcomargs.py
[2022-04-04 21:52:30,393] {processor.py:652} INFO - DAG(s) dict_keys(['example_xcom_args', 'example_xcom_args_with_operators']) retrieved from /home/airflow/.local/lib/python3.7/site-packages/airflow/example_dags/example_xcomargs.py
[2022-04-04 21:52:30,784] {logging_mixin.py:109} INFO - [2022-04-04 21:52:30,784] {dag.py:2398} INFO - Sync 2 DAGs
[2022-04-04 21:52:30,803] {logging_mixin.py:109} INFO - [2022-04-04 21:52:30,803] {dag.py:2937} INFO - Setting next_dagrun for example_xcom_args to None
[2022-04-04 21:52:30,803] {logging_mixin.py:109} INFO - [2022-04-04 21:52:30,803] {dag.py:2937} INFO - Setting next_dagrun for example_xcom_args_with_operators to None
[2022-04-04 21:52:30,818] {processor.py:171} INFO - Processing /home/airflow/.local/lib/python3.7/site-packages/airflow/example_dags/example_xcomargs.py took 0.461 seconds
[2022-04-04 21:53:01,516] {processor.py:163} INFO - Started process (PID=909) to work on /home/airflow/.local/lib/python3.7/site-packages/airflow/example_dags/example_xcomargs.py
[2022-04-04 21:53:01,517] {processor.py:642} INFO - Processing file /home/airflow/.local/lib/python3.7/site-packages/airflow/example_dags/example_xcomargs.py for tasks to queue
[2022-04-04 21:53:01,518] {logging_mixin.py:109} INFO - [2022-04-04 21:53:01,518] {dagbag.py:500} INFO - Filling up the DagBag from /home/airflow/.local/lib/python3.7/site-packages/airflow/example_dags/example_xcomargs.py
[2022-04-04 21:53:01,554] {processor.py:652} INFO - DAG(s) dict_keys(['example_xcom_args', 'example_xcom_args_with_operators']) retrieved from /home/airflow/.local/lib/python3.7/site-packages/airflow/example_dags/example_xcomargs.py
[2022-04-04 21:53:02,062] {logging_mixin.py:109} INFO - [2022-04-04 21:53:02,061] {dag.py:2398} INFO - Sync 2 DAGs
[2022-04-04 21:53:02,080] {logging_mixin.py:109} INFO - [2022-04-04 21:53:02,080] {dag.py:2937} INFO - Setting next_dagrun for example_xcom_args to None
[2022-04-04 21:53:02,081] {logging_mixin.py:109} INFO - [2022-04-04 21:53:02,081] {dag.py:2937} INFO - Setting next_dagrun for example_xcom_args_with_operators to None
[2022-04-04 21:53:02,094] {processor.py:171} INFO - Processing /home/airflow/.local/lib/python3.7/site-packages/airflow/example_dags/example_xcomargs.py took 0.582 seconds
[2022-04-04 21:53:32,881] {processor.py:163} INFO - Started process (PID=960) to work on /home/airflow/.local/lib/python3.7/site-packages/airflow/example_dags/example_xcomargs.py
[2022-04-04 21:53:32,882] {processor.py:642} INFO - Processing file /home/airflow/.local/lib/python3.7/site-packages/airflow/example_dags/example_xcomargs.py for tasks to queue
[2022-04-04 21:53:32,883] {logging_mixin.py:109} INFO - [2022-04-04 21:53:32,883] {dagbag.py:500} INFO - Filling up the DagBag from /home/airflow/.local/lib/python3.7/site-packages/airflow/example_dags/example_xcomargs.py
[2022-04-04 21:53:32,909] {processor.py:652} INFO - DAG(s) dict_keys(['example_xcom_args', 'example_xcom_args_with_operators']) retrieved from /home/airflow/.local/lib/python3.7/site-packages/airflow/example_dags/example_xcomargs.py
[2022-04-04 21:53:33,330] {logging_mixin.py:109} INFO - [2022-04-04 21:53:33,330] {dag.py:2398} INFO - Sync 2 DAGs
[2022-04-04 21:53:33,348] {logging_mixin.py:109} INFO - [2022-04-04 21:53:33,348] {dag.py:2937} INFO - Setting next_dagrun for example_xcom_args to None
[2022-04-04 21:53:33,349] {logging_mixin.py:109} INFO - [2022-04-04 21:53:33,349] {dag.py:2937} INFO - Setting next_dagrun for example_xcom_args_with_operators to None
[2022-04-04 21:53:33,362] {processor.py:171} INFO - Processing /home/airflow/.local/lib/python3.7/site-packages/airflow/example_dags/example_xcomargs.py took 0.484 seconds
[2022-04-04 21:54:04,023] {processor.py:163} INFO - Started process (PID=1013) to work on /home/airflow/.local/lib/python3.7/site-packages/airflow/example_dags/example_xcomargs.py
[2022-04-04 21:54:04,025] {processor.py:642} INFO - Processing file /home/airflow/.local/lib/python3.7/site-packages/airflow/example_dags/example_xcomargs.py for tasks to queue
[2022-04-04 21:54:04,025] {logging_mixin.py:109} INFO - [2022-04-04 21:54:04,025] {dagbag.py:500} INFO - Filling up the DagBag from /home/airflow/.local/lib/python3.7/site-packages/airflow/example_dags/example_xcomargs.py
[2022-04-04 21:54:04,052] {processor.py:652} INFO - DAG(s) dict_keys(['example_xcom_args', 'example_xcom_args_with_operators']) retrieved from /home/airflow/.local/lib/python3.7/site-packages/airflow/example_dags/example_xcomargs.py
[2022-04-04 21:54:04,479] {logging_mixin.py:109} INFO - [2022-04-04 21:54:04,479] {dag.py:2398} INFO - Sync 2 DAGs
[2022-04-04 21:54:04,498] {logging_mixin.py:109} INFO - [2022-04-04 21:54:04,498] {dag.py:2937} INFO - Setting next_dagrun for example_xcom_args to None
[2022-04-04 21:54:04,498] {logging_mixin.py:109} INFO - [2022-04-04 21:54:04,498] {dag.py:2937} INFO - Setting next_dagrun for example_xcom_args_with_operators to None
[2022-04-04 21:54:04,512] {processor.py:171} INFO - Processing /home/airflow/.local/lib/python3.7/site-packages/airflow/example_dags/example_xcomargs.py took 0.493 seconds
[2022-04-04 21:54:35,264] {processor.py:163} INFO - Started process (PID=1073) to work on /home/airflow/.local/lib/python3.7/site-packages/airflow/example_dags/example_xcomargs.py
[2022-04-04 21:54:35,265] {processor.py:642} INFO - Processing file /home/airflow/.local/lib/python3.7/site-packages/airflow/example_dags/example_xcomargs.py for tasks to queue
[2022-04-04 21:54:35,266] {logging_mixin.py:109} INFO - [2022-04-04 21:54:35,266] {dagbag.py:500} INFO - Filling up the DagBag from /home/airflow/.local/lib/python3.7/site-packages/airflow/example_dags/example_xcomargs.py
[2022-04-04 21:54:35,296] {processor.py:652} INFO - DAG(s) dict_keys(['example_xcom_args', 'example_xcom_args_with_operators']) retrieved from /home/airflow/.local/lib/python3.7/site-packages/airflow/example_dags/example_xcomargs.py
[2022-04-04 21:54:35,771] {logging_mixin.py:109} INFO - [2022-04-04 21:54:35,771] {dag.py:2398} INFO - Sync 2 DAGs
[2022-04-04 21:54:35,791] {logging_mixin.py:109} INFO - [2022-04-04 21:54:35,791] {dag.py:2937} INFO - Setting next_dagrun for example_xcom_args to None
[2022-04-04 21:54:35,792] {logging_mixin.py:109} INFO - [2022-04-04 21:54:35,792] {dag.py:2937} INFO - Setting next_dagrun for example_xcom_args_with_operators to None
[2022-04-04 21:54:35,809] {processor.py:171} INFO - Processing /home/airflow/.local/lib/python3.7/site-packages/airflow/example_dags/example_xcomargs.py took 0.549 seconds
[2022-04-04 21:55:07,258] {processor.py:163} INFO - Started process (PID=1126) to work on /home/airflow/.local/lib/python3.7/site-packages/airflow/example_dags/example_xcomargs.py
[2022-04-04 21:55:07,260] {processor.py:642} INFO - Processing file /home/airflow/.local/lib/python3.7/site-packages/airflow/example_dags/example_xcomargs.py for tasks to queue
[2022-04-04 21:55:07,260] {logging_mixin.py:109} INFO - [2022-04-04 21:55:07,260] {dagbag.py:500} INFO - Filling up the DagBag from /home/airflow/.local/lib/python3.7/site-packages/airflow/example_dags/example_xcomargs.py
[2022-04-04 21:55:07,287] {processor.py:652} INFO - DAG(s) dict_keys(['example_xcom_args', 'example_xcom_args_with_operators']) retrieved from /home/airflow/.local/lib/python3.7/site-packages/airflow/example_dags/example_xcomargs.py
[2022-04-04 21:55:07,663] {logging_mixin.py:109} INFO - [2022-04-04 21:55:07,663] {dag.py:2398} INFO - Sync 2 DAGs
[2022-04-04 21:55:07,680] {logging_mixin.py:109} INFO - [2022-04-04 21:55:07,680] {dag.py:2937} INFO - Setting next_dagrun for example_xcom_args to None
[2022-04-04 21:55:07,680] {logging_mixin.py:109} INFO - [2022-04-04 21:55:07,680] {dag.py:2937} INFO - Setting next_dagrun for example_xcom_args_with_operators to None
[2022-04-04 21:55:07,696] {processor.py:171} INFO - Processing /home/airflow/.local/lib/python3.7/site-packages/airflow/example_dags/example_xcomargs.py took 0.442 seconds
[2022-04-04 21:55:38,463] {processor.py:163} INFO - Started process (PID=1187) to work on /home/airflow/.local/lib/python3.7/site-packages/airflow/example_dags/example_xcomargs.py
[2022-04-04 21:55:38,464] {processor.py:642} INFO - Processing file /home/airflow/.local/lib/python3.7/site-packages/airflow/example_dags/example_xcomargs.py for tasks to queue
[2022-04-04 21:55:38,465] {logging_mixin.py:109} INFO - [2022-04-04 21:55:38,465] {dagbag.py:500} INFO - Filling up the DagBag from /home/airflow/.local/lib/python3.7/site-packages/airflow/example_dags/example_xcomargs.py
[2022-04-04 21:55:38,490] {processor.py:652} INFO - DAG(s) dict_keys(['example_xcom_args', 'example_xcom_args_with_operators']) retrieved from /home/airflow/.local/lib/python3.7/site-packages/airflow/example_dags/example_xcomargs.py
[2022-04-04 21:55:38,860] {logging_mixin.py:109} INFO - [2022-04-04 21:55:38,860] {dag.py:2398} INFO - Sync 2 DAGs
[2022-04-04 21:55:38,879] {logging_mixin.py:109} INFO - [2022-04-04 21:55:38,879] {dag.py:2937} INFO - Setting next_dagrun for example_xcom_args to None
[2022-04-04 21:55:38,879] {logging_mixin.py:109} INFO - [2022-04-04 21:55:38,879] {dag.py:2937} INFO - Setting next_dagrun for example_xcom_args_with_operators to None
[2022-04-04 21:55:38,895] {processor.py:171} INFO - Processing /home/airflow/.local/lib/python3.7/site-packages/airflow/example_dags/example_xcomargs.py took 0.436 seconds
[2022-04-04 21:56:09,175] {processor.py:163} INFO - Started process (PID=1239) to work on /home/airflow/.local/lib/python3.7/site-packages/airflow/example_dags/example_xcomargs.py
[2022-04-04 21:56:09,176] {processor.py:642} INFO - Processing file /home/airflow/.local/lib/python3.7/site-packages/airflow/example_dags/example_xcomargs.py for tasks to queue
[2022-04-04 21:56:09,177] {logging_mixin.py:109} INFO - [2022-04-04 21:56:09,177] {dagbag.py:500} INFO - Filling up the DagBag from /home/airflow/.local/lib/python3.7/site-packages/airflow/example_dags/example_xcomargs.py
[2022-04-04 21:56:09,207] {processor.py:652} INFO - DAG(s) dict_keys(['example_xcom_args', 'example_xcom_args_with_operators']) retrieved from /home/airflow/.local/lib/python3.7/site-packages/airflow/example_dags/example_xcomargs.py
[2022-04-04 21:56:09,605] {logging_mixin.py:109} INFO - [2022-04-04 21:56:09,605] {dag.py:2398} INFO - Sync 2 DAGs
[2022-04-04 21:56:09,626] {logging_mixin.py:109} INFO - [2022-04-04 21:56:09,625] {dag.py:2937} INFO - Setting next_dagrun for example_xcom_args to None
[2022-04-04 21:56:09,626] {logging_mixin.py:109} INFO - [2022-04-04 21:56:09,626] {dag.py:2937} INFO - Setting next_dagrun for example_xcom_args_with_operators to None
[2022-04-04 21:56:09,642] {processor.py:171} INFO - Processing /home/airflow/.local/lib/python3.7/site-packages/airflow/example_dags/example_xcomargs.py took 0.471 seconds
[2022-04-04 21:56:40,527] {processor.py:163} INFO - Started process (PID=1293) to work on /home/airflow/.local/lib/python3.7/site-packages/airflow/example_dags/example_xcomargs.py
[2022-04-04 21:56:40,529] {processor.py:642} INFO - Processing file /home/airflow/.local/lib/python3.7/site-packages/airflow/example_dags/example_xcomargs.py for tasks to queue
[2022-04-04 21:56:40,530] {logging_mixin.py:109} INFO - [2022-04-04 21:56:40,530] {dagbag.py:500} INFO - Filling up the DagBag from /home/airflow/.local/lib/python3.7/site-packages/airflow/example_dags/example_xcomargs.py
[2022-04-04 21:56:40,563] {processor.py:652} INFO - DAG(s) dict_keys(['example_xcom_args', 'example_xcom_args_with_operators']) retrieved from /home/airflow/.local/lib/python3.7/site-packages/airflow/example_dags/example_xcomargs.py
[2022-04-04 21:56:41,065] {logging_mixin.py:109} INFO - [2022-04-04 21:56:41,065] {dag.py:2398} INFO - Sync 2 DAGs
[2022-04-04 21:56:41,092] {logging_mixin.py:109} INFO - [2022-04-04 21:56:41,092] {dag.py:2937} INFO - Setting next_dagrun for example_xcom_args to None
[2022-04-04 21:56:41,092] {logging_mixin.py:109} INFO - [2022-04-04 21:56:41,092] {dag.py:2937} INFO - Setting next_dagrun for example_xcom_args_with_operators to None
[2022-04-04 21:56:41,114] {processor.py:171} INFO - Processing /home/airflow/.local/lib/python3.7/site-packages/airflow/example_dags/example_xcomargs.py took 0.591 seconds
[2022-04-04 21:57:11,756] {processor.py:163} INFO - Started process (PID=1357) to work on /home/airflow/.local/lib/python3.7/site-packages/airflow/example_dags/example_xcomargs.py
[2022-04-04 21:57:11,757] {processor.py:642} INFO - Processing file /home/airflow/.local/lib/python3.7/site-packages/airflow/example_dags/example_xcomargs.py for tasks to queue
[2022-04-04 21:57:11,758] {logging_mixin.py:109} INFO - [2022-04-04 21:57:11,757] {dagbag.py:500} INFO - Filling up the DagBag from /home/airflow/.local/lib/python3.7/site-packages/airflow/example_dags/example_xcomargs.py
[2022-04-04 21:57:11,796] {processor.py:652} INFO - DAG(s) dict_keys(['example_xcom_args', 'example_xcom_args_with_operators']) retrieved from /home/airflow/.local/lib/python3.7/site-packages/airflow/example_dags/example_xcomargs.py
[2022-04-04 21:57:12,284] {logging_mixin.py:109} INFO - [2022-04-04 21:57:12,284] {dag.py:2398} INFO - Sync 2 DAGs
[2022-04-04 21:57:12,304] {logging_mixin.py:109} INFO - [2022-04-04 21:57:12,304] {dag.py:2937} INFO - Setting next_dagrun for example_xcom_args to None
[2022-04-04 21:57:12,305] {logging_mixin.py:109} INFO - [2022-04-04 21:57:12,305] {dag.py:2937} INFO - Setting next_dagrun for example_xcom_args_with_operators to None
[2022-04-04 21:57:12,327] {processor.py:171} INFO - Processing /home/airflow/.local/lib/python3.7/site-packages/airflow/example_dags/example_xcomargs.py took 0.575 seconds
[2022-04-04 21:57:42,789] {processor.py:163} INFO - Started process (PID=1411) to work on /home/airflow/.local/lib/python3.7/site-packages/airflow/example_dags/example_xcomargs.py
[2022-04-04 21:57:42,791] {processor.py:642} INFO - Processing file /home/airflow/.local/lib/python3.7/site-packages/airflow/example_dags/example_xcomargs.py for tasks to queue
[2022-04-04 21:57:42,792] {logging_mixin.py:109} INFO - [2022-04-04 21:57:42,792] {dagbag.py:500} INFO - Filling up the DagBag from /home/airflow/.local/lib/python3.7/site-packages/airflow/example_dags/example_xcomargs.py
[2022-04-04 21:57:42,816] {processor.py:652} INFO - DAG(s) dict_keys(['example_xcom_args', 'example_xcom_args_with_operators']) retrieved from /home/airflow/.local/lib/python3.7/site-packages/airflow/example_dags/example_xcomargs.py
[2022-04-04 21:57:43,174] {logging_mixin.py:109} INFO - [2022-04-04 21:57:43,174] {dag.py:2398} INFO - Sync 2 DAGs
[2022-04-04 21:57:43,194] {logging_mixin.py:109} INFO - [2022-04-04 21:57:43,194] {dag.py:2937} INFO - Setting next_dagrun for example_xcom_args to None
[2022-04-04 21:57:43,194] {logging_mixin.py:109} INFO - [2022-04-04 21:57:43,194] {dag.py:2937} INFO - Setting next_dagrun for example_xcom_args_with_operators to None
[2022-04-04 21:57:43,210] {processor.py:171} INFO - Processing /home/airflow/.local/lib/python3.7/site-packages/airflow/example_dags/example_xcomargs.py took 0.425 seconds
[2022-04-04 21:58:13,808] {processor.py:163} INFO - Started process (PID=1463) to work on /home/airflow/.local/lib/python3.7/site-packages/airflow/example_dags/example_xcomargs.py
[2022-04-04 21:58:13,810] {processor.py:642} INFO - Processing file /home/airflow/.local/lib/python3.7/site-packages/airflow/example_dags/example_xcomargs.py for tasks to queue
[2022-04-04 21:58:13,811] {logging_mixin.py:109} INFO - [2022-04-04 21:58:13,811] {dagbag.py:500} INFO - Filling up the DagBag from /home/airflow/.local/lib/python3.7/site-packages/airflow/example_dags/example_xcomargs.py
[2022-04-04 21:58:13,837] {processor.py:652} INFO - DAG(s) dict_keys(['example_xcom_args', 'example_xcom_args_with_operators']) retrieved from /home/airflow/.local/lib/python3.7/site-packages/airflow/example_dags/example_xcomargs.py
[2022-04-04 21:58:14,248] {logging_mixin.py:109} INFO - [2022-04-04 21:58:14,248] {dag.py:2398} INFO - Sync 2 DAGs
[2022-04-04 21:58:14,268] {logging_mixin.py:109} INFO - [2022-04-04 21:58:14,267] {dag.py:2937} INFO - Setting next_dagrun for example_xcom_args to None
[2022-04-04 21:58:14,268] {logging_mixin.py:109} INFO - [2022-04-04 21:58:14,268] {dag.py:2937} INFO - Setting next_dagrun for example_xcom_args_with_operators to None
[2022-04-04 21:58:14,287] {processor.py:171} INFO - Processing /home/airflow/.local/lib/python3.7/site-packages/airflow/example_dags/example_xcomargs.py took 0.483 seconds
[2022-04-04 21:58:44,912] {processor.py:163} INFO - Started process (PID=1523) to work on /home/airflow/.local/lib/python3.7/site-packages/airflow/example_dags/example_xcomargs.py
[2022-04-04 21:58:44,914] {processor.py:642} INFO - Processing file /home/airflow/.local/lib/python3.7/site-packages/airflow/example_dags/example_xcomargs.py for tasks to queue
[2022-04-04 21:58:44,914] {logging_mixin.py:109} INFO - [2022-04-04 21:58:44,914] {dagbag.py:500} INFO - Filling up the DagBag from /home/airflow/.local/lib/python3.7/site-packages/airflow/example_dags/example_xcomargs.py
[2022-04-04 21:58:44,952] {processor.py:652} INFO - DAG(s) dict_keys(['example_xcom_args', 'example_xcom_args_with_operators']) retrieved from /home/airflow/.local/lib/python3.7/site-packages/airflow/example_dags/example_xcomargs.py
[2022-04-04 21:58:45,383] {logging_mixin.py:109} INFO - [2022-04-04 21:58:45,383] {dag.py:2398} INFO - Sync 2 DAGs
[2022-04-04 21:58:45,407] {logging_mixin.py:109} INFO - [2022-04-04 21:58:45,407] {dag.py:2937} INFO - Setting next_dagrun for example_xcom_args to None
[2022-04-04 21:58:45,407] {logging_mixin.py:109} INFO - [2022-04-04 21:58:45,407] {dag.py:2937} INFO - Setting next_dagrun for example_xcom_args_with_operators to None
[2022-04-04 21:58:45,425] {processor.py:171} INFO - Processing /home/airflow/.local/lib/python3.7/site-packages/airflow/example_dags/example_xcomargs.py took 0.520 seconds
