[2022-04-04 21:47:36,608] {processor.py:163} INFO - Started process (PID=266) to work on /home/airflow/.local/lib/python3.7/site-packages/airflow/example_dags/example_task_group_decorator.py
[2022-04-04 21:47:36,609] {processor.py:642} INFO - Processing file /home/airflow/.local/lib/python3.7/site-packages/airflow/example_dags/example_task_group_decorator.py for tasks to queue
[2022-04-04 21:47:36,610] {logging_mixin.py:109} INFO - [2022-04-04 21:47:36,610] {dagbag.py:500} INFO - Filling up the DagBag from /home/airflow/.local/lib/python3.7/site-packages/airflow/example_dags/example_task_group_decorator.py
[2022-04-04 21:47:36,671] {processor.py:652} INFO - DAG(s) dict_keys(['example_task_group_decorator']) retrieved from /home/airflow/.local/lib/python3.7/site-packages/airflow/example_dags/example_task_group_decorator.py
[2022-04-04 21:47:40,616] {logging_mixin.py:109} INFO - [2022-04-04 21:47:40,616] {manager.py:496} INFO - Created Permission View: can edit on DAG:example_task_group_decorator
[2022-04-04 21:47:40,634] {logging_mixin.py:109} INFO - [2022-04-04 21:47:40,634] {manager.py:496} INFO - Created Permission View: can read on DAG:example_task_group_decorator
[2022-04-04 21:47:40,635] {logging_mixin.py:109} INFO - [2022-04-04 21:47:40,634] {dag.py:2398} INFO - Sync 1 DAGs
[2022-04-04 21:47:40,649] {logging_mixin.py:109} INFO - [2022-04-04 21:47:40,649] {dag.py:2417} INFO - Creating ORM DAG for example_task_group_decorator
[2022-04-04 21:47:40,666] {logging_mixin.py:109} INFO - [2022-04-04 21:47:40,666] {dag.py:2937} INFO - Setting next_dagrun for example_task_group_decorator to 2022-04-03T21:47:40.665978+00:00
[2022-04-04 21:47:40,692] {processor.py:171} INFO - Processing /home/airflow/.local/lib/python3.7/site-packages/airflow/example_dags/example_task_group_decorator.py took 4.088 seconds
[2022-04-04 21:48:11,647] {processor.py:163} INFO - Started process (PID=391) to work on /home/airflow/.local/lib/python3.7/site-packages/airflow/example_dags/example_task_group_decorator.py
[2022-04-04 21:48:11,650] {processor.py:642} INFO - Processing file /home/airflow/.local/lib/python3.7/site-packages/airflow/example_dags/example_task_group_decorator.py for tasks to queue
[2022-04-04 21:48:11,651] {logging_mixin.py:109} INFO - [2022-04-04 21:48:11,651] {dagbag.py:500} INFO - Filling up the DagBag from /home/airflow/.local/lib/python3.7/site-packages/airflow/example_dags/example_task_group_decorator.py
[2022-04-04 21:48:11,695] {processor.py:652} INFO - DAG(s) dict_keys(['example_task_group_decorator']) retrieved from /home/airflow/.local/lib/python3.7/site-packages/airflow/example_dags/example_task_group_decorator.py
[2022-04-04 21:48:12,149] {logging_mixin.py:109} INFO - [2022-04-04 21:48:12,149] {dag.py:2398} INFO - Sync 1 DAGs
[2022-04-04 21:48:12,170] {logging_mixin.py:109} INFO - [2022-04-04 21:48:12,170] {dag.py:2937} INFO - Setting next_dagrun for example_task_group_decorator to 2022-04-03T21:48:12.169771+00:00
[2022-04-04 21:48:12,189] {processor.py:171} INFO - Processing /home/airflow/.local/lib/python3.7/site-packages/airflow/example_dags/example_task_group_decorator.py took 0.546 seconds
[2022-04-04 21:48:42,976] {processor.py:163} INFO - Started process (PID=444) to work on /home/airflow/.local/lib/python3.7/site-packages/airflow/example_dags/example_task_group_decorator.py
[2022-04-04 21:48:42,978] {processor.py:642} INFO - Processing file /home/airflow/.local/lib/python3.7/site-packages/airflow/example_dags/example_task_group_decorator.py for tasks to queue
[2022-04-04 21:48:42,978] {logging_mixin.py:109} INFO - [2022-04-04 21:48:42,978] {dagbag.py:500} INFO - Filling up the DagBag from /home/airflow/.local/lib/python3.7/site-packages/airflow/example_dags/example_task_group_decorator.py
[2022-04-04 21:48:43,014] {processor.py:652} INFO - DAG(s) dict_keys(['example_task_group_decorator']) retrieved from /home/airflow/.local/lib/python3.7/site-packages/airflow/example_dags/example_task_group_decorator.py
[2022-04-04 21:48:43,408] {logging_mixin.py:109} INFO - [2022-04-04 21:48:43,408] {dag.py:2398} INFO - Sync 1 DAGs
[2022-04-04 21:48:43,429] {logging_mixin.py:109} INFO - [2022-04-04 21:48:43,429] {dag.py:2937} INFO - Setting next_dagrun for example_task_group_decorator to 2022-04-03T21:48:43.428966+00:00
[2022-04-04 21:48:43,446] {processor.py:171} INFO - Processing /home/airflow/.local/lib/python3.7/site-packages/airflow/example_dags/example_task_group_decorator.py took 0.473 seconds
[2022-04-04 21:49:13,529] {processor.py:163} INFO - Started process (PID=495) to work on /home/airflow/.local/lib/python3.7/site-packages/airflow/example_dags/example_task_group_decorator.py
[2022-04-04 21:49:13,530] {processor.py:642} INFO - Processing file /home/airflow/.local/lib/python3.7/site-packages/airflow/example_dags/example_task_group_decorator.py for tasks to queue
[2022-04-04 21:49:13,532] {logging_mixin.py:109} INFO - [2022-04-04 21:49:13,531] {dagbag.py:500} INFO - Filling up the DagBag from /home/airflow/.local/lib/python3.7/site-packages/airflow/example_dags/example_task_group_decorator.py
[2022-04-04 21:49:13,565] {processor.py:652} INFO - DAG(s) dict_keys(['example_task_group_decorator']) retrieved from /home/airflow/.local/lib/python3.7/site-packages/airflow/example_dags/example_task_group_decorator.py
[2022-04-04 21:49:13,972] {logging_mixin.py:109} INFO - [2022-04-04 21:49:13,972] {dag.py:2398} INFO - Sync 1 DAGs
[2022-04-04 21:49:13,991] {logging_mixin.py:109} INFO - [2022-04-04 21:49:13,991] {dag.py:2937} INFO - Setting next_dagrun for example_task_group_decorator to 2022-04-03T21:49:13.991545+00:00
[2022-04-04 21:49:14,005] {processor.py:171} INFO - Processing /home/airflow/.local/lib/python3.7/site-packages/airflow/example_dags/example_task_group_decorator.py took 0.480 seconds
[2022-04-04 21:49:44,136] {processor.py:163} INFO - Started process (PID=555) to work on /home/airflow/.local/lib/python3.7/site-packages/airflow/example_dags/example_task_group_decorator.py
[2022-04-04 21:49:44,137] {processor.py:642} INFO - Processing file /home/airflow/.local/lib/python3.7/site-packages/airflow/example_dags/example_task_group_decorator.py for tasks to queue
[2022-04-04 21:49:44,138] {logging_mixin.py:109} INFO - [2022-04-04 21:49:44,138] {dagbag.py:500} INFO - Filling up the DagBag from /home/airflow/.local/lib/python3.7/site-packages/airflow/example_dags/example_task_group_decorator.py
[2022-04-04 21:49:44,172] {processor.py:652} INFO - DAG(s) dict_keys(['example_task_group_decorator']) retrieved from /home/airflow/.local/lib/python3.7/site-packages/airflow/example_dags/example_task_group_decorator.py
[2022-04-04 21:49:44,566] {logging_mixin.py:109} INFO - [2022-04-04 21:49:44,565] {dag.py:2398} INFO - Sync 1 DAGs
[2022-04-04 21:49:44,584] {logging_mixin.py:109} INFO - [2022-04-04 21:49:44,584] {dag.py:2937} INFO - Setting next_dagrun for example_task_group_decorator to 2022-04-03T21:49:44.584623+00:00
[2022-04-04 21:49:44,600] {processor.py:171} INFO - Processing /home/airflow/.local/lib/python3.7/site-packages/airflow/example_dags/example_task_group_decorator.py took 0.468 seconds
[2022-04-04 21:50:14,700] {processor.py:163} INFO - Started process (PID=607) to work on /home/airflow/.local/lib/python3.7/site-packages/airflow/example_dags/example_task_group_decorator.py
[2022-04-04 21:50:14,703] {processor.py:642} INFO - Processing file /home/airflow/.local/lib/python3.7/site-packages/airflow/example_dags/example_task_group_decorator.py for tasks to queue
[2022-04-04 21:50:14,704] {logging_mixin.py:109} INFO - [2022-04-04 21:50:14,704] {dagbag.py:500} INFO - Filling up the DagBag from /home/airflow/.local/lib/python3.7/site-packages/airflow/example_dags/example_task_group_decorator.py
[2022-04-04 21:50:14,740] {processor.py:652} INFO - DAG(s) dict_keys(['example_task_group_decorator']) retrieved from /home/airflow/.local/lib/python3.7/site-packages/airflow/example_dags/example_task_group_decorator.py
[2022-04-04 21:50:15,089] {logging_mixin.py:109} INFO - [2022-04-04 21:50:15,089] {dag.py:2398} INFO - Sync 1 DAGs
[2022-04-04 21:50:15,107] {logging_mixin.py:109} INFO - [2022-04-04 21:50:15,107] {dag.py:2937} INFO - Setting next_dagrun for example_task_group_decorator to 2022-04-03T21:50:15.107632+00:00
[2022-04-04 21:50:15,122] {processor.py:171} INFO - Processing /home/airflow/.local/lib/python3.7/site-packages/airflow/example_dags/example_task_group_decorator.py took 0.425 seconds
[2022-04-04 21:50:45,915] {processor.py:163} INFO - Started process (PID=659) to work on /home/airflow/.local/lib/python3.7/site-packages/airflow/example_dags/example_task_group_decorator.py
[2022-04-04 21:50:45,918] {processor.py:642} INFO - Processing file /home/airflow/.local/lib/python3.7/site-packages/airflow/example_dags/example_task_group_decorator.py for tasks to queue
[2022-04-04 21:50:45,919] {logging_mixin.py:109} INFO - [2022-04-04 21:50:45,919] {dagbag.py:500} INFO - Filling up the DagBag from /home/airflow/.local/lib/python3.7/site-packages/airflow/example_dags/example_task_group_decorator.py
[2022-04-04 21:50:45,955] {processor.py:652} INFO - DAG(s) dict_keys(['example_task_group_decorator']) retrieved from /home/airflow/.local/lib/python3.7/site-packages/airflow/example_dags/example_task_group_decorator.py
[2022-04-04 21:50:46,347] {logging_mixin.py:109} INFO - [2022-04-04 21:50:46,347] {dag.py:2398} INFO - Sync 1 DAGs
[2022-04-04 21:50:46,367] {logging_mixin.py:109} INFO - [2022-04-04 21:50:46,367] {dag.py:2937} INFO - Setting next_dagrun for example_task_group_decorator to 2022-04-03T21:50:46.367188+00:00
[2022-04-04 21:50:46,384] {processor.py:171} INFO - Processing /home/airflow/.local/lib/python3.7/site-packages/airflow/example_dags/example_task_group_decorator.py took 0.473 seconds
[2022-04-04 21:51:17,219] {processor.py:163} INFO - Started process (PID=719) to work on /home/airflow/.local/lib/python3.7/site-packages/airflow/example_dags/example_task_group_decorator.py
[2022-04-04 21:51:17,222] {processor.py:642} INFO - Processing file /home/airflow/.local/lib/python3.7/site-packages/airflow/example_dags/example_task_group_decorator.py for tasks to queue
[2022-04-04 21:51:17,223] {logging_mixin.py:109} INFO - [2022-04-04 21:51:17,223] {dagbag.py:500} INFO - Filling up the DagBag from /home/airflow/.local/lib/python3.7/site-packages/airflow/example_dags/example_task_group_decorator.py
[2022-04-04 21:51:17,258] {processor.py:652} INFO - DAG(s) dict_keys(['example_task_group_decorator']) retrieved from /home/airflow/.local/lib/python3.7/site-packages/airflow/example_dags/example_task_group_decorator.py
[2022-04-04 21:51:17,669] {logging_mixin.py:109} INFO - [2022-04-04 21:51:17,669] {dag.py:2398} INFO - Sync 1 DAGs
[2022-04-04 21:51:17,689] {logging_mixin.py:109} INFO - [2022-04-04 21:51:17,689] {dag.py:2937} INFO - Setting next_dagrun for example_task_group_decorator to 2022-04-03T21:51:17.688690+00:00
[2022-04-04 21:51:17,703] {processor.py:171} INFO - Processing /home/airflow/.local/lib/python3.7/site-packages/airflow/example_dags/example_task_group_decorator.py took 0.487 seconds
[2022-04-04 21:51:48,701] {processor.py:163} INFO - Started process (PID=770) to work on /home/airflow/.local/lib/python3.7/site-packages/airflow/example_dags/example_task_group_decorator.py
[2022-04-04 21:51:48,703] {processor.py:642} INFO - Processing file /home/airflow/.local/lib/python3.7/site-packages/airflow/example_dags/example_task_group_decorator.py for tasks to queue
[2022-04-04 21:51:48,704] {logging_mixin.py:109} INFO - [2022-04-04 21:51:48,704] {dagbag.py:500} INFO - Filling up the DagBag from /home/airflow/.local/lib/python3.7/site-packages/airflow/example_dags/example_task_group_decorator.py
[2022-04-04 21:51:48,745] {processor.py:652} INFO - DAG(s) dict_keys(['example_task_group_decorator']) retrieved from /home/airflow/.local/lib/python3.7/site-packages/airflow/example_dags/example_task_group_decorator.py
[2022-04-04 21:51:49,185] {logging_mixin.py:109} INFO - [2022-04-04 21:51:49,185] {dag.py:2398} INFO - Sync 1 DAGs
[2022-04-04 21:51:49,209] {logging_mixin.py:109} INFO - [2022-04-04 21:51:49,209] {dag.py:2937} INFO - Setting next_dagrun for example_task_group_decorator to 2022-04-03T21:51:49.209388+00:00
[2022-04-04 21:51:49,231] {processor.py:171} INFO - Processing /home/airflow/.local/lib/python3.7/site-packages/airflow/example_dags/example_task_group_decorator.py took 0.534 seconds
[2022-04-04 21:52:19,848] {processor.py:163} INFO - Started process (PID=832) to work on /home/airflow/.local/lib/python3.7/site-packages/airflow/example_dags/example_task_group_decorator.py
[2022-04-04 21:52:19,850] {processor.py:642} INFO - Processing file /home/airflow/.local/lib/python3.7/site-packages/airflow/example_dags/example_task_group_decorator.py for tasks to queue
[2022-04-04 21:52:19,852] {logging_mixin.py:109} INFO - [2022-04-04 21:52:19,851] {dagbag.py:500} INFO - Filling up the DagBag from /home/airflow/.local/lib/python3.7/site-packages/airflow/example_dags/example_task_group_decorator.py
[2022-04-04 21:52:19,897] {processor.py:652} INFO - DAG(s) dict_keys(['example_task_group_decorator']) retrieved from /home/airflow/.local/lib/python3.7/site-packages/airflow/example_dags/example_task_group_decorator.py
[2022-04-04 21:52:20,347] {logging_mixin.py:109} INFO - [2022-04-04 21:52:20,347] {dag.py:2398} INFO - Sync 1 DAGs
[2022-04-04 21:52:20,370] {logging_mixin.py:109} INFO - [2022-04-04 21:52:20,370] {dag.py:2937} INFO - Setting next_dagrun for example_task_group_decorator to 2022-04-03T21:52:20.370071+00:00
[2022-04-04 21:52:20,389] {processor.py:171} INFO - Processing /home/airflow/.local/lib/python3.7/site-packages/airflow/example_dags/example_task_group_decorator.py took 0.545 seconds
[2022-04-04 21:52:51,316] {processor.py:163} INFO - Started process (PID=883) to work on /home/airflow/.local/lib/python3.7/site-packages/airflow/example_dags/example_task_group_decorator.py
[2022-04-04 21:52:51,320] {processor.py:642} INFO - Processing file /home/airflow/.local/lib/python3.7/site-packages/airflow/example_dags/example_task_group_decorator.py for tasks to queue
[2022-04-04 21:52:51,320] {logging_mixin.py:109} INFO - [2022-04-04 21:52:51,320] {dagbag.py:500} INFO - Filling up the DagBag from /home/airflow/.local/lib/python3.7/site-packages/airflow/example_dags/example_task_group_decorator.py
[2022-04-04 21:52:51,356] {processor.py:652} INFO - DAG(s) dict_keys(['example_task_group_decorator']) retrieved from /home/airflow/.local/lib/python3.7/site-packages/airflow/example_dags/example_task_group_decorator.py
[2022-04-04 21:52:51,765] {logging_mixin.py:109} INFO - [2022-04-04 21:52:51,765] {dag.py:2398} INFO - Sync 1 DAGs
[2022-04-04 21:52:51,783] {logging_mixin.py:109} INFO - [2022-04-04 21:52:51,783] {dag.py:2937} INFO - Setting next_dagrun for example_task_group_decorator to 2022-04-03T21:52:51.782656+00:00
[2022-04-04 21:52:51,799] {processor.py:171} INFO - Processing /home/airflow/.local/lib/python3.7/site-packages/airflow/example_dags/example_task_group_decorator.py took 0.487 seconds
[2022-04-04 21:53:22,612] {processor.py:163} INFO - Started process (PID=935) to work on /home/airflow/.local/lib/python3.7/site-packages/airflow/example_dags/example_task_group_decorator.py
[2022-04-04 21:53:22,614] {processor.py:642} INFO - Processing file /home/airflow/.local/lib/python3.7/site-packages/airflow/example_dags/example_task_group_decorator.py for tasks to queue
[2022-04-04 21:53:22,615] {logging_mixin.py:109} INFO - [2022-04-04 21:53:22,615] {dagbag.py:500} INFO - Filling up the DagBag from /home/airflow/.local/lib/python3.7/site-packages/airflow/example_dags/example_task_group_decorator.py
[2022-04-04 21:53:22,667] {processor.py:652} INFO - DAG(s) dict_keys(['example_task_group_decorator']) retrieved from /home/airflow/.local/lib/python3.7/site-packages/airflow/example_dags/example_task_group_decorator.py
[2022-04-04 21:53:23,115] {logging_mixin.py:109} INFO - [2022-04-04 21:53:23,115] {dag.py:2398} INFO - Sync 1 DAGs
[2022-04-04 21:53:23,134] {logging_mixin.py:109} INFO - [2022-04-04 21:53:23,134] {dag.py:2937} INFO - Setting next_dagrun for example_task_group_decorator to 2022-04-03T21:53:23.134521+00:00
[2022-04-04 21:53:23,150] {processor.py:171} INFO - Processing /home/airflow/.local/lib/python3.7/site-packages/airflow/example_dags/example_task_group_decorator.py took 0.544 seconds
[2022-04-04 21:53:54,105] {processor.py:163} INFO - Started process (PID=997) to work on /home/airflow/.local/lib/python3.7/site-packages/airflow/example_dags/example_task_group_decorator.py
[2022-04-04 21:53:54,107] {processor.py:642} INFO - Processing file /home/airflow/.local/lib/python3.7/site-packages/airflow/example_dags/example_task_group_decorator.py for tasks to queue
[2022-04-04 21:53:54,108] {logging_mixin.py:109} INFO - [2022-04-04 21:53:54,108] {dagbag.py:500} INFO - Filling up the DagBag from /home/airflow/.local/lib/python3.7/site-packages/airflow/example_dags/example_task_group_decorator.py
[2022-04-04 21:53:54,163] {processor.py:652} INFO - DAG(s) dict_keys(['example_task_group_decorator']) retrieved from /home/airflow/.local/lib/python3.7/site-packages/airflow/example_dags/example_task_group_decorator.py
[2022-04-04 21:53:54,763] {logging_mixin.py:109} INFO - [2022-04-04 21:53:54,762] {dag.py:2398} INFO - Sync 1 DAGs
[2022-04-04 21:53:54,788] {logging_mixin.py:109} INFO - [2022-04-04 21:53:54,788] {dag.py:2937} INFO - Setting next_dagrun for example_task_group_decorator to 2022-04-03T21:53:54.788382+00:00
[2022-04-04 21:53:54,808] {processor.py:171} INFO - Processing /home/airflow/.local/lib/python3.7/site-packages/airflow/example_dags/example_task_group_decorator.py took 0.708 seconds
[2022-04-04 21:54:25,691] {processor.py:163} INFO - Started process (PID=1050) to work on /home/airflow/.local/lib/python3.7/site-packages/airflow/example_dags/example_task_group_decorator.py
[2022-04-04 21:54:25,693] {processor.py:642} INFO - Processing file /home/airflow/.local/lib/python3.7/site-packages/airflow/example_dags/example_task_group_decorator.py for tasks to queue
[2022-04-04 21:54:25,694] {logging_mixin.py:109} INFO - [2022-04-04 21:54:25,694] {dagbag.py:500} INFO - Filling up the DagBag from /home/airflow/.local/lib/python3.7/site-packages/airflow/example_dags/example_task_group_decorator.py
[2022-04-04 21:54:25,761] {processor.py:652} INFO - DAG(s) dict_keys(['example_task_group_decorator']) retrieved from /home/airflow/.local/lib/python3.7/site-packages/airflow/example_dags/example_task_group_decorator.py
[2022-04-04 21:54:26,135] {logging_mixin.py:109} INFO - [2022-04-04 21:54:26,135] {dag.py:2398} INFO - Sync 1 DAGs
[2022-04-04 21:54:26,153] {logging_mixin.py:109} INFO - [2022-04-04 21:54:26,153] {dag.py:2937} INFO - Setting next_dagrun for example_task_group_decorator to 2022-04-03T21:54:26.153236+00:00
[2022-04-04 21:54:26,169] {processor.py:171} INFO - Processing /home/airflow/.local/lib/python3.7/site-packages/airflow/example_dags/example_task_group_decorator.py took 0.482 seconds
[2022-04-04 21:54:56,812] {processor.py:163} INFO - Started process (PID=1100) to work on /home/airflow/.local/lib/python3.7/site-packages/airflow/example_dags/example_task_group_decorator.py
[2022-04-04 21:54:56,816] {processor.py:642} INFO - Processing file /home/airflow/.local/lib/python3.7/site-packages/airflow/example_dags/example_task_group_decorator.py for tasks to queue
[2022-04-04 21:54:56,816] {logging_mixin.py:109} INFO - [2022-04-04 21:54:56,816] {dagbag.py:500} INFO - Filling up the DagBag from /home/airflow/.local/lib/python3.7/site-packages/airflow/example_dags/example_task_group_decorator.py
[2022-04-04 21:54:56,852] {processor.py:652} INFO - DAG(s) dict_keys(['example_task_group_decorator']) retrieved from /home/airflow/.local/lib/python3.7/site-packages/airflow/example_dags/example_task_group_decorator.py
[2022-04-04 21:54:57,323] {logging_mixin.py:109} INFO - [2022-04-04 21:54:57,323] {dag.py:2398} INFO - Sync 1 DAGs
[2022-04-04 21:54:57,340] {logging_mixin.py:109} INFO - [2022-04-04 21:54:57,340] {dag.py:2937} INFO - Setting next_dagrun for example_task_group_decorator to 2022-04-03T21:54:57.340492+00:00
[2022-04-04 21:54:57,355] {processor.py:171} INFO - Processing /home/airflow/.local/lib/python3.7/site-packages/airflow/example_dags/example_task_group_decorator.py took 0.546 seconds
[2022-04-04 21:55:28,302] {processor.py:163} INFO - Started process (PID=1163) to work on /home/airflow/.local/lib/python3.7/site-packages/airflow/example_dags/example_task_group_decorator.py
[2022-04-04 21:55:28,304] {processor.py:642} INFO - Processing file /home/airflow/.local/lib/python3.7/site-packages/airflow/example_dags/example_task_group_decorator.py for tasks to queue
[2022-04-04 21:55:28,304] {logging_mixin.py:109} INFO - [2022-04-04 21:55:28,304] {dagbag.py:500} INFO - Filling up the DagBag from /home/airflow/.local/lib/python3.7/site-packages/airflow/example_dags/example_task_group_decorator.py
[2022-04-04 21:55:28,340] {processor.py:652} INFO - DAG(s) dict_keys(['example_task_group_decorator']) retrieved from /home/airflow/.local/lib/python3.7/site-packages/airflow/example_dags/example_task_group_decorator.py
[2022-04-04 21:55:28,686] {logging_mixin.py:109} INFO - [2022-04-04 21:55:28,686] {dag.py:2398} INFO - Sync 1 DAGs
[2022-04-04 21:55:28,702] {logging_mixin.py:109} INFO - [2022-04-04 21:55:28,702] {dag.py:2937} INFO - Setting next_dagrun for example_task_group_decorator to 2022-04-03T21:55:28.702368+00:00
[2022-04-04 21:55:28,719] {processor.py:171} INFO - Processing /home/airflow/.local/lib/python3.7/site-packages/airflow/example_dags/example_task_group_decorator.py took 0.422 seconds
[2022-04-04 21:55:59,561] {processor.py:163} INFO - Started process (PID=1218) to work on /home/airflow/.local/lib/python3.7/site-packages/airflow/example_dags/example_task_group_decorator.py
[2022-04-04 21:55:59,562] {processor.py:642} INFO - Processing file /home/airflow/.local/lib/python3.7/site-packages/airflow/example_dags/example_task_group_decorator.py for tasks to queue
[2022-04-04 21:55:59,563] {logging_mixin.py:109} INFO - [2022-04-04 21:55:59,563] {dagbag.py:500} INFO - Filling up the DagBag from /home/airflow/.local/lib/python3.7/site-packages/airflow/example_dags/example_task_group_decorator.py
[2022-04-04 21:55:59,601] {processor.py:652} INFO - DAG(s) dict_keys(['example_task_group_decorator']) retrieved from /home/airflow/.local/lib/python3.7/site-packages/airflow/example_dags/example_task_group_decorator.py
[2022-04-04 21:55:59,981] {logging_mixin.py:109} INFO - [2022-04-04 21:55:59,980] {dag.py:2398} INFO - Sync 1 DAGs
[2022-04-04 21:55:59,998] {logging_mixin.py:109} INFO - [2022-04-04 21:55:59,998] {dag.py:2937} INFO - Setting next_dagrun for example_task_group_decorator to 2022-04-03T21:55:59.998192+00:00
[2022-04-04 21:56:00,021] {processor.py:171} INFO - Processing /home/airflow/.local/lib/python3.7/site-packages/airflow/example_dags/example_task_group_decorator.py took 0.464 seconds
[2022-04-04 21:56:30,875] {processor.py:163} INFO - Started process (PID=1282) to work on /home/airflow/.local/lib/python3.7/site-packages/airflow/example_dags/example_task_group_decorator.py
[2022-04-04 21:56:30,876] {processor.py:642} INFO - Processing file /home/airflow/.local/lib/python3.7/site-packages/airflow/example_dags/example_task_group_decorator.py for tasks to queue
[2022-04-04 21:56:30,877] {logging_mixin.py:109} INFO - [2022-04-04 21:56:30,877] {dagbag.py:500} INFO - Filling up the DagBag from /home/airflow/.local/lib/python3.7/site-packages/airflow/example_dags/example_task_group_decorator.py
[2022-04-04 21:56:30,930] {processor.py:652} INFO - DAG(s) dict_keys(['example_task_group_decorator']) retrieved from /home/airflow/.local/lib/python3.7/site-packages/airflow/example_dags/example_task_group_decorator.py
[2022-04-04 21:56:31,440] {logging_mixin.py:109} INFO - [2022-04-04 21:56:31,440] {dag.py:2398} INFO - Sync 1 DAGs
[2022-04-04 21:56:31,461] {logging_mixin.py:109} INFO - [2022-04-04 21:56:31,461] {dag.py:2937} INFO - Setting next_dagrun for example_task_group_decorator to 2022-04-03T21:56:31.461509+00:00
[2022-04-04 21:56:31,480] {processor.py:171} INFO - Processing /home/airflow/.local/lib/python3.7/site-packages/airflow/example_dags/example_task_group_decorator.py took 0.610 seconds
[2022-04-04 21:57:02,475] {processor.py:163} INFO - Started process (PID=1338) to work on /home/airflow/.local/lib/python3.7/site-packages/airflow/example_dags/example_task_group_decorator.py
[2022-04-04 21:57:02,476] {processor.py:642} INFO - Processing file /home/airflow/.local/lib/python3.7/site-packages/airflow/example_dags/example_task_group_decorator.py for tasks to queue
[2022-04-04 21:57:02,477] {logging_mixin.py:109} INFO - [2022-04-04 21:57:02,477] {dagbag.py:500} INFO - Filling up the DagBag from /home/airflow/.local/lib/python3.7/site-packages/airflow/example_dags/example_task_group_decorator.py
[2022-04-04 21:57:02,513] {processor.py:652} INFO - DAG(s) dict_keys(['example_task_group_decorator']) retrieved from /home/airflow/.local/lib/python3.7/site-packages/airflow/example_dags/example_task_group_decorator.py
[2022-04-04 21:57:02,912] {logging_mixin.py:109} INFO - [2022-04-04 21:57:02,911] {dag.py:2398} INFO - Sync 1 DAGs
[2022-04-04 21:57:02,931] {logging_mixin.py:109} INFO - [2022-04-04 21:57:02,931] {dag.py:2937} INFO - Setting next_dagrun for example_task_group_decorator to 2022-04-03T21:57:02.931317+00:00
[2022-04-04 21:57:02,952] {processor.py:171} INFO - Processing /home/airflow/.local/lib/python3.7/site-packages/airflow/example_dags/example_task_group_decorator.py took 0.482 seconds
[2022-04-04 21:57:33,636] {processor.py:163} INFO - Started process (PID=1389) to work on /home/airflow/.local/lib/python3.7/site-packages/airflow/example_dags/example_task_group_decorator.py
[2022-04-04 21:57:33,638] {processor.py:642} INFO - Processing file /home/airflow/.local/lib/python3.7/site-packages/airflow/example_dags/example_task_group_decorator.py for tasks to queue
[2022-04-04 21:57:33,640] {logging_mixin.py:109} INFO - [2022-04-04 21:57:33,639] {dagbag.py:500} INFO - Filling up the DagBag from /home/airflow/.local/lib/python3.7/site-packages/airflow/example_dags/example_task_group_decorator.py
[2022-04-04 21:57:33,677] {processor.py:652} INFO - DAG(s) dict_keys(['example_task_group_decorator']) retrieved from /home/airflow/.local/lib/python3.7/site-packages/airflow/example_dags/example_task_group_decorator.py
[2022-04-04 21:57:34,091] {logging_mixin.py:109} INFO - [2022-04-04 21:57:34,091] {dag.py:2398} INFO - Sync 1 DAGs
[2022-04-04 21:57:34,110] {logging_mixin.py:109} INFO - [2022-04-04 21:57:34,110] {dag.py:2937} INFO - Setting next_dagrun for example_task_group_decorator to 2022-04-03T21:57:34.110544+00:00
[2022-04-04 21:57:34,128] {processor.py:171} INFO - Processing /home/airflow/.local/lib/python3.7/site-packages/airflow/example_dags/example_task_group_decorator.py took 0.497 seconds
