[2022-04-04 21:47:17,750] {processor.py:163} INFO - Started process (PID=167) to work on /home/airflow/.local/lib/python3.7/site-packages/airflow/example_dags/example_branch_day_of_week_operator.py
[2022-04-04 21:47:17,752] {processor.py:642} INFO - Processing file /home/airflow/.local/lib/python3.7/site-packages/airflow/example_dags/example_branch_day_of_week_operator.py for tasks to queue
[2022-04-04 21:47:17,752] {logging_mixin.py:109} INFO - [2022-04-04 21:47:17,752] {dagbag.py:500} INFO - Filling up the DagBag from /home/airflow/.local/lib/python3.7/site-packages/airflow/example_dags/example_branch_day_of_week_operator.py
[2022-04-04 21:47:17,780] {processor.py:652} INFO - DAG(s) dict_keys(['example_weekday_branch_operator']) retrieved from /home/airflow/.local/lib/python3.7/site-packages/airflow/example_dags/example_branch_day_of_week_operator.py
[2022-04-04 21:47:20,896] {logging_mixin.py:109} INFO - [2022-04-04 21:47:20,896] {manager.py:496} INFO - Created Permission View: can edit on DAG:example_weekday_branch_operator
[2022-04-04 21:47:20,910] {logging_mixin.py:109} INFO - [2022-04-04 21:47:20,910] {manager.py:496} INFO - Created Permission View: can read on DAG:example_weekday_branch_operator
[2022-04-04 21:47:20,911] {logging_mixin.py:109} INFO - [2022-04-04 21:47:20,911] {dag.py:2398} INFO - Sync 1 DAGs
[2022-04-04 21:47:20,923] {logging_mixin.py:109} INFO - [2022-04-04 21:47:20,923] {dag.py:2417} INFO - Creating ORM DAG for example_weekday_branch_operator
[2022-04-04 21:47:20,938] {logging_mixin.py:109} INFO - [2022-04-04 21:47:20,938] {dag.py:2937} INFO - Setting next_dagrun for example_weekday_branch_operator to 2022-04-03 00:00:00+00:00
[2022-04-04 21:47:20,956] {processor.py:171} INFO - Processing /home/airflow/.local/lib/python3.7/site-packages/airflow/example_dags/example_branch_day_of_week_operator.py took 3.211 seconds
[2022-04-04 21:47:54,926] {processor.py:163} INFO - Started process (PID=369) to work on /home/airflow/.local/lib/python3.7/site-packages/airflow/example_dags/example_branch_day_of_week_operator.py
[2022-04-04 21:47:54,928] {processor.py:642} INFO - Processing file /home/airflow/.local/lib/python3.7/site-packages/airflow/example_dags/example_branch_day_of_week_operator.py for tasks to queue
[2022-04-04 21:47:54,930] {logging_mixin.py:109} INFO - [2022-04-04 21:47:54,930] {dagbag.py:500} INFO - Filling up the DagBag from /home/airflow/.local/lib/python3.7/site-packages/airflow/example_dags/example_branch_day_of_week_operator.py
[2022-04-04 21:47:54,974] {processor.py:652} INFO - DAG(s) dict_keys(['example_weekday_branch_operator']) retrieved from /home/airflow/.local/lib/python3.7/site-packages/airflow/example_dags/example_branch_day_of_week_operator.py
[2022-04-04 21:47:55,011] {logging_mixin.py:109} INFO - [2022-04-04 21:47:55,011] {dag.py:2398} INFO - Sync 1 DAGs
[2022-04-04 21:47:55,053] {logging_mixin.py:109} INFO - [2022-04-04 21:47:55,052] {dag.py:2937} INFO - Setting next_dagrun for example_weekday_branch_operator to 2022-04-03 00:00:00+00:00
[2022-04-04 21:47:55,075] {processor.py:171} INFO - Processing /home/airflow/.local/lib/python3.7/site-packages/airflow/example_dags/example_branch_day_of_week_operator.py took 0.155 seconds
[2022-04-04 21:48:25,329] {processor.py:163} INFO - Started process (PID=422) to work on /home/airflow/.local/lib/python3.7/site-packages/airflow/example_dags/example_branch_day_of_week_operator.py
[2022-04-04 21:48:25,330] {processor.py:642} INFO - Processing file /home/airflow/.local/lib/python3.7/site-packages/airflow/example_dags/example_branch_day_of_week_operator.py for tasks to queue
[2022-04-04 21:48:25,331] {logging_mixin.py:109} INFO - [2022-04-04 21:48:25,331] {dagbag.py:500} INFO - Filling up the DagBag from /home/airflow/.local/lib/python3.7/site-packages/airflow/example_dags/example_branch_day_of_week_operator.py
[2022-04-04 21:48:25,354] {processor.py:652} INFO - DAG(s) dict_keys(['example_weekday_branch_operator']) retrieved from /home/airflow/.local/lib/python3.7/site-packages/airflow/example_dags/example_branch_day_of_week_operator.py
[2022-04-04 21:48:25,410] {logging_mixin.py:109} INFO - [2022-04-04 21:48:25,410] {dag.py:2398} INFO - Sync 1 DAGs
[2022-04-04 21:48:25,454] {logging_mixin.py:109} INFO - [2022-04-04 21:48:25,454] {dag.py:2937} INFO - Setting next_dagrun for example_weekday_branch_operator to 2022-04-03 00:00:00+00:00
[2022-04-04 21:48:25,469] {processor.py:171} INFO - Processing /home/airflow/.local/lib/python3.7/site-packages/airflow/example_dags/example_branch_day_of_week_operator.py took 0.145 seconds
[2022-04-04 21:48:56,900] {processor.py:163} INFO - Started process (PID=474) to work on /home/airflow/.local/lib/python3.7/site-packages/airflow/example_dags/example_branch_day_of_week_operator.py
[2022-04-04 21:48:56,901] {processor.py:642} INFO - Processing file /home/airflow/.local/lib/python3.7/site-packages/airflow/example_dags/example_branch_day_of_week_operator.py for tasks to queue
[2022-04-04 21:48:56,902] {logging_mixin.py:109} INFO - [2022-04-04 21:48:56,902] {dagbag.py:500} INFO - Filling up the DagBag from /home/airflow/.local/lib/python3.7/site-packages/airflow/example_dags/example_branch_day_of_week_operator.py
[2022-04-04 21:48:56,920] {processor.py:652} INFO - DAG(s) dict_keys(['example_weekday_branch_operator']) retrieved from /home/airflow/.local/lib/python3.7/site-packages/airflow/example_dags/example_branch_day_of_week_operator.py
[2022-04-04 21:48:56,943] {logging_mixin.py:109} INFO - [2022-04-04 21:48:56,943] {dag.py:2398} INFO - Sync 1 DAGs
[2022-04-04 21:48:56,968] {logging_mixin.py:109} INFO - [2022-04-04 21:48:56,968] {dag.py:2937} INFO - Setting next_dagrun for example_weekday_branch_operator to 2022-04-03 00:00:00+00:00
[2022-04-04 21:48:56,983] {processor.py:171} INFO - Processing /home/airflow/.local/lib/python3.7/site-packages/airflow/example_dags/example_branch_day_of_week_operator.py took 0.086 seconds
[2022-04-04 21:49:27,518] {processor.py:163} INFO - Started process (PID=531) to work on /home/airflow/.local/lib/python3.7/site-packages/airflow/example_dags/example_branch_day_of_week_operator.py
[2022-04-04 21:49:27,520] {processor.py:642} INFO - Processing file /home/airflow/.local/lib/python3.7/site-packages/airflow/example_dags/example_branch_day_of_week_operator.py for tasks to queue
[2022-04-04 21:49:27,521] {logging_mixin.py:109} INFO - [2022-04-04 21:49:27,521] {dagbag.py:500} INFO - Filling up the DagBag from /home/airflow/.local/lib/python3.7/site-packages/airflow/example_dags/example_branch_day_of_week_operator.py
[2022-04-04 21:49:27,553] {processor.py:652} INFO - DAG(s) dict_keys(['example_weekday_branch_operator']) retrieved from /home/airflow/.local/lib/python3.7/site-packages/airflow/example_dags/example_branch_day_of_week_operator.py
[2022-04-04 21:49:27,584] {logging_mixin.py:109} INFO - [2022-04-04 21:49:27,583] {dag.py:2398} INFO - Sync 1 DAGs
[2022-04-04 21:49:27,616] {logging_mixin.py:109} INFO - [2022-04-04 21:49:27,616] {dag.py:2937} INFO - Setting next_dagrun for example_weekday_branch_operator to 2022-04-03 00:00:00+00:00
[2022-04-04 21:49:27,631] {processor.py:171} INFO - Processing /home/airflow/.local/lib/python3.7/site-packages/airflow/example_dags/example_branch_day_of_week_operator.py took 0.117 seconds
[2022-04-04 21:49:58,408] {processor.py:163} INFO - Started process (PID=586) to work on /home/airflow/.local/lib/python3.7/site-packages/airflow/example_dags/example_branch_day_of_week_operator.py
[2022-04-04 21:49:58,410] {processor.py:642} INFO - Processing file /home/airflow/.local/lib/python3.7/site-packages/airflow/example_dags/example_branch_day_of_week_operator.py for tasks to queue
[2022-04-04 21:49:58,410] {logging_mixin.py:109} INFO - [2022-04-04 21:49:58,410] {dagbag.py:500} INFO - Filling up the DagBag from /home/airflow/.local/lib/python3.7/site-packages/airflow/example_dags/example_branch_day_of_week_operator.py
[2022-04-04 21:49:58,428] {processor.py:652} INFO - DAG(s) dict_keys(['example_weekday_branch_operator']) retrieved from /home/airflow/.local/lib/python3.7/site-packages/airflow/example_dags/example_branch_day_of_week_operator.py
[2022-04-04 21:49:58,452] {logging_mixin.py:109} INFO - [2022-04-04 21:49:58,452] {dag.py:2398} INFO - Sync 1 DAGs
[2022-04-04 21:49:58,475] {logging_mixin.py:109} INFO - [2022-04-04 21:49:58,475] {dag.py:2937} INFO - Setting next_dagrun for example_weekday_branch_operator to 2022-04-03 00:00:00+00:00
[2022-04-04 21:49:58,490] {processor.py:171} INFO - Processing /home/airflow/.local/lib/python3.7/site-packages/airflow/example_dags/example_branch_day_of_week_operator.py took 0.086 seconds
[2022-04-04 21:50:29,253] {processor.py:163} INFO - Started process (PID=638) to work on /home/airflow/.local/lib/python3.7/site-packages/airflow/example_dags/example_branch_day_of_week_operator.py
[2022-04-04 21:50:29,254] {processor.py:642} INFO - Processing file /home/airflow/.local/lib/python3.7/site-packages/airflow/example_dags/example_branch_day_of_week_operator.py for tasks to queue
[2022-04-04 21:50:29,255] {logging_mixin.py:109} INFO - [2022-04-04 21:50:29,255] {dagbag.py:500} INFO - Filling up the DagBag from /home/airflow/.local/lib/python3.7/site-packages/airflow/example_dags/example_branch_day_of_week_operator.py
[2022-04-04 21:50:29,298] {processor.py:652} INFO - DAG(s) dict_keys(['example_weekday_branch_operator']) retrieved from /home/airflow/.local/lib/python3.7/site-packages/airflow/example_dags/example_branch_day_of_week_operator.py
[2022-04-04 21:50:29,352] {logging_mixin.py:109} INFO - [2022-04-04 21:50:29,352] {dag.py:2398} INFO - Sync 1 DAGs
[2022-04-04 21:50:29,385] {logging_mixin.py:109} INFO - [2022-04-04 21:50:29,385] {dag.py:2937} INFO - Setting next_dagrun for example_weekday_branch_operator to 2022-04-03 00:00:00+00:00
[2022-04-04 21:50:29,401] {processor.py:171} INFO - Processing /home/airflow/.local/lib/python3.7/site-packages/airflow/example_dags/example_branch_day_of_week_operator.py took 0.152 seconds
[2022-04-04 21:51:00,232] {processor.py:163} INFO - Started process (PID=689) to work on /home/airflow/.local/lib/python3.7/site-packages/airflow/example_dags/example_branch_day_of_week_operator.py
[2022-04-04 21:51:00,233] {processor.py:642} INFO - Processing file /home/airflow/.local/lib/python3.7/site-packages/airflow/example_dags/example_branch_day_of_week_operator.py for tasks to queue
[2022-04-04 21:51:00,234] {logging_mixin.py:109} INFO - [2022-04-04 21:51:00,234] {dagbag.py:500} INFO - Filling up the DagBag from /home/airflow/.local/lib/python3.7/site-packages/airflow/example_dags/example_branch_day_of_week_operator.py
[2022-04-04 21:51:00,257] {processor.py:652} INFO - DAG(s) dict_keys(['example_weekday_branch_operator']) retrieved from /home/airflow/.local/lib/python3.7/site-packages/airflow/example_dags/example_branch_day_of_week_operator.py
[2022-04-04 21:51:00,351] {logging_mixin.py:109} INFO - [2022-04-04 21:51:00,351] {dag.py:2398} INFO - Sync 1 DAGs
[2022-04-04 21:51:00,395] {logging_mixin.py:109} INFO - [2022-04-04 21:51:00,395] {dag.py:2937} INFO - Setting next_dagrun for example_weekday_branch_operator to 2022-04-03 00:00:00+00:00
[2022-04-04 21:51:00,412] {processor.py:171} INFO - Processing /home/airflow/.local/lib/python3.7/site-packages/airflow/example_dags/example_branch_day_of_week_operator.py took 0.185 seconds
[2022-04-04 21:51:31,046] {processor.py:163} INFO - Started process (PID=749) to work on /home/airflow/.local/lib/python3.7/site-packages/airflow/example_dags/example_branch_day_of_week_operator.py
[2022-04-04 21:51:31,047] {processor.py:642} INFO - Processing file /home/airflow/.local/lib/python3.7/site-packages/airflow/example_dags/example_branch_day_of_week_operator.py for tasks to queue
[2022-04-04 21:51:31,048] {logging_mixin.py:109} INFO - [2022-04-04 21:51:31,048] {dagbag.py:500} INFO - Filling up the DagBag from /home/airflow/.local/lib/python3.7/site-packages/airflow/example_dags/example_branch_day_of_week_operator.py
[2022-04-04 21:51:31,071] {processor.py:652} INFO - DAG(s) dict_keys(['example_weekday_branch_operator']) retrieved from /home/airflow/.local/lib/python3.7/site-packages/airflow/example_dags/example_branch_day_of_week_operator.py
[2022-04-04 21:51:31,096] {logging_mixin.py:109} INFO - [2022-04-04 21:51:31,096] {dag.py:2398} INFO - Sync 1 DAGs
[2022-04-04 21:51:31,122] {logging_mixin.py:109} INFO - [2022-04-04 21:51:31,122] {dag.py:2937} INFO - Setting next_dagrun for example_weekday_branch_operator to 2022-04-03 00:00:00+00:00
[2022-04-04 21:51:31,134] {processor.py:171} INFO - Processing /home/airflow/.local/lib/python3.7/site-packages/airflow/example_dags/example_branch_day_of_week_operator.py took 0.092 seconds
[2022-04-04 21:52:01,786] {processor.py:163} INFO - Started process (PID=801) to work on /home/airflow/.local/lib/python3.7/site-packages/airflow/example_dags/example_branch_day_of_week_operator.py
[2022-04-04 21:52:01,789] {processor.py:642} INFO - Processing file /home/airflow/.local/lib/python3.7/site-packages/airflow/example_dags/example_branch_day_of_week_operator.py for tasks to queue
[2022-04-04 21:52:01,790] {logging_mixin.py:109} INFO - [2022-04-04 21:52:01,790] {dagbag.py:500} INFO - Filling up the DagBag from /home/airflow/.local/lib/python3.7/site-packages/airflow/example_dags/example_branch_day_of_week_operator.py
[2022-04-04 21:52:01,820] {processor.py:652} INFO - DAG(s) dict_keys(['example_weekday_branch_operator']) retrieved from /home/airflow/.local/lib/python3.7/site-packages/airflow/example_dags/example_branch_day_of_week_operator.py
[2022-04-04 21:52:01,886] {logging_mixin.py:109} INFO - [2022-04-04 21:52:01,886] {dag.py:2398} INFO - Sync 1 DAGs
[2022-04-04 21:52:01,925] {logging_mixin.py:109} INFO - [2022-04-04 21:52:01,924] {dag.py:2937} INFO - Setting next_dagrun for example_weekday_branch_operator to 2022-04-03 00:00:00+00:00
[2022-04-04 21:52:01,937] {processor.py:171} INFO - Processing /home/airflow/.local/lib/python3.7/site-packages/airflow/example_dags/example_branch_day_of_week_operator.py took 0.160 seconds
[2022-04-04 21:52:32,285] {processor.py:163} INFO - Started process (PID=852) to work on /home/airflow/.local/lib/python3.7/site-packages/airflow/example_dags/example_branch_day_of_week_operator.py
[2022-04-04 21:52:32,287] {processor.py:642} INFO - Processing file /home/airflow/.local/lib/python3.7/site-packages/airflow/example_dags/example_branch_day_of_week_operator.py for tasks to queue
[2022-04-04 21:52:32,287] {logging_mixin.py:109} INFO - [2022-04-04 21:52:32,287] {dagbag.py:500} INFO - Filling up the DagBag from /home/airflow/.local/lib/python3.7/site-packages/airflow/example_dags/example_branch_day_of_week_operator.py
[2022-04-04 21:52:32,308] {processor.py:652} INFO - DAG(s) dict_keys(['example_weekday_branch_operator']) retrieved from /home/airflow/.local/lib/python3.7/site-packages/airflow/example_dags/example_branch_day_of_week_operator.py
[2022-04-04 21:52:32,335] {logging_mixin.py:109} INFO - [2022-04-04 21:52:32,335] {dag.py:2398} INFO - Sync 1 DAGs
[2022-04-04 21:52:32,361] {logging_mixin.py:109} INFO - [2022-04-04 21:52:32,361] {dag.py:2937} INFO - Setting next_dagrun for example_weekday_branch_operator to 2022-04-03 00:00:00+00:00
[2022-04-04 21:52:32,374] {processor.py:171} INFO - Processing /home/airflow/.local/lib/python3.7/site-packages/airflow/example_dags/example_branch_day_of_week_operator.py took 0.093 seconds
[2022-04-04 21:53:03,550] {processor.py:163} INFO - Started process (PID=912) to work on /home/airflow/.local/lib/python3.7/site-packages/airflow/example_dags/example_branch_day_of_week_operator.py
[2022-04-04 21:53:03,552] {processor.py:642} INFO - Processing file /home/airflow/.local/lib/python3.7/site-packages/airflow/example_dags/example_branch_day_of_week_operator.py for tasks to queue
[2022-04-04 21:53:03,552] {logging_mixin.py:109} INFO - [2022-04-04 21:53:03,552] {dagbag.py:500} INFO - Filling up the DagBag from /home/airflow/.local/lib/python3.7/site-packages/airflow/example_dags/example_branch_day_of_week_operator.py
[2022-04-04 21:53:03,571] {processor.py:652} INFO - DAG(s) dict_keys(['example_weekday_branch_operator']) retrieved from /home/airflow/.local/lib/python3.7/site-packages/airflow/example_dags/example_branch_day_of_week_operator.py
[2022-04-04 21:53:03,597] {logging_mixin.py:109} INFO - [2022-04-04 21:53:03,597] {dag.py:2398} INFO - Sync 1 DAGs
[2022-04-04 21:53:03,631] {logging_mixin.py:109} INFO - [2022-04-04 21:53:03,631] {dag.py:2937} INFO - Setting next_dagrun for example_weekday_branch_operator to 2022-04-03 00:00:00+00:00
[2022-04-04 21:53:03,647] {processor.py:171} INFO - Processing /home/airflow/.local/lib/python3.7/site-packages/airflow/example_dags/example_branch_day_of_week_operator.py took 0.101 seconds
[2022-04-04 21:53:34,876] {processor.py:163} INFO - Started process (PID=963) to work on /home/airflow/.local/lib/python3.7/site-packages/airflow/example_dags/example_branch_day_of_week_operator.py
[2022-04-04 21:53:34,877] {processor.py:642} INFO - Processing file /home/airflow/.local/lib/python3.7/site-packages/airflow/example_dags/example_branch_day_of_week_operator.py for tasks to queue
[2022-04-04 21:53:34,878] {logging_mixin.py:109} INFO - [2022-04-04 21:53:34,878] {dagbag.py:500} INFO - Filling up the DagBag from /home/airflow/.local/lib/python3.7/site-packages/airflow/example_dags/example_branch_day_of_week_operator.py
[2022-04-04 21:53:34,896] {processor.py:652} INFO - DAG(s) dict_keys(['example_weekday_branch_operator']) retrieved from /home/airflow/.local/lib/python3.7/site-packages/airflow/example_dags/example_branch_day_of_week_operator.py
[2022-04-04 21:53:34,919] {logging_mixin.py:109} INFO - [2022-04-04 21:53:34,919] {dag.py:2398} INFO - Sync 1 DAGs
[2022-04-04 21:53:34,942] {logging_mixin.py:109} INFO - [2022-04-04 21:53:34,941] {dag.py:2937} INFO - Setting next_dagrun for example_weekday_branch_operator to 2022-04-03 00:00:00+00:00
[2022-04-04 21:53:34,953] {processor.py:171} INFO - Processing /home/airflow/.local/lib/python3.7/site-packages/airflow/example_dags/example_branch_day_of_week_operator.py took 0.081 seconds
[2022-04-04 21:54:05,667] {processor.py:163} INFO - Started process (PID=1026) to work on /home/airflow/.local/lib/python3.7/site-packages/airflow/example_dags/example_branch_day_of_week_operator.py
[2022-04-04 21:54:05,669] {processor.py:642} INFO - Processing file /home/airflow/.local/lib/python3.7/site-packages/airflow/example_dags/example_branch_day_of_week_operator.py for tasks to queue
[2022-04-04 21:54:05,670] {logging_mixin.py:109} INFO - [2022-04-04 21:54:05,670] {dagbag.py:500} INFO - Filling up the DagBag from /home/airflow/.local/lib/python3.7/site-packages/airflow/example_dags/example_branch_day_of_week_operator.py
[2022-04-04 21:54:05,704] {processor.py:652} INFO - DAG(s) dict_keys(['example_weekday_branch_operator']) retrieved from /home/airflow/.local/lib/python3.7/site-packages/airflow/example_dags/example_branch_day_of_week_operator.py
[2022-04-04 21:54:05,743] {logging_mixin.py:109} INFO - [2022-04-04 21:54:05,742] {dag.py:2398} INFO - Sync 1 DAGs
[2022-04-04 21:54:05,776] {logging_mixin.py:109} INFO - [2022-04-04 21:54:05,775] {dag.py:2937} INFO - Setting next_dagrun for example_weekday_branch_operator to 2022-04-03 00:00:00+00:00
[2022-04-04 21:54:05,791] {processor.py:171} INFO - Processing /home/airflow/.local/lib/python3.7/site-packages/airflow/example_dags/example_branch_day_of_week_operator.py took 0.128 seconds
[2022-04-04 21:54:36,345] {processor.py:163} INFO - Started process (PID=1076) to work on /home/airflow/.local/lib/python3.7/site-packages/airflow/example_dags/example_branch_day_of_week_operator.py
[2022-04-04 21:54:36,347] {processor.py:642} INFO - Processing file /home/airflow/.local/lib/python3.7/site-packages/airflow/example_dags/example_branch_day_of_week_operator.py for tasks to queue
[2022-04-04 21:54:36,347] {logging_mixin.py:109} INFO - [2022-04-04 21:54:36,347] {dagbag.py:500} INFO - Filling up the DagBag from /home/airflow/.local/lib/python3.7/site-packages/airflow/example_dags/example_branch_day_of_week_operator.py
[2022-04-04 21:54:36,372] {processor.py:652} INFO - DAG(s) dict_keys(['example_weekday_branch_operator']) retrieved from /home/airflow/.local/lib/python3.7/site-packages/airflow/example_dags/example_branch_day_of_week_operator.py
[2022-04-04 21:54:36,401] {logging_mixin.py:109} INFO - [2022-04-04 21:54:36,401] {dag.py:2398} INFO - Sync 1 DAGs
[2022-04-04 21:54:36,433] {logging_mixin.py:109} INFO - [2022-04-04 21:54:36,433] {dag.py:2937} INFO - Setting next_dagrun for example_weekday_branch_operator to 2022-04-03 00:00:00+00:00
[2022-04-04 21:54:36,449] {processor.py:171} INFO - Processing /home/airflow/.local/lib/python3.7/site-packages/airflow/example_dags/example_branch_day_of_week_operator.py took 0.110 seconds
[2022-04-04 21:55:07,164] {processor.py:163} INFO - Started process (PID=1125) to work on /home/airflow/.local/lib/python3.7/site-packages/airflow/example_dags/example_branch_day_of_week_operator.py
[2022-04-04 21:55:07,166] {processor.py:642} INFO - Processing file /home/airflow/.local/lib/python3.7/site-packages/airflow/example_dags/example_branch_day_of_week_operator.py for tasks to queue
[2022-04-04 21:55:07,166] {logging_mixin.py:109} INFO - [2022-04-04 21:55:07,166] {dagbag.py:500} INFO - Filling up the DagBag from /home/airflow/.local/lib/python3.7/site-packages/airflow/example_dags/example_branch_day_of_week_operator.py
[2022-04-04 21:55:07,184] {processor.py:652} INFO - DAG(s) dict_keys(['example_weekday_branch_operator']) retrieved from /home/airflow/.local/lib/python3.7/site-packages/airflow/example_dags/example_branch_day_of_week_operator.py
[2022-04-04 21:55:07,208] {logging_mixin.py:109} INFO - [2022-04-04 21:55:07,208] {dag.py:2398} INFO - Sync 1 DAGs
[2022-04-04 21:55:07,229] {logging_mixin.py:109} INFO - [2022-04-04 21:55:07,229] {dag.py:2937} INFO - Setting next_dagrun for example_weekday_branch_operator to 2022-04-03 00:00:00+00:00
[2022-04-04 21:55:07,242] {processor.py:171} INFO - Processing /home/airflow/.local/lib/python3.7/site-packages/airflow/example_dags/example_branch_day_of_week_operator.py took 0.082 seconds
[2022-04-04 21:55:38,362] {processor.py:163} INFO - Started process (PID=1186) to work on /home/airflow/.local/lib/python3.7/site-packages/airflow/example_dags/example_branch_day_of_week_operator.py
[2022-04-04 21:55:38,363] {processor.py:642} INFO - Processing file /home/airflow/.local/lib/python3.7/site-packages/airflow/example_dags/example_branch_day_of_week_operator.py for tasks to queue
[2022-04-04 21:55:38,364] {logging_mixin.py:109} INFO - [2022-04-04 21:55:38,364] {dagbag.py:500} INFO - Filling up the DagBag from /home/airflow/.local/lib/python3.7/site-packages/airflow/example_dags/example_branch_day_of_week_operator.py
[2022-04-04 21:55:38,385] {processor.py:652} INFO - DAG(s) dict_keys(['example_weekday_branch_operator']) retrieved from /home/airflow/.local/lib/python3.7/site-packages/airflow/example_dags/example_branch_day_of_week_operator.py
[2022-04-04 21:55:38,409] {logging_mixin.py:109} INFO - [2022-04-04 21:55:38,409] {dag.py:2398} INFO - Sync 1 DAGs
[2022-04-04 21:55:38,433] {logging_mixin.py:109} INFO - [2022-04-04 21:55:38,433] {dag.py:2937} INFO - Setting next_dagrun for example_weekday_branch_operator to 2022-04-03 00:00:00+00:00
[2022-04-04 21:55:38,447] {processor.py:171} INFO - Processing /home/airflow/.local/lib/python3.7/site-packages/airflow/example_dags/example_branch_day_of_week_operator.py took 0.089 seconds
[2022-04-04 21:56:09,029] {processor.py:163} INFO - Started process (PID=1237) to work on /home/airflow/.local/lib/python3.7/site-packages/airflow/example_dags/example_branch_day_of_week_operator.py
[2022-04-04 21:56:09,031] {processor.py:642} INFO - Processing file /home/airflow/.local/lib/python3.7/site-packages/airflow/example_dags/example_branch_day_of_week_operator.py for tasks to queue
[2022-04-04 21:56:09,032] {logging_mixin.py:109} INFO - [2022-04-04 21:56:09,032] {dagbag.py:500} INFO - Filling up the DagBag from /home/airflow/.local/lib/python3.7/site-packages/airflow/example_dags/example_branch_day_of_week_operator.py
[2022-04-04 21:56:09,069] {processor.py:652} INFO - DAG(s) dict_keys(['example_weekday_branch_operator']) retrieved from /home/airflow/.local/lib/python3.7/site-packages/airflow/example_dags/example_branch_day_of_week_operator.py
[2022-04-04 21:56:09,102] {logging_mixin.py:109} INFO - [2022-04-04 21:56:09,102] {dag.py:2398} INFO - Sync 1 DAGs
[2022-04-04 21:56:09,133] {logging_mixin.py:109} INFO - [2022-04-04 21:56:09,133] {dag.py:2937} INFO - Setting next_dagrun for example_weekday_branch_operator to 2022-04-03 00:00:00+00:00
[2022-04-04 21:56:09,151] {processor.py:171} INFO - Processing /home/airflow/.local/lib/python3.7/site-packages/airflow/example_dags/example_branch_day_of_week_operator.py took 0.126 seconds
[2022-04-04 21:56:40,300] {processor.py:163} INFO - Started process (PID=1289) to work on /home/airflow/.local/lib/python3.7/site-packages/airflow/example_dags/example_branch_day_of_week_operator.py
[2022-04-04 21:56:40,301] {processor.py:642} INFO - Processing file /home/airflow/.local/lib/python3.7/site-packages/airflow/example_dags/example_branch_day_of_week_operator.py for tasks to queue
[2022-04-04 21:56:40,302] {logging_mixin.py:109} INFO - [2022-04-04 21:56:40,302] {dagbag.py:500} INFO - Filling up the DagBag from /home/airflow/.local/lib/python3.7/site-packages/airflow/example_dags/example_branch_day_of_week_operator.py
[2022-04-04 21:56:40,320] {processor.py:652} INFO - DAG(s) dict_keys(['example_weekday_branch_operator']) retrieved from /home/airflow/.local/lib/python3.7/site-packages/airflow/example_dags/example_branch_day_of_week_operator.py
[2022-04-04 21:56:40,344] {logging_mixin.py:109} INFO - [2022-04-04 21:56:40,344] {dag.py:2398} INFO - Sync 1 DAGs
[2022-04-04 21:56:40,367] {logging_mixin.py:109} INFO - [2022-04-04 21:56:40,367] {dag.py:2937} INFO - Setting next_dagrun for example_weekday_branch_operator to 2022-04-03 00:00:00+00:00
[2022-04-04 21:56:40,382] {processor.py:171} INFO - Processing /home/airflow/.local/lib/python3.7/site-packages/airflow/example_dags/example_branch_day_of_week_operator.py took 0.086 seconds
[2022-04-04 21:57:11,186] {processor.py:163} INFO - Started process (PID=1351) to work on /home/airflow/.local/lib/python3.7/site-packages/airflow/example_dags/example_branch_day_of_week_operator.py
[2022-04-04 21:57:11,187] {processor.py:642} INFO - Processing file /home/airflow/.local/lib/python3.7/site-packages/airflow/example_dags/example_branch_day_of_week_operator.py for tasks to queue
[2022-04-04 21:57:11,188] {logging_mixin.py:109} INFO - [2022-04-04 21:57:11,188] {dagbag.py:500} INFO - Filling up the DagBag from /home/airflow/.local/lib/python3.7/site-packages/airflow/example_dags/example_branch_day_of_week_operator.py
[2022-04-04 21:57:11,211] {processor.py:652} INFO - DAG(s) dict_keys(['example_weekday_branch_operator']) retrieved from /home/airflow/.local/lib/python3.7/site-packages/airflow/example_dags/example_branch_day_of_week_operator.py
[2022-04-04 21:57:11,244] {logging_mixin.py:109} INFO - [2022-04-04 21:57:11,244] {dag.py:2398} INFO - Sync 1 DAGs
[2022-04-04 21:57:11,274] {logging_mixin.py:109} INFO - [2022-04-04 21:57:11,273] {dag.py:2937} INFO - Setting next_dagrun for example_weekday_branch_operator to 2022-04-03 00:00:00+00:00
[2022-04-04 21:57:11,290] {processor.py:171} INFO - Processing /home/airflow/.local/lib/python3.7/site-packages/airflow/example_dags/example_branch_day_of_week_operator.py took 0.110 seconds
[2022-04-04 21:57:42,246] {processor.py:163} INFO - Started process (PID=1403) to work on /home/airflow/.local/lib/python3.7/site-packages/airflow/example_dags/example_branch_day_of_week_operator.py
[2022-04-04 21:57:42,248] {processor.py:642} INFO - Processing file /home/airflow/.local/lib/python3.7/site-packages/airflow/example_dags/example_branch_day_of_week_operator.py for tasks to queue
[2022-04-04 21:57:42,249] {logging_mixin.py:109} INFO - [2022-04-04 21:57:42,249] {dagbag.py:500} INFO - Filling up the DagBag from /home/airflow/.local/lib/python3.7/site-packages/airflow/example_dags/example_branch_day_of_week_operator.py
[2022-04-04 21:57:42,270] {processor.py:652} INFO - DAG(s) dict_keys(['example_weekday_branch_operator']) retrieved from /home/airflow/.local/lib/python3.7/site-packages/airflow/example_dags/example_branch_day_of_week_operator.py
[2022-04-04 21:57:42,295] {logging_mixin.py:109} INFO - [2022-04-04 21:57:42,295] {dag.py:2398} INFO - Sync 1 DAGs
[2022-04-04 21:57:42,318] {logging_mixin.py:109} INFO - [2022-04-04 21:57:42,318] {dag.py:2937} INFO - Setting next_dagrun for example_weekday_branch_operator to 2022-04-03 00:00:00+00:00
[2022-04-04 21:57:42,330] {processor.py:171} INFO - Processing /home/airflow/.local/lib/python3.7/site-packages/airflow/example_dags/example_branch_day_of_week_operator.py took 0.089 seconds
[2022-04-04 21:58:13,216] {processor.py:163} INFO - Started process (PID=1455) to work on /home/airflow/.local/lib/python3.7/site-packages/airflow/example_dags/example_branch_day_of_week_operator.py
[2022-04-04 21:58:13,217] {processor.py:642} INFO - Processing file /home/airflow/.local/lib/python3.7/site-packages/airflow/example_dags/example_branch_day_of_week_operator.py for tasks to queue
[2022-04-04 21:58:13,218] {logging_mixin.py:109} INFO - [2022-04-04 21:58:13,218] {dagbag.py:500} INFO - Filling up the DagBag from /home/airflow/.local/lib/python3.7/site-packages/airflow/example_dags/example_branch_day_of_week_operator.py
[2022-04-04 21:58:13,242] {processor.py:652} INFO - DAG(s) dict_keys(['example_weekday_branch_operator']) retrieved from /home/airflow/.local/lib/python3.7/site-packages/airflow/example_dags/example_branch_day_of_week_operator.py
[2022-04-04 21:58:13,275] {logging_mixin.py:109} INFO - [2022-04-04 21:58:13,275] {dag.py:2398} INFO - Sync 1 DAGs
[2022-04-04 21:58:13,307] {logging_mixin.py:109} INFO - [2022-04-04 21:58:13,307] {dag.py:2937} INFO - Setting next_dagrun for example_weekday_branch_operator to 2022-04-03 00:00:00+00:00
[2022-04-04 21:58:13,327] {processor.py:171} INFO - Processing /home/airflow/.local/lib/python3.7/site-packages/airflow/example_dags/example_branch_day_of_week_operator.py took 0.115 seconds
[2022-04-04 21:58:44,070] {processor.py:163} INFO - Started process (PID=1513) to work on /home/airflow/.local/lib/python3.7/site-packages/airflow/example_dags/example_branch_day_of_week_operator.py
[2022-04-04 21:58:44,071] {processor.py:642} INFO - Processing file /home/airflow/.local/lib/python3.7/site-packages/airflow/example_dags/example_branch_day_of_week_operator.py for tasks to queue
[2022-04-04 21:58:44,073] {logging_mixin.py:109} INFO - [2022-04-04 21:58:44,072] {dagbag.py:500} INFO - Filling up the DagBag from /home/airflow/.local/lib/python3.7/site-packages/airflow/example_dags/example_branch_day_of_week_operator.py
[2022-04-04 21:58:44,105] {processor.py:652} INFO - DAG(s) dict_keys(['example_weekday_branch_operator']) retrieved from /home/airflow/.local/lib/python3.7/site-packages/airflow/example_dags/example_branch_day_of_week_operator.py
[2022-04-04 21:58:44,136] {logging_mixin.py:109} INFO - [2022-04-04 21:58:44,136] {dag.py:2398} INFO - Sync 1 DAGs
[2022-04-04 21:58:44,177] {logging_mixin.py:109} INFO - [2022-04-04 21:58:44,176] {dag.py:2937} INFO - Setting next_dagrun for example_weekday_branch_operator to 2022-04-03 00:00:00+00:00
[2022-04-04 21:58:44,191] {processor.py:171} INFO - Processing /home/airflow/.local/lib/python3.7/site-packages/airflow/example_dags/example_branch_day_of_week_operator.py took 0.126 seconds
