[2022-04-04 21:47:48,789] {processor.py:163} INFO - Started process (PID=328) to work on /home/airflow/.local/lib/python3.7/site-packages/airflow/example_dags/example_external_task_marker_dag.py
[2022-04-04 21:47:48,791] {processor.py:642} INFO - Processing file /home/airflow/.local/lib/python3.7/site-packages/airflow/example_dags/example_external_task_marker_dag.py for tasks to queue
[2022-04-04 21:47:48,792] {logging_mixin.py:109} INFO - [2022-04-04 21:47:48,792] {dagbag.py:500} INFO - Filling up the DagBag from /home/airflow/.local/lib/python3.7/site-packages/airflow/example_dags/example_external_task_marker_dag.py
[2022-04-04 21:47:48,825] {processor.py:652} INFO - DAG(s) dict_keys(['example_external_task_marker_parent', 'example_external_task_marker_child']) retrieved from /home/airflow/.local/lib/python3.7/site-packages/airflow/example_dags/example_external_task_marker_dag.py
[2022-04-04 21:47:52,376] {logging_mixin.py:109} INFO - [2022-04-04 21:47:52,376] {manager.py:496} INFO - Created Permission View: can edit on DAG:example_external_task_marker_parent
[2022-04-04 21:47:52,407] {logging_mixin.py:109} INFO - [2022-04-04 21:47:52,407] {manager.py:496} INFO - Created Permission View: can read on DAG:example_external_task_marker_parent
[2022-04-04 21:47:52,450] {logging_mixin.py:109} INFO - [2022-04-04 21:47:52,450] {manager.py:496} INFO - Created Permission View: can edit on DAG:example_external_task_marker_child
[2022-04-04 21:47:52,467] {logging_mixin.py:109} INFO - [2022-04-04 21:47:52,467] {manager.py:496} INFO - Created Permission View: can read on DAG:example_external_task_marker_child
[2022-04-04 21:47:52,468] {logging_mixin.py:109} INFO - [2022-04-04 21:47:52,468] {dag.py:2398} INFO - Sync 2 DAGs
[2022-04-04 21:47:52,482] {logging_mixin.py:109} INFO - [2022-04-04 21:47:52,481] {dag.py:2417} INFO - Creating ORM DAG for example_external_task_marker_parent
[2022-04-04 21:47:52,483] {logging_mixin.py:109} INFO - [2022-04-04 21:47:52,483] {dag.py:2417} INFO - Creating ORM DAG for example_external_task_marker_child
[2022-04-04 21:47:52,499] {logging_mixin.py:109} INFO - [2022-04-04 21:47:52,499] {dag.py:2937} INFO - Setting next_dagrun for example_external_task_marker_child to None
[2022-04-04 21:47:52,500] {logging_mixin.py:109} INFO - [2022-04-04 21:47:52,500] {dag.py:2937} INFO - Setting next_dagrun for example_external_task_marker_parent to None
[2022-04-04 21:47:52,531] {processor.py:171} INFO - Processing /home/airflow/.local/lib/python3.7/site-packages/airflow/example_dags/example_external_task_marker_dag.py took 3.745 seconds
[2022-04-04 21:48:23,127] {processor.py:163} INFO - Started process (PID=409) to work on /home/airflow/.local/lib/python3.7/site-packages/airflow/example_dags/example_external_task_marker_dag.py
[2022-04-04 21:48:23,129] {processor.py:642} INFO - Processing file /home/airflow/.local/lib/python3.7/site-packages/airflow/example_dags/example_external_task_marker_dag.py for tasks to queue
[2022-04-04 21:48:23,131] {logging_mixin.py:109} INFO - [2022-04-04 21:48:23,130] {dagbag.py:500} INFO - Filling up the DagBag from /home/airflow/.local/lib/python3.7/site-packages/airflow/example_dags/example_external_task_marker_dag.py
[2022-04-04 21:48:23,151] {processor.py:652} INFO - DAG(s) dict_keys(['example_external_task_marker_parent', 'example_external_task_marker_child']) retrieved from /home/airflow/.local/lib/python3.7/site-packages/airflow/example_dags/example_external_task_marker_dag.py
[2022-04-04 21:48:23,190] {logging_mixin.py:109} INFO - [2022-04-04 21:48:23,190] {dag.py:2398} INFO - Sync 2 DAGs
[2022-04-04 21:48:23,219] {logging_mixin.py:109} INFO - [2022-04-04 21:48:23,219] {dag.py:2937} INFO - Setting next_dagrun for example_external_task_marker_child to None
[2022-04-04 21:48:23,220] {logging_mixin.py:109} INFO - [2022-04-04 21:48:23,220] {dag.py:2937} INFO - Setting next_dagrun for example_external_task_marker_parent to None
[2022-04-04 21:48:23,237] {processor.py:171} INFO - Processing /home/airflow/.local/lib/python3.7/site-packages/airflow/example_dags/example_external_task_marker_dag.py took 0.118 seconds
[2022-04-04 21:48:53,416] {processor.py:163} INFO - Started process (PID=460) to work on /home/airflow/.local/lib/python3.7/site-packages/airflow/example_dags/example_external_task_marker_dag.py
[2022-04-04 21:48:53,417] {processor.py:642} INFO - Processing file /home/airflow/.local/lib/python3.7/site-packages/airflow/example_dags/example_external_task_marker_dag.py for tasks to queue
[2022-04-04 21:48:53,418] {logging_mixin.py:109} INFO - [2022-04-04 21:48:53,418] {dagbag.py:500} INFO - Filling up the DagBag from /home/airflow/.local/lib/python3.7/site-packages/airflow/example_dags/example_external_task_marker_dag.py
[2022-04-04 21:48:53,435] {processor.py:652} INFO - DAG(s) dict_keys(['example_external_task_marker_parent', 'example_external_task_marker_child']) retrieved from /home/airflow/.local/lib/python3.7/site-packages/airflow/example_dags/example_external_task_marker_dag.py
[2022-04-04 21:48:53,466] {logging_mixin.py:109} INFO - [2022-04-04 21:48:53,466] {dag.py:2398} INFO - Sync 2 DAGs
[2022-04-04 21:48:53,487] {logging_mixin.py:109} INFO - [2022-04-04 21:48:53,487] {dag.py:2937} INFO - Setting next_dagrun for example_external_task_marker_child to None
[2022-04-04 21:48:53,487] {logging_mixin.py:109} INFO - [2022-04-04 21:48:53,487] {dag.py:2937} INFO - Setting next_dagrun for example_external_task_marker_parent to None
[2022-04-04 21:48:53,501] {processor.py:171} INFO - Processing /home/airflow/.local/lib/python3.7/site-packages/airflow/example_dags/example_external_task_marker_dag.py took 0.089 seconds
[2022-04-04 21:49:23,905] {processor.py:163} INFO - Started process (PID=511) to work on /home/airflow/.local/lib/python3.7/site-packages/airflow/example_dags/example_external_task_marker_dag.py
[2022-04-04 21:49:23,907] {processor.py:642} INFO - Processing file /home/airflow/.local/lib/python3.7/site-packages/airflow/example_dags/example_external_task_marker_dag.py for tasks to queue
[2022-04-04 21:49:23,909] {logging_mixin.py:109} INFO - [2022-04-04 21:49:23,909] {dagbag.py:500} INFO - Filling up the DagBag from /home/airflow/.local/lib/python3.7/site-packages/airflow/example_dags/example_external_task_marker_dag.py
[2022-04-04 21:49:23,926] {processor.py:652} INFO - DAG(s) dict_keys(['example_external_task_marker_parent', 'example_external_task_marker_child']) retrieved from /home/airflow/.local/lib/python3.7/site-packages/airflow/example_dags/example_external_task_marker_dag.py
[2022-04-04 21:49:23,960] {logging_mixin.py:109} INFO - [2022-04-04 21:49:23,960] {dag.py:2398} INFO - Sync 2 DAGs
[2022-04-04 21:49:23,990] {logging_mixin.py:109} INFO - [2022-04-04 21:49:23,990] {dag.py:2937} INFO - Setting next_dagrun for example_external_task_marker_child to None
[2022-04-04 21:49:23,991] {logging_mixin.py:109} INFO - [2022-04-04 21:49:23,990] {dag.py:2937} INFO - Setting next_dagrun for example_external_task_marker_parent to None
[2022-04-04 21:49:24,009] {processor.py:171} INFO - Processing /home/airflow/.local/lib/python3.7/site-packages/airflow/example_dags/example_external_task_marker_dag.py took 0.107 seconds
[2022-04-04 21:49:54,684] {processor.py:163} INFO - Started process (PID=572) to work on /home/airflow/.local/lib/python3.7/site-packages/airflow/example_dags/example_external_task_marker_dag.py
[2022-04-04 21:49:54,686] {processor.py:642} INFO - Processing file /home/airflow/.local/lib/python3.7/site-packages/airflow/example_dags/example_external_task_marker_dag.py for tasks to queue
[2022-04-04 21:49:54,687] {logging_mixin.py:109} INFO - [2022-04-04 21:49:54,687] {dagbag.py:500} INFO - Filling up the DagBag from /home/airflow/.local/lib/python3.7/site-packages/airflow/example_dags/example_external_task_marker_dag.py
[2022-04-04 21:49:54,714] {processor.py:652} INFO - DAG(s) dict_keys(['example_external_task_marker_parent', 'example_external_task_marker_child']) retrieved from /home/airflow/.local/lib/python3.7/site-packages/airflow/example_dags/example_external_task_marker_dag.py
[2022-04-04 21:49:54,754] {logging_mixin.py:109} INFO - [2022-04-04 21:49:54,754] {dag.py:2398} INFO - Sync 2 DAGs
[2022-04-04 21:49:54,792] {logging_mixin.py:109} INFO - [2022-04-04 21:49:54,791] {dag.py:2937} INFO - Setting next_dagrun for example_external_task_marker_child to None
[2022-04-04 21:49:54,792] {logging_mixin.py:109} INFO - [2022-04-04 21:49:54,792] {dag.py:2937} INFO - Setting next_dagrun for example_external_task_marker_parent to None
[2022-04-04 21:49:54,810] {processor.py:171} INFO - Processing /home/airflow/.local/lib/python3.7/site-packages/airflow/example_dags/example_external_task_marker_dag.py took 0.129 seconds
[2022-04-04 21:50:25,047] {processor.py:163} INFO - Started process (PID=624) to work on /home/airflow/.local/lib/python3.7/site-packages/airflow/example_dags/example_external_task_marker_dag.py
[2022-04-04 21:50:25,049] {processor.py:642} INFO - Processing file /home/airflow/.local/lib/python3.7/site-packages/airflow/example_dags/example_external_task_marker_dag.py for tasks to queue
[2022-04-04 21:50:25,050] {logging_mixin.py:109} INFO - [2022-04-04 21:50:25,050] {dagbag.py:500} INFO - Filling up the DagBag from /home/airflow/.local/lib/python3.7/site-packages/airflow/example_dags/example_external_task_marker_dag.py
[2022-04-04 21:50:25,070] {processor.py:652} INFO - DAG(s) dict_keys(['example_external_task_marker_parent', 'example_external_task_marker_child']) retrieved from /home/airflow/.local/lib/python3.7/site-packages/airflow/example_dags/example_external_task_marker_dag.py
[2022-04-04 21:50:25,102] {logging_mixin.py:109} INFO - [2022-04-04 21:50:25,102] {dag.py:2398} INFO - Sync 2 DAGs
[2022-04-04 21:50:25,127] {logging_mixin.py:109} INFO - [2022-04-04 21:50:25,127] {dag.py:2937} INFO - Setting next_dagrun for example_external_task_marker_child to None
[2022-04-04 21:50:25,128] {logging_mixin.py:109} INFO - [2022-04-04 21:50:25,128] {dag.py:2937} INFO - Setting next_dagrun for example_external_task_marker_parent to None
[2022-04-04 21:50:25,141] {processor.py:171} INFO - Processing /home/airflow/.local/lib/python3.7/site-packages/airflow/example_dags/example_external_task_marker_dag.py took 0.098 seconds
[2022-04-04 21:50:55,304] {processor.py:163} INFO - Started process (PID=675) to work on /home/airflow/.local/lib/python3.7/site-packages/airflow/example_dags/example_external_task_marker_dag.py
[2022-04-04 21:50:55,305] {processor.py:642} INFO - Processing file /home/airflow/.local/lib/python3.7/site-packages/airflow/example_dags/example_external_task_marker_dag.py for tasks to queue
[2022-04-04 21:50:55,306] {logging_mixin.py:109} INFO - [2022-04-04 21:50:55,306] {dagbag.py:500} INFO - Filling up the DagBag from /home/airflow/.local/lib/python3.7/site-packages/airflow/example_dags/example_external_task_marker_dag.py
[2022-04-04 21:50:55,325] {processor.py:652} INFO - DAG(s) dict_keys(['example_external_task_marker_parent', 'example_external_task_marker_child']) retrieved from /home/airflow/.local/lib/python3.7/site-packages/airflow/example_dags/example_external_task_marker_dag.py
[2022-04-04 21:50:55,356] {logging_mixin.py:109} INFO - [2022-04-04 21:50:55,356] {dag.py:2398} INFO - Sync 2 DAGs
[2022-04-04 21:50:55,377] {logging_mixin.py:109} INFO - [2022-04-04 21:50:55,377] {dag.py:2937} INFO - Setting next_dagrun for example_external_task_marker_child to None
[2022-04-04 21:50:55,378] {logging_mixin.py:109} INFO - [2022-04-04 21:50:55,378] {dag.py:2937} INFO - Setting next_dagrun for example_external_task_marker_parent to None
[2022-04-04 21:50:55,392] {processor.py:171} INFO - Processing /home/airflow/.local/lib/python3.7/site-packages/airflow/example_dags/example_external_task_marker_dag.py took 0.092 seconds
[2022-04-04 21:51:25,656] {processor.py:163} INFO - Started process (PID=726) to work on /home/airflow/.local/lib/python3.7/site-packages/airflow/example_dags/example_external_task_marker_dag.py
[2022-04-04 21:51:25,658] {processor.py:642} INFO - Processing file /home/airflow/.local/lib/python3.7/site-packages/airflow/example_dags/example_external_task_marker_dag.py for tasks to queue
[2022-04-04 21:51:25,658] {logging_mixin.py:109} INFO - [2022-04-04 21:51:25,658] {dagbag.py:500} INFO - Filling up the DagBag from /home/airflow/.local/lib/python3.7/site-packages/airflow/example_dags/example_external_task_marker_dag.py
[2022-04-04 21:51:25,675] {processor.py:652} INFO - DAG(s) dict_keys(['example_external_task_marker_parent', 'example_external_task_marker_child']) retrieved from /home/airflow/.local/lib/python3.7/site-packages/airflow/example_dags/example_external_task_marker_dag.py
[2022-04-04 21:51:25,754] {logging_mixin.py:109} INFO - [2022-04-04 21:51:25,754] {dag.py:2398} INFO - Sync 2 DAGs
[2022-04-04 21:51:25,787] {logging_mixin.py:109} INFO - [2022-04-04 21:51:25,787] {dag.py:2937} INFO - Setting next_dagrun for example_external_task_marker_child to None
[2022-04-04 21:51:25,787] {logging_mixin.py:109} INFO - [2022-04-04 21:51:25,787] {dag.py:2937} INFO - Setting next_dagrun for example_external_task_marker_parent to None
[2022-04-04 21:51:25,803] {processor.py:171} INFO - Processing /home/airflow/.local/lib/python3.7/site-packages/airflow/example_dags/example_external_task_marker_dag.py took 0.151 seconds
[2022-04-04 21:51:56,188] {processor.py:163} INFO - Started process (PID=787) to work on /home/airflow/.local/lib/python3.7/site-packages/airflow/example_dags/example_external_task_marker_dag.py
[2022-04-04 21:51:56,190] {processor.py:642} INFO - Processing file /home/airflow/.local/lib/python3.7/site-packages/airflow/example_dags/example_external_task_marker_dag.py for tasks to queue
[2022-04-04 21:51:56,190] {logging_mixin.py:109} INFO - [2022-04-04 21:51:56,190] {dagbag.py:500} INFO - Filling up the DagBag from /home/airflow/.local/lib/python3.7/site-packages/airflow/example_dags/example_external_task_marker_dag.py
[2022-04-04 21:51:56,211] {processor.py:652} INFO - DAG(s) dict_keys(['example_external_task_marker_parent', 'example_external_task_marker_child']) retrieved from /home/airflow/.local/lib/python3.7/site-packages/airflow/example_dags/example_external_task_marker_dag.py
[2022-04-04 21:51:56,244] {logging_mixin.py:109} INFO - [2022-04-04 21:51:56,244] {dag.py:2398} INFO - Sync 2 DAGs
[2022-04-04 21:51:56,267] {logging_mixin.py:109} INFO - [2022-04-04 21:51:56,267] {dag.py:2937} INFO - Setting next_dagrun for example_external_task_marker_child to None
[2022-04-04 21:51:56,267] {logging_mixin.py:109} INFO - [2022-04-04 21:51:56,267] {dag.py:2937} INFO - Setting next_dagrun for example_external_task_marker_parent to None
[2022-04-04 21:51:56,280] {processor.py:171} INFO - Processing /home/airflow/.local/lib/python3.7/site-packages/airflow/example_dags/example_external_task_marker_dag.py took 0.095 seconds
[2022-04-04 21:52:26,760] {processor.py:163} INFO - Started process (PID=838) to work on /home/airflow/.local/lib/python3.7/site-packages/airflow/example_dags/example_external_task_marker_dag.py
[2022-04-04 21:52:26,761] {processor.py:642} INFO - Processing file /home/airflow/.local/lib/python3.7/site-packages/airflow/example_dags/example_external_task_marker_dag.py for tasks to queue
[2022-04-04 21:52:26,762] {logging_mixin.py:109} INFO - [2022-04-04 21:52:26,762] {dagbag.py:500} INFO - Filling up the DagBag from /home/airflow/.local/lib/python3.7/site-packages/airflow/example_dags/example_external_task_marker_dag.py
[2022-04-04 21:52:26,780] {processor.py:652} INFO - DAG(s) dict_keys(['example_external_task_marker_parent', 'example_external_task_marker_child']) retrieved from /home/airflow/.local/lib/python3.7/site-packages/airflow/example_dags/example_external_task_marker_dag.py
[2022-04-04 21:52:26,813] {logging_mixin.py:109} INFO - [2022-04-04 21:52:26,813] {dag.py:2398} INFO - Sync 2 DAGs
[2022-04-04 21:52:26,838] {logging_mixin.py:109} INFO - [2022-04-04 21:52:26,838] {dag.py:2937} INFO - Setting next_dagrun for example_external_task_marker_child to None
[2022-04-04 21:52:26,838] {logging_mixin.py:109} INFO - [2022-04-04 21:52:26,838] {dag.py:2937} INFO - Setting next_dagrun for example_external_task_marker_parent to None
[2022-04-04 21:52:26,853] {processor.py:171} INFO - Processing /home/airflow/.local/lib/python3.7/site-packages/airflow/example_dags/example_external_task_marker_dag.py took 0.098 seconds
[2022-04-04 21:52:57,049] {processor.py:163} INFO - Started process (PID=888) to work on /home/airflow/.local/lib/python3.7/site-packages/airflow/example_dags/example_external_task_marker_dag.py
[2022-04-04 21:52:57,051] {processor.py:642} INFO - Processing file /home/airflow/.local/lib/python3.7/site-packages/airflow/example_dags/example_external_task_marker_dag.py for tasks to queue
[2022-04-04 21:52:57,052] {logging_mixin.py:109} INFO - [2022-04-04 21:52:57,052] {dagbag.py:500} INFO - Filling up the DagBag from /home/airflow/.local/lib/python3.7/site-packages/airflow/example_dags/example_external_task_marker_dag.py
[2022-04-04 21:52:57,070] {processor.py:652} INFO - DAG(s) dict_keys(['example_external_task_marker_parent', 'example_external_task_marker_child']) retrieved from /home/airflow/.local/lib/python3.7/site-packages/airflow/example_dags/example_external_task_marker_dag.py
[2022-04-04 21:52:57,102] {logging_mixin.py:109} INFO - [2022-04-04 21:52:57,102] {dag.py:2398} INFO - Sync 2 DAGs
[2022-04-04 21:52:57,126] {logging_mixin.py:109} INFO - [2022-04-04 21:52:57,126] {dag.py:2937} INFO - Setting next_dagrun for example_external_task_marker_child to None
[2022-04-04 21:52:57,127] {logging_mixin.py:109} INFO - [2022-04-04 21:52:57,127] {dag.py:2937} INFO - Setting next_dagrun for example_external_task_marker_parent to None
[2022-04-04 21:52:57,140] {processor.py:171} INFO - Processing /home/airflow/.local/lib/python3.7/site-packages/airflow/example_dags/example_external_task_marker_dag.py took 0.095 seconds
[2022-04-04 21:53:27,425] {processor.py:163} INFO - Started process (PID=949) to work on /home/airflow/.local/lib/python3.7/site-packages/airflow/example_dags/example_external_task_marker_dag.py
[2022-04-04 21:53:27,427] {processor.py:642} INFO - Processing file /home/airflow/.local/lib/python3.7/site-packages/airflow/example_dags/example_external_task_marker_dag.py for tasks to queue
[2022-04-04 21:53:27,428] {logging_mixin.py:109} INFO - [2022-04-04 21:53:27,427] {dagbag.py:500} INFO - Filling up the DagBag from /home/airflow/.local/lib/python3.7/site-packages/airflow/example_dags/example_external_task_marker_dag.py
[2022-04-04 21:53:27,449] {processor.py:652} INFO - DAG(s) dict_keys(['example_external_task_marker_parent', 'example_external_task_marker_child']) retrieved from /home/airflow/.local/lib/python3.7/site-packages/airflow/example_dags/example_external_task_marker_dag.py
[2022-04-04 21:53:27,482] {logging_mixin.py:109} INFO - [2022-04-04 21:53:27,482] {dag.py:2398} INFO - Sync 2 DAGs
[2022-04-04 21:53:27,510] {logging_mixin.py:109} INFO - [2022-04-04 21:53:27,510] {dag.py:2937} INFO - Setting next_dagrun for example_external_task_marker_child to None
[2022-04-04 21:53:27,510] {logging_mixin.py:109} INFO - [2022-04-04 21:53:27,510] {dag.py:2937} INFO - Setting next_dagrun for example_external_task_marker_parent to None
[2022-04-04 21:53:27,525] {processor.py:171} INFO - Processing /home/airflow/.local/lib/python3.7/site-packages/airflow/example_dags/example_external_task_marker_dag.py took 0.103 seconds
[2022-04-04 21:53:57,607] {processor.py:163} INFO - Started process (PID=1003) to work on /home/airflow/.local/lib/python3.7/site-packages/airflow/example_dags/example_external_task_marker_dag.py
[2022-04-04 21:53:57,609] {processor.py:642} INFO - Processing file /home/airflow/.local/lib/python3.7/site-packages/airflow/example_dags/example_external_task_marker_dag.py for tasks to queue
[2022-04-04 21:53:57,609] {logging_mixin.py:109} INFO - [2022-04-04 21:53:57,609] {dagbag.py:500} INFO - Filling up the DagBag from /home/airflow/.local/lib/python3.7/site-packages/airflow/example_dags/example_external_task_marker_dag.py
[2022-04-04 21:53:57,628] {processor.py:652} INFO - DAG(s) dict_keys(['example_external_task_marker_parent', 'example_external_task_marker_child']) retrieved from /home/airflow/.local/lib/python3.7/site-packages/airflow/example_dags/example_external_task_marker_dag.py
[2022-04-04 21:53:57,661] {logging_mixin.py:109} INFO - [2022-04-04 21:53:57,661] {dag.py:2398} INFO - Sync 2 DAGs
[2022-04-04 21:53:57,684] {logging_mixin.py:109} INFO - [2022-04-04 21:53:57,683] {dag.py:2937} INFO - Setting next_dagrun for example_external_task_marker_child to None
[2022-04-04 21:53:57,684] {logging_mixin.py:109} INFO - [2022-04-04 21:53:57,684] {dag.py:2937} INFO - Setting next_dagrun for example_external_task_marker_parent to None
[2022-04-04 21:53:57,697] {processor.py:171} INFO - Processing /home/airflow/.local/lib/python3.7/site-packages/airflow/example_dags/example_external_task_marker_dag.py took 0.093 seconds
[2022-04-04 21:54:27,816] {processor.py:163} INFO - Started process (PID=1053) to work on /home/airflow/.local/lib/python3.7/site-packages/airflow/example_dags/example_external_task_marker_dag.py
[2022-04-04 21:54:27,818] {processor.py:642} INFO - Processing file /home/airflow/.local/lib/python3.7/site-packages/airflow/example_dags/example_external_task_marker_dag.py for tasks to queue
[2022-04-04 21:54:27,819] {logging_mixin.py:109} INFO - [2022-04-04 21:54:27,819] {dagbag.py:500} INFO - Filling up the DagBag from /home/airflow/.local/lib/python3.7/site-packages/airflow/example_dags/example_external_task_marker_dag.py
[2022-04-04 21:54:27,836] {processor.py:652} INFO - DAG(s) dict_keys(['example_external_task_marker_parent', 'example_external_task_marker_child']) retrieved from /home/airflow/.local/lib/python3.7/site-packages/airflow/example_dags/example_external_task_marker_dag.py
[2022-04-04 21:54:27,865] {logging_mixin.py:109} INFO - [2022-04-04 21:54:27,865] {dag.py:2398} INFO - Sync 2 DAGs
[2022-04-04 21:54:27,886] {logging_mixin.py:109} INFO - [2022-04-04 21:54:27,886] {dag.py:2937} INFO - Setting next_dagrun for example_external_task_marker_child to None
[2022-04-04 21:54:27,886] {logging_mixin.py:109} INFO - [2022-04-04 21:54:27,886] {dag.py:2937} INFO - Setting next_dagrun for example_external_task_marker_parent to None
[2022-04-04 21:54:27,900] {processor.py:171} INFO - Processing /home/airflow/.local/lib/python3.7/site-packages/airflow/example_dags/example_external_task_marker_dag.py took 0.087 seconds
[2022-04-04 21:54:58,077] {processor.py:163} INFO - Started process (PID=1111) to work on /home/airflow/.local/lib/python3.7/site-packages/airflow/example_dags/example_external_task_marker_dag.py
[2022-04-04 21:54:58,079] {processor.py:642} INFO - Processing file /home/airflow/.local/lib/python3.7/site-packages/airflow/example_dags/example_external_task_marker_dag.py for tasks to queue
[2022-04-04 21:54:58,080] {logging_mixin.py:109} INFO - [2022-04-04 21:54:58,080] {dagbag.py:500} INFO - Filling up the DagBag from /home/airflow/.local/lib/python3.7/site-packages/airflow/example_dags/example_external_task_marker_dag.py
[2022-04-04 21:54:58,106] {processor.py:652} INFO - DAG(s) dict_keys(['example_external_task_marker_parent', 'example_external_task_marker_child']) retrieved from /home/airflow/.local/lib/python3.7/site-packages/airflow/example_dags/example_external_task_marker_dag.py
[2022-04-04 21:54:58,167] {logging_mixin.py:109} INFO - [2022-04-04 21:54:58,167] {dag.py:2398} INFO - Sync 2 DAGs
[2022-04-04 21:54:58,195] {logging_mixin.py:109} INFO - [2022-04-04 21:54:58,195] {dag.py:2937} INFO - Setting next_dagrun for example_external_task_marker_child to None
[2022-04-04 21:54:58,196] {logging_mixin.py:109} INFO - [2022-04-04 21:54:58,196] {dag.py:2937} INFO - Setting next_dagrun for example_external_task_marker_parent to None
[2022-04-04 21:54:58,211] {processor.py:171} INFO - Processing /home/airflow/.local/lib/python3.7/site-packages/airflow/example_dags/example_external_task_marker_dag.py took 0.140 seconds
[2022-04-04 21:55:28,348] {processor.py:163} INFO - Started process (PID=1165) to work on /home/airflow/.local/lib/python3.7/site-packages/airflow/example_dags/example_external_task_marker_dag.py
[2022-04-04 21:55:28,350] {processor.py:642} INFO - Processing file /home/airflow/.local/lib/python3.7/site-packages/airflow/example_dags/example_external_task_marker_dag.py for tasks to queue
[2022-04-04 21:55:28,350] {logging_mixin.py:109} INFO - [2022-04-04 21:55:28,350] {dagbag.py:500} INFO - Filling up the DagBag from /home/airflow/.local/lib/python3.7/site-packages/airflow/example_dags/example_external_task_marker_dag.py
[2022-04-04 21:55:28,368] {processor.py:652} INFO - DAG(s) dict_keys(['example_external_task_marker_parent', 'example_external_task_marker_child']) retrieved from /home/airflow/.local/lib/python3.7/site-packages/airflow/example_dags/example_external_task_marker_dag.py
[2022-04-04 21:55:28,396] {logging_mixin.py:109} INFO - [2022-04-04 21:55:28,396] {dag.py:2398} INFO - Sync 2 DAGs
[2022-04-04 21:55:28,417] {logging_mixin.py:109} INFO - [2022-04-04 21:55:28,417] {dag.py:2937} INFO - Setting next_dagrun for example_external_task_marker_child to None
[2022-04-04 21:55:28,418] {logging_mixin.py:109} INFO - [2022-04-04 21:55:28,417] {dag.py:2937} INFO - Setting next_dagrun for example_external_task_marker_parent to None
[2022-04-04 21:55:28,432] {processor.py:171} INFO - Processing /home/airflow/.local/lib/python3.7/site-packages/airflow/example_dags/example_external_task_marker_dag.py took 0.087 seconds
[2022-04-04 21:55:58,480] {processor.py:163} INFO - Started process (PID=1216) to work on /home/airflow/.local/lib/python3.7/site-packages/airflow/example_dags/example_external_task_marker_dag.py
[2022-04-04 21:55:58,481] {processor.py:642} INFO - Processing file /home/airflow/.local/lib/python3.7/site-packages/airflow/example_dags/example_external_task_marker_dag.py for tasks to queue
[2022-04-04 21:55:58,482] {logging_mixin.py:109} INFO - [2022-04-04 21:55:58,482] {dagbag.py:500} INFO - Filling up the DagBag from /home/airflow/.local/lib/python3.7/site-packages/airflow/example_dags/example_external_task_marker_dag.py
[2022-04-04 21:55:58,501] {processor.py:652} INFO - DAG(s) dict_keys(['example_external_task_marker_parent', 'example_external_task_marker_child']) retrieved from /home/airflow/.local/lib/python3.7/site-packages/airflow/example_dags/example_external_task_marker_dag.py
[2022-04-04 21:55:58,532] {logging_mixin.py:109} INFO - [2022-04-04 21:55:58,532] {dag.py:2398} INFO - Sync 2 DAGs
[2022-04-04 21:55:58,551] {logging_mixin.py:109} INFO - [2022-04-04 21:55:58,551] {dag.py:2937} INFO - Setting next_dagrun for example_external_task_marker_child to None
[2022-04-04 21:55:58,552] {logging_mixin.py:109} INFO - [2022-04-04 21:55:58,552] {dag.py:2937} INFO - Setting next_dagrun for example_external_task_marker_parent to None
[2022-04-04 21:55:58,563] {processor.py:171} INFO - Processing /home/airflow/.local/lib/python3.7/site-packages/airflow/example_dags/example_external_task_marker_dag.py took 0.087 seconds
[2022-04-04 21:56:28,645] {processor.py:163} INFO - Started process (PID=1267) to work on /home/airflow/.local/lib/python3.7/site-packages/airflow/example_dags/example_external_task_marker_dag.py
[2022-04-04 21:56:28,646] {processor.py:642} INFO - Processing file /home/airflow/.local/lib/python3.7/site-packages/airflow/example_dags/example_external_task_marker_dag.py for tasks to queue
[2022-04-04 21:56:28,647] {logging_mixin.py:109} INFO - [2022-04-04 21:56:28,647] {dagbag.py:500} INFO - Filling up the DagBag from /home/airflow/.local/lib/python3.7/site-packages/airflow/example_dags/example_external_task_marker_dag.py
[2022-04-04 21:56:28,664] {processor.py:652} INFO - DAG(s) dict_keys(['example_external_task_marker_parent', 'example_external_task_marker_child']) retrieved from /home/airflow/.local/lib/python3.7/site-packages/airflow/example_dags/example_external_task_marker_dag.py
[2022-04-04 21:56:28,694] {logging_mixin.py:109} INFO - [2022-04-04 21:56:28,693] {dag.py:2398} INFO - Sync 2 DAGs
[2022-04-04 21:56:28,715] {logging_mixin.py:109} INFO - [2022-04-04 21:56:28,715] {dag.py:2937} INFO - Setting next_dagrun for example_external_task_marker_child to None
[2022-04-04 21:56:28,715] {logging_mixin.py:109} INFO - [2022-04-04 21:56:28,715] {dag.py:2937} INFO - Setting next_dagrun for example_external_task_marker_parent to None
[2022-04-04 21:56:28,729] {processor.py:171} INFO - Processing /home/airflow/.local/lib/python3.7/site-packages/airflow/example_dags/example_external_task_marker_dag.py took 0.088 seconds
[2022-04-04 21:56:58,997] {processor.py:163} INFO - Started process (PID=1328) to work on /home/airflow/.local/lib/python3.7/site-packages/airflow/example_dags/example_external_task_marker_dag.py
[2022-04-04 21:56:58,999] {processor.py:642} INFO - Processing file /home/airflow/.local/lib/python3.7/site-packages/airflow/example_dags/example_external_task_marker_dag.py for tasks to queue
[2022-04-04 21:56:59,000] {logging_mixin.py:109} INFO - [2022-04-04 21:56:59,000] {dagbag.py:500} INFO - Filling up the DagBag from /home/airflow/.local/lib/python3.7/site-packages/airflow/example_dags/example_external_task_marker_dag.py
[2022-04-04 21:56:59,021] {processor.py:652} INFO - DAG(s) dict_keys(['example_external_task_marker_parent', 'example_external_task_marker_child']) retrieved from /home/airflow/.local/lib/python3.7/site-packages/airflow/example_dags/example_external_task_marker_dag.py
[2022-04-04 21:56:59,057] {logging_mixin.py:109} INFO - [2022-04-04 21:56:59,057] {dag.py:2398} INFO - Sync 2 DAGs
[2022-04-04 21:56:59,082] {logging_mixin.py:109} INFO - [2022-04-04 21:56:59,082] {dag.py:2937} INFO - Setting next_dagrun for example_external_task_marker_child to None
[2022-04-04 21:56:59,083] {logging_mixin.py:109} INFO - [2022-04-04 21:56:59,083] {dag.py:2937} INFO - Setting next_dagrun for example_external_task_marker_parent to None
[2022-04-04 21:56:59,098] {processor.py:171} INFO - Processing /home/airflow/.local/lib/python3.7/site-packages/airflow/example_dags/example_external_task_marker_dag.py took 0.105 seconds
[2022-04-04 21:57:29,135] {processor.py:163} INFO - Started process (PID=1379) to work on /home/airflow/.local/lib/python3.7/site-packages/airflow/example_dags/example_external_task_marker_dag.py
[2022-04-04 21:57:29,137] {processor.py:642} INFO - Processing file /home/airflow/.local/lib/python3.7/site-packages/airflow/example_dags/example_external_task_marker_dag.py for tasks to queue
[2022-04-04 21:57:29,137] {logging_mixin.py:109} INFO - [2022-04-04 21:57:29,137] {dagbag.py:500} INFO - Filling up the DagBag from /home/airflow/.local/lib/python3.7/site-packages/airflow/example_dags/example_external_task_marker_dag.py
[2022-04-04 21:57:29,160] {processor.py:652} INFO - DAG(s) dict_keys(['example_external_task_marker_parent', 'example_external_task_marker_child']) retrieved from /home/airflow/.local/lib/python3.7/site-packages/airflow/example_dags/example_external_task_marker_dag.py
[2022-04-04 21:57:29,195] {logging_mixin.py:109} INFO - [2022-04-04 21:57:29,194] {dag.py:2398} INFO - Sync 2 DAGs
[2022-04-04 21:57:29,219] {logging_mixin.py:109} INFO - [2022-04-04 21:57:29,218] {dag.py:2937} INFO - Setting next_dagrun for example_external_task_marker_child to None
[2022-04-04 21:57:29,219] {logging_mixin.py:109} INFO - [2022-04-04 21:57:29,219] {dag.py:2937} INFO - Setting next_dagrun for example_external_task_marker_parent to None
[2022-04-04 21:57:29,234] {processor.py:171} INFO - Processing /home/airflow/.local/lib/python3.7/site-packages/airflow/example_dags/example_external_task_marker_dag.py took 0.102 seconds
[2022-04-04 21:57:59,500] {processor.py:163} INFO - Started process (PID=1432) to work on /home/airflow/.local/lib/python3.7/site-packages/airflow/example_dags/example_external_task_marker_dag.py
[2022-04-04 21:57:59,502] {processor.py:642} INFO - Processing file /home/airflow/.local/lib/python3.7/site-packages/airflow/example_dags/example_external_task_marker_dag.py for tasks to queue
[2022-04-04 21:57:59,502] {logging_mixin.py:109} INFO - [2022-04-04 21:57:59,502] {dagbag.py:500} INFO - Filling up the DagBag from /home/airflow/.local/lib/python3.7/site-packages/airflow/example_dags/example_external_task_marker_dag.py
[2022-04-04 21:57:59,522] {processor.py:652} INFO - DAG(s) dict_keys(['example_external_task_marker_parent', 'example_external_task_marker_child']) retrieved from /home/airflow/.local/lib/python3.7/site-packages/airflow/example_dags/example_external_task_marker_dag.py
[2022-04-04 21:57:59,557] {logging_mixin.py:109} INFO - [2022-04-04 21:57:59,557] {dag.py:2398} INFO - Sync 2 DAGs
[2022-04-04 21:57:59,585] {logging_mixin.py:109} INFO - [2022-04-04 21:57:59,585] {dag.py:2937} INFO - Setting next_dagrun for example_external_task_marker_child to None
[2022-04-04 21:57:59,585] {logging_mixin.py:109} INFO - [2022-04-04 21:57:59,585] {dag.py:2937} INFO - Setting next_dagrun for example_external_task_marker_parent to None
[2022-04-04 21:57:59,599] {processor.py:171} INFO - Processing /home/airflow/.local/lib/python3.7/site-packages/airflow/example_dags/example_external_task_marker_dag.py took 0.103 seconds
[2022-04-04 21:58:29,793] {processor.py:163} INFO - Started process (PID=1484) to work on /home/airflow/.local/lib/python3.7/site-packages/airflow/example_dags/example_external_task_marker_dag.py
[2022-04-04 21:58:29,795] {processor.py:642} INFO - Processing file /home/airflow/.local/lib/python3.7/site-packages/airflow/example_dags/example_external_task_marker_dag.py for tasks to queue
[2022-04-04 21:58:29,796] {logging_mixin.py:109} INFO - [2022-04-04 21:58:29,796] {dagbag.py:500} INFO - Filling up the DagBag from /home/airflow/.local/lib/python3.7/site-packages/airflow/example_dags/example_external_task_marker_dag.py
[2022-04-04 21:58:29,824] {processor.py:652} INFO - DAG(s) dict_keys(['example_external_task_marker_parent', 'example_external_task_marker_child']) retrieved from /home/airflow/.local/lib/python3.7/site-packages/airflow/example_dags/example_external_task_marker_dag.py
[2022-04-04 21:58:29,868] {logging_mixin.py:109} INFO - [2022-04-04 21:58:29,867] {dag.py:2398} INFO - Sync 2 DAGs
[2022-04-04 21:58:29,895] {logging_mixin.py:109} INFO - [2022-04-04 21:58:29,895] {dag.py:2937} INFO - Setting next_dagrun for example_external_task_marker_child to None
[2022-04-04 21:58:29,895] {logging_mixin.py:109} INFO - [2022-04-04 21:58:29,895] {dag.py:2937} INFO - Setting next_dagrun for example_external_task_marker_parent to None
[2022-04-04 21:58:29,908] {processor.py:171} INFO - Processing /home/airflow/.local/lib/python3.7/site-packages/airflow/example_dags/example_external_task_marker_dag.py took 0.124 seconds
[2022-04-04 21:58:59,987] {processor.py:163} INFO - Started process (PID=1543) to work on /home/airflow/.local/lib/python3.7/site-packages/airflow/example_dags/example_external_task_marker_dag.py
[2022-04-04 21:58:59,989] {processor.py:642} INFO - Processing file /home/airflow/.local/lib/python3.7/site-packages/airflow/example_dags/example_external_task_marker_dag.py for tasks to queue
[2022-04-04 21:58:59,990] {logging_mixin.py:109} INFO - [2022-04-04 21:58:59,990] {dagbag.py:500} INFO - Filling up the DagBag from /home/airflow/.local/lib/python3.7/site-packages/airflow/example_dags/example_external_task_marker_dag.py
[2022-04-04 21:59:00,014] {processor.py:652} INFO - DAG(s) dict_keys(['example_external_task_marker_parent', 'example_external_task_marker_child']) retrieved from /home/airflow/.local/lib/python3.7/site-packages/airflow/example_dags/example_external_task_marker_dag.py
[2022-04-04 21:59:00,059] {logging_mixin.py:109} INFO - [2022-04-04 21:59:00,059] {dag.py:2398} INFO - Sync 2 DAGs
[2022-04-04 21:59:00,090] {logging_mixin.py:109} INFO - [2022-04-04 21:59:00,090] {dag.py:2937} INFO - Setting next_dagrun for example_external_task_marker_child to None
[2022-04-04 21:59:00,090] {logging_mixin.py:109} INFO - [2022-04-04 21:59:00,090] {dag.py:2937} INFO - Setting next_dagrun for example_external_task_marker_parent to None
[2022-04-04 21:59:00,107] {processor.py:171} INFO - Processing /home/airflow/.local/lib/python3.7/site-packages/airflow/example_dags/example_external_task_marker_dag.py took 0.125 seconds
