[2022-04-04 21:47:01,378] {processor.py:163} INFO - Started process (PID=87) to work on /home/airflow/.local/lib/python3.7/site-packages/airflow/example_dags/example_dag_decorator.py
[2022-04-04 21:47:01,379] {processor.py:642} INFO - Processing file /home/airflow/.local/lib/python3.7/site-packages/airflow/example_dags/example_dag_decorator.py for tasks to queue
[2022-04-04 21:47:01,380] {logging_mixin.py:109} INFO - [2022-04-04 21:47:01,380] {dagbag.py:500} INFO - Filling up the DagBag from /home/airflow/.local/lib/python3.7/site-packages/airflow/example_dags/example_dag_decorator.py
[2022-04-04 21:47:01,443] {processor.py:652} INFO - DAG(s) dict_keys(['example_dag_decorator']) retrieved from /home/airflow/.local/lib/python3.7/site-packages/airflow/example_dags/example_dag_decorator.py
[2022-04-04 21:47:05,466] {logging_mixin.py:109} INFO - [2022-04-04 21:47:05,466] {manager.py:496} INFO - Created Permission View: can edit on DAG:example_dag_decorator
[2022-04-04 21:47:05,487] {logging_mixin.py:109} INFO - [2022-04-04 21:47:05,487] {manager.py:496} INFO - Created Permission View: can read on DAG:example_dag_decorator
[2022-04-04 21:47:05,488] {logging_mixin.py:109} INFO - [2022-04-04 21:47:05,487] {dag.py:2398} INFO - Sync 1 DAGs
[2022-04-04 21:47:05,501] {logging_mixin.py:109} INFO - [2022-04-04 21:47:05,500] {dag.py:2417} INFO - Creating ORM DAG for example_dag_decorator
[2022-04-04 21:47:05,518] {logging_mixin.py:109} INFO - [2022-04-04 21:47:05,518] {dag.py:2937} INFO - Setting next_dagrun for example_dag_decorator to None
[2022-04-04 21:47:05,548] {processor.py:171} INFO - Processing /home/airflow/.local/lib/python3.7/site-packages/airflow/example_dags/example_dag_decorator.py took 4.175 seconds
[2022-04-04 21:47:53,739] {processor.py:163} INFO - Started process (PID=362) to work on /home/airflow/.local/lib/python3.7/site-packages/airflow/example_dags/example_dag_decorator.py
[2022-04-04 21:47:53,741] {processor.py:642} INFO - Processing file /home/airflow/.local/lib/python3.7/site-packages/airflow/example_dags/example_dag_decorator.py for tasks to queue
[2022-04-04 21:47:53,743] {logging_mixin.py:109} INFO - [2022-04-04 21:47:53,742] {dagbag.py:500} INFO - Filling up the DagBag from /home/airflow/.local/lib/python3.7/site-packages/airflow/example_dags/example_dag_decorator.py
[2022-04-04 21:47:53,807] {processor.py:652} INFO - DAG(s) dict_keys(['example_dag_decorator']) retrieved from /home/airflow/.local/lib/python3.7/site-packages/airflow/example_dags/example_dag_decorator.py
[2022-04-04 21:47:54,615] {logging_mixin.py:109} INFO - [2022-04-04 21:47:54,615] {dag.py:2398} INFO - Sync 1 DAGs
[2022-04-04 21:47:54,672] {logging_mixin.py:109} INFO - [2022-04-04 21:47:54,672] {dag.py:2937} INFO - Setting next_dagrun for example_dag_decorator to None
[2022-04-04 21:47:54,698] {processor.py:171} INFO - Processing /home/airflow/.local/lib/python3.7/site-packages/airflow/example_dags/example_dag_decorator.py took 0.965 seconds
[2022-04-04 21:48:24,883] {processor.py:163} INFO - Started process (PID=418) to work on /home/airflow/.local/lib/python3.7/site-packages/airflow/example_dags/example_dag_decorator.py
[2022-04-04 21:48:24,885] {processor.py:642} INFO - Processing file /home/airflow/.local/lib/python3.7/site-packages/airflow/example_dags/example_dag_decorator.py for tasks to queue
[2022-04-04 21:48:24,886] {logging_mixin.py:109} INFO - [2022-04-04 21:48:24,886] {dagbag.py:500} INFO - Filling up the DagBag from /home/airflow/.local/lib/python3.7/site-packages/airflow/example_dags/example_dag_decorator.py
[2022-04-04 21:48:24,936] {processor.py:652} INFO - DAG(s) dict_keys(['example_dag_decorator']) retrieved from /home/airflow/.local/lib/python3.7/site-packages/airflow/example_dags/example_dag_decorator.py
[2022-04-04 21:48:25,471] {logging_mixin.py:109} INFO - [2022-04-04 21:48:25,471] {dag.py:2398} INFO - Sync 1 DAGs
[2022-04-04 21:48:25,501] {logging_mixin.py:109} INFO - [2022-04-04 21:48:25,501] {dag.py:2937} INFO - Setting next_dagrun for example_dag_decorator to None
[2022-04-04 21:48:25,515] {processor.py:171} INFO - Processing /home/airflow/.local/lib/python3.7/site-packages/airflow/example_dags/example_dag_decorator.py took 0.642 seconds
[2022-04-04 21:48:56,385] {processor.py:163} INFO - Started process (PID=472) to work on /home/airflow/.local/lib/python3.7/site-packages/airflow/example_dags/example_dag_decorator.py
[2022-04-04 21:48:56,386] {processor.py:642} INFO - Processing file /home/airflow/.local/lib/python3.7/site-packages/airflow/example_dags/example_dag_decorator.py for tasks to queue
[2022-04-04 21:48:56,387] {logging_mixin.py:109} INFO - [2022-04-04 21:48:56,387] {dagbag.py:500} INFO - Filling up the DagBag from /home/airflow/.local/lib/python3.7/site-packages/airflow/example_dags/example_dag_decorator.py
[2022-04-04 21:48:56,422] {processor.py:652} INFO - DAG(s) dict_keys(['example_dag_decorator']) retrieved from /home/airflow/.local/lib/python3.7/site-packages/airflow/example_dags/example_dag_decorator.py
[2022-04-04 21:48:56,846] {logging_mixin.py:109} INFO - [2022-04-04 21:48:56,846] {dag.py:2398} INFO - Sync 1 DAGs
[2022-04-04 21:48:56,866] {logging_mixin.py:109} INFO - [2022-04-04 21:48:56,865] {dag.py:2937} INFO - Setting next_dagrun for example_dag_decorator to None
[2022-04-04 21:48:56,882] {processor.py:171} INFO - Processing /home/airflow/.local/lib/python3.7/site-packages/airflow/example_dags/example_dag_decorator.py took 0.502 seconds
[2022-04-04 21:49:26,929] {processor.py:163} INFO - Started process (PID=523) to work on /home/airflow/.local/lib/python3.7/site-packages/airflow/example_dags/example_dag_decorator.py
[2022-04-04 21:49:26,933] {processor.py:642} INFO - Processing file /home/airflow/.local/lib/python3.7/site-packages/airflow/example_dags/example_dag_decorator.py for tasks to queue
[2022-04-04 21:49:26,933] {logging_mixin.py:109} INFO - [2022-04-04 21:49:26,933] {dagbag.py:500} INFO - Filling up the DagBag from /home/airflow/.local/lib/python3.7/site-packages/airflow/example_dags/example_dag_decorator.py
[2022-04-04 21:49:26,967] {processor.py:652} INFO - DAG(s) dict_keys(['example_dag_decorator']) retrieved from /home/airflow/.local/lib/python3.7/site-packages/airflow/example_dags/example_dag_decorator.py
[2022-04-04 21:49:27,438] {logging_mixin.py:109} INFO - [2022-04-04 21:49:27,438] {dag.py:2398} INFO - Sync 1 DAGs
[2022-04-04 21:49:27,459] {logging_mixin.py:109} INFO - [2022-04-04 21:49:27,459] {dag.py:2937} INFO - Setting next_dagrun for example_dag_decorator to None
[2022-04-04 21:49:27,476] {processor.py:171} INFO - Processing /home/airflow/.local/lib/python3.7/site-packages/airflow/example_dags/example_dag_decorator.py took 0.551 seconds
[2022-04-04 21:49:57,901] {processor.py:163} INFO - Started process (PID=584) to work on /home/airflow/.local/lib/python3.7/site-packages/airflow/example_dags/example_dag_decorator.py
[2022-04-04 21:49:57,904] {processor.py:642} INFO - Processing file /home/airflow/.local/lib/python3.7/site-packages/airflow/example_dags/example_dag_decorator.py for tasks to queue
[2022-04-04 21:49:57,905] {logging_mixin.py:109} INFO - [2022-04-04 21:49:57,905] {dagbag.py:500} INFO - Filling up the DagBag from /home/airflow/.local/lib/python3.7/site-packages/airflow/example_dags/example_dag_decorator.py
[2022-04-04 21:49:57,937] {processor.py:652} INFO - DAG(s) dict_keys(['example_dag_decorator']) retrieved from /home/airflow/.local/lib/python3.7/site-packages/airflow/example_dags/example_dag_decorator.py
[2022-04-04 21:49:58,352] {logging_mixin.py:109} INFO - [2022-04-04 21:49:58,352] {dag.py:2398} INFO - Sync 1 DAGs
[2022-04-04 21:49:58,371] {logging_mixin.py:109} INFO - [2022-04-04 21:49:58,371] {dag.py:2937} INFO - Setting next_dagrun for example_dag_decorator to None
[2022-04-04 21:49:58,390] {processor.py:171} INFO - Processing /home/airflow/.local/lib/python3.7/site-packages/airflow/example_dags/example_dag_decorator.py took 0.493 seconds
[2022-04-04 21:50:28,757] {processor.py:163} INFO - Started process (PID=636) to work on /home/airflow/.local/lib/python3.7/site-packages/airflow/example_dags/example_dag_decorator.py
[2022-04-04 21:50:28,758] {processor.py:642} INFO - Processing file /home/airflow/.local/lib/python3.7/site-packages/airflow/example_dags/example_dag_decorator.py for tasks to queue
[2022-04-04 21:50:28,759] {logging_mixin.py:109} INFO - [2022-04-04 21:50:28,759] {dagbag.py:500} INFO - Filling up the DagBag from /home/airflow/.local/lib/python3.7/site-packages/airflow/example_dags/example_dag_decorator.py
[2022-04-04 21:50:28,785] {processor.py:652} INFO - DAG(s) dict_keys(['example_dag_decorator']) retrieved from /home/airflow/.local/lib/python3.7/site-packages/airflow/example_dags/example_dag_decorator.py
[2022-04-04 21:50:29,199] {logging_mixin.py:109} INFO - [2022-04-04 21:50:29,199] {dag.py:2398} INFO - Sync 1 DAGs
[2022-04-04 21:50:29,218] {logging_mixin.py:109} INFO - [2022-04-04 21:50:29,218] {dag.py:2937} INFO - Setting next_dagrun for example_dag_decorator to None
[2022-04-04 21:50:29,233] {processor.py:171} INFO - Processing /home/airflow/.local/lib/python3.7/site-packages/airflow/example_dags/example_dag_decorator.py took 0.481 seconds
[2022-04-04 21:50:59,712] {processor.py:163} INFO - Started process (PID=687) to work on /home/airflow/.local/lib/python3.7/site-packages/airflow/example_dags/example_dag_decorator.py
[2022-04-04 21:50:59,716] {processor.py:642} INFO - Processing file /home/airflow/.local/lib/python3.7/site-packages/airflow/example_dags/example_dag_decorator.py for tasks to queue
[2022-04-04 21:50:59,716] {logging_mixin.py:109} INFO - [2022-04-04 21:50:59,716] {dagbag.py:500} INFO - Filling up the DagBag from /home/airflow/.local/lib/python3.7/site-packages/airflow/example_dags/example_dag_decorator.py
[2022-04-04 21:50:59,747] {processor.py:652} INFO - DAG(s) dict_keys(['example_dag_decorator']) retrieved from /home/airflow/.local/lib/python3.7/site-packages/airflow/example_dags/example_dag_decorator.py
[2022-04-04 21:51:00,177] {logging_mixin.py:109} INFO - [2022-04-04 21:51:00,177] {dag.py:2398} INFO - Sync 1 DAGs
[2022-04-04 21:51:00,198] {logging_mixin.py:109} INFO - [2022-04-04 21:51:00,198] {dag.py:2937} INFO - Setting next_dagrun for example_dag_decorator to None
[2022-04-04 21:51:00,212] {processor.py:171} INFO - Processing /home/airflow/.local/lib/python3.7/site-packages/airflow/example_dags/example_dag_decorator.py took 0.504 seconds
[2022-04-04 21:51:30,511] {processor.py:163} INFO - Started process (PID=747) to work on /home/airflow/.local/lib/python3.7/site-packages/airflow/example_dags/example_dag_decorator.py
[2022-04-04 21:51:30,512] {processor.py:642} INFO - Processing file /home/airflow/.local/lib/python3.7/site-packages/airflow/example_dags/example_dag_decorator.py for tasks to queue
[2022-04-04 21:51:30,513] {logging_mixin.py:109} INFO - [2022-04-04 21:51:30,512] {dagbag.py:500} INFO - Filling up the DagBag from /home/airflow/.local/lib/python3.7/site-packages/airflow/example_dags/example_dag_decorator.py
[2022-04-04 21:51:30,544] {processor.py:652} INFO - DAG(s) dict_keys(['example_dag_decorator']) retrieved from /home/airflow/.local/lib/python3.7/site-packages/airflow/example_dags/example_dag_decorator.py
[2022-04-04 21:51:30,990] {logging_mixin.py:109} INFO - [2022-04-04 21:51:30,989] {dag.py:2398} INFO - Sync 1 DAGs
[2022-04-04 21:51:31,007] {logging_mixin.py:109} INFO - [2022-04-04 21:51:31,007] {dag.py:2937} INFO - Setting next_dagrun for example_dag_decorator to None
[2022-04-04 21:51:31,025] {processor.py:171} INFO - Processing /home/airflow/.local/lib/python3.7/site-packages/airflow/example_dags/example_dag_decorator.py took 0.518 seconds
[2022-04-04 21:52:01,291] {processor.py:163} INFO - Started process (PID=799) to work on /home/airflow/.local/lib/python3.7/site-packages/airflow/example_dags/example_dag_decorator.py
[2022-04-04 21:52:01,292] {processor.py:642} INFO - Processing file /home/airflow/.local/lib/python3.7/site-packages/airflow/example_dags/example_dag_decorator.py for tasks to queue
[2022-04-04 21:52:01,293] {logging_mixin.py:109} INFO - [2022-04-04 21:52:01,293] {dagbag.py:500} INFO - Filling up the DagBag from /home/airflow/.local/lib/python3.7/site-packages/airflow/example_dags/example_dag_decorator.py
[2022-04-04 21:52:01,323] {processor.py:652} INFO - DAG(s) dict_keys(['example_dag_decorator']) retrieved from /home/airflow/.local/lib/python3.7/site-packages/airflow/example_dags/example_dag_decorator.py
[2022-04-04 21:52:01,711] {logging_mixin.py:109} INFO - [2022-04-04 21:52:01,711] {dag.py:2398} INFO - Sync 1 DAGs
[2022-04-04 21:52:01,730] {logging_mixin.py:109} INFO - [2022-04-04 21:52:01,730] {dag.py:2937} INFO - Setting next_dagrun for example_dag_decorator to None
[2022-04-04 21:52:01,751] {processor.py:171} INFO - Processing /home/airflow/.local/lib/python3.7/site-packages/airflow/example_dags/example_dag_decorator.py took 0.464 seconds
[2022-04-04 21:52:31,844] {processor.py:163} INFO - Started process (PID=850) to work on /home/airflow/.local/lib/python3.7/site-packages/airflow/example_dags/example_dag_decorator.py
[2022-04-04 21:52:31,846] {processor.py:642} INFO - Processing file /home/airflow/.local/lib/python3.7/site-packages/airflow/example_dags/example_dag_decorator.py for tasks to queue
[2022-04-04 21:52:31,847] {logging_mixin.py:109} INFO - [2022-04-04 21:52:31,847] {dagbag.py:500} INFO - Filling up the DagBag from /home/airflow/.local/lib/python3.7/site-packages/airflow/example_dags/example_dag_decorator.py
[2022-04-04 21:52:31,874] {processor.py:652} INFO - DAG(s) dict_keys(['example_dag_decorator']) retrieved from /home/airflow/.local/lib/python3.7/site-packages/airflow/example_dags/example_dag_decorator.py
[2022-04-04 21:52:32,227] {logging_mixin.py:109} INFO - [2022-04-04 21:52:32,226] {dag.py:2398} INFO - Sync 1 DAGs
[2022-04-04 21:52:32,244] {logging_mixin.py:109} INFO - [2022-04-04 21:52:32,244] {dag.py:2937} INFO - Setting next_dagrun for example_dag_decorator to None
[2022-04-04 21:52:32,261] {processor.py:171} INFO - Processing /home/airflow/.local/lib/python3.7/site-packages/airflow/example_dags/example_dag_decorator.py took 0.420 seconds
[2022-04-04 21:53:03,096] {processor.py:163} INFO - Started process (PID=910) to work on /home/airflow/.local/lib/python3.7/site-packages/airflow/example_dags/example_dag_decorator.py
[2022-04-04 21:53:03,099] {processor.py:642} INFO - Processing file /home/airflow/.local/lib/python3.7/site-packages/airflow/example_dags/example_dag_decorator.py for tasks to queue
[2022-04-04 21:53:03,100] {logging_mixin.py:109} INFO - [2022-04-04 21:53:03,100] {dagbag.py:500} INFO - Filling up the DagBag from /home/airflow/.local/lib/python3.7/site-packages/airflow/example_dags/example_dag_decorator.py
[2022-04-04 21:53:03,128] {processor.py:652} INFO - DAG(s) dict_keys(['example_dag_decorator']) retrieved from /home/airflow/.local/lib/python3.7/site-packages/airflow/example_dags/example_dag_decorator.py
[2022-04-04 21:53:03,496] {logging_mixin.py:109} INFO - [2022-04-04 21:53:03,495] {dag.py:2398} INFO - Sync 1 DAGs
[2022-04-04 21:53:03,515] {logging_mixin.py:109} INFO - [2022-04-04 21:53:03,515] {dag.py:2937} INFO - Setting next_dagrun for example_dag_decorator to None
[2022-04-04 21:53:03,531] {processor.py:171} INFO - Processing /home/airflow/.local/lib/python3.7/site-packages/airflow/example_dags/example_dag_decorator.py took 0.440 seconds
[2022-04-04 21:53:34,368] {processor.py:163} INFO - Started process (PID=961) to work on /home/airflow/.local/lib/python3.7/site-packages/airflow/example_dags/example_dag_decorator.py
[2022-04-04 21:53:34,371] {processor.py:642} INFO - Processing file /home/airflow/.local/lib/python3.7/site-packages/airflow/example_dags/example_dag_decorator.py for tasks to queue
[2022-04-04 21:53:34,372] {logging_mixin.py:109} INFO - [2022-04-04 21:53:34,372] {dagbag.py:500} INFO - Filling up the DagBag from /home/airflow/.local/lib/python3.7/site-packages/airflow/example_dags/example_dag_decorator.py
[2022-04-04 21:53:34,401] {processor.py:652} INFO - DAG(s) dict_keys(['example_dag_decorator']) retrieved from /home/airflow/.local/lib/python3.7/site-packages/airflow/example_dags/example_dag_decorator.py
[2022-04-04 21:53:34,832] {logging_mixin.py:109} INFO - [2022-04-04 21:53:34,832] {dag.py:2398} INFO - Sync 1 DAGs
[2022-04-04 21:53:34,849] {logging_mixin.py:109} INFO - [2022-04-04 21:53:34,849] {dag.py:2937} INFO - Setting next_dagrun for example_dag_decorator to None
[2022-04-04 21:53:34,863] {processor.py:171} INFO - Processing /home/airflow/.local/lib/python3.7/site-packages/airflow/example_dags/example_dag_decorator.py took 0.499 seconds
[2022-04-04 21:54:05,047] {processor.py:163} INFO - Started process (PID=1022) to work on /home/airflow/.local/lib/python3.7/site-packages/airflow/example_dags/example_dag_decorator.py
[2022-04-04 21:54:05,049] {processor.py:642} INFO - Processing file /home/airflow/.local/lib/python3.7/site-packages/airflow/example_dags/example_dag_decorator.py for tasks to queue
[2022-04-04 21:54:05,050] {logging_mixin.py:109} INFO - [2022-04-04 21:54:05,050] {dagbag.py:500} INFO - Filling up the DagBag from /home/airflow/.local/lib/python3.7/site-packages/airflow/example_dags/example_dag_decorator.py
[2022-04-04 21:54:05,090] {processor.py:652} INFO - DAG(s) dict_keys(['example_dag_decorator']) retrieved from /home/airflow/.local/lib/python3.7/site-packages/airflow/example_dags/example_dag_decorator.py
[2022-04-04 21:54:05,580] {logging_mixin.py:109} INFO - [2022-04-04 21:54:05,580] {dag.py:2398} INFO - Sync 1 DAGs
[2022-04-04 21:54:05,610] {logging_mixin.py:109} INFO - [2022-04-04 21:54:05,610] {dag.py:2937} INFO - Setting next_dagrun for example_dag_decorator to None
[2022-04-04 21:54:05,628] {processor.py:171} INFO - Processing /home/airflow/.local/lib/python3.7/site-packages/airflow/example_dags/example_dag_decorator.py took 0.586 seconds
[2022-04-04 21:54:35,829] {processor.py:163} INFO - Started process (PID=1074) to work on /home/airflow/.local/lib/python3.7/site-packages/airflow/example_dags/example_dag_decorator.py
[2022-04-04 21:54:35,830] {processor.py:642} INFO - Processing file /home/airflow/.local/lib/python3.7/site-packages/airflow/example_dags/example_dag_decorator.py for tasks to queue
[2022-04-04 21:54:35,831] {logging_mixin.py:109} INFO - [2022-04-04 21:54:35,831] {dagbag.py:500} INFO - Filling up the DagBag from /home/airflow/.local/lib/python3.7/site-packages/airflow/example_dags/example_dag_decorator.py
[2022-04-04 21:54:35,863] {processor.py:652} INFO - DAG(s) dict_keys(['example_dag_decorator']) retrieved from /home/airflow/.local/lib/python3.7/site-packages/airflow/example_dags/example_dag_decorator.py
[2022-04-04 21:54:36,280] {logging_mixin.py:109} INFO - [2022-04-04 21:54:36,279] {dag.py:2398} INFO - Sync 1 DAGs
[2022-04-04 21:54:36,302] {logging_mixin.py:109} INFO - [2022-04-04 21:54:36,302] {dag.py:2937} INFO - Setting next_dagrun for example_dag_decorator to None
[2022-04-04 21:54:36,322] {processor.py:171} INFO - Processing /home/airflow/.local/lib/python3.7/site-packages/airflow/example_dags/example_dag_decorator.py took 0.496 seconds
[2022-04-04 21:55:06,647] {processor.py:163} INFO - Started process (PID=1124) to work on /home/airflow/.local/lib/python3.7/site-packages/airflow/example_dags/example_dag_decorator.py
[2022-04-04 21:55:06,648] {processor.py:642} INFO - Processing file /home/airflow/.local/lib/python3.7/site-packages/airflow/example_dags/example_dag_decorator.py for tasks to queue
[2022-04-04 21:55:06,649] {logging_mixin.py:109} INFO - [2022-04-04 21:55:06,649] {dagbag.py:500} INFO - Filling up the DagBag from /home/airflow/.local/lib/python3.7/site-packages/airflow/example_dags/example_dag_decorator.py
[2022-04-04 21:55:06,680] {processor.py:652} INFO - DAG(s) dict_keys(['example_dag_decorator']) retrieved from /home/airflow/.local/lib/python3.7/site-packages/airflow/example_dags/example_dag_decorator.py
[2022-04-04 21:55:07,100] {logging_mixin.py:109} INFO - [2022-04-04 21:55:07,100] {dag.py:2398} INFO - Sync 1 DAGs
[2022-04-04 21:55:07,119] {logging_mixin.py:109} INFO - [2022-04-04 21:55:07,118] {dag.py:2937} INFO - Setting next_dagrun for example_dag_decorator to None
[2022-04-04 21:55:07,134] {processor.py:171} INFO - Processing /home/airflow/.local/lib/python3.7/site-packages/airflow/example_dags/example_dag_decorator.py took 0.490 seconds
[2022-04-04 21:55:37,797] {processor.py:163} INFO - Started process (PID=1183) to work on /home/airflow/.local/lib/python3.7/site-packages/airflow/example_dags/example_dag_decorator.py
[2022-04-04 21:55:37,799] {processor.py:642} INFO - Processing file /home/airflow/.local/lib/python3.7/site-packages/airflow/example_dags/example_dag_decorator.py for tasks to queue
[2022-04-04 21:55:37,800] {logging_mixin.py:109} INFO - [2022-04-04 21:55:37,800] {dagbag.py:500} INFO - Filling up the DagBag from /home/airflow/.local/lib/python3.7/site-packages/airflow/example_dags/example_dag_decorator.py
[2022-04-04 21:55:37,837] {processor.py:652} INFO - DAG(s) dict_keys(['example_dag_decorator']) retrieved from /home/airflow/.local/lib/python3.7/site-packages/airflow/example_dags/example_dag_decorator.py
[2022-04-04 21:55:38,278] {logging_mixin.py:109} INFO - [2022-04-04 21:55:38,278] {dag.py:2398} INFO - Sync 1 DAGs
[2022-04-04 21:55:38,301] {logging_mixin.py:109} INFO - [2022-04-04 21:55:38,301] {dag.py:2937} INFO - Setting next_dagrun for example_dag_decorator to None
[2022-04-04 21:55:38,319] {processor.py:171} INFO - Processing /home/airflow/.local/lib/python3.7/site-packages/airflow/example_dags/example_dag_decorator.py took 0.526 seconds
[2022-04-04 21:56:08,393] {processor.py:163} INFO - Started process (PID=1236) to work on /home/airflow/.local/lib/python3.7/site-packages/airflow/example_dags/example_dag_decorator.py
[2022-04-04 21:56:08,394] {processor.py:642} INFO - Processing file /home/airflow/.local/lib/python3.7/site-packages/airflow/example_dags/example_dag_decorator.py for tasks to queue
[2022-04-04 21:56:08,395] {logging_mixin.py:109} INFO - [2022-04-04 21:56:08,395] {dagbag.py:500} INFO - Filling up the DagBag from /home/airflow/.local/lib/python3.7/site-packages/airflow/example_dags/example_dag_decorator.py
[2022-04-04 21:56:08,425] {processor.py:652} INFO - DAG(s) dict_keys(['example_dag_decorator']) retrieved from /home/airflow/.local/lib/python3.7/site-packages/airflow/example_dags/example_dag_decorator.py
[2022-04-04 21:56:08,885] {logging_mixin.py:109} INFO - [2022-04-04 21:56:08,884] {dag.py:2398} INFO - Sync 1 DAGs
[2022-04-04 21:56:08,915] {logging_mixin.py:109} INFO - [2022-04-04 21:56:08,915] {dag.py:2937} INFO - Setting next_dagrun for example_dag_decorator to None
[2022-04-04 21:56:08,931] {processor.py:171} INFO - Processing /home/airflow/.local/lib/python3.7/site-packages/airflow/example_dags/example_dag_decorator.py took 0.541 seconds
[2022-04-04 21:56:39,773] {processor.py:163} INFO - Started process (PID=1288) to work on /home/airflow/.local/lib/python3.7/site-packages/airflow/example_dags/example_dag_decorator.py
[2022-04-04 21:56:39,774] {processor.py:642} INFO - Processing file /home/airflow/.local/lib/python3.7/site-packages/airflow/example_dags/example_dag_decorator.py for tasks to queue
[2022-04-04 21:56:39,775] {logging_mixin.py:109} INFO - [2022-04-04 21:56:39,775] {dagbag.py:500} INFO - Filling up the DagBag from /home/airflow/.local/lib/python3.7/site-packages/airflow/example_dags/example_dag_decorator.py
[2022-04-04 21:56:39,807] {processor.py:652} INFO - DAG(s) dict_keys(['example_dag_decorator']) retrieved from /home/airflow/.local/lib/python3.7/site-packages/airflow/example_dags/example_dag_decorator.py
[2022-04-04 21:56:40,243] {logging_mixin.py:109} INFO - [2022-04-04 21:56:40,243] {dag.py:2398} INFO - Sync 1 DAGs
[2022-04-04 21:56:40,264] {logging_mixin.py:109} INFO - [2022-04-04 21:56:40,264] {dag.py:2937} INFO - Setting next_dagrun for example_dag_decorator to None
[2022-04-04 21:56:40,280] {processor.py:171} INFO - Processing /home/airflow/.local/lib/python3.7/site-packages/airflow/example_dags/example_dag_decorator.py took 0.510 seconds
[2022-04-04 21:57:10,536] {processor.py:163} INFO - Started process (PID=1350) to work on /home/airflow/.local/lib/python3.7/site-packages/airflow/example_dags/example_dag_decorator.py
[2022-04-04 21:57:10,538] {processor.py:642} INFO - Processing file /home/airflow/.local/lib/python3.7/site-packages/airflow/example_dags/example_dag_decorator.py for tasks to queue
[2022-04-04 21:57:10,539] {logging_mixin.py:109} INFO - [2022-04-04 21:57:10,539] {dagbag.py:500} INFO - Filling up the DagBag from /home/airflow/.local/lib/python3.7/site-packages/airflow/example_dags/example_dag_decorator.py
[2022-04-04 21:57:10,574] {processor.py:652} INFO - DAG(s) dict_keys(['example_dag_decorator']) retrieved from /home/airflow/.local/lib/python3.7/site-packages/airflow/example_dags/example_dag_decorator.py
[2022-04-04 21:57:11,150] {logging_mixin.py:109} INFO - [2022-04-04 21:57:11,150] {dag.py:2398} INFO - Sync 1 DAGs
[2022-04-04 21:57:11,173] {logging_mixin.py:109} INFO - [2022-04-04 21:57:11,173] {dag.py:2937} INFO - Setting next_dagrun for example_dag_decorator to None
[2022-04-04 21:57:11,192] {processor.py:171} INFO - Processing /home/airflow/.local/lib/python3.7/site-packages/airflow/example_dags/example_dag_decorator.py took 0.660 seconds
[2022-04-04 21:57:41,748] {processor.py:163} INFO - Started process (PID=1402) to work on /home/airflow/.local/lib/python3.7/site-packages/airflow/example_dags/example_dag_decorator.py
[2022-04-04 21:57:41,750] {processor.py:642} INFO - Processing file /home/airflow/.local/lib/python3.7/site-packages/airflow/example_dags/example_dag_decorator.py for tasks to queue
[2022-04-04 21:57:41,750] {logging_mixin.py:109} INFO - [2022-04-04 21:57:41,750] {dagbag.py:500} INFO - Filling up the DagBag from /home/airflow/.local/lib/python3.7/site-packages/airflow/example_dags/example_dag_decorator.py
[2022-04-04 21:57:41,795] {processor.py:652} INFO - DAG(s) dict_keys(['example_dag_decorator']) retrieved from /home/airflow/.local/lib/python3.7/site-packages/airflow/example_dags/example_dag_decorator.py
[2022-04-04 21:57:42,242] {logging_mixin.py:109} INFO - [2022-04-04 21:57:42,241] {dag.py:2398} INFO - Sync 1 DAGs
[2022-04-04 21:57:42,260] {logging_mixin.py:109} INFO - [2022-04-04 21:57:42,260] {dag.py:2937} INFO - Setting next_dagrun for example_dag_decorator to None
[2022-04-04 21:57:42,274] {processor.py:171} INFO - Processing /home/airflow/.local/lib/python3.7/site-packages/airflow/example_dags/example_dag_decorator.py took 0.529 seconds
