[2022-04-04 21:46:46,509] {processor.py:163} INFO - Started process (PID=41) to work on /home/airflow/.local/lib/python3.7/site-packages/airflow/example_dags/example_short_circuit_operator.py
[2022-04-04 21:46:46,511] {processor.py:642} INFO - Processing file /home/airflow/.local/lib/python3.7/site-packages/airflow/example_dags/example_short_circuit_operator.py for tasks to queue
[2022-04-04 21:46:46,512] {logging_mixin.py:109} INFO - [2022-04-04 21:46:46,512] {dagbag.py:500} INFO - Filling up the DagBag from /home/airflow/.local/lib/python3.7/site-packages/airflow/example_dags/example_short_circuit_operator.py
[2022-04-04 21:46:46,581] {processor.py:652} INFO - DAG(s) dict_keys(['example_short_circuit_operator']) retrieved from /home/airflow/.local/lib/python3.7/site-packages/airflow/example_dags/example_short_circuit_operator.py
[2022-04-04 21:46:57,364] {logging_mixin.py:109} INFO - [2022-04-04 21:46:57,364] {manager.py:496} INFO - Created Permission View: can edit on DAG:example_short_circuit_operator
[2022-04-04 21:46:57,376] {logging_mixin.py:109} INFO - [2022-04-04 21:46:57,376] {manager.py:496} INFO - Created Permission View: can read on DAG:example_short_circuit_operator
[2022-04-04 21:46:57,376] {logging_mixin.py:109} INFO - [2022-04-04 21:46:57,376] {dag.py:2398} INFO - Sync 1 DAGs
[2022-04-04 21:46:57,390] {logging_mixin.py:109} INFO - [2022-04-04 21:46:57,390] {dag.py:2417} INFO - Creating ORM DAG for example_short_circuit_operator
[2022-04-04 21:46:57,402] {logging_mixin.py:109} INFO - [2022-04-04 21:46:57,402] {dag.py:2937} INFO - Setting next_dagrun for example_short_circuit_operator to 2022-04-03T21:46:57.402116+00:00
[2022-04-04 21:46:57,425] {processor.py:171} INFO - Processing /home/airflow/.local/lib/python3.7/site-packages/airflow/example_dags/example_short_circuit_operator.py took 10.922 seconds
[2022-04-04 21:47:52,754] {processor.py:163} INFO - Started process (PID=356) to work on /home/airflow/.local/lib/python3.7/site-packages/airflow/example_dags/example_short_circuit_operator.py
[2022-04-04 21:47:52,757] {processor.py:642} INFO - Processing file /home/airflow/.local/lib/python3.7/site-packages/airflow/example_dags/example_short_circuit_operator.py for tasks to queue
[2022-04-04 21:47:52,758] {logging_mixin.py:109} INFO - [2022-04-04 21:47:52,758] {dagbag.py:500} INFO - Filling up the DagBag from /home/airflow/.local/lib/python3.7/site-packages/airflow/example_dags/example_short_circuit_operator.py
[2022-04-04 21:47:52,795] {processor.py:652} INFO - DAG(s) dict_keys(['example_short_circuit_operator']) retrieved from /home/airflow/.local/lib/python3.7/site-packages/airflow/example_dags/example_short_circuit_operator.py
[2022-04-04 21:47:52,848] {logging_mixin.py:109} INFO - [2022-04-04 21:47:52,847] {dag.py:2398} INFO - Sync 1 DAGs
[2022-04-04 21:47:52,884] {logging_mixin.py:109} INFO - [2022-04-04 21:47:52,884] {dag.py:2937} INFO - Setting next_dagrun for example_short_circuit_operator to 2022-04-03T21:47:52.882697+00:00
[2022-04-04 21:47:52,908] {processor.py:171} INFO - Processing /home/airflow/.local/lib/python3.7/site-packages/airflow/example_dags/example_short_circuit_operator.py took 0.159 seconds
[2022-04-04 21:48:22,976] {processor.py:163} INFO - Started process (PID=408) to work on /home/airflow/.local/lib/python3.7/site-packages/airflow/example_dags/example_short_circuit_operator.py
[2022-04-04 21:48:22,978] {processor.py:642} INFO - Processing file /home/airflow/.local/lib/python3.7/site-packages/airflow/example_dags/example_short_circuit_operator.py for tasks to queue
[2022-04-04 21:48:22,979] {logging_mixin.py:109} INFO - [2022-04-04 21:48:22,979] {dagbag.py:500} INFO - Filling up the DagBag from /home/airflow/.local/lib/python3.7/site-packages/airflow/example_dags/example_short_circuit_operator.py
[2022-04-04 21:48:23,021] {processor.py:652} INFO - DAG(s) dict_keys(['example_short_circuit_operator']) retrieved from /home/airflow/.local/lib/python3.7/site-packages/airflow/example_dags/example_short_circuit_operator.py
[2022-04-04 21:48:23,056] {logging_mixin.py:109} INFO - [2022-04-04 21:48:23,056] {dag.py:2398} INFO - Sync 1 DAGs
[2022-04-04 21:48:23,087] {logging_mixin.py:109} INFO - [2022-04-04 21:48:23,087] {dag.py:2937} INFO - Setting next_dagrun for example_short_circuit_operator to 2022-04-03T21:48:23.086656+00:00
[2022-04-04 21:48:23,104] {processor.py:171} INFO - Processing /home/airflow/.local/lib/python3.7/site-packages/airflow/example_dags/example_short_circuit_operator.py took 0.133 seconds
[2022-04-04 21:48:53,316] {processor.py:163} INFO - Started process (PID=459) to work on /home/airflow/.local/lib/python3.7/site-packages/airflow/example_dags/example_short_circuit_operator.py
[2022-04-04 21:48:53,317] {processor.py:642} INFO - Processing file /home/airflow/.local/lib/python3.7/site-packages/airflow/example_dags/example_short_circuit_operator.py for tasks to queue
[2022-04-04 21:48:53,318] {logging_mixin.py:109} INFO - [2022-04-04 21:48:53,318] {dagbag.py:500} INFO - Filling up the DagBag from /home/airflow/.local/lib/python3.7/site-packages/airflow/example_dags/example_short_circuit_operator.py
[2022-04-04 21:48:53,337] {processor.py:652} INFO - DAG(s) dict_keys(['example_short_circuit_operator']) retrieved from /home/airflow/.local/lib/python3.7/site-packages/airflow/example_dags/example_short_circuit_operator.py
[2022-04-04 21:48:53,365] {logging_mixin.py:109} INFO - [2022-04-04 21:48:53,365] {dag.py:2398} INFO - Sync 1 DAGs
[2022-04-04 21:48:53,386] {logging_mixin.py:109} INFO - [2022-04-04 21:48:53,386] {dag.py:2937} INFO - Setting next_dagrun for example_short_circuit_operator to 2022-04-03T21:48:53.385969+00:00
[2022-04-04 21:48:53,400] {processor.py:171} INFO - Processing /home/airflow/.local/lib/python3.7/site-packages/airflow/example_dags/example_short_circuit_operator.py took 0.087 seconds
[2022-04-04 21:49:23,809] {processor.py:163} INFO - Started process (PID=510) to work on /home/airflow/.local/lib/python3.7/site-packages/airflow/example_dags/example_short_circuit_operator.py
[2022-04-04 21:49:23,810] {processor.py:642} INFO - Processing file /home/airflow/.local/lib/python3.7/site-packages/airflow/example_dags/example_short_circuit_operator.py for tasks to queue
[2022-04-04 21:49:23,811] {logging_mixin.py:109} INFO - [2022-04-04 21:49:23,811] {dagbag.py:500} INFO - Filling up the DagBag from /home/airflow/.local/lib/python3.7/site-packages/airflow/example_dags/example_short_circuit_operator.py
[2022-04-04 21:49:23,829] {processor.py:652} INFO - DAG(s) dict_keys(['example_short_circuit_operator']) retrieved from /home/airflow/.local/lib/python3.7/site-packages/airflow/example_dags/example_short_circuit_operator.py
[2022-04-04 21:49:23,856] {logging_mixin.py:109} INFO - [2022-04-04 21:49:23,856] {dag.py:2398} INFO - Sync 1 DAGs
[2022-04-04 21:49:23,877] {logging_mixin.py:109} INFO - [2022-04-04 21:49:23,877] {dag.py:2937} INFO - Setting next_dagrun for example_short_circuit_operator to 2022-04-03T21:49:23.877497+00:00
[2022-04-04 21:49:23,890] {processor.py:171} INFO - Processing /home/airflow/.local/lib/python3.7/site-packages/airflow/example_dags/example_short_circuit_operator.py took 0.085 seconds
[2022-04-04 21:49:54,477] {processor.py:163} INFO - Started process (PID=571) to work on /home/airflow/.local/lib/python3.7/site-packages/airflow/example_dags/example_short_circuit_operator.py
[2022-04-04 21:49:54,478] {processor.py:642} INFO - Processing file /home/airflow/.local/lib/python3.7/site-packages/airflow/example_dags/example_short_circuit_operator.py for tasks to queue
[2022-04-04 21:49:54,479] {logging_mixin.py:109} INFO - [2022-04-04 21:49:54,479] {dagbag.py:500} INFO - Filling up the DagBag from /home/airflow/.local/lib/python3.7/site-packages/airflow/example_dags/example_short_circuit_operator.py
[2022-04-04 21:49:54,500] {processor.py:652} INFO - DAG(s) dict_keys(['example_short_circuit_operator']) retrieved from /home/airflow/.local/lib/python3.7/site-packages/airflow/example_dags/example_short_circuit_operator.py
[2022-04-04 21:49:54,532] {logging_mixin.py:109} INFO - [2022-04-04 21:49:54,532] {dag.py:2398} INFO - Sync 1 DAGs
[2022-04-04 21:49:54,568] {logging_mixin.py:109} INFO - [2022-04-04 21:49:54,568] {dag.py:2937} INFO - Setting next_dagrun for example_short_circuit_operator to 2022-04-03T21:49:54.567971+00:00
[2022-04-04 21:49:54,587] {processor.py:171} INFO - Processing /home/airflow/.local/lib/python3.7/site-packages/airflow/example_dags/example_short_circuit_operator.py took 0.115 seconds
[2022-04-04 21:50:24,941] {processor.py:163} INFO - Started process (PID=623) to work on /home/airflow/.local/lib/python3.7/site-packages/airflow/example_dags/example_short_circuit_operator.py
[2022-04-04 21:50:24,942] {processor.py:642} INFO - Processing file /home/airflow/.local/lib/python3.7/site-packages/airflow/example_dags/example_short_circuit_operator.py for tasks to queue
[2022-04-04 21:50:24,943] {logging_mixin.py:109} INFO - [2022-04-04 21:50:24,943] {dagbag.py:500} INFO - Filling up the DagBag from /home/airflow/.local/lib/python3.7/site-packages/airflow/example_dags/example_short_circuit_operator.py
[2022-04-04 21:50:24,963] {processor.py:652} INFO - DAG(s) dict_keys(['example_short_circuit_operator']) retrieved from /home/airflow/.local/lib/python3.7/site-packages/airflow/example_dags/example_short_circuit_operator.py
[2022-04-04 21:50:24,992] {logging_mixin.py:109} INFO - [2022-04-04 21:50:24,992] {dag.py:2398} INFO - Sync 1 DAGs
[2022-04-04 21:50:25,015] {logging_mixin.py:109} INFO - [2022-04-04 21:50:25,015] {dag.py:2937} INFO - Setting next_dagrun for example_short_circuit_operator to 2022-04-03T21:50:25.014969+00:00
[2022-04-04 21:50:25,030] {processor.py:171} INFO - Processing /home/airflow/.local/lib/python3.7/site-packages/airflow/example_dags/example_short_circuit_operator.py took 0.093 seconds
[2022-04-04 21:50:55,203] {processor.py:163} INFO - Started process (PID=674) to work on /home/airflow/.local/lib/python3.7/site-packages/airflow/example_dags/example_short_circuit_operator.py
[2022-04-04 21:50:55,205] {processor.py:642} INFO - Processing file /home/airflow/.local/lib/python3.7/site-packages/airflow/example_dags/example_short_circuit_operator.py for tasks to queue
[2022-04-04 21:50:55,206] {logging_mixin.py:109} INFO - [2022-04-04 21:50:55,205] {dagbag.py:500} INFO - Filling up the DagBag from /home/airflow/.local/lib/python3.7/site-packages/airflow/example_dags/example_short_circuit_operator.py
[2022-04-04 21:50:55,225] {processor.py:652} INFO - DAG(s) dict_keys(['example_short_circuit_operator']) retrieved from /home/airflow/.local/lib/python3.7/site-packages/airflow/example_dags/example_short_circuit_operator.py
[2022-04-04 21:50:55,252] {logging_mixin.py:109} INFO - [2022-04-04 21:50:55,252] {dag.py:2398} INFO - Sync 1 DAGs
[2022-04-04 21:50:55,273] {logging_mixin.py:109} INFO - [2022-04-04 21:50:55,273] {dag.py:2937} INFO - Setting next_dagrun for example_short_circuit_operator to 2022-04-03T21:50:55.273538+00:00
[2022-04-04 21:50:55,288] {processor.py:171} INFO - Processing /home/airflow/.local/lib/python3.7/site-packages/airflow/example_dags/example_short_circuit_operator.py took 0.088 seconds
[2022-04-04 21:51:25,548] {processor.py:163} INFO - Started process (PID=725) to work on /home/airflow/.local/lib/python3.7/site-packages/airflow/example_dags/example_short_circuit_operator.py
[2022-04-04 21:51:25,549] {processor.py:642} INFO - Processing file /home/airflow/.local/lib/python3.7/site-packages/airflow/example_dags/example_short_circuit_operator.py for tasks to queue
[2022-04-04 21:51:25,550] {logging_mixin.py:109} INFO - [2022-04-04 21:51:25,550] {dagbag.py:500} INFO - Filling up the DagBag from /home/airflow/.local/lib/python3.7/site-packages/airflow/example_dags/example_short_circuit_operator.py
[2022-04-04 21:51:25,569] {processor.py:652} INFO - DAG(s) dict_keys(['example_short_circuit_operator']) retrieved from /home/airflow/.local/lib/python3.7/site-packages/airflow/example_dags/example_short_circuit_operator.py
[2022-04-04 21:51:25,595] {logging_mixin.py:109} INFO - [2022-04-04 21:51:25,595] {dag.py:2398} INFO - Sync 1 DAGs
[2022-04-04 21:51:25,617] {logging_mixin.py:109} INFO - [2022-04-04 21:51:25,616] {dag.py:2937} INFO - Setting next_dagrun for example_short_circuit_operator to 2022-04-03T21:51:25.616686+00:00
[2022-04-04 21:51:25,637] {processor.py:171} INFO - Processing /home/airflow/.local/lib/python3.7/site-packages/airflow/example_dags/example_short_circuit_operator.py took 0.093 seconds
[2022-04-04 21:51:56,085] {processor.py:163} INFO - Started process (PID=786) to work on /home/airflow/.local/lib/python3.7/site-packages/airflow/example_dags/example_short_circuit_operator.py
[2022-04-04 21:51:56,086] {processor.py:642} INFO - Processing file /home/airflow/.local/lib/python3.7/site-packages/airflow/example_dags/example_short_circuit_operator.py for tasks to queue
[2022-04-04 21:51:56,087] {logging_mixin.py:109} INFO - [2022-04-04 21:51:56,087] {dagbag.py:500} INFO - Filling up the DagBag from /home/airflow/.local/lib/python3.7/site-packages/airflow/example_dags/example_short_circuit_operator.py
[2022-04-04 21:51:56,111] {processor.py:652} INFO - DAG(s) dict_keys(['example_short_circuit_operator']) retrieved from /home/airflow/.local/lib/python3.7/site-packages/airflow/example_dags/example_short_circuit_operator.py
[2022-04-04 21:51:56,137] {logging_mixin.py:109} INFO - [2022-04-04 21:51:56,137] {dag.py:2398} INFO - Sync 1 DAGs
[2022-04-04 21:51:56,158] {logging_mixin.py:109} INFO - [2022-04-04 21:51:56,158] {dag.py:2937} INFO - Setting next_dagrun for example_short_circuit_operator to 2022-04-03T21:51:56.157745+00:00
[2022-04-04 21:51:56,172] {processor.py:171} INFO - Processing /home/airflow/.local/lib/python3.7/site-packages/airflow/example_dags/example_short_circuit_operator.py took 0.091 seconds
[2022-04-04 21:52:26,656] {processor.py:163} INFO - Started process (PID=837) to work on /home/airflow/.local/lib/python3.7/site-packages/airflow/example_dags/example_short_circuit_operator.py
[2022-04-04 21:52:26,659] {processor.py:642} INFO - Processing file /home/airflow/.local/lib/python3.7/site-packages/airflow/example_dags/example_short_circuit_operator.py for tasks to queue
[2022-04-04 21:52:26,659] {logging_mixin.py:109} INFO - [2022-04-04 21:52:26,659] {dagbag.py:500} INFO - Filling up the DagBag from /home/airflow/.local/lib/python3.7/site-packages/airflow/example_dags/example_short_circuit_operator.py
[2022-04-04 21:52:26,678] {processor.py:652} INFO - DAG(s) dict_keys(['example_short_circuit_operator']) retrieved from /home/airflow/.local/lib/python3.7/site-packages/airflow/example_dags/example_short_circuit_operator.py
[2022-04-04 21:52:26,706] {logging_mixin.py:109} INFO - [2022-04-04 21:52:26,705] {dag.py:2398} INFO - Sync 1 DAGs
[2022-04-04 21:52:26,727] {logging_mixin.py:109} INFO - [2022-04-04 21:52:26,727] {dag.py:2937} INFO - Setting next_dagrun for example_short_circuit_operator to 2022-04-03T21:52:26.727179+00:00
[2022-04-04 21:52:26,743] {processor.py:171} INFO - Processing /home/airflow/.local/lib/python3.7/site-packages/airflow/example_dags/example_short_circuit_operator.py took 0.092 seconds
[2022-04-04 21:52:56,944] {processor.py:163} INFO - Started process (PID=887) to work on /home/airflow/.local/lib/python3.7/site-packages/airflow/example_dags/example_short_circuit_operator.py
[2022-04-04 21:52:56,945] {processor.py:642} INFO - Processing file /home/airflow/.local/lib/python3.7/site-packages/airflow/example_dags/example_short_circuit_operator.py for tasks to queue
[2022-04-04 21:52:56,946] {logging_mixin.py:109} INFO - [2022-04-04 21:52:56,946] {dagbag.py:500} INFO - Filling up the DagBag from /home/airflow/.local/lib/python3.7/site-packages/airflow/example_dags/example_short_circuit_operator.py
[2022-04-04 21:52:56,966] {processor.py:652} INFO - DAG(s) dict_keys(['example_short_circuit_operator']) retrieved from /home/airflow/.local/lib/python3.7/site-packages/airflow/example_dags/example_short_circuit_operator.py
[2022-04-04 21:52:56,993] {logging_mixin.py:109} INFO - [2022-04-04 21:52:56,993] {dag.py:2398} INFO - Sync 1 DAGs
[2022-04-04 21:52:57,016] {logging_mixin.py:109} INFO - [2022-04-04 21:52:57,016] {dag.py:2937} INFO - Setting next_dagrun for example_short_circuit_operator to 2022-04-03T21:52:57.016508+00:00
[2022-04-04 21:52:57,032] {processor.py:171} INFO - Processing /home/airflow/.local/lib/python3.7/site-packages/airflow/example_dags/example_short_circuit_operator.py took 0.092 seconds
[2022-04-04 21:53:27,298] {processor.py:163} INFO - Started process (PID=948) to work on /home/airflow/.local/lib/python3.7/site-packages/airflow/example_dags/example_short_circuit_operator.py
[2022-04-04 21:53:27,300] {processor.py:642} INFO - Processing file /home/airflow/.local/lib/python3.7/site-packages/airflow/example_dags/example_short_circuit_operator.py for tasks to queue
[2022-04-04 21:53:27,301] {logging_mixin.py:109} INFO - [2022-04-04 21:53:27,301] {dagbag.py:500} INFO - Filling up the DagBag from /home/airflow/.local/lib/python3.7/site-packages/airflow/example_dags/example_short_circuit_operator.py
[2022-04-04 21:53:27,328] {processor.py:652} INFO - DAG(s) dict_keys(['example_short_circuit_operator']) retrieved from /home/airflow/.local/lib/python3.7/site-packages/airflow/example_dags/example_short_circuit_operator.py
[2022-04-04 21:53:27,361] {logging_mixin.py:109} INFO - [2022-04-04 21:53:27,360] {dag.py:2398} INFO - Sync 1 DAGs
[2022-04-04 21:53:27,390] {logging_mixin.py:109} INFO - [2022-04-04 21:53:27,390] {dag.py:2937} INFO - Setting next_dagrun for example_short_circuit_operator to 2022-04-03T21:53:27.389887+00:00
[2022-04-04 21:53:27,406] {processor.py:171} INFO - Processing /home/airflow/.local/lib/python3.7/site-packages/airflow/example_dags/example_short_circuit_operator.py took 0.111 seconds
[2022-04-04 21:53:57,494] {processor.py:163} INFO - Started process (PID=1001) to work on /home/airflow/.local/lib/python3.7/site-packages/airflow/example_dags/example_short_circuit_operator.py
[2022-04-04 21:53:57,496] {processor.py:642} INFO - Processing file /home/airflow/.local/lib/python3.7/site-packages/airflow/example_dags/example_short_circuit_operator.py for tasks to queue
[2022-04-04 21:53:57,497] {logging_mixin.py:109} INFO - [2022-04-04 21:53:57,497] {dagbag.py:500} INFO - Filling up the DagBag from /home/airflow/.local/lib/python3.7/site-packages/airflow/example_dags/example_short_circuit_operator.py
[2022-04-04 21:53:57,518] {processor.py:652} INFO - DAG(s) dict_keys(['example_short_circuit_operator']) retrieved from /home/airflow/.local/lib/python3.7/site-packages/airflow/example_dags/example_short_circuit_operator.py
[2022-04-04 21:53:57,546] {logging_mixin.py:109} INFO - [2022-04-04 21:53:57,545] {dag.py:2398} INFO - Sync 1 DAGs
[2022-04-04 21:53:57,567] {logging_mixin.py:109} INFO - [2022-04-04 21:53:57,567] {dag.py:2937} INFO - Setting next_dagrun for example_short_circuit_operator to 2022-04-03T21:53:57.566997+00:00
[2022-04-04 21:53:57,582] {processor.py:171} INFO - Processing /home/airflow/.local/lib/python3.7/site-packages/airflow/example_dags/example_short_circuit_operator.py took 0.092 seconds
[2022-04-04 21:54:27,719] {processor.py:163} INFO - Started process (PID=1052) to work on /home/airflow/.local/lib/python3.7/site-packages/airflow/example_dags/example_short_circuit_operator.py
[2022-04-04 21:54:27,721] {processor.py:642} INFO - Processing file /home/airflow/.local/lib/python3.7/site-packages/airflow/example_dags/example_short_circuit_operator.py for tasks to queue
[2022-04-04 21:54:27,721] {logging_mixin.py:109} INFO - [2022-04-04 21:54:27,721] {dagbag.py:500} INFO - Filling up the DagBag from /home/airflow/.local/lib/python3.7/site-packages/airflow/example_dags/example_short_circuit_operator.py
[2022-04-04 21:54:27,739] {processor.py:652} INFO - DAG(s) dict_keys(['example_short_circuit_operator']) retrieved from /home/airflow/.local/lib/python3.7/site-packages/airflow/example_dags/example_short_circuit_operator.py
[2022-04-04 21:54:27,766] {logging_mixin.py:109} INFO - [2022-04-04 21:54:27,766] {dag.py:2398} INFO - Sync 1 DAGs
[2022-04-04 21:54:27,788] {logging_mixin.py:109} INFO - [2022-04-04 21:54:27,788] {dag.py:2937} INFO - Setting next_dagrun for example_short_circuit_operator to 2022-04-03T21:54:27.787949+00:00
[2022-04-04 21:54:27,800] {processor.py:171} INFO - Processing /home/airflow/.local/lib/python3.7/site-packages/airflow/example_dags/example_short_circuit_operator.py took 0.084 seconds
[2022-04-04 21:54:57,933] {processor.py:163} INFO - Started process (PID=1109) to work on /home/airflow/.local/lib/python3.7/site-packages/airflow/example_dags/example_short_circuit_operator.py
[2022-04-04 21:54:57,935] {processor.py:642} INFO - Processing file /home/airflow/.local/lib/python3.7/site-packages/airflow/example_dags/example_short_circuit_operator.py for tasks to queue
[2022-04-04 21:54:57,935] {logging_mixin.py:109} INFO - [2022-04-04 21:54:57,935] {dagbag.py:500} INFO - Filling up the DagBag from /home/airflow/.local/lib/python3.7/site-packages/airflow/example_dags/example_short_circuit_operator.py
[2022-04-04 21:54:57,970] {processor.py:652} INFO - DAG(s) dict_keys(['example_short_circuit_operator']) retrieved from /home/airflow/.local/lib/python3.7/site-packages/airflow/example_dags/example_short_circuit_operator.py
[2022-04-04 21:54:58,005] {logging_mixin.py:109} INFO - [2022-04-04 21:54:58,005] {dag.py:2398} INFO - Sync 1 DAGs
[2022-04-04 21:54:58,040] {logging_mixin.py:109} INFO - [2022-04-04 21:54:58,040] {dag.py:2937} INFO - Setting next_dagrun for example_short_circuit_operator to 2022-04-03T21:54:58.039973+00:00
[2022-04-04 21:54:58,055] {processor.py:171} INFO - Processing /home/airflow/.local/lib/python3.7/site-packages/airflow/example_dags/example_short_circuit_operator.py took 0.127 seconds
[2022-04-04 21:55:28,185] {processor.py:163} INFO - Started process (PID=1162) to work on /home/airflow/.local/lib/python3.7/site-packages/airflow/example_dags/example_short_circuit_operator.py
[2022-04-04 21:55:28,186] {processor.py:642} INFO - Processing file /home/airflow/.local/lib/python3.7/site-packages/airflow/example_dags/example_short_circuit_operator.py for tasks to queue
[2022-04-04 21:55:28,187] {logging_mixin.py:109} INFO - [2022-04-04 21:55:28,187] {dagbag.py:500} INFO - Filling up the DagBag from /home/airflow/.local/lib/python3.7/site-packages/airflow/example_dags/example_short_circuit_operator.py
[2022-04-04 21:55:28,210] {processor.py:652} INFO - DAG(s) dict_keys(['example_short_circuit_operator']) retrieved from /home/airflow/.local/lib/python3.7/site-packages/airflow/example_dags/example_short_circuit_operator.py
[2022-04-04 21:55:28,243] {logging_mixin.py:109} INFO - [2022-04-04 21:55:28,243] {dag.py:2398} INFO - Sync 1 DAGs
[2022-04-04 21:55:28,267] {logging_mixin.py:109} INFO - [2022-04-04 21:55:28,267] {dag.py:2937} INFO - Setting next_dagrun for example_short_circuit_operator to 2022-04-03T21:55:28.266759+00:00
[2022-04-04 21:55:28,284] {processor.py:171} INFO - Processing /home/airflow/.local/lib/python3.7/site-packages/airflow/example_dags/example_short_circuit_operator.py took 0.102 seconds
[2022-04-04 21:55:58,360] {processor.py:163} INFO - Started process (PID=1214) to work on /home/airflow/.local/lib/python3.7/site-packages/airflow/example_dags/example_short_circuit_operator.py
[2022-04-04 21:55:58,362] {processor.py:642} INFO - Processing file /home/airflow/.local/lib/python3.7/site-packages/airflow/example_dags/example_short_circuit_operator.py for tasks to queue
[2022-04-04 21:55:58,363] {logging_mixin.py:109} INFO - [2022-04-04 21:55:58,363] {dagbag.py:500} INFO - Filling up the DagBag from /home/airflow/.local/lib/python3.7/site-packages/airflow/example_dags/example_short_circuit_operator.py
[2022-04-04 21:55:58,386] {processor.py:652} INFO - DAG(s) dict_keys(['example_short_circuit_operator']) retrieved from /home/airflow/.local/lib/python3.7/site-packages/airflow/example_dags/example_short_circuit_operator.py
[2022-04-04 21:55:58,413] {logging_mixin.py:109} INFO - [2022-04-04 21:55:58,413] {dag.py:2398} INFO - Sync 1 DAGs
[2022-04-04 21:55:58,434] {logging_mixin.py:109} INFO - [2022-04-04 21:55:58,434] {dag.py:2937} INFO - Setting next_dagrun for example_short_circuit_operator to 2022-04-03T21:55:58.434338+00:00
[2022-04-04 21:55:58,448] {processor.py:171} INFO - Processing /home/airflow/.local/lib/python3.7/site-packages/airflow/example_dags/example_short_circuit_operator.py took 0.092 seconds
[2022-04-04 21:56:28,539] {processor.py:163} INFO - Started process (PID=1265) to work on /home/airflow/.local/lib/python3.7/site-packages/airflow/example_dags/example_short_circuit_operator.py
[2022-04-04 21:56:28,540] {processor.py:642} INFO - Processing file /home/airflow/.local/lib/python3.7/site-packages/airflow/example_dags/example_short_circuit_operator.py for tasks to queue
[2022-04-04 21:56:28,541] {logging_mixin.py:109} INFO - [2022-04-04 21:56:28,541] {dagbag.py:500} INFO - Filling up the DagBag from /home/airflow/.local/lib/python3.7/site-packages/airflow/example_dags/example_short_circuit_operator.py
[2022-04-04 21:56:28,560] {processor.py:652} INFO - DAG(s) dict_keys(['example_short_circuit_operator']) retrieved from /home/airflow/.local/lib/python3.7/site-packages/airflow/example_dags/example_short_circuit_operator.py
[2022-04-04 21:56:28,586] {logging_mixin.py:109} INFO - [2022-04-04 21:56:28,586] {dag.py:2398} INFO - Sync 1 DAGs
[2022-04-04 21:56:28,607] {logging_mixin.py:109} INFO - [2022-04-04 21:56:28,607] {dag.py:2937} INFO - Setting next_dagrun for example_short_circuit_operator to 2022-04-03T21:56:28.607198+00:00
[2022-04-04 21:56:28,621] {processor.py:171} INFO - Processing /home/airflow/.local/lib/python3.7/site-packages/airflow/example_dags/example_short_circuit_operator.py took 0.086 seconds
[2022-04-04 21:56:58,886] {processor.py:163} INFO - Started process (PID=1327) to work on /home/airflow/.local/lib/python3.7/site-packages/airflow/example_dags/example_short_circuit_operator.py
[2022-04-04 21:56:58,887] {processor.py:642} INFO - Processing file /home/airflow/.local/lib/python3.7/site-packages/airflow/example_dags/example_short_circuit_operator.py for tasks to queue
[2022-04-04 21:56:58,888] {logging_mixin.py:109} INFO - [2022-04-04 21:56:58,888] {dagbag.py:500} INFO - Filling up the DagBag from /home/airflow/.local/lib/python3.7/site-packages/airflow/example_dags/example_short_circuit_operator.py
[2022-04-04 21:56:58,908] {processor.py:652} INFO - DAG(s) dict_keys(['example_short_circuit_operator']) retrieved from /home/airflow/.local/lib/python3.7/site-packages/airflow/example_dags/example_short_circuit_operator.py
[2022-04-04 21:56:58,937] {logging_mixin.py:109} INFO - [2022-04-04 21:56:58,937] {dag.py:2398} INFO - Sync 1 DAGs
[2022-04-04 21:56:58,960] {logging_mixin.py:109} INFO - [2022-04-04 21:56:58,960] {dag.py:2937} INFO - Setting next_dagrun for example_short_circuit_operator to 2022-04-03T21:56:58.960226+00:00
[2022-04-04 21:56:58,977] {processor.py:171} INFO - Processing /home/airflow/.local/lib/python3.7/site-packages/airflow/example_dags/example_short_circuit_operator.py took 0.099 seconds
[2022-04-04 21:57:29,022] {processor.py:163} INFO - Started process (PID=1378) to work on /home/airflow/.local/lib/python3.7/site-packages/airflow/example_dags/example_short_circuit_operator.py
[2022-04-04 21:57:29,024] {processor.py:642} INFO - Processing file /home/airflow/.local/lib/python3.7/site-packages/airflow/example_dags/example_short_circuit_operator.py for tasks to queue
[2022-04-04 21:57:29,024] {logging_mixin.py:109} INFO - [2022-04-04 21:57:29,024] {dagbag.py:500} INFO - Filling up the DagBag from /home/airflow/.local/lib/python3.7/site-packages/airflow/example_dags/example_short_circuit_operator.py
[2022-04-04 21:57:29,046] {processor.py:652} INFO - DAG(s) dict_keys(['example_short_circuit_operator']) retrieved from /home/airflow/.local/lib/python3.7/site-packages/airflow/example_dags/example_short_circuit_operator.py
[2022-04-04 21:57:29,075] {logging_mixin.py:109} INFO - [2022-04-04 21:57:29,075] {dag.py:2398} INFO - Sync 1 DAGs
[2022-04-04 21:57:29,099] {logging_mixin.py:109} INFO - [2022-04-04 21:57:29,099] {dag.py:2937} INFO - Setting next_dagrun for example_short_circuit_operator to 2022-04-03T21:57:29.099130+00:00
[2022-04-04 21:57:29,115] {processor.py:171} INFO - Processing /home/airflow/.local/lib/python3.7/site-packages/airflow/example_dags/example_short_circuit_operator.py took 0.096 seconds
[2022-04-04 21:57:59,383] {processor.py:163} INFO - Started process (PID=1431) to work on /home/airflow/.local/lib/python3.7/site-packages/airflow/example_dags/example_short_circuit_operator.py
[2022-04-04 21:57:59,385] {processor.py:642} INFO - Processing file /home/airflow/.local/lib/python3.7/site-packages/airflow/example_dags/example_short_circuit_operator.py for tasks to queue
[2022-04-04 21:57:59,386] {logging_mixin.py:109} INFO - [2022-04-04 21:57:59,386] {dagbag.py:500} INFO - Filling up the DagBag from /home/airflow/.local/lib/python3.7/site-packages/airflow/example_dags/example_short_circuit_operator.py
[2022-04-04 21:57:59,407] {processor.py:652} INFO - DAG(s) dict_keys(['example_short_circuit_operator']) retrieved from /home/airflow/.local/lib/python3.7/site-packages/airflow/example_dags/example_short_circuit_operator.py
[2022-04-04 21:57:59,438] {logging_mixin.py:109} INFO - [2022-04-04 21:57:59,438] {dag.py:2398} INFO - Sync 1 DAGs
[2022-04-04 21:57:59,467] {logging_mixin.py:109} INFO - [2022-04-04 21:57:59,467] {dag.py:2937} INFO - Setting next_dagrun for example_short_circuit_operator to 2022-04-03T21:57:59.467155+00:00
[2022-04-04 21:57:59,483] {processor.py:171} INFO - Processing /home/airflow/.local/lib/python3.7/site-packages/airflow/example_dags/example_short_circuit_operator.py took 0.105 seconds
[2022-04-04 21:58:29,666] {processor.py:163} INFO - Started process (PID=1483) to work on /home/airflow/.local/lib/python3.7/site-packages/airflow/example_dags/example_short_circuit_operator.py
[2022-04-04 21:58:29,667] {processor.py:642} INFO - Processing file /home/airflow/.local/lib/python3.7/site-packages/airflow/example_dags/example_short_circuit_operator.py for tasks to queue
[2022-04-04 21:58:29,668] {logging_mixin.py:109} INFO - [2022-04-04 21:58:29,668] {dagbag.py:500} INFO - Filling up the DagBag from /home/airflow/.local/lib/python3.7/site-packages/airflow/example_dags/example_short_circuit_operator.py
[2022-04-04 21:58:29,701] {processor.py:652} INFO - DAG(s) dict_keys(['example_short_circuit_operator']) retrieved from /home/airflow/.local/lib/python3.7/site-packages/airflow/example_dags/example_short_circuit_operator.py
[2022-04-04 21:58:29,730] {logging_mixin.py:109} INFO - [2022-04-04 21:58:29,730] {dag.py:2398} INFO - Sync 1 DAGs
[2022-04-04 21:58:29,751] {logging_mixin.py:109} INFO - [2022-04-04 21:58:29,751] {dag.py:2937} INFO - Setting next_dagrun for example_short_circuit_operator to 2022-04-03T21:58:29.751297+00:00
[2022-04-04 21:58:29,768] {processor.py:171} INFO - Processing /home/airflow/.local/lib/python3.7/site-packages/airflow/example_dags/example_short_circuit_operator.py took 0.106 seconds
[2022-04-04 21:58:59,855] {processor.py:163} INFO - Started process (PID=1541) to work on /home/airflow/.local/lib/python3.7/site-packages/airflow/example_dags/example_short_circuit_operator.py
[2022-04-04 21:58:59,858] {processor.py:642} INFO - Processing file /home/airflow/.local/lib/python3.7/site-packages/airflow/example_dags/example_short_circuit_operator.py for tasks to queue
[2022-04-04 21:58:59,859] {logging_mixin.py:109} INFO - [2022-04-04 21:58:59,858] {dagbag.py:500} INFO - Filling up the DagBag from /home/airflow/.local/lib/python3.7/site-packages/airflow/example_dags/example_short_circuit_operator.py
[2022-04-04 21:58:59,882] {processor.py:652} INFO - DAG(s) dict_keys(['example_short_circuit_operator']) retrieved from /home/airflow/.local/lib/python3.7/site-packages/airflow/example_dags/example_short_circuit_operator.py
[2022-04-04 21:58:59,921] {logging_mixin.py:109} INFO - [2022-04-04 21:58:59,920] {dag.py:2398} INFO - Sync 1 DAGs
[2022-04-04 21:58:59,947] {logging_mixin.py:109} INFO - [2022-04-04 21:58:59,947] {dag.py:2937} INFO - Setting next_dagrun for example_short_circuit_operator to 2022-04-03T21:58:59.946818+00:00
[2022-04-04 21:58:59,965] {processor.py:171} INFO - Processing /home/airflow/.local/lib/python3.7/site-packages/airflow/example_dags/example_short_circuit_operator.py took 0.115 seconds
[2022-04-04 22:04:27,126] {processor.py:163} INFO - Started process (PID=240) to work on /home/airflow/.local/lib/python3.7/site-packages/airflow/example_dags/example_short_circuit_operator.py
[2022-04-04 22:04:27,127] {processor.py:642} INFO - Processing file /home/airflow/.local/lib/python3.7/site-packages/airflow/example_dags/example_short_circuit_operator.py for tasks to queue
[2022-04-04 22:04:27,128] {logging_mixin.py:109} INFO - [2022-04-04 22:04:27,127] {dagbag.py:500} INFO - Filling up the DagBag from /home/airflow/.local/lib/python3.7/site-packages/airflow/example_dags/example_short_circuit_operator.py
[2022-04-04 22:04:27,146] {processor.py:652} INFO - DAG(s) dict_keys(['example_short_circuit_operator']) retrieved from /home/airflow/.local/lib/python3.7/site-packages/airflow/example_dags/example_short_circuit_operator.py
[2022-04-04 22:04:29,431] {logging_mixin.py:109} INFO - [2022-04-04 22:04:29,431] {manager.py:496} INFO - Created Permission View: can edit on DAG:example_short_circuit_operator
[2022-04-04 22:04:29,443] {logging_mixin.py:109} INFO - [2022-04-04 22:04:29,442] {manager.py:496} INFO - Created Permission View: can read on DAG:example_short_circuit_operator
[2022-04-04 22:04:29,443] {logging_mixin.py:109} INFO - [2022-04-04 22:04:29,443] {dag.py:2398} INFO - Sync 1 DAGs
[2022-04-04 22:04:29,456] {logging_mixin.py:109} INFO - [2022-04-04 22:04:29,456] {dag.py:2417} INFO - Creating ORM DAG for example_short_circuit_operator
[2022-04-04 22:04:29,471] {logging_mixin.py:109} INFO - [2022-04-04 22:04:29,470] {dag.py:2937} INFO - Setting next_dagrun for example_short_circuit_operator to 2022-04-03T22:04:29.470620+00:00
[2022-04-04 22:04:29,489] {processor.py:171} INFO - Processing /home/airflow/.local/lib/python3.7/site-packages/airflow/example_dags/example_short_circuit_operator.py took 2.365 seconds
[2022-04-04 22:05:00,417] {processor.py:163} INFO - Started process (PID=369) to work on /home/airflow/.local/lib/python3.7/site-packages/airflow/example_dags/example_short_circuit_operator.py
[2022-04-04 22:05:00,420] {processor.py:642} INFO - Processing file /home/airflow/.local/lib/python3.7/site-packages/airflow/example_dags/example_short_circuit_operator.py for tasks to queue
[2022-04-04 22:05:00,420] {logging_mixin.py:109} INFO - [2022-04-04 22:05:00,420] {dagbag.py:500} INFO - Filling up the DagBag from /home/airflow/.local/lib/python3.7/site-packages/airflow/example_dags/example_short_circuit_operator.py
[2022-04-04 22:05:00,435] {processor.py:652} INFO - DAG(s) dict_keys(['example_short_circuit_operator']) retrieved from /home/airflow/.local/lib/python3.7/site-packages/airflow/example_dags/example_short_circuit_operator.py
[2022-04-04 22:05:00,455] {logging_mixin.py:109} INFO - [2022-04-04 22:05:00,455] {dag.py:2398} INFO - Sync 1 DAGs
[2022-04-04 22:05:00,473] {logging_mixin.py:109} INFO - [2022-04-04 22:05:00,473] {dag.py:2937} INFO - Setting next_dagrun for example_short_circuit_operator to 2022-04-03T22:05:00.473292+00:00
[2022-04-04 22:05:00,490] {processor.py:171} INFO - Processing /home/airflow/.local/lib/python3.7/site-packages/airflow/example_dags/example_short_circuit_operator.py took 0.075 seconds
