[2022-04-04 21:47:20,967] {processor.py:163} INFO - Started process (PID=185) to work on /home/airflow/.local/lib/python3.7/site-packages/airflow/example_dags/example_python_operator.py
[2022-04-04 21:47:20,969] {processor.py:642} INFO - Processing file /home/airflow/.local/lib/python3.7/site-packages/airflow/example_dags/example_python_operator.py for tasks to queue
[2022-04-04 21:47:20,970] {logging_mixin.py:109} INFO - [2022-04-04 21:47:20,970] {dagbag.py:500} INFO - Filling up the DagBag from /home/airflow/.local/lib/python3.7/site-packages/airflow/example_dags/example_python_operator.py
[2022-04-04 21:47:21,036] {processor.py:652} INFO - DAG(s) dict_keys(['example_python_operator']) retrieved from /home/airflow/.local/lib/python3.7/site-packages/airflow/example_dags/example_python_operator.py
[2022-04-04 21:47:24,462] {logging_mixin.py:109} INFO - [2022-04-04 21:47:24,462] {manager.py:496} INFO - Created Permission View: can edit on DAG:example_python_operator
[2022-04-04 21:47:24,478] {logging_mixin.py:109} INFO - [2022-04-04 21:47:24,478] {manager.py:496} INFO - Created Permission View: can read on DAG:example_python_operator
[2022-04-04 21:47:24,479] {logging_mixin.py:109} INFO - [2022-04-04 21:47:24,478] {dag.py:2398} INFO - Sync 1 DAGs
[2022-04-04 21:47:24,491] {logging_mixin.py:109} INFO - [2022-04-04 21:47:24,491] {dag.py:2417} INFO - Creating ORM DAG for example_python_operator
[2022-04-04 21:47:24,503] {logging_mixin.py:109} INFO - [2022-04-04 21:47:24,503] {dag.py:2937} INFO - Setting next_dagrun for example_python_operator to None
[2022-04-04 21:47:24,535] {processor.py:171} INFO - Processing /home/airflow/.local/lib/python3.7/site-packages/airflow/example_dags/example_python_operator.py took 3.572 seconds
[2022-04-04 21:47:55,352] {processor.py:163} INFO - Started process (PID=371) to work on /home/airflow/.local/lib/python3.7/site-packages/airflow/example_dags/example_python_operator.py
[2022-04-04 21:47:55,355] {processor.py:642} INFO - Processing file /home/airflow/.local/lib/python3.7/site-packages/airflow/example_dags/example_python_operator.py for tasks to queue
[2022-04-04 21:47:55,356] {logging_mixin.py:109} INFO - [2022-04-04 21:47:55,356] {dagbag.py:500} INFO - Filling up the DagBag from /home/airflow/.local/lib/python3.7/site-packages/airflow/example_dags/example_python_operator.py
[2022-04-04 21:47:55,400] {processor.py:652} INFO - DAG(s) dict_keys(['example_python_operator']) retrieved from /home/airflow/.local/lib/python3.7/site-packages/airflow/example_dags/example_python_operator.py
[2022-04-04 21:47:55,444] {logging_mixin.py:109} INFO - [2022-04-04 21:47:55,444] {dag.py:2398} INFO - Sync 1 DAGs
[2022-04-04 21:47:55,479] {logging_mixin.py:109} INFO - [2022-04-04 21:47:55,479] {dag.py:2937} INFO - Setting next_dagrun for example_python_operator to None
[2022-04-04 21:47:55,497] {processor.py:171} INFO - Processing /home/airflow/.local/lib/python3.7/site-packages/airflow/example_dags/example_python_operator.py took 0.150 seconds
[2022-04-04 21:48:25,537] {processor.py:163} INFO - Started process (PID=424) to work on /home/airflow/.local/lib/python3.7/site-packages/airflow/example_dags/example_python_operator.py
[2022-04-04 21:48:25,539] {processor.py:642} INFO - Processing file /home/airflow/.local/lib/python3.7/site-packages/airflow/example_dags/example_python_operator.py for tasks to queue
[2022-04-04 21:48:25,540] {logging_mixin.py:109} INFO - [2022-04-04 21:48:25,540] {dagbag.py:500} INFO - Filling up the DagBag from /home/airflow/.local/lib/python3.7/site-packages/airflow/example_dags/example_python_operator.py
[2022-04-04 21:48:25,565] {processor.py:652} INFO - DAG(s) dict_keys(['example_python_operator']) retrieved from /home/airflow/.local/lib/python3.7/site-packages/airflow/example_dags/example_python_operator.py
[2022-04-04 21:48:25,598] {logging_mixin.py:109} INFO - [2022-04-04 21:48:25,598] {dag.py:2398} INFO - Sync 1 DAGs
[2022-04-04 21:48:25,629] {logging_mixin.py:109} INFO - [2022-04-04 21:48:25,628] {dag.py:2937} INFO - Setting next_dagrun for example_python_operator to None
[2022-04-04 21:48:25,643] {processor.py:171} INFO - Processing /home/airflow/.local/lib/python3.7/site-packages/airflow/example_dags/example_python_operator.py took 0.109 seconds
[2022-04-04 21:48:57,003] {processor.py:163} INFO - Started process (PID=476) to work on /home/airflow/.local/lib/python3.7/site-packages/airflow/example_dags/example_python_operator.py
[2022-04-04 21:48:57,004] {processor.py:642} INFO - Processing file /home/airflow/.local/lib/python3.7/site-packages/airflow/example_dags/example_python_operator.py for tasks to queue
[2022-04-04 21:48:57,005] {logging_mixin.py:109} INFO - [2022-04-04 21:48:57,005] {dagbag.py:500} INFO - Filling up the DagBag from /home/airflow/.local/lib/python3.7/site-packages/airflow/example_dags/example_python_operator.py
[2022-04-04 21:48:57,033] {processor.py:652} INFO - DAG(s) dict_keys(['example_python_operator']) retrieved from /home/airflow/.local/lib/python3.7/site-packages/airflow/example_dags/example_python_operator.py
[2022-04-04 21:48:57,060] {logging_mixin.py:109} INFO - [2022-04-04 21:48:57,060] {dag.py:2398} INFO - Sync 1 DAGs
[2022-04-04 21:48:57,083] {logging_mixin.py:109} INFO - [2022-04-04 21:48:57,082] {dag.py:2937} INFO - Setting next_dagrun for example_python_operator to None
[2022-04-04 21:48:57,094] {processor.py:171} INFO - Processing /home/airflow/.local/lib/python3.7/site-packages/airflow/example_dags/example_python_operator.py took 0.095 seconds
[2022-04-04 21:49:27,657] {processor.py:163} INFO - Started process (PID=534) to work on /home/airflow/.local/lib/python3.7/site-packages/airflow/example_dags/example_python_operator.py
[2022-04-04 21:49:27,659] {processor.py:642} INFO - Processing file /home/airflow/.local/lib/python3.7/site-packages/airflow/example_dags/example_python_operator.py for tasks to queue
[2022-04-04 21:49:27,660] {logging_mixin.py:109} INFO - [2022-04-04 21:49:27,660] {dagbag.py:500} INFO - Filling up the DagBag from /home/airflow/.local/lib/python3.7/site-packages/airflow/example_dags/example_python_operator.py
[2022-04-04 21:49:27,693] {processor.py:652} INFO - DAG(s) dict_keys(['example_python_operator']) retrieved from /home/airflow/.local/lib/python3.7/site-packages/airflow/example_dags/example_python_operator.py
[2022-04-04 21:49:27,724] {logging_mixin.py:109} INFO - [2022-04-04 21:49:27,724] {dag.py:2398} INFO - Sync 1 DAGs
[2022-04-04 21:49:27,753] {logging_mixin.py:109} INFO - [2022-04-04 21:49:27,753] {dag.py:2937} INFO - Setting next_dagrun for example_python_operator to None
[2022-04-04 21:49:27,768] {processor.py:171} INFO - Processing /home/airflow/.local/lib/python3.7/site-packages/airflow/example_dags/example_python_operator.py took 0.115 seconds
[2022-04-04 21:49:58,511] {processor.py:163} INFO - Started process (PID=588) to work on /home/airflow/.local/lib/python3.7/site-packages/airflow/example_dags/example_python_operator.py
[2022-04-04 21:49:58,512] {processor.py:642} INFO - Processing file /home/airflow/.local/lib/python3.7/site-packages/airflow/example_dags/example_python_operator.py for tasks to queue
[2022-04-04 21:49:58,513] {logging_mixin.py:109} INFO - [2022-04-04 21:49:58,513] {dagbag.py:500} INFO - Filling up the DagBag from /home/airflow/.local/lib/python3.7/site-packages/airflow/example_dags/example_python_operator.py
[2022-04-04 21:49:58,536] {processor.py:652} INFO - DAG(s) dict_keys(['example_python_operator']) retrieved from /home/airflow/.local/lib/python3.7/site-packages/airflow/example_dags/example_python_operator.py
[2022-04-04 21:49:58,564] {logging_mixin.py:109} INFO - [2022-04-04 21:49:58,564] {dag.py:2398} INFO - Sync 1 DAGs
[2022-04-04 21:49:58,589] {logging_mixin.py:109} INFO - [2022-04-04 21:49:58,589] {dag.py:2937} INFO - Setting next_dagrun for example_python_operator to None
[2022-04-04 21:49:58,606] {processor.py:171} INFO - Processing /home/airflow/.local/lib/python3.7/site-packages/airflow/example_dags/example_python_operator.py took 0.099 seconds
[2022-04-04 21:50:29,415] {processor.py:163} INFO - Started process (PID=640) to work on /home/airflow/.local/lib/python3.7/site-packages/airflow/example_dags/example_python_operator.py
[2022-04-04 21:50:29,416] {processor.py:642} INFO - Processing file /home/airflow/.local/lib/python3.7/site-packages/airflow/example_dags/example_python_operator.py for tasks to queue
[2022-04-04 21:50:29,417] {logging_mixin.py:109} INFO - [2022-04-04 21:50:29,417] {dagbag.py:500} INFO - Filling up the DagBag from /home/airflow/.local/lib/python3.7/site-packages/airflow/example_dags/example_python_operator.py
[2022-04-04 21:50:29,441] {processor.py:652} INFO - DAG(s) dict_keys(['example_python_operator']) retrieved from /home/airflow/.local/lib/python3.7/site-packages/airflow/example_dags/example_python_operator.py
[2022-04-04 21:50:29,464] {logging_mixin.py:109} INFO - [2022-04-04 21:50:29,464] {dag.py:2398} INFO - Sync 1 DAGs
[2022-04-04 21:50:29,484] {logging_mixin.py:109} INFO - [2022-04-04 21:50:29,483] {dag.py:2937} INFO - Setting next_dagrun for example_python_operator to None
[2022-04-04 21:50:29,498] {processor.py:171} INFO - Processing /home/airflow/.local/lib/python3.7/site-packages/airflow/example_dags/example_python_operator.py took 0.086 seconds
[2022-04-04 21:51:00,432] {processor.py:163} INFO - Started process (PID=699) to work on /home/airflow/.local/lib/python3.7/site-packages/airflow/example_dags/example_python_operator.py
[2022-04-04 21:51:00,434] {processor.py:642} INFO - Processing file /home/airflow/.local/lib/python3.7/site-packages/airflow/example_dags/example_python_operator.py for tasks to queue
[2022-04-04 21:51:00,435] {logging_mixin.py:109} INFO - [2022-04-04 21:51:00,434] {dagbag.py:500} INFO - Filling up the DagBag from /home/airflow/.local/lib/python3.7/site-packages/airflow/example_dags/example_python_operator.py
[2022-04-04 21:51:00,467] {processor.py:652} INFO - DAG(s) dict_keys(['example_python_operator']) retrieved from /home/airflow/.local/lib/python3.7/site-packages/airflow/example_dags/example_python_operator.py
[2022-04-04 21:51:00,500] {logging_mixin.py:109} INFO - [2022-04-04 21:51:00,500] {dag.py:2398} INFO - Sync 1 DAGs
[2022-04-04 21:51:00,528] {logging_mixin.py:109} INFO - [2022-04-04 21:51:00,528] {dag.py:2937} INFO - Setting next_dagrun for example_python_operator to None
[2022-04-04 21:51:00,545] {processor.py:171} INFO - Processing /home/airflow/.local/lib/python3.7/site-packages/airflow/example_dags/example_python_operator.py took 0.118 seconds
[2022-04-04 21:51:31,157] {processor.py:163} INFO - Started process (PID=751) to work on /home/airflow/.local/lib/python3.7/site-packages/airflow/example_dags/example_python_operator.py
[2022-04-04 21:51:31,158] {processor.py:642} INFO - Processing file /home/airflow/.local/lib/python3.7/site-packages/airflow/example_dags/example_python_operator.py for tasks to queue
[2022-04-04 21:51:31,159] {logging_mixin.py:109} INFO - [2022-04-04 21:51:31,159] {dagbag.py:500} INFO - Filling up the DagBag from /home/airflow/.local/lib/python3.7/site-packages/airflow/example_dags/example_python_operator.py
[2022-04-04 21:51:31,192] {processor.py:652} INFO - DAG(s) dict_keys(['example_python_operator']) retrieved from /home/airflow/.local/lib/python3.7/site-packages/airflow/example_dags/example_python_operator.py
[2022-04-04 21:51:31,222] {logging_mixin.py:109} INFO - [2022-04-04 21:51:31,222] {dag.py:2398} INFO - Sync 1 DAGs
[2022-04-04 21:51:31,246] {logging_mixin.py:109} INFO - [2022-04-04 21:51:31,246] {dag.py:2937} INFO - Setting next_dagrun for example_python_operator to None
[2022-04-04 21:51:31,262] {processor.py:171} INFO - Processing /home/airflow/.local/lib/python3.7/site-packages/airflow/example_dags/example_python_operator.py took 0.110 seconds
[2022-04-04 21:52:01,956] {processor.py:163} INFO - Started process (PID=803) to work on /home/airflow/.local/lib/python3.7/site-packages/airflow/example_dags/example_python_operator.py
[2022-04-04 21:52:01,958] {processor.py:642} INFO - Processing file /home/airflow/.local/lib/python3.7/site-packages/airflow/example_dags/example_python_operator.py for tasks to queue
[2022-04-04 21:52:01,959] {logging_mixin.py:109} INFO - [2022-04-04 21:52:01,959] {dagbag.py:500} INFO - Filling up the DagBag from /home/airflow/.local/lib/python3.7/site-packages/airflow/example_dags/example_python_operator.py
[2022-04-04 21:52:01,990] {processor.py:652} INFO - DAG(s) dict_keys(['example_python_operator']) retrieved from /home/airflow/.local/lib/python3.7/site-packages/airflow/example_dags/example_python_operator.py
[2022-04-04 21:52:02,028] {logging_mixin.py:109} INFO - [2022-04-04 21:52:02,028] {dag.py:2398} INFO - Sync 1 DAGs
[2022-04-04 21:52:02,059] {logging_mixin.py:109} INFO - [2022-04-04 21:52:02,059] {dag.py:2937} INFO - Setting next_dagrun for example_python_operator to None
[2022-04-04 21:52:02,075] {processor.py:171} INFO - Processing /home/airflow/.local/lib/python3.7/site-packages/airflow/example_dags/example_python_operator.py took 0.124 seconds
[2022-04-04 21:52:32,502] {processor.py:163} INFO - Started process (PID=854) to work on /home/airflow/.local/lib/python3.7/site-packages/airflow/example_dags/example_python_operator.py
[2022-04-04 21:52:32,504] {processor.py:642} INFO - Processing file /home/airflow/.local/lib/python3.7/site-packages/airflow/example_dags/example_python_operator.py for tasks to queue
[2022-04-04 21:52:32,504] {logging_mixin.py:109} INFO - [2022-04-04 21:52:32,504] {dagbag.py:500} INFO - Filling up the DagBag from /home/airflow/.local/lib/python3.7/site-packages/airflow/example_dags/example_python_operator.py
[2022-04-04 21:52:32,551] {processor.py:652} INFO - DAG(s) dict_keys(['example_python_operator']) retrieved from /home/airflow/.local/lib/python3.7/site-packages/airflow/example_dags/example_python_operator.py
[2022-04-04 21:52:32,610] {logging_mixin.py:109} INFO - [2022-04-04 21:52:32,609] {dag.py:2398} INFO - Sync 1 DAGs
[2022-04-04 21:52:32,642] {logging_mixin.py:109} INFO - [2022-04-04 21:52:32,642] {dag.py:2937} INFO - Setting next_dagrun for example_python_operator to None
[2022-04-04 21:52:32,655] {processor.py:171} INFO - Processing /home/airflow/.local/lib/python3.7/site-packages/airflow/example_dags/example_python_operator.py took 0.156 seconds
[2022-04-04 21:53:03,712] {processor.py:163} INFO - Started process (PID=914) to work on /home/airflow/.local/lib/python3.7/site-packages/airflow/example_dags/example_python_operator.py
[2022-04-04 21:53:03,715] {processor.py:642} INFO - Processing file /home/airflow/.local/lib/python3.7/site-packages/airflow/example_dags/example_python_operator.py for tasks to queue
[2022-04-04 21:53:03,716] {logging_mixin.py:109} INFO - [2022-04-04 21:53:03,716] {dagbag.py:500} INFO - Filling up the DagBag from /home/airflow/.local/lib/python3.7/site-packages/airflow/example_dags/example_python_operator.py
[2022-04-04 21:53:03,753] {processor.py:652} INFO - DAG(s) dict_keys(['example_python_operator']) retrieved from /home/airflow/.local/lib/python3.7/site-packages/airflow/example_dags/example_python_operator.py
[2022-04-04 21:53:03,779] {logging_mixin.py:109} INFO - [2022-04-04 21:53:03,779] {dag.py:2398} INFO - Sync 1 DAGs
[2022-04-04 21:53:03,801] {logging_mixin.py:109} INFO - [2022-04-04 21:53:03,800] {dag.py:2937} INFO - Setting next_dagrun for example_python_operator to None
[2022-04-04 21:53:03,816] {processor.py:171} INFO - Processing /home/airflow/.local/lib/python3.7/site-packages/airflow/example_dags/example_python_operator.py took 0.108 seconds
[2022-04-04 21:53:34,971] {processor.py:163} INFO - Started process (PID=965) to work on /home/airflow/.local/lib/python3.7/site-packages/airflow/example_dags/example_python_operator.py
[2022-04-04 21:53:34,972] {processor.py:642} INFO - Processing file /home/airflow/.local/lib/python3.7/site-packages/airflow/example_dags/example_python_operator.py for tasks to queue
[2022-04-04 21:53:34,973] {logging_mixin.py:109} INFO - [2022-04-04 21:53:34,973] {dagbag.py:500} INFO - Filling up the DagBag from /home/airflow/.local/lib/python3.7/site-packages/airflow/example_dags/example_python_operator.py
[2022-04-04 21:53:34,997] {processor.py:652} INFO - DAG(s) dict_keys(['example_python_operator']) retrieved from /home/airflow/.local/lib/python3.7/site-packages/airflow/example_dags/example_python_operator.py
[2022-04-04 21:53:35,023] {logging_mixin.py:109} INFO - [2022-04-04 21:53:35,022] {dag.py:2398} INFO - Sync 1 DAGs
[2022-04-04 21:53:35,045] {logging_mixin.py:109} INFO - [2022-04-04 21:53:35,045] {dag.py:2937} INFO - Setting next_dagrun for example_python_operator to None
[2022-04-04 21:53:35,058] {processor.py:171} INFO - Processing /home/airflow/.local/lib/python3.7/site-packages/airflow/example_dags/example_python_operator.py took 0.090 seconds
[2022-04-04 21:54:05,811] {processor.py:163} INFO - Started process (PID=1028) to work on /home/airflow/.local/lib/python3.7/site-packages/airflow/example_dags/example_python_operator.py
[2022-04-04 21:54:05,812] {processor.py:642} INFO - Processing file /home/airflow/.local/lib/python3.7/site-packages/airflow/example_dags/example_python_operator.py for tasks to queue
[2022-04-04 21:54:05,813] {logging_mixin.py:109} INFO - [2022-04-04 21:54:05,813] {dagbag.py:500} INFO - Filling up the DagBag from /home/airflow/.local/lib/python3.7/site-packages/airflow/example_dags/example_python_operator.py
[2022-04-04 21:54:05,839] {processor.py:652} INFO - DAG(s) dict_keys(['example_python_operator']) retrieved from /home/airflow/.local/lib/python3.7/site-packages/airflow/example_dags/example_python_operator.py
[2022-04-04 21:54:05,869] {logging_mixin.py:109} INFO - [2022-04-04 21:54:05,869] {dag.py:2398} INFO - Sync 1 DAGs
[2022-04-04 21:54:05,894] {logging_mixin.py:109} INFO - [2022-04-04 21:54:05,894] {dag.py:2937} INFO - Setting next_dagrun for example_python_operator to None
[2022-04-04 21:54:05,909] {processor.py:171} INFO - Processing /home/airflow/.local/lib/python3.7/site-packages/airflow/example_dags/example_python_operator.py took 0.103 seconds
[2022-04-04 21:54:36,694] {processor.py:163} INFO - Started process (PID=1078) to work on /home/airflow/.local/lib/python3.7/site-packages/airflow/example_dags/example_python_operator.py
[2022-04-04 21:54:36,696] {processor.py:642} INFO - Processing file /home/airflow/.local/lib/python3.7/site-packages/airflow/example_dags/example_python_operator.py for tasks to queue
[2022-04-04 21:54:36,697] {logging_mixin.py:109} INFO - [2022-04-04 21:54:36,697] {dagbag.py:500} INFO - Filling up the DagBag from /home/airflow/.local/lib/python3.7/site-packages/airflow/example_dags/example_python_operator.py
[2022-04-04 21:54:36,742] {processor.py:652} INFO - DAG(s) dict_keys(['example_python_operator']) retrieved from /home/airflow/.local/lib/python3.7/site-packages/airflow/example_dags/example_python_operator.py
[2022-04-04 21:54:36,781] {logging_mixin.py:109} INFO - [2022-04-04 21:54:36,780] {dag.py:2398} INFO - Sync 1 DAGs
[2022-04-04 21:54:36,812] {logging_mixin.py:109} INFO - [2022-04-04 21:54:36,812] {dag.py:2937} INFO - Setting next_dagrun for example_python_operator to None
[2022-04-04 21:54:36,828] {processor.py:171} INFO - Processing /home/airflow/.local/lib/python3.7/site-packages/airflow/example_dags/example_python_operator.py took 0.139 seconds
[2022-04-04 21:55:07,811] {processor.py:163} INFO - Started process (PID=1129) to work on /home/airflow/.local/lib/python3.7/site-packages/airflow/example_dags/example_python_operator.py
[2022-04-04 21:55:07,813] {processor.py:642} INFO - Processing file /home/airflow/.local/lib/python3.7/site-packages/airflow/example_dags/example_python_operator.py for tasks to queue
[2022-04-04 21:55:07,813] {logging_mixin.py:109} INFO - [2022-04-04 21:55:07,813] {dagbag.py:500} INFO - Filling up the DagBag from /home/airflow/.local/lib/python3.7/site-packages/airflow/example_dags/example_python_operator.py
[2022-04-04 21:55:07,838] {processor.py:652} INFO - DAG(s) dict_keys(['example_python_operator']) retrieved from /home/airflow/.local/lib/python3.7/site-packages/airflow/example_dags/example_python_operator.py
[2022-04-04 21:55:07,864] {logging_mixin.py:109} INFO - [2022-04-04 21:55:07,864] {dag.py:2398} INFO - Sync 1 DAGs
[2022-04-04 21:55:07,887] {logging_mixin.py:109} INFO - [2022-04-04 21:55:07,887] {dag.py:2937} INFO - Setting next_dagrun for example_python_operator to None
[2022-04-04 21:55:07,900] {processor.py:171} INFO - Processing /home/airflow/.local/lib/python3.7/site-packages/airflow/example_dags/example_python_operator.py took 0.092 seconds
[2022-04-04 21:55:39,020] {processor.py:163} INFO - Started process (PID=1190) to work on /home/airflow/.local/lib/python3.7/site-packages/airflow/example_dags/example_python_operator.py
[2022-04-04 21:55:39,022] {processor.py:642} INFO - Processing file /home/airflow/.local/lib/python3.7/site-packages/airflow/example_dags/example_python_operator.py for tasks to queue
[2022-04-04 21:55:39,023] {logging_mixin.py:109} INFO - [2022-04-04 21:55:39,022] {dagbag.py:500} INFO - Filling up the DagBag from /home/airflow/.local/lib/python3.7/site-packages/airflow/example_dags/example_python_operator.py
[2022-04-04 21:55:39,045] {processor.py:652} INFO - DAG(s) dict_keys(['example_python_operator']) retrieved from /home/airflow/.local/lib/python3.7/site-packages/airflow/example_dags/example_python_operator.py
[2022-04-04 21:55:39,072] {logging_mixin.py:109} INFO - [2022-04-04 21:55:39,072] {dag.py:2398} INFO - Sync 1 DAGs
[2022-04-04 21:55:39,095] {logging_mixin.py:109} INFO - [2022-04-04 21:55:39,095] {dag.py:2937} INFO - Setting next_dagrun for example_python_operator to None
[2022-04-04 21:55:39,113] {processor.py:171} INFO - Processing /home/airflow/.local/lib/python3.7/site-packages/airflow/example_dags/example_python_operator.py took 0.096 seconds
[2022-04-04 21:56:09,280] {processor.py:163} INFO - Started process (PID=1240) to work on /home/airflow/.local/lib/python3.7/site-packages/airflow/example_dags/example_python_operator.py
[2022-04-04 21:56:09,282] {processor.py:642} INFO - Processing file /home/airflow/.local/lib/python3.7/site-packages/airflow/example_dags/example_python_operator.py for tasks to queue
[2022-04-04 21:56:09,282] {logging_mixin.py:109} INFO - [2022-04-04 21:56:09,282] {dagbag.py:500} INFO - Filling up the DagBag from /home/airflow/.local/lib/python3.7/site-packages/airflow/example_dags/example_python_operator.py
[2022-04-04 21:56:09,305] {processor.py:652} INFO - DAG(s) dict_keys(['example_python_operator']) retrieved from /home/airflow/.local/lib/python3.7/site-packages/airflow/example_dags/example_python_operator.py
[2022-04-04 21:56:09,329] {logging_mixin.py:109} INFO - [2022-04-04 21:56:09,329] {dag.py:2398} INFO - Sync 1 DAGs
[2022-04-04 21:56:09,351] {logging_mixin.py:109} INFO - [2022-04-04 21:56:09,351] {dag.py:2937} INFO - Setting next_dagrun for example_python_operator to None
[2022-04-04 21:56:09,365] {processor.py:171} INFO - Processing /home/airflow/.local/lib/python3.7/site-packages/airflow/example_dags/example_python_operator.py took 0.089 seconds
[2022-04-04 21:56:40,403] {processor.py:163} INFO - Started process (PID=1291) to work on /home/airflow/.local/lib/python3.7/site-packages/airflow/example_dags/example_python_operator.py
[2022-04-04 21:56:40,405] {processor.py:642} INFO - Processing file /home/airflow/.local/lib/python3.7/site-packages/airflow/example_dags/example_python_operator.py for tasks to queue
[2022-04-04 21:56:40,405] {logging_mixin.py:109} INFO - [2022-04-04 21:56:40,405] {dagbag.py:500} INFO - Filling up the DagBag from /home/airflow/.local/lib/python3.7/site-packages/airflow/example_dags/example_python_operator.py
[2022-04-04 21:56:40,434] {processor.py:652} INFO - DAG(s) dict_keys(['example_python_operator']) retrieved from /home/airflow/.local/lib/python3.7/site-packages/airflow/example_dags/example_python_operator.py
[2022-04-04 21:56:40,467] {logging_mixin.py:109} INFO - [2022-04-04 21:56:40,466] {dag.py:2398} INFO - Sync 1 DAGs
[2022-04-04 21:56:40,495] {logging_mixin.py:109} INFO - [2022-04-04 21:56:40,495] {dag.py:2937} INFO - Setting next_dagrun for example_python_operator to None
[2022-04-04 21:56:40,508] {processor.py:171} INFO - Processing /home/airflow/.local/lib/python3.7/site-packages/airflow/example_dags/example_python_operator.py took 0.109 seconds
[2022-04-04 21:57:11,313] {processor.py:163} INFO - Started process (PID=1353) to work on /home/airflow/.local/lib/python3.7/site-packages/airflow/example_dags/example_python_operator.py
[2022-04-04 21:57:11,314] {processor.py:642} INFO - Processing file /home/airflow/.local/lib/python3.7/site-packages/airflow/example_dags/example_python_operator.py for tasks to queue
[2022-04-04 21:57:11,316] {logging_mixin.py:109} INFO - [2022-04-04 21:57:11,316] {dagbag.py:500} INFO - Filling up the DagBag from /home/airflow/.local/lib/python3.7/site-packages/airflow/example_dags/example_python_operator.py
[2022-04-04 21:57:11,352] {processor.py:652} INFO - DAG(s) dict_keys(['example_python_operator']) retrieved from /home/airflow/.local/lib/python3.7/site-packages/airflow/example_dags/example_python_operator.py
[2022-04-04 21:57:11,386] {logging_mixin.py:109} INFO - [2022-04-04 21:57:11,386] {dag.py:2398} INFO - Sync 1 DAGs
[2022-04-04 21:57:11,420] {logging_mixin.py:109} INFO - [2022-04-04 21:57:11,419] {dag.py:2937} INFO - Setting next_dagrun for example_python_operator to None
[2022-04-04 21:57:11,436] {processor.py:171} INFO - Processing /home/airflow/.local/lib/python3.7/site-packages/airflow/example_dags/example_python_operator.py took 0.129 seconds
[2022-04-04 21:57:42,346] {processor.py:163} INFO - Started process (PID=1405) to work on /home/airflow/.local/lib/python3.7/site-packages/airflow/example_dags/example_python_operator.py
[2022-04-04 21:57:42,348] {processor.py:642} INFO - Processing file /home/airflow/.local/lib/python3.7/site-packages/airflow/example_dags/example_python_operator.py for tasks to queue
[2022-04-04 21:57:42,349] {logging_mixin.py:109} INFO - [2022-04-04 21:57:42,349] {dagbag.py:500} INFO - Filling up the DagBag from /home/airflow/.local/lib/python3.7/site-packages/airflow/example_dags/example_python_operator.py
[2022-04-04 21:57:42,372] {processor.py:652} INFO - DAG(s) dict_keys(['example_python_operator']) retrieved from /home/airflow/.local/lib/python3.7/site-packages/airflow/example_dags/example_python_operator.py
[2022-04-04 21:57:42,399] {logging_mixin.py:109} INFO - [2022-04-04 21:57:42,399] {dag.py:2398} INFO - Sync 1 DAGs
[2022-04-04 21:57:42,421] {logging_mixin.py:109} INFO - [2022-04-04 21:57:42,421] {dag.py:2937} INFO - Setting next_dagrun for example_python_operator to None
[2022-04-04 21:57:42,434] {processor.py:171} INFO - Processing /home/airflow/.local/lib/python3.7/site-packages/airflow/example_dags/example_python_operator.py took 0.091 seconds
[2022-04-04 21:58:13,348] {processor.py:163} INFO - Started process (PID=1457) to work on /home/airflow/.local/lib/python3.7/site-packages/airflow/example_dags/example_python_operator.py
[2022-04-04 21:58:13,349] {processor.py:642} INFO - Processing file /home/airflow/.local/lib/python3.7/site-packages/airflow/example_dags/example_python_operator.py for tasks to queue
[2022-04-04 21:58:13,350] {logging_mixin.py:109} INFO - [2022-04-04 21:58:13,350] {dagbag.py:500} INFO - Filling up the DagBag from /home/airflow/.local/lib/python3.7/site-packages/airflow/example_dags/example_python_operator.py
[2022-04-04 21:58:13,383] {processor.py:652} INFO - DAG(s) dict_keys(['example_python_operator']) retrieved from /home/airflow/.local/lib/python3.7/site-packages/airflow/example_dags/example_python_operator.py
[2022-04-04 21:58:13,413] {logging_mixin.py:109} INFO - [2022-04-04 21:58:13,412] {dag.py:2398} INFO - Sync 1 DAGs
[2022-04-04 21:58:13,433] {logging_mixin.py:109} INFO - [2022-04-04 21:58:13,433] {dag.py:2937} INFO - Setting next_dagrun for example_python_operator to None
[2022-04-04 21:58:13,449] {processor.py:171} INFO - Processing /home/airflow/.local/lib/python3.7/site-packages/airflow/example_dags/example_python_operator.py took 0.106 seconds
[2022-04-04 21:58:44,330] {processor.py:163} INFO - Started process (PID=1518) to work on /home/airflow/.local/lib/python3.7/site-packages/airflow/example_dags/example_python_operator.py
[2022-04-04 21:58:44,332] {processor.py:642} INFO - Processing file /home/airflow/.local/lib/python3.7/site-packages/airflow/example_dags/example_python_operator.py for tasks to queue
[2022-04-04 21:58:44,332] {logging_mixin.py:109} INFO - [2022-04-04 21:58:44,332] {dagbag.py:500} INFO - Filling up the DagBag from /home/airflow/.local/lib/python3.7/site-packages/airflow/example_dags/example_python_operator.py
[2022-04-04 21:58:44,365] {processor.py:652} INFO - DAG(s) dict_keys(['example_python_operator']) retrieved from /home/airflow/.local/lib/python3.7/site-packages/airflow/example_dags/example_python_operator.py
[2022-04-04 21:58:44,402] {logging_mixin.py:109} INFO - [2022-04-04 21:58:44,401] {dag.py:2398} INFO - Sync 1 DAGs
[2022-04-04 21:58:44,430] {logging_mixin.py:109} INFO - [2022-04-04 21:58:44,430] {dag.py:2937} INFO - Setting next_dagrun for example_python_operator to None
[2022-04-04 21:58:44,447] {processor.py:171} INFO - Processing /home/airflow/.local/lib/python3.7/site-packages/airflow/example_dags/example_python_operator.py took 0.120 seconds
