[2022-04-04 21:47:10,779] {processor.py:163} INFO - Started process (PID=132) to work on /home/airflow/.local/lib/python3.7/site-packages/airflow/example_dags/example_skip_dag.py
[2022-04-04 21:47:10,781] {processor.py:642} INFO - Processing file /home/airflow/.local/lib/python3.7/site-packages/airflow/example_dags/example_skip_dag.py for tasks to queue
[2022-04-04 21:47:10,782] {logging_mixin.py:109} INFO - [2022-04-04 21:47:10,782] {dagbag.py:500} INFO - Filling up the DagBag from /home/airflow/.local/lib/python3.7/site-packages/airflow/example_dags/example_skip_dag.py
[2022-04-04 21:47:10,822] {processor.py:652} INFO - DAG(s) dict_keys(['example_skip_dag']) retrieved from /home/airflow/.local/lib/python3.7/site-packages/airflow/example_dags/example_skip_dag.py
[2022-04-04 21:47:15,049] {logging_mixin.py:109} INFO - [2022-04-04 21:47:15,049] {manager.py:496} INFO - Created Permission View: can edit on DAG:example_skip_dag
[2022-04-04 21:47:15,062] {logging_mixin.py:109} INFO - [2022-04-04 21:47:15,062] {manager.py:496} INFO - Created Permission View: can read on DAG:example_skip_dag
[2022-04-04 21:47:15,063] {logging_mixin.py:109} INFO - [2022-04-04 21:47:15,063] {dag.py:2398} INFO - Sync 1 DAGs
[2022-04-04 21:47:15,073] {logging_mixin.py:109} INFO - [2022-04-04 21:47:15,073] {dag.py:2417} INFO - Creating ORM DAG for example_skip_dag
[2022-04-04 21:47:15,084] {logging_mixin.py:109} INFO - [2022-04-04 21:47:15,083] {dag.py:2937} INFO - Setting next_dagrun for example_skip_dag to 2022-04-03T21:47:15.083700+00:00
[2022-04-04 21:47:15,100] {processor.py:171} INFO - Processing /home/airflow/.local/lib/python3.7/site-packages/airflow/example_dags/example_skip_dag.py took 4.340 seconds
[2022-04-04 21:47:54,542] {processor.py:163} INFO - Started process (PID=366) to work on /home/airflow/.local/lib/python3.7/site-packages/airflow/example_dags/example_skip_dag.py
[2022-04-04 21:47:54,546] {processor.py:642} INFO - Processing file /home/airflow/.local/lib/python3.7/site-packages/airflow/example_dags/example_skip_dag.py for tasks to queue
[2022-04-04 21:47:54,548] {logging_mixin.py:109} INFO - [2022-04-04 21:47:54,548] {dagbag.py:500} INFO - Filling up the DagBag from /home/airflow/.local/lib/python3.7/site-packages/airflow/example_dags/example_skip_dag.py
[2022-04-04 21:47:54,596] {processor.py:652} INFO - DAG(s) dict_keys(['example_skip_dag']) retrieved from /home/airflow/.local/lib/python3.7/site-packages/airflow/example_dags/example_skip_dag.py
[2022-04-04 21:47:54,659] {logging_mixin.py:109} INFO - [2022-04-04 21:47:54,659] {dag.py:2398} INFO - Sync 1 DAGs
[2022-04-04 21:47:54,707] {logging_mixin.py:109} INFO - [2022-04-04 21:47:54,706] {dag.py:2937} INFO - Setting next_dagrun for example_skip_dag to 2022-04-03T21:47:54.706412+00:00
[2022-04-04 21:47:54,733] {processor.py:171} INFO - Processing /home/airflow/.local/lib/python3.7/site-packages/airflow/example_dags/example_skip_dag.py took 0.199 seconds
[2022-04-04 21:48:25,075] {processor.py:163} INFO - Started process (PID=420) to work on /home/airflow/.local/lib/python3.7/site-packages/airflow/example_dags/example_skip_dag.py
[2022-04-04 21:48:25,077] {processor.py:642} INFO - Processing file /home/airflow/.local/lib/python3.7/site-packages/airflow/example_dags/example_skip_dag.py for tasks to queue
[2022-04-04 21:48:25,078] {logging_mixin.py:109} INFO - [2022-04-04 21:48:25,078] {dagbag.py:500} INFO - Filling up the DagBag from /home/airflow/.local/lib/python3.7/site-packages/airflow/example_dags/example_skip_dag.py
[2022-04-04 21:48:25,105] {processor.py:652} INFO - DAG(s) dict_keys(['example_skip_dag']) retrieved from /home/airflow/.local/lib/python3.7/site-packages/airflow/example_dags/example_skip_dag.py
[2022-04-04 21:48:25,147] {logging_mixin.py:109} INFO - [2022-04-04 21:48:25,147] {dag.py:2398} INFO - Sync 1 DAGs
[2022-04-04 21:48:25,184] {logging_mixin.py:109} INFO - [2022-04-04 21:48:25,184] {dag.py:2937} INFO - Setting next_dagrun for example_skip_dag to 2022-04-03T21:48:25.184051+00:00
[2022-04-04 21:48:25,200] {processor.py:171} INFO - Processing /home/airflow/.local/lib/python3.7/site-packages/airflow/example_dags/example_skip_dag.py took 0.129 seconds
[2022-04-04 21:48:55,281] {processor.py:163} INFO - Started process (PID=470) to work on /home/airflow/.local/lib/python3.7/site-packages/airflow/example_dags/example_skip_dag.py
[2022-04-04 21:48:55,282] {processor.py:642} INFO - Processing file /home/airflow/.local/lib/python3.7/site-packages/airflow/example_dags/example_skip_dag.py for tasks to queue
[2022-04-04 21:48:55,282] {logging_mixin.py:109} INFO - [2022-04-04 21:48:55,282] {dagbag.py:500} INFO - Filling up the DagBag from /home/airflow/.local/lib/python3.7/site-packages/airflow/example_dags/example_skip_dag.py
[2022-04-04 21:48:55,301] {processor.py:652} INFO - DAG(s) dict_keys(['example_skip_dag']) retrieved from /home/airflow/.local/lib/python3.7/site-packages/airflow/example_dags/example_skip_dag.py
[2022-04-04 21:48:55,329] {logging_mixin.py:109} INFO - [2022-04-04 21:48:55,328] {dag.py:2398} INFO - Sync 1 DAGs
[2022-04-04 21:48:55,351] {logging_mixin.py:109} INFO - [2022-04-04 21:48:55,350] {dag.py:2937} INFO - Setting next_dagrun for example_skip_dag to 2022-04-03T21:48:55.350669+00:00
[2022-04-04 21:48:55,365] {processor.py:171} INFO - Processing /home/airflow/.local/lib/python3.7/site-packages/airflow/example_dags/example_skip_dag.py took 0.088 seconds
[2022-04-04 21:49:25,742] {processor.py:163} INFO - Started process (PID=521) to work on /home/airflow/.local/lib/python3.7/site-packages/airflow/example_dags/example_skip_dag.py
[2022-04-04 21:49:25,745] {processor.py:642} INFO - Processing file /home/airflow/.local/lib/python3.7/site-packages/airflow/example_dags/example_skip_dag.py for tasks to queue
[2022-04-04 21:49:25,746] {logging_mixin.py:109} INFO - [2022-04-04 21:49:25,745] {dagbag.py:500} INFO - Filling up the DagBag from /home/airflow/.local/lib/python3.7/site-packages/airflow/example_dags/example_skip_dag.py
[2022-04-04 21:49:25,767] {processor.py:652} INFO - DAG(s) dict_keys(['example_skip_dag']) retrieved from /home/airflow/.local/lib/python3.7/site-packages/airflow/example_dags/example_skip_dag.py
[2022-04-04 21:49:25,794] {logging_mixin.py:109} INFO - [2022-04-04 21:49:25,794] {dag.py:2398} INFO - Sync 1 DAGs
[2022-04-04 21:49:25,820] {logging_mixin.py:109} INFO - [2022-04-04 21:49:25,820] {dag.py:2937} INFO - Setting next_dagrun for example_skip_dag to 2022-04-03T21:49:25.820104+00:00
[2022-04-04 21:49:25,833] {processor.py:171} INFO - Processing /home/airflow/.local/lib/python3.7/site-packages/airflow/example_dags/example_skip_dag.py took 0.094 seconds
[2022-04-04 21:49:56,659] {processor.py:163} INFO - Started process (PID=582) to work on /home/airflow/.local/lib/python3.7/site-packages/airflow/example_dags/example_skip_dag.py
[2022-04-04 21:49:56,661] {processor.py:642} INFO - Processing file /home/airflow/.local/lib/python3.7/site-packages/airflow/example_dags/example_skip_dag.py for tasks to queue
[2022-04-04 21:49:56,662] {logging_mixin.py:109} INFO - [2022-04-04 21:49:56,661] {dagbag.py:500} INFO - Filling up the DagBag from /home/airflow/.local/lib/python3.7/site-packages/airflow/example_dags/example_skip_dag.py
[2022-04-04 21:49:56,684] {processor.py:652} INFO - DAG(s) dict_keys(['example_skip_dag']) retrieved from /home/airflow/.local/lib/python3.7/site-packages/airflow/example_dags/example_skip_dag.py
[2022-04-04 21:49:56,715] {logging_mixin.py:109} INFO - [2022-04-04 21:49:56,715] {dag.py:2398} INFO - Sync 1 DAGs
[2022-04-04 21:49:56,744] {logging_mixin.py:109} INFO - [2022-04-04 21:49:56,744] {dag.py:2937} INFO - Setting next_dagrun for example_skip_dag to 2022-04-03T21:49:56.744451+00:00
[2022-04-04 21:49:56,761] {processor.py:171} INFO - Processing /home/airflow/.local/lib/python3.7/site-packages/airflow/example_dags/example_skip_dag.py took 0.107 seconds
[2022-04-04 21:50:27,501] {processor.py:163} INFO - Started process (PID=633) to work on /home/airflow/.local/lib/python3.7/site-packages/airflow/example_dags/example_skip_dag.py
[2022-04-04 21:50:27,502] {processor.py:642} INFO - Processing file /home/airflow/.local/lib/python3.7/site-packages/airflow/example_dags/example_skip_dag.py for tasks to queue
[2022-04-04 21:50:27,503] {logging_mixin.py:109} INFO - [2022-04-04 21:50:27,503] {dagbag.py:500} INFO - Filling up the DagBag from /home/airflow/.local/lib/python3.7/site-packages/airflow/example_dags/example_skip_dag.py
[2022-04-04 21:50:27,520] {processor.py:652} INFO - DAG(s) dict_keys(['example_skip_dag']) retrieved from /home/airflow/.local/lib/python3.7/site-packages/airflow/example_dags/example_skip_dag.py
[2022-04-04 21:50:27,549] {logging_mixin.py:109} INFO - [2022-04-04 21:50:27,549] {dag.py:2398} INFO - Sync 1 DAGs
[2022-04-04 21:50:27,576] {logging_mixin.py:109} INFO - [2022-04-04 21:50:27,576] {dag.py:2937} INFO - Setting next_dagrun for example_skip_dag to 2022-04-03T21:50:27.575924+00:00
[2022-04-04 21:50:27,593] {processor.py:171} INFO - Processing /home/airflow/.local/lib/python3.7/site-packages/airflow/example_dags/example_skip_dag.py took 0.095 seconds
[2022-04-04 21:50:57,691] {processor.py:163} INFO - Started process (PID=683) to work on /home/airflow/.local/lib/python3.7/site-packages/airflow/example_dags/example_skip_dag.py
[2022-04-04 21:50:57,693] {processor.py:642} INFO - Processing file /home/airflow/.local/lib/python3.7/site-packages/airflow/example_dags/example_skip_dag.py for tasks to queue
[2022-04-04 21:50:57,694] {logging_mixin.py:109} INFO - [2022-04-04 21:50:57,694] {dagbag.py:500} INFO - Filling up the DagBag from /home/airflow/.local/lib/python3.7/site-packages/airflow/example_dags/example_skip_dag.py
[2022-04-04 21:50:57,718] {processor.py:652} INFO - DAG(s) dict_keys(['example_skip_dag']) retrieved from /home/airflow/.local/lib/python3.7/site-packages/airflow/example_dags/example_skip_dag.py
[2022-04-04 21:50:57,754] {logging_mixin.py:109} INFO - [2022-04-04 21:50:57,754] {dag.py:2398} INFO - Sync 1 DAGs
[2022-04-04 21:50:57,776] {logging_mixin.py:109} INFO - [2022-04-04 21:50:57,776] {dag.py:2937} INFO - Setting next_dagrun for example_skip_dag to 2022-04-03T21:50:57.776407+00:00
[2022-04-04 21:50:57,789] {processor.py:171} INFO - Processing /home/airflow/.local/lib/python3.7/site-packages/airflow/example_dags/example_skip_dag.py took 0.102 seconds
[2022-04-04 21:51:28,191] {processor.py:163} INFO - Started process (PID=743) to work on /home/airflow/.local/lib/python3.7/site-packages/airflow/example_dags/example_skip_dag.py
[2022-04-04 21:51:28,192] {processor.py:642} INFO - Processing file /home/airflow/.local/lib/python3.7/site-packages/airflow/example_dags/example_skip_dag.py for tasks to queue
[2022-04-04 21:51:28,193] {logging_mixin.py:109} INFO - [2022-04-04 21:51:28,193] {dagbag.py:500} INFO - Filling up the DagBag from /home/airflow/.local/lib/python3.7/site-packages/airflow/example_dags/example_skip_dag.py
[2022-04-04 21:51:28,217] {processor.py:652} INFO - DAG(s) dict_keys(['example_skip_dag']) retrieved from /home/airflow/.local/lib/python3.7/site-packages/airflow/example_dags/example_skip_dag.py
[2022-04-04 21:51:28,264] {logging_mixin.py:109} INFO - [2022-04-04 21:51:28,264] {dag.py:2398} INFO - Sync 1 DAGs
[2022-04-04 21:51:28,297] {logging_mixin.py:109} INFO - [2022-04-04 21:51:28,297] {dag.py:2937} INFO - Setting next_dagrun for example_skip_dag to 2022-04-03T21:51:28.297035+00:00
[2022-04-04 21:51:28,311] {processor.py:171} INFO - Processing /home/airflow/.local/lib/python3.7/site-packages/airflow/example_dags/example_skip_dag.py took 0.123 seconds
[2022-04-04 21:51:58,565] {processor.py:163} INFO - Started process (PID=795) to work on /home/airflow/.local/lib/python3.7/site-packages/airflow/example_dags/example_skip_dag.py
[2022-04-04 21:51:58,567] {processor.py:642} INFO - Processing file /home/airflow/.local/lib/python3.7/site-packages/airflow/example_dags/example_skip_dag.py for tasks to queue
[2022-04-04 21:51:58,569] {logging_mixin.py:109} INFO - [2022-04-04 21:51:58,568] {dagbag.py:500} INFO - Filling up the DagBag from /home/airflow/.local/lib/python3.7/site-packages/airflow/example_dags/example_skip_dag.py
[2022-04-04 21:51:58,623] {processor.py:652} INFO - DAG(s) dict_keys(['example_skip_dag']) retrieved from /home/airflow/.local/lib/python3.7/site-packages/airflow/example_dags/example_skip_dag.py
[2022-04-04 21:51:58,681] {logging_mixin.py:109} INFO - [2022-04-04 21:51:58,681] {dag.py:2398} INFO - Sync 1 DAGs
[2022-04-04 21:51:58,710] {logging_mixin.py:109} INFO - [2022-04-04 21:51:58,710] {dag.py:2937} INFO - Setting next_dagrun for example_skip_dag to 2022-04-03T21:51:58.710445+00:00
[2022-04-04 21:51:58,726] {processor.py:171} INFO - Processing /home/airflow/.local/lib/python3.7/site-packages/airflow/example_dags/example_skip_dag.py took 0.173 seconds
[2022-04-04 21:52:29,136] {processor.py:163} INFO - Started process (PID=846) to work on /home/airflow/.local/lib/python3.7/site-packages/airflow/example_dags/example_skip_dag.py
[2022-04-04 21:52:29,138] {processor.py:642} INFO - Processing file /home/airflow/.local/lib/python3.7/site-packages/airflow/example_dags/example_skip_dag.py for tasks to queue
[2022-04-04 21:52:29,139] {logging_mixin.py:109} INFO - [2022-04-04 21:52:29,139] {dagbag.py:500} INFO - Filling up the DagBag from /home/airflow/.local/lib/python3.7/site-packages/airflow/example_dags/example_skip_dag.py
[2022-04-04 21:52:29,163] {processor.py:652} INFO - DAG(s) dict_keys(['example_skip_dag']) retrieved from /home/airflow/.local/lib/python3.7/site-packages/airflow/example_dags/example_skip_dag.py
[2022-04-04 21:52:29,279] {logging_mixin.py:109} INFO - [2022-04-04 21:52:29,279] {dag.py:2398} INFO - Sync 1 DAGs
[2022-04-04 21:52:29,313] {logging_mixin.py:109} INFO - [2022-04-04 21:52:29,313] {dag.py:2937} INFO - Setting next_dagrun for example_skip_dag to 2022-04-03T21:52:29.312920+00:00
[2022-04-04 21:52:29,330] {processor.py:171} INFO - Processing /home/airflow/.local/lib/python3.7/site-packages/airflow/example_dags/example_skip_dag.py took 0.199 seconds
[2022-04-04 21:52:59,378] {processor.py:163} INFO - Started process (PID=904) to work on /home/airflow/.local/lib/python3.7/site-packages/airflow/example_dags/example_skip_dag.py
[2022-04-04 21:52:59,380] {processor.py:642} INFO - Processing file /home/airflow/.local/lib/python3.7/site-packages/airflow/example_dags/example_skip_dag.py for tasks to queue
[2022-04-04 21:52:59,381] {logging_mixin.py:109} INFO - [2022-04-04 21:52:59,381] {dagbag.py:500} INFO - Filling up the DagBag from /home/airflow/.local/lib/python3.7/site-packages/airflow/example_dags/example_skip_dag.py
[2022-04-04 21:52:59,399] {processor.py:652} INFO - DAG(s) dict_keys(['example_skip_dag']) retrieved from /home/airflow/.local/lib/python3.7/site-packages/airflow/example_dags/example_skip_dag.py
[2022-04-04 21:52:59,429] {logging_mixin.py:109} INFO - [2022-04-04 21:52:59,429] {dag.py:2398} INFO - Sync 1 DAGs
[2022-04-04 21:52:59,453] {logging_mixin.py:109} INFO - [2022-04-04 21:52:59,453] {dag.py:2937} INFO - Setting next_dagrun for example_skip_dag to 2022-04-03T21:52:59.452782+00:00
[2022-04-04 21:52:59,470] {processor.py:171} INFO - Processing /home/airflow/.local/lib/python3.7/site-packages/airflow/example_dags/example_skip_dag.py took 0.096 seconds
[2022-04-04 21:53:29,756] {processor.py:163} INFO - Started process (PID=957) to work on /home/airflow/.local/lib/python3.7/site-packages/airflow/example_dags/example_skip_dag.py
[2022-04-04 21:53:29,757] {processor.py:642} INFO - Processing file /home/airflow/.local/lib/python3.7/site-packages/airflow/example_dags/example_skip_dag.py for tasks to queue
[2022-04-04 21:53:29,757] {logging_mixin.py:109} INFO - [2022-04-04 21:53:29,757] {dagbag.py:500} INFO - Filling up the DagBag from /home/airflow/.local/lib/python3.7/site-packages/airflow/example_dags/example_skip_dag.py
[2022-04-04 21:53:29,775] {processor.py:652} INFO - DAG(s) dict_keys(['example_skip_dag']) retrieved from /home/airflow/.local/lib/python3.7/site-packages/airflow/example_dags/example_skip_dag.py
[2022-04-04 21:53:29,801] {logging_mixin.py:109} INFO - [2022-04-04 21:53:29,801] {dag.py:2398} INFO - Sync 1 DAGs
[2022-04-04 21:53:29,824] {logging_mixin.py:109} INFO - [2022-04-04 21:53:29,824] {dag.py:2937} INFO - Setting next_dagrun for example_skip_dag to 2022-04-03T21:53:29.824477+00:00
[2022-04-04 21:53:29,837] {processor.py:171} INFO - Processing /home/airflow/.local/lib/python3.7/site-packages/airflow/example_dags/example_skip_dag.py took 0.086 seconds
[2022-04-04 21:53:59,905] {processor.py:163} INFO - Started process (PID=1010) to work on /home/airflow/.local/lib/python3.7/site-packages/airflow/example_dags/example_skip_dag.py
[2022-04-04 21:53:59,909] {processor.py:642} INFO - Processing file /home/airflow/.local/lib/python3.7/site-packages/airflow/example_dags/example_skip_dag.py for tasks to queue
[2022-04-04 21:53:59,910] {logging_mixin.py:109} INFO - [2022-04-04 21:53:59,910] {dagbag.py:500} INFO - Filling up the DagBag from /home/airflow/.local/lib/python3.7/site-packages/airflow/example_dags/example_skip_dag.py
[2022-04-04 21:53:59,930] {processor.py:652} INFO - DAG(s) dict_keys(['example_skip_dag']) retrieved from /home/airflow/.local/lib/python3.7/site-packages/airflow/example_dags/example_skip_dag.py
[2022-04-04 21:53:59,955] {logging_mixin.py:109} INFO - [2022-04-04 21:53:59,955] {dag.py:2398} INFO - Sync 1 DAGs
[2022-04-04 21:53:59,976] {logging_mixin.py:109} INFO - [2022-04-04 21:53:59,976] {dag.py:2937} INFO - Setting next_dagrun for example_skip_dag to 2022-04-03T21:53:59.976221+00:00
[2022-04-04 21:53:59,989] {processor.py:171} INFO - Processing /home/airflow/.local/lib/python3.7/site-packages/airflow/example_dags/example_skip_dag.py took 0.089 seconds
[2022-04-04 21:54:30,124] {processor.py:163} INFO - Started process (PID=1061) to work on /home/airflow/.local/lib/python3.7/site-packages/airflow/example_dags/example_skip_dag.py
[2022-04-04 21:54:30,126] {processor.py:642} INFO - Processing file /home/airflow/.local/lib/python3.7/site-packages/airflow/example_dags/example_skip_dag.py for tasks to queue
[2022-04-04 21:54:30,127] {logging_mixin.py:109} INFO - [2022-04-04 21:54:30,126] {dagbag.py:500} INFO - Filling up the DagBag from /home/airflow/.local/lib/python3.7/site-packages/airflow/example_dags/example_skip_dag.py
[2022-04-04 21:54:30,147] {processor.py:652} INFO - DAG(s) dict_keys(['example_skip_dag']) retrieved from /home/airflow/.local/lib/python3.7/site-packages/airflow/example_dags/example_skip_dag.py
[2022-04-04 21:54:30,176] {logging_mixin.py:109} INFO - [2022-04-04 21:54:30,176] {dag.py:2398} INFO - Sync 1 DAGs
[2022-04-04 21:54:30,203] {logging_mixin.py:109} INFO - [2022-04-04 21:54:30,203] {dag.py:2937} INFO - Setting next_dagrun for example_skip_dag to 2022-04-03T21:54:30.203519+00:00
[2022-04-04 21:54:30,219] {processor.py:171} INFO - Processing /home/airflow/.local/lib/python3.7/site-packages/airflow/example_dags/example_skip_dag.py took 0.098 seconds
[2022-04-04 21:55:00,499] {processor.py:163} INFO - Started process (PID=1121) to work on /home/airflow/.local/lib/python3.7/site-packages/airflow/example_dags/example_skip_dag.py
[2022-04-04 21:55:00,501] {processor.py:642} INFO - Processing file /home/airflow/.local/lib/python3.7/site-packages/airflow/example_dags/example_skip_dag.py for tasks to queue
[2022-04-04 21:55:00,502] {logging_mixin.py:109} INFO - [2022-04-04 21:55:00,502] {dagbag.py:500} INFO - Filling up the DagBag from /home/airflow/.local/lib/python3.7/site-packages/airflow/example_dags/example_skip_dag.py
[2022-04-04 21:55:00,525] {processor.py:652} INFO - DAG(s) dict_keys(['example_skip_dag']) retrieved from /home/airflow/.local/lib/python3.7/site-packages/airflow/example_dags/example_skip_dag.py
[2022-04-04 21:55:00,554] {logging_mixin.py:109} INFO - [2022-04-04 21:55:00,554] {dag.py:2398} INFO - Sync 1 DAGs
[2022-04-04 21:55:00,586] {logging_mixin.py:109} INFO - [2022-04-04 21:55:00,586] {dag.py:2937} INFO - Setting next_dagrun for example_skip_dag to 2022-04-03T21:55:00.585690+00:00
[2022-04-04 21:55:00,604] {processor.py:171} INFO - Processing /home/airflow/.local/lib/python3.7/site-packages/airflow/example_dags/example_skip_dag.py took 0.112 seconds
[2022-04-04 21:55:30,763] {processor.py:163} INFO - Started process (PID=1172) to work on /home/airflow/.local/lib/python3.7/site-packages/airflow/example_dags/example_skip_dag.py
[2022-04-04 21:55:30,765] {processor.py:642} INFO - Processing file /home/airflow/.local/lib/python3.7/site-packages/airflow/example_dags/example_skip_dag.py for tasks to queue
[2022-04-04 21:55:30,766] {logging_mixin.py:109} INFO - [2022-04-04 21:55:30,766] {dagbag.py:500} INFO - Filling up the DagBag from /home/airflow/.local/lib/python3.7/site-packages/airflow/example_dags/example_skip_dag.py
[2022-04-04 21:55:30,782] {processor.py:652} INFO - DAG(s) dict_keys(['example_skip_dag']) retrieved from /home/airflow/.local/lib/python3.7/site-packages/airflow/example_dags/example_skip_dag.py
[2022-04-04 21:55:30,809] {logging_mixin.py:109} INFO - [2022-04-04 21:55:30,809] {dag.py:2398} INFO - Sync 1 DAGs
[2022-04-04 21:55:30,830] {logging_mixin.py:109} INFO - [2022-04-04 21:55:30,830] {dag.py:2937} INFO - Setting next_dagrun for example_skip_dag to 2022-04-03T21:55:30.830127+00:00
[2022-04-04 21:55:30,844] {processor.py:171} INFO - Processing /home/airflow/.local/lib/python3.7/site-packages/airflow/example_dags/example_skip_dag.py took 0.086 seconds
[2022-04-04 21:56:01,267] {processor.py:163} INFO - Started process (PID=1224) to work on /home/airflow/.local/lib/python3.7/site-packages/airflow/example_dags/example_skip_dag.py
[2022-04-04 21:56:01,269] {processor.py:642} INFO - Processing file /home/airflow/.local/lib/python3.7/site-packages/airflow/example_dags/example_skip_dag.py for tasks to queue
[2022-04-04 21:56:01,269] {logging_mixin.py:109} INFO - [2022-04-04 21:56:01,269] {dagbag.py:500} INFO - Filling up the DagBag from /home/airflow/.local/lib/python3.7/site-packages/airflow/example_dags/example_skip_dag.py
[2022-04-04 21:56:01,287] {processor.py:652} INFO - DAG(s) dict_keys(['example_skip_dag']) retrieved from /home/airflow/.local/lib/python3.7/site-packages/airflow/example_dags/example_skip_dag.py
[2022-04-04 21:56:01,314] {logging_mixin.py:109} INFO - [2022-04-04 21:56:01,314] {dag.py:2398} INFO - Sync 1 DAGs
[2022-04-04 21:56:01,337] {logging_mixin.py:109} INFO - [2022-04-04 21:56:01,337] {dag.py:2937} INFO - Setting next_dagrun for example_skip_dag to 2022-04-03T21:56:01.337483+00:00
[2022-04-04 21:56:01,350] {processor.py:171} INFO - Processing /home/airflow/.local/lib/python3.7/site-packages/airflow/example_dags/example_skip_dag.py took 0.087 seconds
[2022-04-04 21:56:31,614] {processor.py:163} INFO - Started process (PID=1285) to work on /home/airflow/.local/lib/python3.7/site-packages/airflow/example_dags/example_skip_dag.py
[2022-04-04 21:56:31,616] {processor.py:642} INFO - Processing file /home/airflow/.local/lib/python3.7/site-packages/airflow/example_dags/example_skip_dag.py for tasks to queue
[2022-04-04 21:56:31,617] {logging_mixin.py:109} INFO - [2022-04-04 21:56:31,616] {dagbag.py:500} INFO - Filling up the DagBag from /home/airflow/.local/lib/python3.7/site-packages/airflow/example_dags/example_skip_dag.py
[2022-04-04 21:56:31,641] {processor.py:652} INFO - DAG(s) dict_keys(['example_skip_dag']) retrieved from /home/airflow/.local/lib/python3.7/site-packages/airflow/example_dags/example_skip_dag.py
[2022-04-04 21:56:31,677] {logging_mixin.py:109} INFO - [2022-04-04 21:56:31,677] {dag.py:2398} INFO - Sync 1 DAGs
[2022-04-04 21:56:31,706] {logging_mixin.py:109} INFO - [2022-04-04 21:56:31,706] {dag.py:2937} INFO - Setting next_dagrun for example_skip_dag to 2022-04-03T21:56:31.706266+00:00
[2022-04-04 21:56:31,724] {processor.py:171} INFO - Processing /home/airflow/.local/lib/python3.7/site-packages/airflow/example_dags/example_skip_dag.py took 0.114 seconds
[2022-04-04 21:57:02,359] {processor.py:163} INFO - Started process (PID=1336) to work on /home/airflow/.local/lib/python3.7/site-packages/airflow/example_dags/example_skip_dag.py
[2022-04-04 21:57:02,360] {processor.py:642} INFO - Processing file /home/airflow/.local/lib/python3.7/site-packages/airflow/example_dags/example_skip_dag.py for tasks to queue
[2022-04-04 21:57:02,360] {logging_mixin.py:109} INFO - [2022-04-04 21:57:02,360] {dagbag.py:500} INFO - Filling up the DagBag from /home/airflow/.local/lib/python3.7/site-packages/airflow/example_dags/example_skip_dag.py
[2022-04-04 21:57:02,380] {processor.py:652} INFO - DAG(s) dict_keys(['example_skip_dag']) retrieved from /home/airflow/.local/lib/python3.7/site-packages/airflow/example_dags/example_skip_dag.py
[2022-04-04 21:57:02,417] {logging_mixin.py:109} INFO - [2022-04-04 21:57:02,416] {dag.py:2398} INFO - Sync 1 DAGs
[2022-04-04 21:57:02,443] {logging_mixin.py:109} INFO - [2022-04-04 21:57:02,443] {dag.py:2937} INFO - Setting next_dagrun for example_skip_dag to 2022-04-03T21:57:02.442983+00:00
[2022-04-04 21:57:02,457] {processor.py:171} INFO - Processing /home/airflow/.local/lib/python3.7/site-packages/airflow/example_dags/example_skip_dag.py took 0.102 seconds
[2022-04-04 21:57:32,500] {processor.py:163} INFO - Started process (PID=1387) to work on /home/airflow/.local/lib/python3.7/site-packages/airflow/example_dags/example_skip_dag.py
[2022-04-04 21:57:32,503] {processor.py:642} INFO - Processing file /home/airflow/.local/lib/python3.7/site-packages/airflow/example_dags/example_skip_dag.py for tasks to queue
[2022-04-04 21:57:32,504] {logging_mixin.py:109} INFO - [2022-04-04 21:57:32,504] {dagbag.py:500} INFO - Filling up the DagBag from /home/airflow/.local/lib/python3.7/site-packages/airflow/example_dags/example_skip_dag.py
[2022-04-04 21:57:32,522] {processor.py:652} INFO - DAG(s) dict_keys(['example_skip_dag']) retrieved from /home/airflow/.local/lib/python3.7/site-packages/airflow/example_dags/example_skip_dag.py
[2022-04-04 21:57:32,551] {logging_mixin.py:109} INFO - [2022-04-04 21:57:32,551] {dag.py:2398} INFO - Sync 1 DAGs
[2022-04-04 21:57:32,577] {logging_mixin.py:109} INFO - [2022-04-04 21:57:32,577] {dag.py:2937} INFO - Setting next_dagrun for example_skip_dag to 2022-04-03T21:57:32.577056+00:00
[2022-04-04 21:57:32,593] {processor.py:171} INFO - Processing /home/airflow/.local/lib/python3.7/site-packages/airflow/example_dags/example_skip_dag.py took 0.097 seconds
[2022-04-04 21:58:02,854] {processor.py:163} INFO - Started process (PID=1440) to work on /home/airflow/.local/lib/python3.7/site-packages/airflow/example_dags/example_skip_dag.py
[2022-04-04 21:58:02,856] {processor.py:642} INFO - Processing file /home/airflow/.local/lib/python3.7/site-packages/airflow/example_dags/example_skip_dag.py for tasks to queue
[2022-04-04 21:58:02,857] {logging_mixin.py:109} INFO - [2022-04-04 21:58:02,857] {dagbag.py:500} INFO - Filling up the DagBag from /home/airflow/.local/lib/python3.7/site-packages/airflow/example_dags/example_skip_dag.py
[2022-04-04 21:58:02,876] {processor.py:652} INFO - DAG(s) dict_keys(['example_skip_dag']) retrieved from /home/airflow/.local/lib/python3.7/site-packages/airflow/example_dags/example_skip_dag.py
[2022-04-04 21:58:02,905] {logging_mixin.py:109} INFO - [2022-04-04 21:58:02,905] {dag.py:2398} INFO - Sync 1 DAGs
[2022-04-04 21:58:02,930] {logging_mixin.py:109} INFO - [2022-04-04 21:58:02,930] {dag.py:2937} INFO - Setting next_dagrun for example_skip_dag to 2022-04-03T21:58:02.930199+00:00
[2022-04-04 21:58:02,950] {processor.py:171} INFO - Processing /home/airflow/.local/lib/python3.7/site-packages/airflow/example_dags/example_skip_dag.py took 0.100 seconds
[2022-04-04 21:58:33,216] {processor.py:163} INFO - Started process (PID=1501) to work on /home/airflow/.local/lib/python3.7/site-packages/airflow/example_dags/example_skip_dag.py
[2022-04-04 21:58:33,218] {processor.py:642} INFO - Processing file /home/airflow/.local/lib/python3.7/site-packages/airflow/example_dags/example_skip_dag.py for tasks to queue
[2022-04-04 21:58:33,219] {logging_mixin.py:109} INFO - [2022-04-04 21:58:33,219] {dagbag.py:500} INFO - Filling up the DagBag from /home/airflow/.local/lib/python3.7/site-packages/airflow/example_dags/example_skip_dag.py
[2022-04-04 21:58:33,245] {processor.py:652} INFO - DAG(s) dict_keys(['example_skip_dag']) retrieved from /home/airflow/.local/lib/python3.7/site-packages/airflow/example_dags/example_skip_dag.py
[2022-04-04 21:58:33,281] {logging_mixin.py:109} INFO - [2022-04-04 21:58:33,281] {dag.py:2398} INFO - Sync 1 DAGs
[2022-04-04 21:58:33,315] {logging_mixin.py:109} INFO - [2022-04-04 21:58:33,314] {dag.py:2937} INFO - Setting next_dagrun for example_skip_dag to 2022-04-03T21:58:33.313341+00:00
[2022-04-04 21:58:33,333] {processor.py:171} INFO - Processing /home/airflow/.local/lib/python3.7/site-packages/airflow/example_dags/example_skip_dag.py took 0.122 seconds
[2022-04-04 21:59:03,491] {processor.py:163} INFO - Started process (PID=1551) to work on /home/airflow/.local/lib/python3.7/site-packages/airflow/example_dags/example_skip_dag.py
[2022-04-04 21:59:03,492] {processor.py:642} INFO - Processing file /home/airflow/.local/lib/python3.7/site-packages/airflow/example_dags/example_skip_dag.py for tasks to queue
[2022-04-04 21:59:03,494] {logging_mixin.py:109} INFO - [2022-04-04 21:59:03,494] {dagbag.py:500} INFO - Filling up the DagBag from /home/airflow/.local/lib/python3.7/site-packages/airflow/example_dags/example_skip_dag.py
[2022-04-04 21:59:03,515] {processor.py:652} INFO - DAG(s) dict_keys(['example_skip_dag']) retrieved from /home/airflow/.local/lib/python3.7/site-packages/airflow/example_dags/example_skip_dag.py
[2022-04-04 21:59:03,545] {logging_mixin.py:109} INFO - [2022-04-04 21:59:03,545] {dag.py:2398} INFO - Sync 1 DAGs
[2022-04-04 21:59:03,568] {logging_mixin.py:109} INFO - [2022-04-04 21:59:03,568] {dag.py:2937} INFO - Setting next_dagrun for example_skip_dag to 2022-04-03T21:59:03.567744+00:00
[2022-04-04 21:59:03,584] {processor.py:171} INFO - Processing /home/airflow/.local/lib/python3.7/site-packages/airflow/example_dags/example_skip_dag.py took 0.098 seconds
