[2022-04-04 21:46:57,470] {processor.py:163} INFO - Started process (PID=69) to work on /home/airflow/.local/lib/python3.7/site-packages/airflow/example_dags/example_kubernetes_executor.py
[2022-04-04 21:46:57,471] {processor.py:642} INFO - Processing file /home/airflow/.local/lib/python3.7/site-packages/airflow/example_dags/example_kubernetes_executor.py for tasks to queue
[2022-04-04 21:46:57,472] {logging_mixin.py:109} INFO - [2022-04-04 21:46:57,472] {dagbag.py:500} INFO - Filling up the DagBag from /home/airflow/.local/lib/python3.7/site-packages/airflow/example_dags/example_kubernetes_executor.py
[2022-04-04 21:46:57,585] {processor.py:652} INFO - DAG(s) dict_keys(['example_kubernetes_executor']) retrieved from /home/airflow/.local/lib/python3.7/site-packages/airflow/example_dags/example_kubernetes_executor.py
[2022-04-04 21:47:01,170] {logging_mixin.py:109} INFO - [2022-04-04 21:47:01,170] {manager.py:496} INFO - Created Permission View: can edit on DAG:example_kubernetes_executor
[2022-04-04 21:47:01,212] {logging_mixin.py:109} INFO - [2022-04-04 21:47:01,211] {manager.py:496} INFO - Created Permission View: can read on DAG:example_kubernetes_executor
[2022-04-04 21:47:01,221] {logging_mixin.py:109} INFO - [2022-04-04 21:47:01,220] {dag.py:2398} INFO - Sync 1 DAGs
[2022-04-04 21:47:01,256] {logging_mixin.py:109} INFO - [2022-04-04 21:47:01,255] {dag.py:2417} INFO - Creating ORM DAG for example_kubernetes_executor
[2022-04-04 21:47:01,284] {logging_mixin.py:109} INFO - [2022-04-04 21:47:01,283] {dag.py:2937} INFO - Setting next_dagrun for example_kubernetes_executor to None
[2022-04-04 21:47:01,335] {processor.py:171} INFO - Processing /home/airflow/.local/lib/python3.7/site-packages/airflow/example_dags/example_kubernetes_executor.py took 3.870 seconds
[2022-04-04 21:47:53,593] {processor.py:163} INFO - Started process (PID=360) to work on /home/airflow/.local/lib/python3.7/site-packages/airflow/example_dags/example_kubernetes_executor.py
[2022-04-04 21:47:53,595] {processor.py:642} INFO - Processing file /home/airflow/.local/lib/python3.7/site-packages/airflow/example_dags/example_kubernetes_executor.py for tasks to queue
[2022-04-04 21:47:53,596] {logging_mixin.py:109} INFO - [2022-04-04 21:47:53,596] {dagbag.py:500} INFO - Filling up the DagBag from /home/airflow/.local/lib/python3.7/site-packages/airflow/example_dags/example_kubernetes_executor.py
[2022-04-04 21:47:53,637] {processor.py:652} INFO - DAG(s) dict_keys(['example_kubernetes_executor']) retrieved from /home/airflow/.local/lib/python3.7/site-packages/airflow/example_dags/example_kubernetes_executor.py
[2022-04-04 21:47:53,678] {logging_mixin.py:109} INFO - [2022-04-04 21:47:53,677] {dag.py:2398} INFO - Sync 1 DAGs
[2022-04-04 21:47:53,711] {logging_mixin.py:109} INFO - [2022-04-04 21:47:53,711] {dag.py:2937} INFO - Setting next_dagrun for example_kubernetes_executor to None
[2022-04-04 21:47:53,728] {processor.py:171} INFO - Processing /home/airflow/.local/lib/python3.7/site-packages/airflow/example_dags/example_kubernetes_executor.py took 0.139 seconds
[2022-04-04 21:48:24,384] {processor.py:163} INFO - Started process (PID=414) to work on /home/airflow/.local/lib/python3.7/site-packages/airflow/example_dags/example_kubernetes_executor.py
[2022-04-04 21:48:24,387] {processor.py:642} INFO - Processing file /home/airflow/.local/lib/python3.7/site-packages/airflow/example_dags/example_kubernetes_executor.py for tasks to queue
[2022-04-04 21:48:24,388] {logging_mixin.py:109} INFO - [2022-04-04 21:48:24,388] {dagbag.py:500} INFO - Filling up the DagBag from /home/airflow/.local/lib/python3.7/site-packages/airflow/example_dags/example_kubernetes_executor.py
[2022-04-04 21:48:24,442] {processor.py:652} INFO - DAG(s) dict_keys(['example_kubernetes_executor']) retrieved from /home/airflow/.local/lib/python3.7/site-packages/airflow/example_dags/example_kubernetes_executor.py
[2022-04-04 21:48:24,491] {logging_mixin.py:109} INFO - [2022-04-04 21:48:24,491] {dag.py:2398} INFO - Sync 1 DAGs
[2022-04-04 21:48:24,529] {logging_mixin.py:109} INFO - [2022-04-04 21:48:24,529] {dag.py:2937} INFO - Setting next_dagrun for example_kubernetes_executor to None
[2022-04-04 21:48:24,545] {processor.py:171} INFO - Processing /home/airflow/.local/lib/python3.7/site-packages/airflow/example_dags/example_kubernetes_executor.py took 0.167 seconds
[2022-04-04 21:48:54,951] {processor.py:163} INFO - Started process (PID=465) to work on /home/airflow/.local/lib/python3.7/site-packages/airflow/example_dags/example_kubernetes_executor.py
[2022-04-04 21:48:54,953] {processor.py:642} INFO - Processing file /home/airflow/.local/lib/python3.7/site-packages/airflow/example_dags/example_kubernetes_executor.py for tasks to queue
[2022-04-04 21:48:54,953] {logging_mixin.py:109} INFO - [2022-04-04 21:48:54,953] {dagbag.py:500} INFO - Filling up the DagBag from /home/airflow/.local/lib/python3.7/site-packages/airflow/example_dags/example_kubernetes_executor.py
[2022-04-04 21:48:54,977] {processor.py:652} INFO - DAG(s) dict_keys(['example_kubernetes_executor']) retrieved from /home/airflow/.local/lib/python3.7/site-packages/airflow/example_dags/example_kubernetes_executor.py
[2022-04-04 21:48:55,007] {logging_mixin.py:109} INFO - [2022-04-04 21:48:55,007] {dag.py:2398} INFO - Sync 1 DAGs
[2022-04-04 21:48:55,030] {logging_mixin.py:109} INFO - [2022-04-04 21:48:55,030] {dag.py:2937} INFO - Setting next_dagrun for example_kubernetes_executor to None
[2022-04-04 21:48:55,044] {processor.py:171} INFO - Processing /home/airflow/.local/lib/python3.7/site-packages/airflow/example_dags/example_kubernetes_executor.py took 0.096 seconds
[2022-04-04 21:49:25,504] {processor.py:163} INFO - Started process (PID=516) to work on /home/airflow/.local/lib/python3.7/site-packages/airflow/example_dags/example_kubernetes_executor.py
[2022-04-04 21:49:25,506] {processor.py:642} INFO - Processing file /home/airflow/.local/lib/python3.7/site-packages/airflow/example_dags/example_kubernetes_executor.py for tasks to queue
[2022-04-04 21:49:25,507] {logging_mixin.py:109} INFO - [2022-04-04 21:49:25,506] {dagbag.py:500} INFO - Filling up the DagBag from /home/airflow/.local/lib/python3.7/site-packages/airflow/example_dags/example_kubernetes_executor.py
[2022-04-04 21:49:25,536] {processor.py:652} INFO - DAG(s) dict_keys(['example_kubernetes_executor']) retrieved from /home/airflow/.local/lib/python3.7/site-packages/airflow/example_dags/example_kubernetes_executor.py
[2022-04-04 21:49:25,568] {logging_mixin.py:109} INFO - [2022-04-04 21:49:25,568] {dag.py:2398} INFO - Sync 1 DAGs
[2022-04-04 21:49:25,588] {logging_mixin.py:109} INFO - [2022-04-04 21:49:25,588] {dag.py:2937} INFO - Setting next_dagrun for example_kubernetes_executor to None
[2022-04-04 21:49:25,602] {processor.py:171} INFO - Processing /home/airflow/.local/lib/python3.7/site-packages/airflow/example_dags/example_kubernetes_executor.py took 0.102 seconds
[2022-04-04 21:49:55,804] {processor.py:163} INFO - Started process (PID=576) to work on /home/airflow/.local/lib/python3.7/site-packages/airflow/example_dags/example_kubernetes_executor.py
[2022-04-04 21:49:55,806] {processor.py:642} INFO - Processing file /home/airflow/.local/lib/python3.7/site-packages/airflow/example_dags/example_kubernetes_executor.py for tasks to queue
[2022-04-04 21:49:55,808] {logging_mixin.py:109} INFO - [2022-04-04 21:49:55,808] {dagbag.py:500} INFO - Filling up the DagBag from /home/airflow/.local/lib/python3.7/site-packages/airflow/example_dags/example_kubernetes_executor.py
[2022-04-04 21:49:55,837] {processor.py:652} INFO - DAG(s) dict_keys(['example_kubernetes_executor']) retrieved from /home/airflow/.local/lib/python3.7/site-packages/airflow/example_dags/example_kubernetes_executor.py
[2022-04-04 21:49:55,874] {logging_mixin.py:109} INFO - [2022-04-04 21:49:55,873] {dag.py:2398} INFO - Sync 1 DAGs
[2022-04-04 21:49:55,902] {logging_mixin.py:109} INFO - [2022-04-04 21:49:55,902] {dag.py:2937} INFO - Setting next_dagrun for example_kubernetes_executor to None
[2022-04-04 21:49:55,929] {processor.py:171} INFO - Processing /home/airflow/.local/lib/python3.7/site-packages/airflow/example_dags/example_kubernetes_executor.py took 0.130 seconds
[2022-04-04 21:50:26,152] {processor.py:163} INFO - Started process (PID=627) to work on /home/airflow/.local/lib/python3.7/site-packages/airflow/example_dags/example_kubernetes_executor.py
[2022-04-04 21:50:26,156] {processor.py:642} INFO - Processing file /home/airflow/.local/lib/python3.7/site-packages/airflow/example_dags/example_kubernetes_executor.py for tasks to queue
[2022-04-04 21:50:26,157] {logging_mixin.py:109} INFO - [2022-04-04 21:50:26,156] {dagbag.py:500} INFO - Filling up the DagBag from /home/airflow/.local/lib/python3.7/site-packages/airflow/example_dags/example_kubernetes_executor.py
[2022-04-04 21:50:26,183] {processor.py:652} INFO - DAG(s) dict_keys(['example_kubernetes_executor']) retrieved from /home/airflow/.local/lib/python3.7/site-packages/airflow/example_dags/example_kubernetes_executor.py
[2022-04-04 21:50:26,213] {logging_mixin.py:109} INFO - [2022-04-04 21:50:26,213] {dag.py:2398} INFO - Sync 1 DAGs
[2022-04-04 21:50:26,235] {logging_mixin.py:109} INFO - [2022-04-04 21:50:26,235] {dag.py:2937} INFO - Setting next_dagrun for example_kubernetes_executor to None
[2022-04-04 21:50:26,248] {processor.py:171} INFO - Processing /home/airflow/.local/lib/python3.7/site-packages/airflow/example_dags/example_kubernetes_executor.py took 0.099 seconds
[2022-04-04 21:50:56,409] {processor.py:163} INFO - Started process (PID=678) to work on /home/airflow/.local/lib/python3.7/site-packages/airflow/example_dags/example_kubernetes_executor.py
[2022-04-04 21:50:56,412] {processor.py:642} INFO - Processing file /home/airflow/.local/lib/python3.7/site-packages/airflow/example_dags/example_kubernetes_executor.py for tasks to queue
[2022-04-04 21:50:56,413] {logging_mixin.py:109} INFO - [2022-04-04 21:50:56,413] {dagbag.py:500} INFO - Filling up the DagBag from /home/airflow/.local/lib/python3.7/site-packages/airflow/example_dags/example_kubernetes_executor.py
[2022-04-04 21:50:56,441] {processor.py:652} INFO - DAG(s) dict_keys(['example_kubernetes_executor']) retrieved from /home/airflow/.local/lib/python3.7/site-packages/airflow/example_dags/example_kubernetes_executor.py
[2022-04-04 21:50:56,475] {logging_mixin.py:109} INFO - [2022-04-04 21:50:56,475] {dag.py:2398} INFO - Sync 1 DAGs
[2022-04-04 21:50:56,498] {logging_mixin.py:109} INFO - [2022-04-04 21:50:56,498] {dag.py:2937} INFO - Setting next_dagrun for example_kubernetes_executor to None
[2022-04-04 21:50:56,512] {processor.py:171} INFO - Processing /home/airflow/.local/lib/python3.7/site-packages/airflow/example_dags/example_kubernetes_executor.py took 0.107 seconds
[2022-04-04 21:51:26,826] {processor.py:163} INFO - Started process (PID=736) to work on /home/airflow/.local/lib/python3.7/site-packages/airflow/example_dags/example_kubernetes_executor.py
[2022-04-04 21:51:26,827] {processor.py:642} INFO - Processing file /home/airflow/.local/lib/python3.7/site-packages/airflow/example_dags/example_kubernetes_executor.py for tasks to queue
[2022-04-04 21:51:26,828] {logging_mixin.py:109} INFO - [2022-04-04 21:51:26,828] {dagbag.py:500} INFO - Filling up the DagBag from /home/airflow/.local/lib/python3.7/site-packages/airflow/example_dags/example_kubernetes_executor.py
[2022-04-04 21:51:26,865] {processor.py:652} INFO - DAG(s) dict_keys(['example_kubernetes_executor']) retrieved from /home/airflow/.local/lib/python3.7/site-packages/airflow/example_dags/example_kubernetes_executor.py
[2022-04-04 21:51:26,902] {logging_mixin.py:109} INFO - [2022-04-04 21:51:26,902] {dag.py:2398} INFO - Sync 1 DAGs
[2022-04-04 21:51:26,924] {logging_mixin.py:109} INFO - [2022-04-04 21:51:26,924] {dag.py:2937} INFO - Setting next_dagrun for example_kubernetes_executor to None
[2022-04-04 21:51:26,939] {processor.py:171} INFO - Processing /home/airflow/.local/lib/python3.7/site-packages/airflow/example_dags/example_kubernetes_executor.py took 0.118 seconds
[2022-04-04 21:51:57,287] {processor.py:163} INFO - Started process (PID=790) to work on /home/airflow/.local/lib/python3.7/site-packages/airflow/example_dags/example_kubernetes_executor.py
[2022-04-04 21:51:57,291] {processor.py:642} INFO - Processing file /home/airflow/.local/lib/python3.7/site-packages/airflow/example_dags/example_kubernetes_executor.py for tasks to queue
[2022-04-04 21:51:57,292] {logging_mixin.py:109} INFO - [2022-04-04 21:51:57,291] {dagbag.py:500} INFO - Filling up the DagBag from /home/airflow/.local/lib/python3.7/site-packages/airflow/example_dags/example_kubernetes_executor.py
[2022-04-04 21:51:57,319] {processor.py:652} INFO - DAG(s) dict_keys(['example_kubernetes_executor']) retrieved from /home/airflow/.local/lib/python3.7/site-packages/airflow/example_dags/example_kubernetes_executor.py
[2022-04-04 21:51:57,350] {logging_mixin.py:109} INFO - [2022-04-04 21:51:57,349] {dag.py:2398} INFO - Sync 1 DAGs
[2022-04-04 21:51:57,372] {logging_mixin.py:109} INFO - [2022-04-04 21:51:57,372] {dag.py:2937} INFO - Setting next_dagrun for example_kubernetes_executor to None
[2022-04-04 21:51:57,387] {processor.py:171} INFO - Processing /home/airflow/.local/lib/python3.7/site-packages/airflow/example_dags/example_kubernetes_executor.py took 0.103 seconds
[2022-04-04 21:52:27,861] {processor.py:163} INFO - Started process (PID=841) to work on /home/airflow/.local/lib/python3.7/site-packages/airflow/example_dags/example_kubernetes_executor.py
[2022-04-04 21:52:27,863] {processor.py:642} INFO - Processing file /home/airflow/.local/lib/python3.7/site-packages/airflow/example_dags/example_kubernetes_executor.py for tasks to queue
[2022-04-04 21:52:27,864] {logging_mixin.py:109} INFO - [2022-04-04 21:52:27,864] {dagbag.py:500} INFO - Filling up the DagBag from /home/airflow/.local/lib/python3.7/site-packages/airflow/example_dags/example_kubernetes_executor.py
[2022-04-04 21:52:27,911] {processor.py:652} INFO - DAG(s) dict_keys(['example_kubernetes_executor']) retrieved from /home/airflow/.local/lib/python3.7/site-packages/airflow/example_dags/example_kubernetes_executor.py
[2022-04-04 21:52:27,957] {logging_mixin.py:109} INFO - [2022-04-04 21:52:27,957] {dag.py:2398} INFO - Sync 1 DAGs
[2022-04-04 21:52:27,989] {logging_mixin.py:109} INFO - [2022-04-04 21:52:27,988] {dag.py:2937} INFO - Setting next_dagrun for example_kubernetes_executor to None
[2022-04-04 21:52:28,003] {processor.py:171} INFO - Processing /home/airflow/.local/lib/python3.7/site-packages/airflow/example_dags/example_kubernetes_executor.py took 0.147 seconds
[2022-04-04 21:52:58,150] {processor.py:163} INFO - Started process (PID=891) to work on /home/airflow/.local/lib/python3.7/site-packages/airflow/example_dags/example_kubernetes_executor.py
[2022-04-04 21:52:58,151] {processor.py:642} INFO - Processing file /home/airflow/.local/lib/python3.7/site-packages/airflow/example_dags/example_kubernetes_executor.py for tasks to queue
[2022-04-04 21:52:58,152] {logging_mixin.py:109} INFO - [2022-04-04 21:52:58,152] {dagbag.py:500} INFO - Filling up the DagBag from /home/airflow/.local/lib/python3.7/site-packages/airflow/example_dags/example_kubernetes_executor.py
[2022-04-04 21:52:58,177] {processor.py:652} INFO - DAG(s) dict_keys(['example_kubernetes_executor']) retrieved from /home/airflow/.local/lib/python3.7/site-packages/airflow/example_dags/example_kubernetes_executor.py
[2022-04-04 21:52:58,208] {logging_mixin.py:109} INFO - [2022-04-04 21:52:58,208] {dag.py:2398} INFO - Sync 1 DAGs
[2022-04-04 21:52:58,229] {logging_mixin.py:109} INFO - [2022-04-04 21:52:58,229] {dag.py:2937} INFO - Setting next_dagrun for example_kubernetes_executor to None
[2022-04-04 21:52:58,243] {processor.py:171} INFO - Processing /home/airflow/.local/lib/python3.7/site-packages/airflow/example_dags/example_kubernetes_executor.py took 0.097 seconds
[2022-04-04 21:53:28,529] {processor.py:163} INFO - Started process (PID=952) to work on /home/airflow/.local/lib/python3.7/site-packages/airflow/example_dags/example_kubernetes_executor.py
[2022-04-04 21:53:28,532] {processor.py:642} INFO - Processing file /home/airflow/.local/lib/python3.7/site-packages/airflow/example_dags/example_kubernetes_executor.py for tasks to queue
[2022-04-04 21:53:28,533] {logging_mixin.py:109} INFO - [2022-04-04 21:53:28,533] {dagbag.py:500} INFO - Filling up the DagBag from /home/airflow/.local/lib/python3.7/site-packages/airflow/example_dags/example_kubernetes_executor.py
[2022-04-04 21:53:28,558] {processor.py:652} INFO - DAG(s) dict_keys(['example_kubernetes_executor']) retrieved from /home/airflow/.local/lib/python3.7/site-packages/airflow/example_dags/example_kubernetes_executor.py
[2022-04-04 21:53:28,587] {logging_mixin.py:109} INFO - [2022-04-04 21:53:28,587] {dag.py:2398} INFO - Sync 1 DAGs
[2022-04-04 21:53:28,612] {logging_mixin.py:109} INFO - [2022-04-04 21:53:28,612] {dag.py:2937} INFO - Setting next_dagrun for example_kubernetes_executor to None
[2022-04-04 21:53:28,629] {processor.py:171} INFO - Processing /home/airflow/.local/lib/python3.7/site-packages/airflow/example_dags/example_kubernetes_executor.py took 0.104 seconds
[2022-04-04 21:53:58,689] {processor.py:163} INFO - Started process (PID=1005) to work on /home/airflow/.local/lib/python3.7/site-packages/airflow/example_dags/example_kubernetes_executor.py
[2022-04-04 21:53:58,690] {processor.py:642} INFO - Processing file /home/airflow/.local/lib/python3.7/site-packages/airflow/example_dags/example_kubernetes_executor.py for tasks to queue
[2022-04-04 21:53:58,691] {logging_mixin.py:109} INFO - [2022-04-04 21:53:58,691] {dagbag.py:500} INFO - Filling up the DagBag from /home/airflow/.local/lib/python3.7/site-packages/airflow/example_dags/example_kubernetes_executor.py
[2022-04-04 21:53:58,719] {processor.py:652} INFO - DAG(s) dict_keys(['example_kubernetes_executor']) retrieved from /home/airflow/.local/lib/python3.7/site-packages/airflow/example_dags/example_kubernetes_executor.py
[2022-04-04 21:53:58,748] {logging_mixin.py:109} INFO - [2022-04-04 21:53:58,748] {dag.py:2398} INFO - Sync 1 DAGs
[2022-04-04 21:53:58,770] {logging_mixin.py:109} INFO - [2022-04-04 21:53:58,770] {dag.py:2937} INFO - Setting next_dagrun for example_kubernetes_executor to None
[2022-04-04 21:53:58,783] {processor.py:171} INFO - Processing /home/airflow/.local/lib/python3.7/site-packages/airflow/example_dags/example_kubernetes_executor.py took 0.098 seconds
[2022-04-04 21:54:28,910] {processor.py:163} INFO - Started process (PID=1056) to work on /home/airflow/.local/lib/python3.7/site-packages/airflow/example_dags/example_kubernetes_executor.py
[2022-04-04 21:54:28,914] {processor.py:642} INFO - Processing file /home/airflow/.local/lib/python3.7/site-packages/airflow/example_dags/example_kubernetes_executor.py for tasks to queue
[2022-04-04 21:54:28,915] {logging_mixin.py:109} INFO - [2022-04-04 21:54:28,915] {dagbag.py:500} INFO - Filling up the DagBag from /home/airflow/.local/lib/python3.7/site-packages/airflow/example_dags/example_kubernetes_executor.py
[2022-04-04 21:54:28,940] {processor.py:652} INFO - DAG(s) dict_keys(['example_kubernetes_executor']) retrieved from /home/airflow/.local/lib/python3.7/site-packages/airflow/example_dags/example_kubernetes_executor.py
[2022-04-04 21:54:28,968] {logging_mixin.py:109} INFO - [2022-04-04 21:54:28,968] {dag.py:2398} INFO - Sync 1 DAGs
[2022-04-04 21:54:28,990] {logging_mixin.py:109} INFO - [2022-04-04 21:54:28,990] {dag.py:2937} INFO - Setting next_dagrun for example_kubernetes_executor to None
[2022-04-04 21:54:29,005] {processor.py:171} INFO - Processing /home/airflow/.local/lib/python3.7/site-packages/airflow/example_dags/example_kubernetes_executor.py took 0.099 seconds
[2022-04-04 21:54:59,224] {processor.py:163} INFO - Started process (PID=1116) to work on /home/airflow/.local/lib/python3.7/site-packages/airflow/example_dags/example_kubernetes_executor.py
[2022-04-04 21:54:59,225] {processor.py:642} INFO - Processing file /home/airflow/.local/lib/python3.7/site-packages/airflow/example_dags/example_kubernetes_executor.py for tasks to queue
[2022-04-04 21:54:59,227] {logging_mixin.py:109} INFO - [2022-04-04 21:54:59,227] {dagbag.py:500} INFO - Filling up the DagBag from /home/airflow/.local/lib/python3.7/site-packages/airflow/example_dags/example_kubernetes_executor.py
[2022-04-04 21:54:59,258] {processor.py:652} INFO - DAG(s) dict_keys(['example_kubernetes_executor']) retrieved from /home/airflow/.local/lib/python3.7/site-packages/airflow/example_dags/example_kubernetes_executor.py
[2022-04-04 21:54:59,291] {logging_mixin.py:109} INFO - [2022-04-04 21:54:59,291] {dag.py:2398} INFO - Sync 1 DAGs
[2022-04-04 21:54:59,314] {logging_mixin.py:109} INFO - [2022-04-04 21:54:59,314] {dag.py:2937} INFO - Setting next_dagrun for example_kubernetes_executor to None
[2022-04-04 21:54:59,331] {processor.py:171} INFO - Processing /home/airflow/.local/lib/python3.7/site-packages/airflow/example_dags/example_kubernetes_executor.py took 0.112 seconds
[2022-04-04 21:55:29,491] {processor.py:163} INFO - Started process (PID=1167) to work on /home/airflow/.local/lib/python3.7/site-packages/airflow/example_dags/example_kubernetes_executor.py
[2022-04-04 21:55:29,495] {processor.py:642} INFO - Processing file /home/airflow/.local/lib/python3.7/site-packages/airflow/example_dags/example_kubernetes_executor.py for tasks to queue
[2022-04-04 21:55:29,496] {logging_mixin.py:109} INFO - [2022-04-04 21:55:29,495] {dagbag.py:500} INFO - Filling up the DagBag from /home/airflow/.local/lib/python3.7/site-packages/airflow/example_dags/example_kubernetes_executor.py
[2022-04-04 21:55:29,520] {processor.py:652} INFO - DAG(s) dict_keys(['example_kubernetes_executor']) retrieved from /home/airflow/.local/lib/python3.7/site-packages/airflow/example_dags/example_kubernetes_executor.py
[2022-04-04 21:55:29,557] {logging_mixin.py:109} INFO - [2022-04-04 21:55:29,556] {dag.py:2398} INFO - Sync 1 DAGs
[2022-04-04 21:55:29,578] {logging_mixin.py:109} INFO - [2022-04-04 21:55:29,578] {dag.py:2937} INFO - Setting next_dagrun for example_kubernetes_executor to None
[2022-04-04 21:55:29,589] {processor.py:171} INFO - Processing /home/airflow/.local/lib/python3.7/site-packages/airflow/example_dags/example_kubernetes_executor.py took 0.102 seconds
[2022-04-04 21:56:00,044] {processor.py:163} INFO - Started process (PID=1219) to work on /home/airflow/.local/lib/python3.7/site-packages/airflow/example_dags/example_kubernetes_executor.py
[2022-04-04 21:56:00,045] {processor.py:642} INFO - Processing file /home/airflow/.local/lib/python3.7/site-packages/airflow/example_dags/example_kubernetes_executor.py for tasks to queue
[2022-04-04 21:56:00,046] {logging_mixin.py:109} INFO - [2022-04-04 21:56:00,046] {dagbag.py:500} INFO - Filling up the DagBag from /home/airflow/.local/lib/python3.7/site-packages/airflow/example_dags/example_kubernetes_executor.py
[2022-04-04 21:56:00,077] {processor.py:652} INFO - DAG(s) dict_keys(['example_kubernetes_executor']) retrieved from /home/airflow/.local/lib/python3.7/site-packages/airflow/example_dags/example_kubernetes_executor.py
[2022-04-04 21:56:00,107] {logging_mixin.py:109} INFO - [2022-04-04 21:56:00,107] {dag.py:2398} INFO - Sync 1 DAGs
[2022-04-04 21:56:00,130] {logging_mixin.py:109} INFO - [2022-04-04 21:56:00,130] {dag.py:2937} INFO - Setting next_dagrun for example_kubernetes_executor to None
[2022-04-04 21:56:00,144] {processor.py:171} INFO - Processing /home/airflow/.local/lib/python3.7/site-packages/airflow/example_dags/example_kubernetes_executor.py took 0.104 seconds
[2022-04-04 21:56:30,739] {processor.py:163} INFO - Started process (PID=1279) to work on /home/airflow/.local/lib/python3.7/site-packages/airflow/example_dags/example_kubernetes_executor.py
[2022-04-04 21:56:30,740] {processor.py:642} INFO - Processing file /home/airflow/.local/lib/python3.7/site-packages/airflow/example_dags/example_kubernetes_executor.py for tasks to queue
[2022-04-04 21:56:30,741] {logging_mixin.py:109} INFO - [2022-04-04 21:56:30,740] {dagbag.py:500} INFO - Filling up the DagBag from /home/airflow/.local/lib/python3.7/site-packages/airflow/example_dags/example_kubernetes_executor.py
[2022-04-04 21:56:30,771] {processor.py:652} INFO - DAG(s) dict_keys(['example_kubernetes_executor']) retrieved from /home/airflow/.local/lib/python3.7/site-packages/airflow/example_dags/example_kubernetes_executor.py
[2022-04-04 21:56:30,804] {logging_mixin.py:109} INFO - [2022-04-04 21:56:30,803] {dag.py:2398} INFO - Sync 1 DAGs
[2022-04-04 21:56:30,829] {logging_mixin.py:109} INFO - [2022-04-04 21:56:30,829] {dag.py:2937} INFO - Setting next_dagrun for example_kubernetes_executor to None
[2022-04-04 21:56:30,848] {processor.py:171} INFO - Processing /home/airflow/.local/lib/python3.7/site-packages/airflow/example_dags/example_kubernetes_executor.py took 0.113 seconds
[2022-04-04 21:57:01,110] {processor.py:163} INFO - Started process (PID=1331) to work on /home/airflow/.local/lib/python3.7/site-packages/airflow/example_dags/example_kubernetes_executor.py
[2022-04-04 21:57:01,112] {processor.py:642} INFO - Processing file /home/airflow/.local/lib/python3.7/site-packages/airflow/example_dags/example_kubernetes_executor.py for tasks to queue
[2022-04-04 21:57:01,112] {logging_mixin.py:109} INFO - [2022-04-04 21:57:01,112] {dagbag.py:500} INFO - Filling up the DagBag from /home/airflow/.local/lib/python3.7/site-packages/airflow/example_dags/example_kubernetes_executor.py
[2022-04-04 21:57:01,141] {processor.py:652} INFO - DAG(s) dict_keys(['example_kubernetes_executor']) retrieved from /home/airflow/.local/lib/python3.7/site-packages/airflow/example_dags/example_kubernetes_executor.py
[2022-04-04 21:57:01,173] {logging_mixin.py:109} INFO - [2022-04-04 21:57:01,173] {dag.py:2398} INFO - Sync 1 DAGs
[2022-04-04 21:57:01,194] {logging_mixin.py:109} INFO - [2022-04-04 21:57:01,194] {dag.py:2937} INFO - Setting next_dagrun for example_kubernetes_executor to None
[2022-04-04 21:57:01,209] {processor.py:171} INFO - Processing /home/airflow/.local/lib/python3.7/site-packages/airflow/example_dags/example_kubernetes_executor.py took 0.104 seconds
[2022-04-04 21:57:31,248] {processor.py:163} INFO - Started process (PID=1382) to work on /home/airflow/.local/lib/python3.7/site-packages/airflow/example_dags/example_kubernetes_executor.py
[2022-04-04 21:57:31,249] {processor.py:642} INFO - Processing file /home/airflow/.local/lib/python3.7/site-packages/airflow/example_dags/example_kubernetes_executor.py for tasks to queue
[2022-04-04 21:57:31,250] {logging_mixin.py:109} INFO - [2022-04-04 21:57:31,249] {dagbag.py:500} INFO - Filling up the DagBag from /home/airflow/.local/lib/python3.7/site-packages/airflow/example_dags/example_kubernetes_executor.py
[2022-04-04 21:57:31,277] {processor.py:652} INFO - DAG(s) dict_keys(['example_kubernetes_executor']) retrieved from /home/airflow/.local/lib/python3.7/site-packages/airflow/example_dags/example_kubernetes_executor.py
[2022-04-04 21:57:31,316] {logging_mixin.py:109} INFO - [2022-04-04 21:57:31,316] {dag.py:2398} INFO - Sync 1 DAGs
[2022-04-04 21:57:31,340] {logging_mixin.py:109} INFO - [2022-04-04 21:57:31,340] {dag.py:2937} INFO - Setting next_dagrun for example_kubernetes_executor to None
[2022-04-04 21:57:31,357] {processor.py:171} INFO - Processing /home/airflow/.local/lib/python3.7/site-packages/airflow/example_dags/example_kubernetes_executor.py took 0.114 seconds
[2022-04-04 21:58:01,606] {processor.py:163} INFO - Started process (PID=1435) to work on /home/airflow/.local/lib/python3.7/site-packages/airflow/example_dags/example_kubernetes_executor.py
[2022-04-04 21:58:01,607] {processor.py:642} INFO - Processing file /home/airflow/.local/lib/python3.7/site-packages/airflow/example_dags/example_kubernetes_executor.py for tasks to queue
[2022-04-04 21:58:01,608] {logging_mixin.py:109} INFO - [2022-04-04 21:58:01,608] {dagbag.py:500} INFO - Filling up the DagBag from /home/airflow/.local/lib/python3.7/site-packages/airflow/example_dags/example_kubernetes_executor.py
[2022-04-04 21:58:01,644] {processor.py:652} INFO - DAG(s) dict_keys(['example_kubernetes_executor']) retrieved from /home/airflow/.local/lib/python3.7/site-packages/airflow/example_dags/example_kubernetes_executor.py
[2022-04-04 21:58:01,681] {logging_mixin.py:109} INFO - [2022-04-04 21:58:01,680] {dag.py:2398} INFO - Sync 1 DAGs
[2022-04-04 21:58:01,702] {logging_mixin.py:109} INFO - [2022-04-04 21:58:01,702] {dag.py:2937} INFO - Setting next_dagrun for example_kubernetes_executor to None
[2022-04-04 21:58:01,716] {processor.py:171} INFO - Processing /home/airflow/.local/lib/python3.7/site-packages/airflow/example_dags/example_kubernetes_executor.py took 0.114 seconds
[2022-04-04 21:58:31,937] {processor.py:163} INFO - Started process (PID=1496) to work on /home/airflow/.local/lib/python3.7/site-packages/airflow/example_dags/example_kubernetes_executor.py
[2022-04-04 21:58:31,941] {processor.py:642} INFO - Processing file /home/airflow/.local/lib/python3.7/site-packages/airflow/example_dags/example_kubernetes_executor.py for tasks to queue
[2022-04-04 21:58:31,942] {logging_mixin.py:109} INFO - [2022-04-04 21:58:31,942] {dagbag.py:500} INFO - Filling up the DagBag from /home/airflow/.local/lib/python3.7/site-packages/airflow/example_dags/example_kubernetes_executor.py
[2022-04-04 21:58:31,972] {processor.py:652} INFO - DAG(s) dict_keys(['example_kubernetes_executor']) retrieved from /home/airflow/.local/lib/python3.7/site-packages/airflow/example_dags/example_kubernetes_executor.py
[2022-04-04 21:58:32,012] {logging_mixin.py:109} INFO - [2022-04-04 21:58:32,011] {dag.py:2398} INFO - Sync 1 DAGs
[2022-04-04 21:58:32,043] {logging_mixin.py:109} INFO - [2022-04-04 21:58:32,043] {dag.py:2937} INFO - Setting next_dagrun for example_kubernetes_executor to None
[2022-04-04 21:58:32,063] {processor.py:171} INFO - Processing /home/airflow/.local/lib/python3.7/site-packages/airflow/example_dags/example_kubernetes_executor.py took 0.131 seconds
[2022-04-04 21:59:02,098] {processor.py:163} INFO - Started process (PID=1546) to work on /home/airflow/.local/lib/python3.7/site-packages/airflow/example_dags/example_kubernetes_executor.py
[2022-04-04 21:59:02,099] {processor.py:642} INFO - Processing file /home/airflow/.local/lib/python3.7/site-packages/airflow/example_dags/example_kubernetes_executor.py for tasks to queue
[2022-04-04 21:59:02,100] {logging_mixin.py:109} INFO - [2022-04-04 21:59:02,099] {dagbag.py:500} INFO - Filling up the DagBag from /home/airflow/.local/lib/python3.7/site-packages/airflow/example_dags/example_kubernetes_executor.py
[2022-04-04 21:59:02,135] {processor.py:652} INFO - DAG(s) dict_keys(['example_kubernetes_executor']) retrieved from /home/airflow/.local/lib/python3.7/site-packages/airflow/example_dags/example_kubernetes_executor.py
[2022-04-04 21:59:02,168] {logging_mixin.py:109} INFO - [2022-04-04 21:59:02,168] {dag.py:2398} INFO - Sync 1 DAGs
[2022-04-04 21:59:02,196] {logging_mixin.py:109} INFO - [2022-04-04 21:59:02,195] {dag.py:2937} INFO - Setting next_dagrun for example_kubernetes_executor to None
[2022-04-04 21:59:02,211] {processor.py:171} INFO - Processing /home/airflow/.local/lib/python3.7/site-packages/airflow/example_dags/example_kubernetes_executor.py took 0.117 seconds
