[2022-04-04 21:47:01,308] {processor.py:163} INFO - Started process (PID=86) to work on /home/airflow/.local/lib/python3.7/site-packages/airflow/example_dags/example_branch_labels.py
[2022-04-04 21:47:01,309] {processor.py:642} INFO - Processing file /home/airflow/.local/lib/python3.7/site-packages/airflow/example_dags/example_branch_labels.py for tasks to queue
[2022-04-04 21:47:01,311] {logging_mixin.py:109} INFO - [2022-04-04 21:47:01,310] {dagbag.py:500} INFO - Filling up the DagBag from /home/airflow/.local/lib/python3.7/site-packages/airflow/example_dags/example_branch_labels.py
[2022-04-04 21:47:01,345] {processor.py:652} INFO - DAG(s) dict_keys(['example_branch_labels']) retrieved from /home/airflow/.local/lib/python3.7/site-packages/airflow/example_dags/example_branch_labels.py
[2022-04-04 21:47:05,257] {logging_mixin.py:109} INFO - [2022-04-04 21:47:05,257] {manager.py:496} INFO - Created Permission View: can edit on DAG:example_branch_labels
[2022-04-04 21:47:05,272] {logging_mixin.py:109} INFO - [2022-04-04 21:47:05,272] {manager.py:496} INFO - Created Permission View: can read on DAG:example_branch_labels
[2022-04-04 21:47:05,273] {logging_mixin.py:109} INFO - [2022-04-04 21:47:05,272] {dag.py:2398} INFO - Sync 1 DAGs
[2022-04-04 21:47:05,291] {logging_mixin.py:109} INFO - [2022-04-04 21:47:05,290] {dag.py:2417} INFO - Creating ORM DAG for example_branch_labels
[2022-04-04 21:47:05,317] {logging_mixin.py:109} INFO - [2022-04-04 21:47:05,317] {dag.py:2937} INFO - Setting next_dagrun for example_branch_labels to 2022-04-03 00:00:00+00:00
[2022-04-04 21:47:05,351] {processor.py:171} INFO - Processing /home/airflow/.local/lib/python3.7/site-packages/airflow/example_dags/example_branch_labels.py took 4.058 seconds
[2022-04-04 21:47:53,598] {processor.py:163} INFO - Started process (PID=361) to work on /home/airflow/.local/lib/python3.7/site-packages/airflow/example_dags/example_branch_labels.py
[2022-04-04 21:47:53,600] {processor.py:642} INFO - Processing file /home/airflow/.local/lib/python3.7/site-packages/airflow/example_dags/example_branch_labels.py for tasks to queue
[2022-04-04 21:47:53,602] {logging_mixin.py:109} INFO - [2022-04-04 21:47:53,601] {dagbag.py:500} INFO - Filling up the DagBag from /home/airflow/.local/lib/python3.7/site-packages/airflow/example_dags/example_branch_labels.py
[2022-04-04 21:47:53,630] {processor.py:652} INFO - DAG(s) dict_keys(['example_branch_labels']) retrieved from /home/airflow/.local/lib/python3.7/site-packages/airflow/example_dags/example_branch_labels.py
[2022-04-04 21:47:53,660] {logging_mixin.py:109} INFO - [2022-04-04 21:47:53,660] {dag.py:2398} INFO - Sync 1 DAGs
[2022-04-04 21:47:53,697] {logging_mixin.py:109} INFO - [2022-04-04 21:47:53,697] {dag.py:2937} INFO - Setting next_dagrun for example_branch_labels to 2022-04-03 00:00:00+00:00
[2022-04-04 21:47:53,716] {processor.py:171} INFO - Processing /home/airflow/.local/lib/python3.7/site-packages/airflow/example_dags/example_branch_labels.py took 0.123 seconds
[2022-04-04 21:48:24,398] {processor.py:163} INFO - Started process (PID=415) to work on /home/airflow/.local/lib/python3.7/site-packages/airflow/example_dags/example_branch_labels.py
[2022-04-04 21:48:24,402] {processor.py:642} INFO - Processing file /home/airflow/.local/lib/python3.7/site-packages/airflow/example_dags/example_branch_labels.py for tasks to queue
[2022-04-04 21:48:24,403] {logging_mixin.py:109} INFO - [2022-04-04 21:48:24,403] {dagbag.py:500} INFO - Filling up the DagBag from /home/airflow/.local/lib/python3.7/site-packages/airflow/example_dags/example_branch_labels.py
[2022-04-04 21:48:24,442] {processor.py:652} INFO - DAG(s) dict_keys(['example_branch_labels']) retrieved from /home/airflow/.local/lib/python3.7/site-packages/airflow/example_dags/example_branch_labels.py
[2022-04-04 21:48:24,490] {logging_mixin.py:109} INFO - [2022-04-04 21:48:24,490] {dag.py:2398} INFO - Sync 1 DAGs
[2022-04-04 21:48:24,530] {logging_mixin.py:109} INFO - [2022-04-04 21:48:24,530] {dag.py:2937} INFO - Setting next_dagrun for example_branch_labels to 2022-04-03 00:00:00+00:00
[2022-04-04 21:48:24,544] {processor.py:171} INFO - Processing /home/airflow/.local/lib/python3.7/site-packages/airflow/example_dags/example_branch_labels.py took 0.155 seconds
[2022-04-04 21:48:54,958] {processor.py:163} INFO - Started process (PID=466) to work on /home/airflow/.local/lib/python3.7/site-packages/airflow/example_dags/example_branch_labels.py
[2022-04-04 21:48:54,959] {processor.py:642} INFO - Processing file /home/airflow/.local/lib/python3.7/site-packages/airflow/example_dags/example_branch_labels.py for tasks to queue
[2022-04-04 21:48:54,960] {logging_mixin.py:109} INFO - [2022-04-04 21:48:54,960] {dagbag.py:500} INFO - Filling up the DagBag from /home/airflow/.local/lib/python3.7/site-packages/airflow/example_dags/example_branch_labels.py
[2022-04-04 21:48:54,977] {processor.py:652} INFO - DAG(s) dict_keys(['example_branch_labels']) retrieved from /home/airflow/.local/lib/python3.7/site-packages/airflow/example_dags/example_branch_labels.py
[2022-04-04 21:48:55,004] {logging_mixin.py:109} INFO - [2022-04-04 21:48:55,003] {dag.py:2398} INFO - Sync 1 DAGs
[2022-04-04 21:48:55,029] {logging_mixin.py:109} INFO - [2022-04-04 21:48:55,028] {dag.py:2937} INFO - Setting next_dagrun for example_branch_labels to 2022-04-03 00:00:00+00:00
[2022-04-04 21:48:55,044] {processor.py:171} INFO - Processing /home/airflow/.local/lib/python3.7/site-packages/airflow/example_dags/example_branch_labels.py took 0.089 seconds
[2022-04-04 21:49:25,516] {processor.py:163} INFO - Started process (PID=517) to work on /home/airflow/.local/lib/python3.7/site-packages/airflow/example_dags/example_branch_labels.py
[2022-04-04 21:49:25,518] {processor.py:642} INFO - Processing file /home/airflow/.local/lib/python3.7/site-packages/airflow/example_dags/example_branch_labels.py for tasks to queue
[2022-04-04 21:49:25,518] {logging_mixin.py:109} INFO - [2022-04-04 21:49:25,518] {dagbag.py:500} INFO - Filling up the DagBag from /home/airflow/.local/lib/python3.7/site-packages/airflow/example_dags/example_branch_labels.py
[2022-04-04 21:49:25,540] {processor.py:652} INFO - DAG(s) dict_keys(['example_branch_labels']) retrieved from /home/airflow/.local/lib/python3.7/site-packages/airflow/example_dags/example_branch_labels.py
[2022-04-04 21:49:25,567] {logging_mixin.py:109} INFO - [2022-04-04 21:49:25,567] {dag.py:2398} INFO - Sync 1 DAGs
[2022-04-04 21:49:25,590] {logging_mixin.py:109} INFO - [2022-04-04 21:49:25,590] {dag.py:2937} INFO - Setting next_dagrun for example_branch_labels to 2022-04-03 00:00:00+00:00
[2022-04-04 21:49:25,603] {processor.py:171} INFO - Processing /home/airflow/.local/lib/python3.7/site-packages/airflow/example_dags/example_branch_labels.py took 0.090 seconds
[2022-04-04 21:49:55,954] {processor.py:163} INFO - Started process (PID=577) to work on /home/airflow/.local/lib/python3.7/site-packages/airflow/example_dags/example_branch_labels.py
[2022-04-04 21:49:55,955] {processor.py:642} INFO - Processing file /home/airflow/.local/lib/python3.7/site-packages/airflow/example_dags/example_branch_labels.py for tasks to queue
[2022-04-04 21:49:55,957] {logging_mixin.py:109} INFO - [2022-04-04 21:49:55,957] {dagbag.py:500} INFO - Filling up the DagBag from /home/airflow/.local/lib/python3.7/site-packages/airflow/example_dags/example_branch_labels.py
[2022-04-04 21:49:55,985] {processor.py:652} INFO - DAG(s) dict_keys(['example_branch_labels']) retrieved from /home/airflow/.local/lib/python3.7/site-packages/airflow/example_dags/example_branch_labels.py
[2022-04-04 21:49:56,020] {logging_mixin.py:109} INFO - [2022-04-04 21:49:56,020] {dag.py:2398} INFO - Sync 1 DAGs
[2022-04-04 21:49:56,057] {logging_mixin.py:109} INFO - [2022-04-04 21:49:56,056] {dag.py:2937} INFO - Setting next_dagrun for example_branch_labels to 2022-04-03 00:00:00+00:00
[2022-04-04 21:49:56,080] {processor.py:171} INFO - Processing /home/airflow/.local/lib/python3.7/site-packages/airflow/example_dags/example_branch_labels.py took 0.131 seconds
[2022-04-04 21:50:26,157] {processor.py:163} INFO - Started process (PID=628) to work on /home/airflow/.local/lib/python3.7/site-packages/airflow/example_dags/example_branch_labels.py
[2022-04-04 21:50:26,158] {processor.py:642} INFO - Processing file /home/airflow/.local/lib/python3.7/site-packages/airflow/example_dags/example_branch_labels.py for tasks to queue
[2022-04-04 21:50:26,159] {logging_mixin.py:109} INFO - [2022-04-04 21:50:26,159] {dagbag.py:500} INFO - Filling up the DagBag from /home/airflow/.local/lib/python3.7/site-packages/airflow/example_dags/example_branch_labels.py
[2022-04-04 21:50:26,177] {processor.py:652} INFO - DAG(s) dict_keys(['example_branch_labels']) retrieved from /home/airflow/.local/lib/python3.7/site-packages/airflow/example_dags/example_branch_labels.py
[2022-04-04 21:50:26,204] {logging_mixin.py:109} INFO - [2022-04-04 21:50:26,203] {dag.py:2398} INFO - Sync 1 DAGs
[2022-04-04 21:50:26,229] {logging_mixin.py:109} INFO - [2022-04-04 21:50:26,229] {dag.py:2937} INFO - Setting next_dagrun for example_branch_labels to 2022-04-03 00:00:00+00:00
[2022-04-04 21:50:26,243] {processor.py:171} INFO - Processing /home/airflow/.local/lib/python3.7/site-packages/airflow/example_dags/example_branch_labels.py took 0.090 seconds
[2022-04-04 21:50:56,412] {processor.py:163} INFO - Started process (PID=679) to work on /home/airflow/.local/lib/python3.7/site-packages/airflow/example_dags/example_branch_labels.py
[2022-04-04 21:50:56,413] {processor.py:642} INFO - Processing file /home/airflow/.local/lib/python3.7/site-packages/airflow/example_dags/example_branch_labels.py for tasks to queue
[2022-04-04 21:50:56,414] {logging_mixin.py:109} INFO - [2022-04-04 21:50:56,414] {dagbag.py:500} INFO - Filling up the DagBag from /home/airflow/.local/lib/python3.7/site-packages/airflow/example_dags/example_branch_labels.py
[2022-04-04 21:50:56,433] {processor.py:652} INFO - DAG(s) dict_keys(['example_branch_labels']) retrieved from /home/airflow/.local/lib/python3.7/site-packages/airflow/example_dags/example_branch_labels.py
[2022-04-04 21:50:56,466] {logging_mixin.py:109} INFO - [2022-04-04 21:50:56,465] {dag.py:2398} INFO - Sync 1 DAGs
[2022-04-04 21:50:56,492] {logging_mixin.py:109} INFO - [2022-04-04 21:50:56,492] {dag.py:2937} INFO - Setting next_dagrun for example_branch_labels to 2022-04-03 00:00:00+00:00
[2022-04-04 21:50:56,506] {processor.py:171} INFO - Processing /home/airflow/.local/lib/python3.7/site-packages/airflow/example_dags/example_branch_labels.py took 0.097 seconds
[2022-04-04 21:51:26,828] {processor.py:163} INFO - Started process (PID=737) to work on /home/airflow/.local/lib/python3.7/site-packages/airflow/example_dags/example_branch_labels.py
[2022-04-04 21:51:26,829] {processor.py:642} INFO - Processing file /home/airflow/.local/lib/python3.7/site-packages/airflow/example_dags/example_branch_labels.py for tasks to queue
[2022-04-04 21:51:26,830] {logging_mixin.py:109} INFO - [2022-04-04 21:51:26,830] {dagbag.py:500} INFO - Filling up the DagBag from /home/airflow/.local/lib/python3.7/site-packages/airflow/example_dags/example_branch_labels.py
[2022-04-04 21:51:26,851] {processor.py:652} INFO - DAG(s) dict_keys(['example_branch_labels']) retrieved from /home/airflow/.local/lib/python3.7/site-packages/airflow/example_dags/example_branch_labels.py
[2022-04-04 21:51:26,880] {logging_mixin.py:109} INFO - [2022-04-04 21:51:26,880] {dag.py:2398} INFO - Sync 1 DAGs
[2022-04-04 21:51:26,911] {logging_mixin.py:109} INFO - [2022-04-04 21:51:26,910] {dag.py:2937} INFO - Setting next_dagrun for example_branch_labels to 2022-04-03 00:00:00+00:00
[2022-04-04 21:51:26,926] {processor.py:171} INFO - Processing /home/airflow/.local/lib/python3.7/site-packages/airflow/example_dags/example_branch_labels.py took 0.102 seconds
[2022-04-04 21:51:57,291] {processor.py:163} INFO - Started process (PID=791) to work on /home/airflow/.local/lib/python3.7/site-packages/airflow/example_dags/example_branch_labels.py
[2022-04-04 21:51:57,293] {processor.py:642} INFO - Processing file /home/airflow/.local/lib/python3.7/site-packages/airflow/example_dags/example_branch_labels.py for tasks to queue
[2022-04-04 21:51:57,294] {logging_mixin.py:109} INFO - [2022-04-04 21:51:57,294] {dagbag.py:500} INFO - Filling up the DagBag from /home/airflow/.local/lib/python3.7/site-packages/airflow/example_dags/example_branch_labels.py
[2022-04-04 21:51:57,314] {processor.py:652} INFO - DAG(s) dict_keys(['example_branch_labels']) retrieved from /home/airflow/.local/lib/python3.7/site-packages/airflow/example_dags/example_branch_labels.py
[2022-04-04 21:51:57,341] {logging_mixin.py:109} INFO - [2022-04-04 21:51:57,341] {dag.py:2398} INFO - Sync 1 DAGs
[2022-04-04 21:51:57,366] {logging_mixin.py:109} INFO - [2022-04-04 21:51:57,366] {dag.py:2937} INFO - Setting next_dagrun for example_branch_labels to 2022-04-03 00:00:00+00:00
[2022-04-04 21:51:57,381] {processor.py:171} INFO - Processing /home/airflow/.local/lib/python3.7/site-packages/airflow/example_dags/example_branch_labels.py took 0.094 seconds
[2022-04-04 21:52:27,865] {processor.py:163} INFO - Started process (PID=842) to work on /home/airflow/.local/lib/python3.7/site-packages/airflow/example_dags/example_branch_labels.py
[2022-04-04 21:52:27,867] {processor.py:642} INFO - Processing file /home/airflow/.local/lib/python3.7/site-packages/airflow/example_dags/example_branch_labels.py for tasks to queue
[2022-04-04 21:52:27,868] {logging_mixin.py:109} INFO - [2022-04-04 21:52:27,867] {dagbag.py:500} INFO - Filling up the DagBag from /home/airflow/.local/lib/python3.7/site-packages/airflow/example_dags/example_branch_labels.py
[2022-04-04 21:52:27,902] {processor.py:652} INFO - DAG(s) dict_keys(['example_branch_labels']) retrieved from /home/airflow/.local/lib/python3.7/site-packages/airflow/example_dags/example_branch_labels.py
[2022-04-04 21:52:27,947] {logging_mixin.py:109} INFO - [2022-04-04 21:52:27,947] {dag.py:2398} INFO - Sync 1 DAGs
[2022-04-04 21:52:27,984] {logging_mixin.py:109} INFO - [2022-04-04 21:52:27,983] {dag.py:2937} INFO - Setting next_dagrun for example_branch_labels to 2022-04-03 00:00:00+00:00
[2022-04-04 21:52:27,999] {processor.py:171} INFO - Processing /home/airflow/.local/lib/python3.7/site-packages/airflow/example_dags/example_branch_labels.py took 0.139 seconds
[2022-04-04 21:52:58,153] {processor.py:163} INFO - Started process (PID=892) to work on /home/airflow/.local/lib/python3.7/site-packages/airflow/example_dags/example_branch_labels.py
[2022-04-04 21:52:58,155] {processor.py:642} INFO - Processing file /home/airflow/.local/lib/python3.7/site-packages/airflow/example_dags/example_branch_labels.py for tasks to queue
[2022-04-04 21:52:58,156] {logging_mixin.py:109} INFO - [2022-04-04 21:52:58,156] {dagbag.py:500} INFO - Filling up the DagBag from /home/airflow/.local/lib/python3.7/site-packages/airflow/example_dags/example_branch_labels.py
[2022-04-04 21:52:58,173] {processor.py:652} INFO - DAG(s) dict_keys(['example_branch_labels']) retrieved from /home/airflow/.local/lib/python3.7/site-packages/airflow/example_dags/example_branch_labels.py
[2022-04-04 21:52:58,200] {logging_mixin.py:109} INFO - [2022-04-04 21:52:58,200] {dag.py:2398} INFO - Sync 1 DAGs
[2022-04-04 21:52:58,223] {logging_mixin.py:109} INFO - [2022-04-04 21:52:58,222] {dag.py:2937} INFO - Setting next_dagrun for example_branch_labels to 2022-04-03 00:00:00+00:00
[2022-04-04 21:52:58,236] {processor.py:171} INFO - Processing /home/airflow/.local/lib/python3.7/site-packages/airflow/example_dags/example_branch_labels.py took 0.087 seconds
[2022-04-04 21:53:28,532] {processor.py:163} INFO - Started process (PID=953) to work on /home/airflow/.local/lib/python3.7/site-packages/airflow/example_dags/example_branch_labels.py
[2022-04-04 21:53:28,534] {processor.py:642} INFO - Processing file /home/airflow/.local/lib/python3.7/site-packages/airflow/example_dags/example_branch_labels.py for tasks to queue
[2022-04-04 21:53:28,535] {logging_mixin.py:109} INFO - [2022-04-04 21:53:28,534] {dagbag.py:500} INFO - Filling up the DagBag from /home/airflow/.local/lib/python3.7/site-packages/airflow/example_dags/example_branch_labels.py
[2022-04-04 21:53:28,553] {processor.py:652} INFO - DAG(s) dict_keys(['example_branch_labels']) retrieved from /home/airflow/.local/lib/python3.7/site-packages/airflow/example_dags/example_branch_labels.py
[2022-04-04 21:53:28,579] {logging_mixin.py:109} INFO - [2022-04-04 21:53:28,578] {dag.py:2398} INFO - Sync 1 DAGs
[2022-04-04 21:53:28,605] {logging_mixin.py:109} INFO - [2022-04-04 21:53:28,604] {dag.py:2937} INFO - Setting next_dagrun for example_branch_labels to 2022-04-03 00:00:00+00:00
[2022-04-04 21:53:28,623] {processor.py:171} INFO - Processing /home/airflow/.local/lib/python3.7/site-packages/airflow/example_dags/example_branch_labels.py took 0.094 seconds
[2022-04-04 21:53:58,694] {processor.py:163} INFO - Started process (PID=1006) to work on /home/airflow/.local/lib/python3.7/site-packages/airflow/example_dags/example_branch_labels.py
[2022-04-04 21:53:58,695] {processor.py:642} INFO - Processing file /home/airflow/.local/lib/python3.7/site-packages/airflow/example_dags/example_branch_labels.py for tasks to queue
[2022-04-04 21:53:58,696] {logging_mixin.py:109} INFO - [2022-04-04 21:53:58,696] {dagbag.py:500} INFO - Filling up the DagBag from /home/airflow/.local/lib/python3.7/site-packages/airflow/example_dags/example_branch_labels.py
[2022-04-04 21:53:58,714] {processor.py:652} INFO - DAG(s) dict_keys(['example_branch_labels']) retrieved from /home/airflow/.local/lib/python3.7/site-packages/airflow/example_dags/example_branch_labels.py
[2022-04-04 21:53:58,740] {logging_mixin.py:109} INFO - [2022-04-04 21:53:58,740] {dag.py:2398} INFO - Sync 1 DAGs
[2022-04-04 21:53:58,764] {logging_mixin.py:109} INFO - [2022-04-04 21:53:58,764] {dag.py:2937} INFO - Setting next_dagrun for example_branch_labels to 2022-04-03 00:00:00+00:00
[2022-04-04 21:53:58,776] {processor.py:171} INFO - Processing /home/airflow/.local/lib/python3.7/site-packages/airflow/example_dags/example_branch_labels.py took 0.087 seconds
[2022-04-04 21:54:28,914] {processor.py:163} INFO - Started process (PID=1057) to work on /home/airflow/.local/lib/python3.7/site-packages/airflow/example_dags/example_branch_labels.py
[2022-04-04 21:54:28,916] {processor.py:642} INFO - Processing file /home/airflow/.local/lib/python3.7/site-packages/airflow/example_dags/example_branch_labels.py for tasks to queue
[2022-04-04 21:54:28,917] {logging_mixin.py:109} INFO - [2022-04-04 21:54:28,917] {dagbag.py:500} INFO - Filling up the DagBag from /home/airflow/.local/lib/python3.7/site-packages/airflow/example_dags/example_branch_labels.py
[2022-04-04 21:54:28,933] {processor.py:652} INFO - DAG(s) dict_keys(['example_branch_labels']) retrieved from /home/airflow/.local/lib/python3.7/site-packages/airflow/example_dags/example_branch_labels.py
[2022-04-04 21:54:28,959] {logging_mixin.py:109} INFO - [2022-04-04 21:54:28,959] {dag.py:2398} INFO - Sync 1 DAGs
[2022-04-04 21:54:28,985] {logging_mixin.py:109} INFO - [2022-04-04 21:54:28,985] {dag.py:2937} INFO - Setting next_dagrun for example_branch_labels to 2022-04-03 00:00:00+00:00
[2022-04-04 21:54:29,000] {processor.py:171} INFO - Processing /home/airflow/.local/lib/python3.7/site-packages/airflow/example_dags/example_branch_labels.py took 0.091 seconds
[2022-04-04 21:54:59,228] {processor.py:163} INFO - Started process (PID=1117) to work on /home/airflow/.local/lib/python3.7/site-packages/airflow/example_dags/example_branch_labels.py
[2022-04-04 21:54:59,229] {processor.py:642} INFO - Processing file /home/airflow/.local/lib/python3.7/site-packages/airflow/example_dags/example_branch_labels.py for tasks to queue
[2022-04-04 21:54:59,230] {logging_mixin.py:109} INFO - [2022-04-04 21:54:59,230] {dagbag.py:500} INFO - Filling up the DagBag from /home/airflow/.local/lib/python3.7/site-packages/airflow/example_dags/example_branch_labels.py
[2022-04-04 21:54:59,252] {processor.py:652} INFO - DAG(s) dict_keys(['example_branch_labels']) retrieved from /home/airflow/.local/lib/python3.7/site-packages/airflow/example_dags/example_branch_labels.py
[2022-04-04 21:54:59,285] {logging_mixin.py:109} INFO - [2022-04-04 21:54:59,284] {dag.py:2398} INFO - Sync 1 DAGs
[2022-04-04 21:54:59,316] {logging_mixin.py:109} INFO - [2022-04-04 21:54:59,316] {dag.py:2937} INFO - Setting next_dagrun for example_branch_labels to 2022-04-03 00:00:00+00:00
[2022-04-04 21:54:59,333] {processor.py:171} INFO - Processing /home/airflow/.local/lib/python3.7/site-packages/airflow/example_dags/example_branch_labels.py took 0.110 seconds
[2022-04-04 21:55:29,494] {processor.py:163} INFO - Started process (PID=1168) to work on /home/airflow/.local/lib/python3.7/site-packages/airflow/example_dags/example_branch_labels.py
[2022-04-04 21:55:29,496] {processor.py:642} INFO - Processing file /home/airflow/.local/lib/python3.7/site-packages/airflow/example_dags/example_branch_labels.py for tasks to queue
[2022-04-04 21:55:29,497] {logging_mixin.py:109} INFO - [2022-04-04 21:55:29,497] {dagbag.py:500} INFO - Filling up the DagBag from /home/airflow/.local/lib/python3.7/site-packages/airflow/example_dags/example_branch_labels.py
[2022-04-04 21:55:29,513] {processor.py:652} INFO - DAG(s) dict_keys(['example_branch_labels']) retrieved from /home/airflow/.local/lib/python3.7/site-packages/airflow/example_dags/example_branch_labels.py
[2022-04-04 21:55:29,545] {logging_mixin.py:109} INFO - [2022-04-04 21:55:29,545] {dag.py:2398} INFO - Sync 1 DAGs
[2022-04-04 21:55:29,569] {logging_mixin.py:109} INFO - [2022-04-04 21:55:29,569] {dag.py:2937} INFO - Setting next_dagrun for example_branch_labels to 2022-04-03 00:00:00+00:00
[2022-04-04 21:55:29,583] {processor.py:171} INFO - Processing /home/airflow/.local/lib/python3.7/site-packages/airflow/example_dags/example_branch_labels.py took 0.092 seconds
[2022-04-04 21:56:00,045] {processor.py:163} INFO - Started process (PID=1220) to work on /home/airflow/.local/lib/python3.7/site-packages/airflow/example_dags/example_branch_labels.py
[2022-04-04 21:56:00,047] {processor.py:642} INFO - Processing file /home/airflow/.local/lib/python3.7/site-packages/airflow/example_dags/example_branch_labels.py for tasks to queue
[2022-04-04 21:56:00,048] {logging_mixin.py:109} INFO - [2022-04-04 21:56:00,047] {dagbag.py:500} INFO - Filling up the DagBag from /home/airflow/.local/lib/python3.7/site-packages/airflow/example_dags/example_branch_labels.py
[2022-04-04 21:56:00,067] {processor.py:652} INFO - DAG(s) dict_keys(['example_branch_labels']) retrieved from /home/airflow/.local/lib/python3.7/site-packages/airflow/example_dags/example_branch_labels.py
[2022-04-04 21:56:00,093] {logging_mixin.py:109} INFO - [2022-04-04 21:56:00,093] {dag.py:2398} INFO - Sync 1 DAGs
[2022-04-04 21:56:00,118] {logging_mixin.py:109} INFO - [2022-04-04 21:56:00,118] {dag.py:2937} INFO - Setting next_dagrun for example_branch_labels to 2022-04-03 00:00:00+00:00
[2022-04-04 21:56:00,132] {processor.py:171} INFO - Processing /home/airflow/.local/lib/python3.7/site-packages/airflow/example_dags/example_branch_labels.py took 0.090 seconds
[2022-04-04 21:56:30,743] {processor.py:163} INFO - Started process (PID=1280) to work on /home/airflow/.local/lib/python3.7/site-packages/airflow/example_dags/example_branch_labels.py
[2022-04-04 21:56:30,745] {processor.py:642} INFO - Processing file /home/airflow/.local/lib/python3.7/site-packages/airflow/example_dags/example_branch_labels.py for tasks to queue
[2022-04-04 21:56:30,746] {logging_mixin.py:109} INFO - [2022-04-04 21:56:30,746] {dagbag.py:500} INFO - Filling up the DagBag from /home/airflow/.local/lib/python3.7/site-packages/airflow/example_dags/example_branch_labels.py
[2022-04-04 21:56:30,765] {processor.py:652} INFO - DAG(s) dict_keys(['example_branch_labels']) retrieved from /home/airflow/.local/lib/python3.7/site-packages/airflow/example_dags/example_branch_labels.py
[2022-04-04 21:56:30,795] {logging_mixin.py:109} INFO - [2022-04-04 21:56:30,795] {dag.py:2398} INFO - Sync 1 DAGs
[2022-04-04 21:56:30,824] {logging_mixin.py:109} INFO - [2022-04-04 21:56:30,824] {dag.py:2937} INFO - Setting next_dagrun for example_branch_labels to 2022-04-03 00:00:00+00:00
[2022-04-04 21:56:30,840] {processor.py:171} INFO - Processing /home/airflow/.local/lib/python3.7/site-packages/airflow/example_dags/example_branch_labels.py took 0.101 seconds
[2022-04-04 21:57:01,114] {processor.py:163} INFO - Started process (PID=1332) to work on /home/airflow/.local/lib/python3.7/site-packages/airflow/example_dags/example_branch_labels.py
[2022-04-04 21:57:01,116] {processor.py:642} INFO - Processing file /home/airflow/.local/lib/python3.7/site-packages/airflow/example_dags/example_branch_labels.py for tasks to queue
[2022-04-04 21:57:01,117] {logging_mixin.py:109} INFO - [2022-04-04 21:57:01,117] {dagbag.py:500} INFO - Filling up the DagBag from /home/airflow/.local/lib/python3.7/site-packages/airflow/example_dags/example_branch_labels.py
[2022-04-04 21:57:01,136] {processor.py:652} INFO - DAG(s) dict_keys(['example_branch_labels']) retrieved from /home/airflow/.local/lib/python3.7/site-packages/airflow/example_dags/example_branch_labels.py
[2022-04-04 21:57:01,164] {logging_mixin.py:109} INFO - [2022-04-04 21:57:01,163] {dag.py:2398} INFO - Sync 1 DAGs
[2022-04-04 21:57:01,191] {logging_mixin.py:109} INFO - [2022-04-04 21:57:01,191] {dag.py:2937} INFO - Setting next_dagrun for example_branch_labels to 2022-04-03 00:00:00+00:00
[2022-04-04 21:57:01,206] {processor.py:171} INFO - Processing /home/airflow/.local/lib/python3.7/site-packages/airflow/example_dags/example_branch_labels.py took 0.095 seconds
[2022-04-04 21:57:31,250] {processor.py:163} INFO - Started process (PID=1383) to work on /home/airflow/.local/lib/python3.7/site-packages/airflow/example_dags/example_branch_labels.py
[2022-04-04 21:57:31,251] {processor.py:642} INFO - Processing file /home/airflow/.local/lib/python3.7/site-packages/airflow/example_dags/example_branch_labels.py for tasks to queue
[2022-04-04 21:57:31,253] {logging_mixin.py:109} INFO - [2022-04-04 21:57:31,253] {dagbag.py:500} INFO - Filling up the DagBag from /home/airflow/.local/lib/python3.7/site-packages/airflow/example_dags/example_branch_labels.py
[2022-04-04 21:57:31,273] {processor.py:652} INFO - DAG(s) dict_keys(['example_branch_labels']) retrieved from /home/airflow/.local/lib/python3.7/site-packages/airflow/example_dags/example_branch_labels.py
[2022-04-04 21:57:31,306] {logging_mixin.py:109} INFO - [2022-04-04 21:57:31,306] {dag.py:2398} INFO - Sync 1 DAGs
[2022-04-04 21:57:31,331] {logging_mixin.py:109} INFO - [2022-04-04 21:57:31,331] {dag.py:2937} INFO - Setting next_dagrun for example_branch_labels to 2022-04-03 00:00:00+00:00
[2022-04-04 21:57:31,344] {processor.py:171} INFO - Processing /home/airflow/.local/lib/python3.7/site-packages/airflow/example_dags/example_branch_labels.py took 0.100 seconds
[2022-04-04 21:58:01,610] {processor.py:163} INFO - Started process (PID=1436) to work on /home/airflow/.local/lib/python3.7/site-packages/airflow/example_dags/example_branch_labels.py
[2022-04-04 21:58:01,611] {processor.py:642} INFO - Processing file /home/airflow/.local/lib/python3.7/site-packages/airflow/example_dags/example_branch_labels.py for tasks to queue
[2022-04-04 21:58:01,612] {logging_mixin.py:109} INFO - [2022-04-04 21:58:01,612] {dagbag.py:500} INFO - Filling up the DagBag from /home/airflow/.local/lib/python3.7/site-packages/airflow/example_dags/example_branch_labels.py
[2022-04-04 21:58:01,635] {processor.py:652} INFO - DAG(s) dict_keys(['example_branch_labels']) retrieved from /home/airflow/.local/lib/python3.7/site-packages/airflow/example_dags/example_branch_labels.py
[2022-04-04 21:58:01,668] {logging_mixin.py:109} INFO - [2022-04-04 21:58:01,667] {dag.py:2398} INFO - Sync 1 DAGs
[2022-04-04 21:58:01,693] {logging_mixin.py:109} INFO - [2022-04-04 21:58:01,693] {dag.py:2937} INFO - Setting next_dagrun for example_branch_labels to 2022-04-03 00:00:00+00:00
[2022-04-04 21:58:01,706] {processor.py:171} INFO - Processing /home/airflow/.local/lib/python3.7/site-packages/airflow/example_dags/example_branch_labels.py took 0.101 seconds
[2022-04-04 21:58:31,941] {processor.py:163} INFO - Started process (PID=1497) to work on /home/airflow/.local/lib/python3.7/site-packages/airflow/example_dags/example_branch_labels.py
[2022-04-04 21:58:31,943] {processor.py:642} INFO - Processing file /home/airflow/.local/lib/python3.7/site-packages/airflow/example_dags/example_branch_labels.py for tasks to queue
[2022-04-04 21:58:31,944] {logging_mixin.py:109} INFO - [2022-04-04 21:58:31,944] {dagbag.py:500} INFO - Filling up the DagBag from /home/airflow/.local/lib/python3.7/site-packages/airflow/example_dags/example_branch_labels.py
[2022-04-04 21:58:31,966] {processor.py:652} INFO - DAG(s) dict_keys(['example_branch_labels']) retrieved from /home/airflow/.local/lib/python3.7/site-packages/airflow/example_dags/example_branch_labels.py
[2022-04-04 21:58:32,001] {logging_mixin.py:109} INFO - [2022-04-04 21:58:32,001] {dag.py:2398} INFO - Sync 1 DAGs
[2022-04-04 21:58:32,033] {logging_mixin.py:109} INFO - [2022-04-04 21:58:32,033] {dag.py:2937} INFO - Setting next_dagrun for example_branch_labels to 2022-04-03 00:00:00+00:00
[2022-04-04 21:58:32,048] {processor.py:171} INFO - Processing /home/airflow/.local/lib/python3.7/site-packages/airflow/example_dags/example_branch_labels.py took 0.112 seconds
[2022-04-04 21:59:02,103] {processor.py:163} INFO - Started process (PID=1547) to work on /home/airflow/.local/lib/python3.7/site-packages/airflow/example_dags/example_branch_labels.py
[2022-04-04 21:59:02,105] {processor.py:642} INFO - Processing file /home/airflow/.local/lib/python3.7/site-packages/airflow/example_dags/example_branch_labels.py for tasks to queue
[2022-04-04 21:59:02,106] {logging_mixin.py:109} INFO - [2022-04-04 21:59:02,106] {dagbag.py:500} INFO - Filling up the DagBag from /home/airflow/.local/lib/python3.7/site-packages/airflow/example_dags/example_branch_labels.py
[2022-04-04 21:59:02,132] {processor.py:652} INFO - DAG(s) dict_keys(['example_branch_labels']) retrieved from /home/airflow/.local/lib/python3.7/site-packages/airflow/example_dags/example_branch_labels.py
[2022-04-04 21:59:02,161] {logging_mixin.py:109} INFO - [2022-04-04 21:59:02,161] {dag.py:2398} INFO - Sync 1 DAGs
[2022-04-04 21:59:02,189] {logging_mixin.py:109} INFO - [2022-04-04 21:59:02,189] {dag.py:2937} INFO - Setting next_dagrun for example_branch_labels to 2022-04-03 00:00:00+00:00
[2022-04-04 21:59:02,206] {processor.py:171} INFO - Processing /home/airflow/.local/lib/python3.7/site-packages/airflow/example_dags/example_branch_labels.py took 0.107 seconds
[2022-04-04 22:03:56,756] {processor.py:163} INFO - Started process (PID=40) to work on /home/airflow/.local/lib/python3.7/site-packages/airflow/example_dags/example_branch_labels.py
[2022-04-04 22:03:56,757] {processor.py:642} INFO - Processing file /home/airflow/.local/lib/python3.7/site-packages/airflow/example_dags/example_branch_labels.py for tasks to queue
[2022-04-04 22:03:56,758] {logging_mixin.py:109} INFO - [2022-04-04 22:03:56,758] {dagbag.py:500} INFO - Filling up the DagBag from /home/airflow/.local/lib/python3.7/site-packages/airflow/example_dags/example_branch_labels.py
[2022-04-04 22:03:56,805] {processor.py:652} INFO - DAG(s) dict_keys(['example_branch_labels']) retrieved from /home/airflow/.local/lib/python3.7/site-packages/airflow/example_dags/example_branch_labels.py
[2022-04-04 22:04:02,952] {logging_mixin.py:109} INFO - [2022-04-04 22:04:02,952] {manager.py:496} INFO - Created Permission View: can edit on DAG:example_branch_labels
[2022-04-04 22:04:02,961] {logging_mixin.py:109} INFO - [2022-04-04 22:04:02,961] {manager.py:496} INFO - Created Permission View: can read on DAG:example_branch_labels
[2022-04-04 22:04:02,962] {logging_mixin.py:109} INFO - [2022-04-04 22:04:02,962] {dag.py:2398} INFO - Sync 1 DAGs
[2022-04-04 22:04:02,972] {logging_mixin.py:109} INFO - [2022-04-04 22:04:02,972] {dag.py:2417} INFO - Creating ORM DAG for example_branch_labels
[2022-04-04 22:04:02,989] {logging_mixin.py:109} INFO - [2022-04-04 22:04:02,989] {dag.py:2937} INFO - Setting next_dagrun for example_branch_labels to 2022-04-03 00:00:00+00:00
[2022-04-04 22:04:03,000] {processor.py:171} INFO - Processing /home/airflow/.local/lib/python3.7/site-packages/airflow/example_dags/example_branch_labels.py took 6.247 seconds
[2022-04-04 22:04:41,802] {processor.py:163} INFO - Started process (PID=340) to work on /home/airflow/.local/lib/python3.7/site-packages/airflow/example_dags/example_branch_labels.py
[2022-04-04 22:04:41,804] {processor.py:642} INFO - Processing file /home/airflow/.local/lib/python3.7/site-packages/airflow/example_dags/example_branch_labels.py for tasks to queue
[2022-04-04 22:04:41,805] {logging_mixin.py:109} INFO - [2022-04-04 22:04:41,805] {dagbag.py:500} INFO - Filling up the DagBag from /home/airflow/.local/lib/python3.7/site-packages/airflow/example_dags/example_branch_labels.py
[2022-04-04 22:04:41,833] {processor.py:652} INFO - DAG(s) dict_keys(['example_branch_labels']) retrieved from /home/airflow/.local/lib/python3.7/site-packages/airflow/example_dags/example_branch_labels.py
[2022-04-04 22:04:41,866] {logging_mixin.py:109} INFO - [2022-04-04 22:04:41,866] {dag.py:2398} INFO - Sync 1 DAGs
[2022-04-04 22:04:41,901] {logging_mixin.py:109} INFO - [2022-04-04 22:04:41,901] {dag.py:2937} INFO - Setting next_dagrun for example_branch_labels to 2022-04-03 00:00:00+00:00
[2022-04-04 22:04:41,915] {processor.py:171} INFO - Processing /home/airflow/.local/lib/python3.7/site-packages/airflow/example_dags/example_branch_labels.py took 0.116 seconds
