[2022-04-04 21:47:36,643] {processor.py:163} INFO - Started process (PID=267) to work on /home/airflow/.local/lib/python3.7/site-packages/airflow/example_dags/example_branch_python_dop_operator_3.py
[2022-04-04 21:47:36,646] {processor.py:642} INFO - Processing file /home/airflow/.local/lib/python3.7/site-packages/airflow/example_dags/example_branch_python_dop_operator_3.py for tasks to queue
[2022-04-04 21:47:36,647] {logging_mixin.py:109} INFO - [2022-04-04 21:47:36,647] {dagbag.py:500} INFO - Filling up the DagBag from /home/airflow/.local/lib/python3.7/site-packages/airflow/example_dags/example_branch_python_dop_operator_3.py
[2022-04-04 21:47:36,682] {processor.py:652} INFO - DAG(s) dict_keys(['example_branch_dop_operator_v3']) retrieved from /home/airflow/.local/lib/python3.7/site-packages/airflow/example_dags/example_branch_python_dop_operator_3.py
[2022-04-04 21:47:40,633] {logging_mixin.py:109} INFO - [2022-04-04 21:47:40,633] {manager.py:496} INFO - Created Permission View: can edit on DAG:example_branch_dop_operator_v3
[2022-04-04 21:47:40,650] {logging_mixin.py:109} INFO - [2022-04-04 21:47:40,650] {manager.py:496} INFO - Created Permission View: can read on DAG:example_branch_dop_operator_v3
[2022-04-04 21:47:40,650] {logging_mixin.py:109} INFO - [2022-04-04 21:47:40,650] {dag.py:2398} INFO - Sync 1 DAGs
[2022-04-04 21:47:40,665] {logging_mixin.py:109} INFO - [2022-04-04 21:47:40,664] {dag.py:2417} INFO - Creating ORM DAG for example_branch_dop_operator_v3
[2022-04-04 21:47:40,696] {logging_mixin.py:109} INFO - [2022-04-04 21:47:40,695] {dag.py:2937} INFO - Setting next_dagrun for example_branch_dop_operator_v3 to 2022-04-04T21:46:00+00:00
[2022-04-04 21:47:40,723] {processor.py:171} INFO - Processing /home/airflow/.local/lib/python3.7/site-packages/airflow/example_dags/example_branch_python_dop_operator_3.py took 4.085 seconds
[2022-04-04 21:48:11,652] {processor.py:163} INFO - Started process (PID=392) to work on /home/airflow/.local/lib/python3.7/site-packages/airflow/example_dags/example_branch_python_dop_operator_3.py
[2022-04-04 21:48:11,654] {processor.py:642} INFO - Processing file /home/airflow/.local/lib/python3.7/site-packages/airflow/example_dags/example_branch_python_dop_operator_3.py for tasks to queue
[2022-04-04 21:48:11,654] {logging_mixin.py:109} INFO - [2022-04-04 21:48:11,654] {dagbag.py:500} INFO - Filling up the DagBag from /home/airflow/.local/lib/python3.7/site-packages/airflow/example_dags/example_branch_python_dop_operator_3.py
[2022-04-04 21:48:11,677] {processor.py:652} INFO - DAG(s) dict_keys(['example_branch_dop_operator_v3']) retrieved from /home/airflow/.local/lib/python3.7/site-packages/airflow/example_dags/example_branch_python_dop_operator_3.py
[2022-04-04 21:48:11,705] {logging_mixin.py:109} INFO - [2022-04-04 21:48:11,705] {dag.py:2398} INFO - Sync 1 DAGs
[2022-04-04 21:48:11,743] {logging_mixin.py:109} INFO - [2022-04-04 21:48:11,743] {dag.py:2937} INFO - Setting next_dagrun for example_branch_dop_operator_v3 to 2022-04-04T21:47:00+00:00
[2022-04-04 21:48:11,756] {processor.py:171} INFO - Processing /home/airflow/.local/lib/python3.7/site-packages/airflow/example_dags/example_branch_python_dop_operator_3.py took 0.109 seconds
[2022-04-04 21:48:41,924] {processor.py:163} INFO - Started process (PID=443) to work on /home/airflow/.local/lib/python3.7/site-packages/airflow/example_dags/example_branch_python_dop_operator_3.py
[2022-04-04 21:48:41,925] {processor.py:642} INFO - Processing file /home/airflow/.local/lib/python3.7/site-packages/airflow/example_dags/example_branch_python_dop_operator_3.py for tasks to queue
[2022-04-04 21:48:41,926] {logging_mixin.py:109} INFO - [2022-04-04 21:48:41,926] {dagbag.py:500} INFO - Filling up the DagBag from /home/airflow/.local/lib/python3.7/site-packages/airflow/example_dags/example_branch_python_dop_operator_3.py
[2022-04-04 21:48:41,957] {processor.py:652} INFO - DAG(s) dict_keys(['example_branch_dop_operator_v3']) retrieved from /home/airflow/.local/lib/python3.7/site-packages/airflow/example_dags/example_branch_python_dop_operator_3.py
[2022-04-04 21:48:41,982] {logging_mixin.py:109} INFO - [2022-04-04 21:48:41,982] {dag.py:2398} INFO - Sync 1 DAGs
[2022-04-04 21:48:42,011] {logging_mixin.py:109} INFO - [2022-04-04 21:48:42,011] {dag.py:2937} INFO - Setting next_dagrun for example_branch_dop_operator_v3 to 2022-04-04T21:47:00+00:00
[2022-04-04 21:48:42,024] {processor.py:171} INFO - Processing /home/airflow/.local/lib/python3.7/site-packages/airflow/example_dags/example_branch_python_dop_operator_3.py took 0.104 seconds
[2022-04-04 21:49:12,407] {processor.py:163} INFO - Started process (PID=494) to work on /home/airflow/.local/lib/python3.7/site-packages/airflow/example_dags/example_branch_python_dop_operator_3.py
[2022-04-04 21:49:12,410] {processor.py:642} INFO - Processing file /home/airflow/.local/lib/python3.7/site-packages/airflow/example_dags/example_branch_python_dop_operator_3.py for tasks to queue
[2022-04-04 21:49:12,411] {logging_mixin.py:109} INFO - [2022-04-04 21:49:12,411] {dagbag.py:500} INFO - Filling up the DagBag from /home/airflow/.local/lib/python3.7/site-packages/airflow/example_dags/example_branch_python_dop_operator_3.py
[2022-04-04 21:49:12,435] {processor.py:652} INFO - DAG(s) dict_keys(['example_branch_dop_operator_v3']) retrieved from /home/airflow/.local/lib/python3.7/site-packages/airflow/example_dags/example_branch_python_dop_operator_3.py
[2022-04-04 21:49:12,460] {logging_mixin.py:109} INFO - [2022-04-04 21:49:12,460] {dag.py:2398} INFO - Sync 1 DAGs
[2022-04-04 21:49:12,496] {logging_mixin.py:109} INFO - [2022-04-04 21:49:12,496] {dag.py:2937} INFO - Setting next_dagrun for example_branch_dop_operator_v3 to 2022-04-04T21:48:00+00:00
[2022-04-04 21:49:12,511] {processor.py:171} INFO - Processing /home/airflow/.local/lib/python3.7/site-packages/airflow/example_dags/example_branch_python_dop_operator_3.py took 0.108 seconds
[2022-04-04 21:49:43,074] {processor.py:163} INFO - Started process (PID=554) to work on /home/airflow/.local/lib/python3.7/site-packages/airflow/example_dags/example_branch_python_dop_operator_3.py
[2022-04-04 21:49:43,075] {processor.py:642} INFO - Processing file /home/airflow/.local/lib/python3.7/site-packages/airflow/example_dags/example_branch_python_dop_operator_3.py for tasks to queue
[2022-04-04 21:49:43,076] {logging_mixin.py:109} INFO - [2022-04-04 21:49:43,076] {dagbag.py:500} INFO - Filling up the DagBag from /home/airflow/.local/lib/python3.7/site-packages/airflow/example_dags/example_branch_python_dop_operator_3.py
[2022-04-04 21:49:43,101] {processor.py:652} INFO - DAG(s) dict_keys(['example_branch_dop_operator_v3']) retrieved from /home/airflow/.local/lib/python3.7/site-packages/airflow/example_dags/example_branch_python_dop_operator_3.py
[2022-04-04 21:49:43,128] {logging_mixin.py:109} INFO - [2022-04-04 21:49:43,128] {dag.py:2398} INFO - Sync 1 DAGs
[2022-04-04 21:49:43,158] {logging_mixin.py:109} INFO - [2022-04-04 21:49:43,158] {dag.py:2937} INFO - Setting next_dagrun for example_branch_dop_operator_v3 to 2022-04-04T21:48:00+00:00
[2022-04-04 21:49:43,174] {processor.py:171} INFO - Processing /home/airflow/.local/lib/python3.7/site-packages/airflow/example_dags/example_branch_python_dop_operator_3.py took 0.104 seconds
[2022-04-04 21:50:13,483] {processor.py:163} INFO - Started process (PID=606) to work on /home/airflow/.local/lib/python3.7/site-packages/airflow/example_dags/example_branch_python_dop_operator_3.py
[2022-04-04 21:50:13,486] {processor.py:642} INFO - Processing file /home/airflow/.local/lib/python3.7/site-packages/airflow/example_dags/example_branch_python_dop_operator_3.py for tasks to queue
[2022-04-04 21:50:13,487] {logging_mixin.py:109} INFO - [2022-04-04 21:50:13,487] {dagbag.py:500} INFO - Filling up the DagBag from /home/airflow/.local/lib/python3.7/site-packages/airflow/example_dags/example_branch_python_dop_operator_3.py
[2022-04-04 21:50:13,510] {processor.py:652} INFO - DAG(s) dict_keys(['example_branch_dop_operator_v3']) retrieved from /home/airflow/.local/lib/python3.7/site-packages/airflow/example_dags/example_branch_python_dop_operator_3.py
[2022-04-04 21:50:13,626] {logging_mixin.py:109} INFO - [2022-04-04 21:50:13,625] {dag.py:2398} INFO - Sync 1 DAGs
[2022-04-04 21:50:13,666] {logging_mixin.py:109} INFO - [2022-04-04 21:50:13,666] {dag.py:2937} INFO - Setting next_dagrun for example_branch_dop_operator_v3 to 2022-04-04T21:49:00+00:00
[2022-04-04 21:50:13,680] {processor.py:171} INFO - Processing /home/airflow/.local/lib/python3.7/site-packages/airflow/example_dags/example_branch_python_dop_operator_3.py took 0.200 seconds
[2022-04-04 21:50:43,801] {processor.py:163} INFO - Started process (PID=658) to work on /home/airflow/.local/lib/python3.7/site-packages/airflow/example_dags/example_branch_python_dop_operator_3.py
[2022-04-04 21:50:43,806] {processor.py:642} INFO - Processing file /home/airflow/.local/lib/python3.7/site-packages/airflow/example_dags/example_branch_python_dop_operator_3.py for tasks to queue
[2022-04-04 21:50:43,807] {logging_mixin.py:109} INFO - [2022-04-04 21:50:43,807] {dagbag.py:500} INFO - Filling up the DagBag from /home/airflow/.local/lib/python3.7/site-packages/airflow/example_dags/example_branch_python_dop_operator_3.py
[2022-04-04 21:50:43,829] {processor.py:652} INFO - DAG(s) dict_keys(['example_branch_dop_operator_v3']) retrieved from /home/airflow/.local/lib/python3.7/site-packages/airflow/example_dags/example_branch_python_dop_operator_3.py
[2022-04-04 21:50:43,855] {logging_mixin.py:109} INFO - [2022-04-04 21:50:43,854] {dag.py:2398} INFO - Sync 1 DAGs
[2022-04-04 21:50:43,886] {logging_mixin.py:109} INFO - [2022-04-04 21:50:43,886] {dag.py:2937} INFO - Setting next_dagrun for example_branch_dop_operator_v3 to 2022-04-04T21:49:00+00:00
[2022-04-04 21:50:43,901] {processor.py:171} INFO - Processing /home/airflow/.local/lib/python3.7/site-packages/airflow/example_dags/example_branch_python_dop_operator_3.py took 0.103 seconds
[2022-04-04 21:51:14,183] {processor.py:163} INFO - Started process (PID=718) to work on /home/airflow/.local/lib/python3.7/site-packages/airflow/example_dags/example_branch_python_dop_operator_3.py
[2022-04-04 21:51:14,186] {processor.py:642} INFO - Processing file /home/airflow/.local/lib/python3.7/site-packages/airflow/example_dags/example_branch_python_dop_operator_3.py for tasks to queue
[2022-04-04 21:51:14,187] {logging_mixin.py:109} INFO - [2022-04-04 21:51:14,187] {dagbag.py:500} INFO - Filling up the DagBag from /home/airflow/.local/lib/python3.7/site-packages/airflow/example_dags/example_branch_python_dop_operator_3.py
[2022-04-04 21:51:14,211] {processor.py:652} INFO - DAG(s) dict_keys(['example_branch_dop_operator_v3']) retrieved from /home/airflow/.local/lib/python3.7/site-packages/airflow/example_dags/example_branch_python_dop_operator_3.py
[2022-04-04 21:51:14,239] {logging_mixin.py:109} INFO - [2022-04-04 21:51:14,239] {dag.py:2398} INFO - Sync 1 DAGs
[2022-04-04 21:51:14,269] {logging_mixin.py:109} INFO - [2022-04-04 21:51:14,269] {dag.py:2937} INFO - Setting next_dagrun for example_branch_dop_operator_v3 to 2022-04-04T21:50:00+00:00
[2022-04-04 21:51:14,282] {processor.py:171} INFO - Processing /home/airflow/.local/lib/python3.7/site-packages/airflow/example_dags/example_branch_python_dop_operator_3.py took 0.104 seconds
[2022-04-04 21:51:44,540] {processor.py:163} INFO - Started process (PID=769) to work on /home/airflow/.local/lib/python3.7/site-packages/airflow/example_dags/example_branch_python_dop_operator_3.py
[2022-04-04 21:51:44,544] {processor.py:642} INFO - Processing file /home/airflow/.local/lib/python3.7/site-packages/airflow/example_dags/example_branch_python_dop_operator_3.py for tasks to queue
[2022-04-04 21:51:44,545] {logging_mixin.py:109} INFO - [2022-04-04 21:51:44,545] {dagbag.py:500} INFO - Filling up the DagBag from /home/airflow/.local/lib/python3.7/site-packages/airflow/example_dags/example_branch_python_dop_operator_3.py
[2022-04-04 21:51:44,564] {processor.py:652} INFO - DAG(s) dict_keys(['example_branch_dop_operator_v3']) retrieved from /home/airflow/.local/lib/python3.7/site-packages/airflow/example_dags/example_branch_python_dop_operator_3.py
[2022-04-04 21:51:44,598] {logging_mixin.py:109} INFO - [2022-04-04 21:51:44,598] {dag.py:2398} INFO - Sync 1 DAGs
[2022-04-04 21:51:44,635] {logging_mixin.py:109} INFO - [2022-04-04 21:51:44,635] {dag.py:2937} INFO - Setting next_dagrun for example_branch_dop_operator_v3 to 2022-04-04T21:50:00+00:00
[2022-04-04 21:51:44,651] {processor.py:171} INFO - Processing /home/airflow/.local/lib/python3.7/site-packages/airflow/example_dags/example_branch_python_dop_operator_3.py took 0.114 seconds
[2022-04-04 21:52:14,708] {processor.py:163} INFO - Started process (PID=821) to work on /home/airflow/.local/lib/python3.7/site-packages/airflow/example_dags/example_branch_python_dop_operator_3.py
[2022-04-04 21:52:14,709] {processor.py:642} INFO - Processing file /home/airflow/.local/lib/python3.7/site-packages/airflow/example_dags/example_branch_python_dop_operator_3.py for tasks to queue
[2022-04-04 21:52:14,710] {logging_mixin.py:109} INFO - [2022-04-04 21:52:14,710] {dagbag.py:500} INFO - Filling up the DagBag from /home/airflow/.local/lib/python3.7/site-packages/airflow/example_dags/example_branch_python_dop_operator_3.py
[2022-04-04 21:52:14,734] {processor.py:652} INFO - DAG(s) dict_keys(['example_branch_dop_operator_v3']) retrieved from /home/airflow/.local/lib/python3.7/site-packages/airflow/example_dags/example_branch_python_dop_operator_3.py
[2022-04-04 21:52:14,759] {logging_mixin.py:109} INFO - [2022-04-04 21:52:14,759] {dag.py:2398} INFO - Sync 1 DAGs
[2022-04-04 21:52:14,790] {logging_mixin.py:109} INFO - [2022-04-04 21:52:14,790] {dag.py:2937} INFO - Setting next_dagrun for example_branch_dop_operator_v3 to 2022-04-04T21:51:00+00:00
[2022-04-04 21:52:14,806] {processor.py:171} INFO - Processing /home/airflow/.local/lib/python3.7/site-packages/airflow/example_dags/example_branch_python_dop_operator_3.py took 0.101 seconds
[2022-04-04 21:52:45,149] {processor.py:163} INFO - Started process (PID=871) to work on /home/airflow/.local/lib/python3.7/site-packages/airflow/example_dags/example_branch_python_dop_operator_3.py
[2022-04-04 21:52:45,151] {processor.py:642} INFO - Processing file /home/airflow/.local/lib/python3.7/site-packages/airflow/example_dags/example_branch_python_dop_operator_3.py for tasks to queue
[2022-04-04 21:52:45,152] {logging_mixin.py:109} INFO - [2022-04-04 21:52:45,152] {dagbag.py:500} INFO - Filling up the DagBag from /home/airflow/.local/lib/python3.7/site-packages/airflow/example_dags/example_branch_python_dop_operator_3.py
[2022-04-04 21:52:45,171] {processor.py:652} INFO - DAG(s) dict_keys(['example_branch_dop_operator_v3']) retrieved from /home/airflow/.local/lib/python3.7/site-packages/airflow/example_dags/example_branch_python_dop_operator_3.py
[2022-04-04 21:52:45,196] {logging_mixin.py:109} INFO - [2022-04-04 21:52:45,196] {dag.py:2398} INFO - Sync 1 DAGs
[2022-04-04 21:52:45,224] {logging_mixin.py:109} INFO - [2022-04-04 21:52:45,224] {dag.py:2937} INFO - Setting next_dagrun for example_branch_dop_operator_v3 to 2022-04-04T21:51:00+00:00
[2022-04-04 21:52:45,237] {processor.py:171} INFO - Processing /home/airflow/.local/lib/python3.7/site-packages/airflow/example_dags/example_branch_python_dop_operator_3.py took 0.091 seconds
[2022-04-04 21:53:15,380] {processor.py:163} INFO - Started process (PID=932) to work on /home/airflow/.local/lib/python3.7/site-packages/airflow/example_dags/example_branch_python_dop_operator_3.py
[2022-04-04 21:53:15,381] {processor.py:642} INFO - Processing file /home/airflow/.local/lib/python3.7/site-packages/airflow/example_dags/example_branch_python_dop_operator_3.py for tasks to queue
[2022-04-04 21:53:15,382] {logging_mixin.py:109} INFO - [2022-04-04 21:53:15,382] {dagbag.py:500} INFO - Filling up the DagBag from /home/airflow/.local/lib/python3.7/site-packages/airflow/example_dags/example_branch_python_dop_operator_3.py
[2022-04-04 21:53:15,403] {processor.py:652} INFO - DAG(s) dict_keys(['example_branch_dop_operator_v3']) retrieved from /home/airflow/.local/lib/python3.7/site-packages/airflow/example_dags/example_branch_python_dop_operator_3.py
[2022-04-04 21:53:15,429] {logging_mixin.py:109} INFO - [2022-04-04 21:53:15,429] {dag.py:2398} INFO - Sync 1 DAGs
[2022-04-04 21:53:15,458] {logging_mixin.py:109} INFO - [2022-04-04 21:53:15,458] {dag.py:2937} INFO - Setting next_dagrun for example_branch_dop_operator_v3 to 2022-04-04T21:52:00+00:00
[2022-04-04 21:53:15,473] {processor.py:171} INFO - Processing /home/airflow/.local/lib/python3.7/site-packages/airflow/example_dags/example_branch_python_dop_operator_3.py took 0.097 seconds
[2022-04-04 21:53:45,840] {processor.py:163} INFO - Started process (PID=983) to work on /home/airflow/.local/lib/python3.7/site-packages/airflow/example_dags/example_branch_python_dop_operator_3.py
[2022-04-04 21:53:45,842] {processor.py:642} INFO - Processing file /home/airflow/.local/lib/python3.7/site-packages/airflow/example_dags/example_branch_python_dop_operator_3.py for tasks to queue
[2022-04-04 21:53:45,843] {logging_mixin.py:109} INFO - [2022-04-04 21:53:45,843] {dagbag.py:500} INFO - Filling up the DagBag from /home/airflow/.local/lib/python3.7/site-packages/airflow/example_dags/example_branch_python_dop_operator_3.py
[2022-04-04 21:53:45,861] {processor.py:652} INFO - DAG(s) dict_keys(['example_branch_dop_operator_v3']) retrieved from /home/airflow/.local/lib/python3.7/site-packages/airflow/example_dags/example_branch_python_dop_operator_3.py
[2022-04-04 21:53:45,885] {logging_mixin.py:109} INFO - [2022-04-04 21:53:45,885] {dag.py:2398} INFO - Sync 1 DAGs
[2022-04-04 21:53:45,914] {logging_mixin.py:109} INFO - [2022-04-04 21:53:45,914] {dag.py:2937} INFO - Setting next_dagrun for example_branch_dop_operator_v3 to 2022-04-04T21:52:00+00:00
[2022-04-04 21:53:45,929] {processor.py:171} INFO - Processing /home/airflow/.local/lib/python3.7/site-packages/airflow/example_dags/example_branch_python_dop_operator_3.py took 0.092 seconds
[2022-04-04 21:54:16,314] {processor.py:163} INFO - Started process (PID=1036) to work on /home/airflow/.local/lib/python3.7/site-packages/airflow/example_dags/example_branch_python_dop_operator_3.py
[2022-04-04 21:54:16,315] {processor.py:642} INFO - Processing file /home/airflow/.local/lib/python3.7/site-packages/airflow/example_dags/example_branch_python_dop_operator_3.py for tasks to queue
[2022-04-04 21:54:16,316] {logging_mixin.py:109} INFO - [2022-04-04 21:54:16,316] {dagbag.py:500} INFO - Filling up the DagBag from /home/airflow/.local/lib/python3.7/site-packages/airflow/example_dags/example_branch_python_dop_operator_3.py
[2022-04-04 21:54:16,334] {processor.py:652} INFO - DAG(s) dict_keys(['example_branch_dop_operator_v3']) retrieved from /home/airflow/.local/lib/python3.7/site-packages/airflow/example_dags/example_branch_python_dop_operator_3.py
[2022-04-04 21:54:16,358] {logging_mixin.py:109} INFO - [2022-04-04 21:54:16,358] {dag.py:2398} INFO - Sync 1 DAGs
[2022-04-04 21:54:16,386] {logging_mixin.py:109} INFO - [2022-04-04 21:54:16,386] {dag.py:2937} INFO - Setting next_dagrun for example_branch_dop_operator_v3 to 2022-04-04T21:53:00+00:00
[2022-04-04 21:54:16,402] {processor.py:171} INFO - Processing /home/airflow/.local/lib/python3.7/site-packages/airflow/example_dags/example_branch_python_dop_operator_3.py took 0.091 seconds
[2022-04-04 21:54:46,468] {processor.py:163} INFO - Started process (PID=1095) to work on /home/airflow/.local/lib/python3.7/site-packages/airflow/example_dags/example_branch_python_dop_operator_3.py
[2022-04-04 21:54:46,470] {processor.py:642} INFO - Processing file /home/airflow/.local/lib/python3.7/site-packages/airflow/example_dags/example_branch_python_dop_operator_3.py for tasks to queue
[2022-04-04 21:54:46,470] {logging_mixin.py:109} INFO - [2022-04-04 21:54:46,470] {dagbag.py:500} INFO - Filling up the DagBag from /home/airflow/.local/lib/python3.7/site-packages/airflow/example_dags/example_branch_python_dop_operator_3.py
[2022-04-04 21:54:46,491] {processor.py:652} INFO - DAG(s) dict_keys(['example_branch_dop_operator_v3']) retrieved from /home/airflow/.local/lib/python3.7/site-packages/airflow/example_dags/example_branch_python_dop_operator_3.py
[2022-04-04 21:54:46,519] {logging_mixin.py:109} INFO - [2022-04-04 21:54:46,519] {dag.py:2398} INFO - Sync 1 DAGs
[2022-04-04 21:54:46,551] {logging_mixin.py:109} INFO - [2022-04-04 21:54:46,551] {dag.py:2937} INFO - Setting next_dagrun for example_branch_dop_operator_v3 to 2022-04-04T21:53:00+00:00
[2022-04-04 21:54:46,566] {processor.py:171} INFO - Processing /home/airflow/.local/lib/python3.7/site-packages/airflow/example_dags/example_branch_python_dop_operator_3.py took 0.102 seconds
[2022-04-04 21:55:16,814] {processor.py:163} INFO - Started process (PID=1146) to work on /home/airflow/.local/lib/python3.7/site-packages/airflow/example_dags/example_branch_python_dop_operator_3.py
[2022-04-04 21:55:16,817] {processor.py:642} INFO - Processing file /home/airflow/.local/lib/python3.7/site-packages/airflow/example_dags/example_branch_python_dop_operator_3.py for tasks to queue
[2022-04-04 21:55:16,818] {logging_mixin.py:109} INFO - [2022-04-04 21:55:16,818] {dagbag.py:500} INFO - Filling up the DagBag from /home/airflow/.local/lib/python3.7/site-packages/airflow/example_dags/example_branch_python_dop_operator_3.py
[2022-04-04 21:55:16,839] {processor.py:652} INFO - DAG(s) dict_keys(['example_branch_dop_operator_v3']) retrieved from /home/airflow/.local/lib/python3.7/site-packages/airflow/example_dags/example_branch_python_dop_operator_3.py
[2022-04-04 21:55:16,868] {logging_mixin.py:109} INFO - [2022-04-04 21:55:16,868] {dag.py:2398} INFO - Sync 1 DAGs
[2022-04-04 21:55:16,900] {logging_mixin.py:109} INFO - [2022-04-04 21:55:16,900] {dag.py:2937} INFO - Setting next_dagrun for example_branch_dop_operator_v3 to 2022-04-04T21:54:00+00:00
[2022-04-04 21:55:16,913] {processor.py:171} INFO - Processing /home/airflow/.local/lib/python3.7/site-packages/airflow/example_dags/example_branch_python_dop_operator_3.py took 0.104 seconds
[2022-04-04 21:55:46,982] {processor.py:163} INFO - Started process (PID=1198) to work on /home/airflow/.local/lib/python3.7/site-packages/airflow/example_dags/example_branch_python_dop_operator_3.py
[2022-04-04 21:55:46,983] {processor.py:642} INFO - Processing file /home/airflow/.local/lib/python3.7/site-packages/airflow/example_dags/example_branch_python_dop_operator_3.py for tasks to queue
[2022-04-04 21:55:46,984] {logging_mixin.py:109} INFO - [2022-04-04 21:55:46,984] {dagbag.py:500} INFO - Filling up the DagBag from /home/airflow/.local/lib/python3.7/site-packages/airflow/example_dags/example_branch_python_dop_operator_3.py
[2022-04-04 21:55:47,004] {processor.py:652} INFO - DAG(s) dict_keys(['example_branch_dop_operator_v3']) retrieved from /home/airflow/.local/lib/python3.7/site-packages/airflow/example_dags/example_branch_python_dop_operator_3.py
[2022-04-04 21:55:47,104] {logging_mixin.py:109} INFO - [2022-04-04 21:55:47,104] {dag.py:2398} INFO - Sync 1 DAGs
[2022-04-04 21:55:47,143] {logging_mixin.py:109} INFO - [2022-04-04 21:55:47,143] {dag.py:2937} INFO - Setting next_dagrun for example_branch_dop_operator_v3 to 2022-04-04T21:54:00+00:00
[2022-04-04 21:55:47,156] {processor.py:171} INFO - Processing /home/airflow/.local/lib/python3.7/site-packages/airflow/example_dags/example_branch_python_dop_operator_3.py took 0.181 seconds
[2022-04-04 21:56:17,193] {processor.py:163} INFO - Started process (PID=1259) to work on /home/airflow/.local/lib/python3.7/site-packages/airflow/example_dags/example_branch_python_dop_operator_3.py
[2022-04-04 21:56:17,197] {processor.py:642} INFO - Processing file /home/airflow/.local/lib/python3.7/site-packages/airflow/example_dags/example_branch_python_dop_operator_3.py for tasks to queue
[2022-04-04 21:56:17,197] {logging_mixin.py:109} INFO - [2022-04-04 21:56:17,197] {dagbag.py:500} INFO - Filling up the DagBag from /home/airflow/.local/lib/python3.7/site-packages/airflow/example_dags/example_branch_python_dop_operator_3.py
[2022-04-04 21:56:17,216] {processor.py:652} INFO - DAG(s) dict_keys(['example_branch_dop_operator_v3']) retrieved from /home/airflow/.local/lib/python3.7/site-packages/airflow/example_dags/example_branch_python_dop_operator_3.py
[2022-04-04 21:56:17,241] {logging_mixin.py:109} INFO - [2022-04-04 21:56:17,241] {dag.py:2398} INFO - Sync 1 DAGs
[2022-04-04 21:56:17,270] {logging_mixin.py:109} INFO - [2022-04-04 21:56:17,270] {dag.py:2937} INFO - Setting next_dagrun for example_branch_dop_operator_v3 to 2022-04-04T21:55:00+00:00
[2022-04-04 21:56:17,286] {processor.py:171} INFO - Processing /home/airflow/.local/lib/python3.7/site-packages/airflow/example_dags/example_branch_python_dop_operator_3.py took 0.096 seconds
[2022-04-04 21:56:47,500] {processor.py:163} INFO - Started process (PID=1311) to work on /home/airflow/.local/lib/python3.7/site-packages/airflow/example_dags/example_branch_python_dop_operator_3.py
[2022-04-04 21:56:47,501] {processor.py:642} INFO - Processing file /home/airflow/.local/lib/python3.7/site-packages/airflow/example_dags/example_branch_python_dop_operator_3.py for tasks to queue
[2022-04-04 21:56:47,503] {logging_mixin.py:109} INFO - [2022-04-04 21:56:47,502] {dagbag.py:500} INFO - Filling up the DagBag from /home/airflow/.local/lib/python3.7/site-packages/airflow/example_dags/example_branch_python_dop_operator_3.py
[2022-04-04 21:56:47,522] {processor.py:652} INFO - DAG(s) dict_keys(['example_branch_dop_operator_v3']) retrieved from /home/airflow/.local/lib/python3.7/site-packages/airflow/example_dags/example_branch_python_dop_operator_3.py
[2022-04-04 21:56:47,549] {logging_mixin.py:109} INFO - [2022-04-04 21:56:47,549] {dag.py:2398} INFO - Sync 1 DAGs
[2022-04-04 21:56:47,582] {logging_mixin.py:109} INFO - [2022-04-04 21:56:47,581] {dag.py:2937} INFO - Setting next_dagrun for example_branch_dop_operator_v3 to 2022-04-04T21:55:00+00:00
[2022-04-04 21:56:47,599] {processor.py:171} INFO - Processing /home/airflow/.local/lib/python3.7/site-packages/airflow/example_dags/example_branch_python_dop_operator_3.py took 0.102 seconds
[2022-04-04 21:57:17,729] {processor.py:163} INFO - Started process (PID=1363) to work on /home/airflow/.local/lib/python3.7/site-packages/airflow/example_dags/example_branch_python_dop_operator_3.py
[2022-04-04 21:57:17,733] {processor.py:642} INFO - Processing file /home/airflow/.local/lib/python3.7/site-packages/airflow/example_dags/example_branch_python_dop_operator_3.py for tasks to queue
[2022-04-04 21:57:17,734] {logging_mixin.py:109} INFO - [2022-04-04 21:57:17,734] {dagbag.py:500} INFO - Filling up the DagBag from /home/airflow/.local/lib/python3.7/site-packages/airflow/example_dags/example_branch_python_dop_operator_3.py
[2022-04-04 21:57:17,755] {processor.py:652} INFO - DAG(s) dict_keys(['example_branch_dop_operator_v3']) retrieved from /home/airflow/.local/lib/python3.7/site-packages/airflow/example_dags/example_branch_python_dop_operator_3.py
[2022-04-04 21:57:17,780] {logging_mixin.py:109} INFO - [2022-04-04 21:57:17,780] {dag.py:2398} INFO - Sync 1 DAGs
[2022-04-04 21:57:17,812] {logging_mixin.py:109} INFO - [2022-04-04 21:57:17,812] {dag.py:2937} INFO - Setting next_dagrun for example_branch_dop_operator_v3 to 2022-04-04T21:56:00+00:00
[2022-04-04 21:57:17,829] {processor.py:171} INFO - Processing /home/airflow/.local/lib/python3.7/site-packages/airflow/example_dags/example_branch_python_dop_operator_3.py took 0.104 seconds
[2022-04-04 21:57:48,069] {processor.py:163} INFO - Started process (PID=1415) to work on /home/airflow/.local/lib/python3.7/site-packages/airflow/example_dags/example_branch_python_dop_operator_3.py
[2022-04-04 21:57:48,071] {processor.py:642} INFO - Processing file /home/airflow/.local/lib/python3.7/site-packages/airflow/example_dags/example_branch_python_dop_operator_3.py for tasks to queue
[2022-04-04 21:57:48,071] {logging_mixin.py:109} INFO - [2022-04-04 21:57:48,071] {dagbag.py:500} INFO - Filling up the DagBag from /home/airflow/.local/lib/python3.7/site-packages/airflow/example_dags/example_branch_python_dop_operator_3.py
[2022-04-04 21:57:48,094] {processor.py:652} INFO - DAG(s) dict_keys(['example_branch_dop_operator_v3']) retrieved from /home/airflow/.local/lib/python3.7/site-packages/airflow/example_dags/example_branch_python_dop_operator_3.py
[2022-04-04 21:57:48,121] {logging_mixin.py:109} INFO - [2022-04-04 21:57:48,121] {dag.py:2398} INFO - Sync 1 DAGs
[2022-04-04 21:57:48,155] {logging_mixin.py:109} INFO - [2022-04-04 21:57:48,155] {dag.py:2937} INFO - Setting next_dagrun for example_branch_dop_operator_v3 to 2022-04-04T21:56:00+00:00
[2022-04-04 21:57:48,172] {processor.py:171} INFO - Processing /home/airflow/.local/lib/python3.7/site-packages/airflow/example_dags/example_branch_python_dop_operator_3.py took 0.108 seconds
