[2022-04-04 21:47:40,760] {processor.py:163} INFO - Started process (PID=293) to work on /home/airflow/.local/lib/python3.7/site-packages/airflow/example_dags/example_latest_only_with_trigger.py
[2022-04-04 21:47:40,762] {processor.py:642} INFO - Processing file /home/airflow/.local/lib/python3.7/site-packages/airflow/example_dags/example_latest_only_with_trigger.py for tasks to queue
[2022-04-04 21:47:40,764] {logging_mixin.py:109} INFO - [2022-04-04 21:47:40,764] {dagbag.py:500} INFO - Filling up the DagBag from /home/airflow/.local/lib/python3.7/site-packages/airflow/example_dags/example_latest_only_with_trigger.py
[2022-04-04 21:47:40,806] {processor.py:652} INFO - DAG(s) dict_keys(['latest_only_with_trigger']) retrieved from /home/airflow/.local/lib/python3.7/site-packages/airflow/example_dags/example_latest_only_with_trigger.py
[2022-04-04 21:47:45,157] {logging_mixin.py:109} INFO - [2022-04-04 21:47:45,157] {manager.py:496} INFO - Created Permission View: can edit on DAG:latest_only_with_trigger
[2022-04-04 21:47:45,177] {logging_mixin.py:109} INFO - [2022-04-04 21:47:45,177] {manager.py:496} INFO - Created Permission View: can read on DAG:latest_only_with_trigger
[2022-04-04 21:47:45,178] {logging_mixin.py:109} INFO - [2022-04-04 21:47:45,177] {dag.py:2398} INFO - Sync 1 DAGs
[2022-04-04 21:47:45,190] {logging_mixin.py:109} INFO - [2022-04-04 21:47:45,190] {dag.py:2417} INFO - Creating ORM DAG for latest_only_with_trigger
[2022-04-04 21:47:45,207] {logging_mixin.py:109} INFO - [2022-04-04 21:47:45,207] {dag.py:2937} INFO - Setting next_dagrun for latest_only_with_trigger to 2022-04-04T17:47:45.206728+00:00
[2022-04-04 21:47:45,230] {processor.py:171} INFO - Processing /home/airflow/.local/lib/python3.7/site-packages/airflow/example_dags/example_latest_only_with_trigger.py took 4.475 seconds
[2022-04-04 21:48:15,788] {processor.py:163} INFO - Started process (PID=394) to work on /home/airflow/.local/lib/python3.7/site-packages/airflow/example_dags/example_latest_only_with_trigger.py
[2022-04-04 21:48:15,790] {processor.py:642} INFO - Processing file /home/airflow/.local/lib/python3.7/site-packages/airflow/example_dags/example_latest_only_with_trigger.py for tasks to queue
[2022-04-04 21:48:15,791] {logging_mixin.py:109} INFO - [2022-04-04 21:48:15,791] {dagbag.py:500} INFO - Filling up the DagBag from /home/airflow/.local/lib/python3.7/site-packages/airflow/example_dags/example_latest_only_with_trigger.py
[2022-04-04 21:48:15,807] {processor.py:652} INFO - DAG(s) dict_keys(['latest_only_with_trigger']) retrieved from /home/airflow/.local/lib/python3.7/site-packages/airflow/example_dags/example_latest_only_with_trigger.py
[2022-04-04 21:48:15,836] {logging_mixin.py:109} INFO - [2022-04-04 21:48:15,836] {dag.py:2398} INFO - Sync 1 DAGs
[2022-04-04 21:48:15,860] {logging_mixin.py:109} INFO - [2022-04-04 21:48:15,860] {dag.py:2937} INFO - Setting next_dagrun for latest_only_with_trigger to 2022-04-04T17:48:15.859744+00:00
[2022-04-04 21:48:15,873] {processor.py:171} INFO - Processing /home/airflow/.local/lib/python3.7/site-packages/airflow/example_dags/example_latest_only_with_trigger.py took 0.088 seconds
[2022-04-04 21:48:46,057] {processor.py:163} INFO - Started process (PID=446) to work on /home/airflow/.local/lib/python3.7/site-packages/airflow/example_dags/example_latest_only_with_trigger.py
[2022-04-04 21:48:46,058] {processor.py:642} INFO - Processing file /home/airflow/.local/lib/python3.7/site-packages/airflow/example_dags/example_latest_only_with_trigger.py for tasks to queue
[2022-04-04 21:48:46,059] {logging_mixin.py:109} INFO - [2022-04-04 21:48:46,059] {dagbag.py:500} INFO - Filling up the DagBag from /home/airflow/.local/lib/python3.7/site-packages/airflow/example_dags/example_latest_only_with_trigger.py
[2022-04-04 21:48:46,076] {processor.py:652} INFO - DAG(s) dict_keys(['latest_only_with_trigger']) retrieved from /home/airflow/.local/lib/python3.7/site-packages/airflow/example_dags/example_latest_only_with_trigger.py
[2022-04-04 21:48:46,101] {logging_mixin.py:109} INFO - [2022-04-04 21:48:46,101] {dag.py:2398} INFO - Sync 1 DAGs
[2022-04-04 21:48:46,124] {logging_mixin.py:109} INFO - [2022-04-04 21:48:46,124] {dag.py:2937} INFO - Setting next_dagrun for latest_only_with_trigger to 2022-04-04T17:48:46.124470+00:00
[2022-04-04 21:48:46,140] {processor.py:171} INFO - Processing /home/airflow/.local/lib/python3.7/site-packages/airflow/example_dags/example_latest_only_with_trigger.py took 0.087 seconds
[2022-04-04 21:49:16,545] {processor.py:163} INFO - Started process (PID=506) to work on /home/airflow/.local/lib/python3.7/site-packages/airflow/example_dags/example_latest_only_with_trigger.py
[2022-04-04 21:49:16,547] {processor.py:642} INFO - Processing file /home/airflow/.local/lib/python3.7/site-packages/airflow/example_dags/example_latest_only_with_trigger.py for tasks to queue
[2022-04-04 21:49:16,548] {logging_mixin.py:109} INFO - [2022-04-04 21:49:16,548] {dagbag.py:500} INFO - Filling up the DagBag from /home/airflow/.local/lib/python3.7/site-packages/airflow/example_dags/example_latest_only_with_trigger.py
[2022-04-04 21:49:16,570] {processor.py:652} INFO - DAG(s) dict_keys(['latest_only_with_trigger']) retrieved from /home/airflow/.local/lib/python3.7/site-packages/airflow/example_dags/example_latest_only_with_trigger.py
[2022-04-04 21:49:16,598] {logging_mixin.py:109} INFO - [2022-04-04 21:49:16,598] {dag.py:2398} INFO - Sync 1 DAGs
[2022-04-04 21:49:16,626] {logging_mixin.py:109} INFO - [2022-04-04 21:49:16,626] {dag.py:2937} INFO - Setting next_dagrun for latest_only_with_trigger to 2022-04-04T17:49:16.625575+00:00
[2022-04-04 21:49:16,642] {processor.py:171} INFO - Processing /home/airflow/.local/lib/python3.7/site-packages/airflow/example_dags/example_latest_only_with_trigger.py took 0.100 seconds
[2022-04-04 21:49:47,220] {processor.py:163} INFO - Started process (PID=557) to work on /home/airflow/.local/lib/python3.7/site-packages/airflow/example_dags/example_latest_only_with_trigger.py
[2022-04-04 21:49:47,221] {processor.py:642} INFO - Processing file /home/airflow/.local/lib/python3.7/site-packages/airflow/example_dags/example_latest_only_with_trigger.py for tasks to queue
[2022-04-04 21:49:47,222] {logging_mixin.py:109} INFO - [2022-04-04 21:49:47,222] {dagbag.py:500} INFO - Filling up the DagBag from /home/airflow/.local/lib/python3.7/site-packages/airflow/example_dags/example_latest_only_with_trigger.py
[2022-04-04 21:49:47,245] {processor.py:652} INFO - DAG(s) dict_keys(['latest_only_with_trigger']) retrieved from /home/airflow/.local/lib/python3.7/site-packages/airflow/example_dags/example_latest_only_with_trigger.py
[2022-04-04 21:49:47,277] {logging_mixin.py:109} INFO - [2022-04-04 21:49:47,277] {dag.py:2398} INFO - Sync 1 DAGs
[2022-04-04 21:49:47,300] {logging_mixin.py:109} INFO - [2022-04-04 21:49:47,299] {dag.py:2937} INFO - Setting next_dagrun for latest_only_with_trigger to 2022-04-04T17:49:47.299317+00:00
[2022-04-04 21:49:47,311] {processor.py:171} INFO - Processing /home/airflow/.local/lib/python3.7/site-packages/airflow/example_dags/example_latest_only_with_trigger.py took 0.099 seconds
[2022-04-04 21:50:17,719] {processor.py:163} INFO - Started process (PID=609) to work on /home/airflow/.local/lib/python3.7/site-packages/airflow/example_dags/example_latest_only_with_trigger.py
[2022-04-04 21:50:17,720] {processor.py:642} INFO - Processing file /home/airflow/.local/lib/python3.7/site-packages/airflow/example_dags/example_latest_only_with_trigger.py for tasks to queue
[2022-04-04 21:50:17,721] {logging_mixin.py:109} INFO - [2022-04-04 21:50:17,721] {dagbag.py:500} INFO - Filling up the DagBag from /home/airflow/.local/lib/python3.7/site-packages/airflow/example_dags/example_latest_only_with_trigger.py
[2022-04-04 21:50:17,739] {processor.py:652} INFO - DAG(s) dict_keys(['latest_only_with_trigger']) retrieved from /home/airflow/.local/lib/python3.7/site-packages/airflow/example_dags/example_latest_only_with_trigger.py
[2022-04-04 21:50:17,767] {logging_mixin.py:109} INFO - [2022-04-04 21:50:17,767] {dag.py:2398} INFO - Sync 1 DAGs
[2022-04-04 21:50:17,792] {logging_mixin.py:109} INFO - [2022-04-04 21:50:17,791] {dag.py:2937} INFO - Setting next_dagrun for latest_only_with_trigger to 2022-04-04T17:50:17.791668+00:00
[2022-04-04 21:50:17,806] {processor.py:171} INFO - Processing /home/airflow/.local/lib/python3.7/site-packages/airflow/example_dags/example_latest_only_with_trigger.py took 0.092 seconds
[2022-04-04 21:50:47,936] {processor.py:163} INFO - Started process (PID=670) to work on /home/airflow/.local/lib/python3.7/site-packages/airflow/example_dags/example_latest_only_with_trigger.py
[2022-04-04 21:50:47,938] {processor.py:642} INFO - Processing file /home/airflow/.local/lib/python3.7/site-packages/airflow/example_dags/example_latest_only_with_trigger.py for tasks to queue
[2022-04-04 21:50:47,939] {logging_mixin.py:109} INFO - [2022-04-04 21:50:47,939] {dagbag.py:500} INFO - Filling up the DagBag from /home/airflow/.local/lib/python3.7/site-packages/airflow/example_dags/example_latest_only_with_trigger.py
[2022-04-04 21:50:47,964] {processor.py:652} INFO - DAG(s) dict_keys(['latest_only_with_trigger']) retrieved from /home/airflow/.local/lib/python3.7/site-packages/airflow/example_dags/example_latest_only_with_trigger.py
[2022-04-04 21:50:47,999] {logging_mixin.py:109} INFO - [2022-04-04 21:50:47,999] {dag.py:2398} INFO - Sync 1 DAGs
[2022-04-04 21:50:48,028] {logging_mixin.py:109} INFO - [2022-04-04 21:50:48,028] {dag.py:2937} INFO - Setting next_dagrun for latest_only_with_trigger to 2022-04-04T17:50:48.028240+00:00
[2022-04-04 21:50:48,045] {processor.py:171} INFO - Processing /home/airflow/.local/lib/python3.7/site-packages/airflow/example_dags/example_latest_only_with_trigger.py took 0.113 seconds
[2022-04-04 21:51:18,314] {processor.py:163} INFO - Started process (PID=721) to work on /home/airflow/.local/lib/python3.7/site-packages/airflow/example_dags/example_latest_only_with_trigger.py
[2022-04-04 21:51:18,316] {processor.py:642} INFO - Processing file /home/airflow/.local/lib/python3.7/site-packages/airflow/example_dags/example_latest_only_with_trigger.py for tasks to queue
[2022-04-04 21:51:18,317] {logging_mixin.py:109} INFO - [2022-04-04 21:51:18,317] {dagbag.py:500} INFO - Filling up the DagBag from /home/airflow/.local/lib/python3.7/site-packages/airflow/example_dags/example_latest_only_with_trigger.py
[2022-04-04 21:51:18,335] {processor.py:652} INFO - DAG(s) dict_keys(['latest_only_with_trigger']) retrieved from /home/airflow/.local/lib/python3.7/site-packages/airflow/example_dags/example_latest_only_with_trigger.py
[2022-04-04 21:51:18,365] {logging_mixin.py:109} INFO - [2022-04-04 21:51:18,365] {dag.py:2398} INFO - Sync 1 DAGs
[2022-04-04 21:51:18,390] {logging_mixin.py:109} INFO - [2022-04-04 21:51:18,390] {dag.py:2937} INFO - Setting next_dagrun for latest_only_with_trigger to 2022-04-04T17:51:18.389530+00:00
[2022-04-04 21:51:18,404] {processor.py:171} INFO - Processing /home/airflow/.local/lib/python3.7/site-packages/airflow/example_dags/example_latest_only_with_trigger.py took 0.095 seconds
[2022-04-04 21:51:48,814] {processor.py:163} INFO - Started process (PID=772) to work on /home/airflow/.local/lib/python3.7/site-packages/airflow/example_dags/example_latest_only_with_trigger.py
[2022-04-04 21:51:48,816] {processor.py:642} INFO - Processing file /home/airflow/.local/lib/python3.7/site-packages/airflow/example_dags/example_latest_only_with_trigger.py for tasks to queue
[2022-04-04 21:51:48,817] {logging_mixin.py:109} INFO - [2022-04-04 21:51:48,817] {dagbag.py:500} INFO - Filling up the DagBag from /home/airflow/.local/lib/python3.7/site-packages/airflow/example_dags/example_latest_only_with_trigger.py
[2022-04-04 21:51:48,840] {processor.py:652} INFO - DAG(s) dict_keys(['latest_only_with_trigger']) retrieved from /home/airflow/.local/lib/python3.7/site-packages/airflow/example_dags/example_latest_only_with_trigger.py
[2022-04-04 21:51:48,871] {logging_mixin.py:109} INFO - [2022-04-04 21:51:48,871] {dag.py:2398} INFO - Sync 1 DAGs
[2022-04-04 21:51:48,897] {logging_mixin.py:109} INFO - [2022-04-04 21:51:48,896] {dag.py:2937} INFO - Setting next_dagrun for latest_only_with_trigger to 2022-04-04T17:51:48.896481+00:00
[2022-04-04 21:51:48,912] {processor.py:171} INFO - Processing /home/airflow/.local/lib/python3.7/site-packages/airflow/example_dags/example_latest_only_with_trigger.py took 0.101 seconds
[2022-04-04 21:52:19,853] {processor.py:163} INFO - Started process (PID=833) to work on /home/airflow/.local/lib/python3.7/site-packages/airflow/example_dags/example_latest_only_with_trigger.py
[2022-04-04 21:52:19,854] {processor.py:642} INFO - Processing file /home/airflow/.local/lib/python3.7/site-packages/airflow/example_dags/example_latest_only_with_trigger.py for tasks to queue
[2022-04-04 21:52:19,855] {logging_mixin.py:109} INFO - [2022-04-04 21:52:19,855] {dagbag.py:500} INFO - Filling up the DagBag from /home/airflow/.local/lib/python3.7/site-packages/airflow/example_dags/example_latest_only_with_trigger.py
[2022-04-04 21:52:19,875] {processor.py:652} INFO - DAG(s) dict_keys(['latest_only_with_trigger']) retrieved from /home/airflow/.local/lib/python3.7/site-packages/airflow/example_dags/example_latest_only_with_trigger.py
[2022-04-04 21:52:19,903] {logging_mixin.py:109} INFO - [2022-04-04 21:52:19,903] {dag.py:2398} INFO - Sync 1 DAGs
[2022-04-04 21:52:19,930] {logging_mixin.py:109} INFO - [2022-04-04 21:52:19,930] {dag.py:2937} INFO - Setting next_dagrun for latest_only_with_trigger to 2022-04-04T17:52:19.930258+00:00
[2022-04-04 21:52:19,945] {processor.py:171} INFO - Processing /home/airflow/.local/lib/python3.7/site-packages/airflow/example_dags/example_latest_only_with_trigger.py took 0.096 seconds
[2022-04-04 21:52:50,284] {processor.py:163} INFO - Started process (PID=882) to work on /home/airflow/.local/lib/python3.7/site-packages/airflow/example_dags/example_latest_only_with_trigger.py
[2022-04-04 21:52:50,288] {processor.py:642} INFO - Processing file /home/airflow/.local/lib/python3.7/site-packages/airflow/example_dags/example_latest_only_with_trigger.py for tasks to queue
[2022-04-04 21:52:50,289] {logging_mixin.py:109} INFO - [2022-04-04 21:52:50,289] {dagbag.py:500} INFO - Filling up the DagBag from /home/airflow/.local/lib/python3.7/site-packages/airflow/example_dags/example_latest_only_with_trigger.py
[2022-04-04 21:52:50,305] {processor.py:652} INFO - DAG(s) dict_keys(['latest_only_with_trigger']) retrieved from /home/airflow/.local/lib/python3.7/site-packages/airflow/example_dags/example_latest_only_with_trigger.py
[2022-04-04 21:52:50,334] {logging_mixin.py:109} INFO - [2022-04-04 21:52:50,334] {dag.py:2398} INFO - Sync 1 DAGs
[2022-04-04 21:52:50,355] {logging_mixin.py:109} INFO - [2022-04-04 21:52:50,355] {dag.py:2937} INFO - Setting next_dagrun for latest_only_with_trigger to 2022-04-04T17:52:50.355387+00:00
[2022-04-04 21:52:50,368] {processor.py:171} INFO - Processing /home/airflow/.local/lib/python3.7/site-packages/airflow/example_dags/example_latest_only_with_trigger.py took 0.088 seconds
[2022-04-04 21:53:20,502] {processor.py:163} INFO - Started process (PID=934) to work on /home/airflow/.local/lib/python3.7/site-packages/airflow/example_dags/example_latest_only_with_trigger.py
[2022-04-04 21:53:20,503] {processor.py:642} INFO - Processing file /home/airflow/.local/lib/python3.7/site-packages/airflow/example_dags/example_latest_only_with_trigger.py for tasks to queue
[2022-04-04 21:53:20,504] {logging_mixin.py:109} INFO - [2022-04-04 21:53:20,504] {dagbag.py:500} INFO - Filling up the DagBag from /home/airflow/.local/lib/python3.7/site-packages/airflow/example_dags/example_latest_only_with_trigger.py
[2022-04-04 21:53:20,521] {processor.py:652} INFO - DAG(s) dict_keys(['latest_only_with_trigger']) retrieved from /home/airflow/.local/lib/python3.7/site-packages/airflow/example_dags/example_latest_only_with_trigger.py
[2022-04-04 21:53:20,546] {logging_mixin.py:109} INFO - [2022-04-04 21:53:20,546] {dag.py:2398} INFO - Sync 1 DAGs
[2022-04-04 21:53:20,566] {logging_mixin.py:109} INFO - [2022-04-04 21:53:20,566] {dag.py:2937} INFO - Setting next_dagrun for latest_only_with_trigger to 2022-04-04T17:53:20.566065+00:00
[2022-04-04 21:53:20,580] {processor.py:171} INFO - Processing /home/airflow/.local/lib/python3.7/site-packages/airflow/example_dags/example_latest_only_with_trigger.py took 0.081 seconds
[2022-04-04 21:53:50,964] {processor.py:163} INFO - Started process (PID=985) to work on /home/airflow/.local/lib/python3.7/site-packages/airflow/example_dags/example_latest_only_with_trigger.py
[2022-04-04 21:53:50,967] {processor.py:642} INFO - Processing file /home/airflow/.local/lib/python3.7/site-packages/airflow/example_dags/example_latest_only_with_trigger.py for tasks to queue
[2022-04-04 21:53:50,967] {logging_mixin.py:109} INFO - [2022-04-04 21:53:50,967] {dagbag.py:500} INFO - Filling up the DagBag from /home/airflow/.local/lib/python3.7/site-packages/airflow/example_dags/example_latest_only_with_trigger.py
[2022-04-04 21:53:50,993] {processor.py:652} INFO - DAG(s) dict_keys(['latest_only_with_trigger']) retrieved from /home/airflow/.local/lib/python3.7/site-packages/airflow/example_dags/example_latest_only_with_trigger.py
[2022-04-04 21:53:51,019] {logging_mixin.py:109} INFO - [2022-04-04 21:53:51,019] {dag.py:2398} INFO - Sync 1 DAGs
[2022-04-04 21:53:51,046] {logging_mixin.py:109} INFO - [2022-04-04 21:53:51,046] {dag.py:2937} INFO - Setting next_dagrun for latest_only_with_trigger to 2022-04-04T17:53:51.045686+00:00
[2022-04-04 21:53:51,063] {processor.py:171} INFO - Processing /home/airflow/.local/lib/python3.7/site-packages/airflow/example_dags/example_latest_only_with_trigger.py took 0.104 seconds
[2022-04-04 21:54:21,435] {processor.py:163} INFO - Started process (PID=1047) to work on /home/airflow/.local/lib/python3.7/site-packages/airflow/example_dags/example_latest_only_with_trigger.py
[2022-04-04 21:54:21,436] {processor.py:642} INFO - Processing file /home/airflow/.local/lib/python3.7/site-packages/airflow/example_dags/example_latest_only_with_trigger.py for tasks to queue
[2022-04-04 21:54:21,437] {logging_mixin.py:109} INFO - [2022-04-04 21:54:21,437] {dagbag.py:500} INFO - Filling up the DagBag from /home/airflow/.local/lib/python3.7/site-packages/airflow/example_dags/example_latest_only_with_trigger.py
[2022-04-04 21:54:21,465] {processor.py:652} INFO - DAG(s) dict_keys(['latest_only_with_trigger']) retrieved from /home/airflow/.local/lib/python3.7/site-packages/airflow/example_dags/example_latest_only_with_trigger.py
[2022-04-04 21:54:21,491] {logging_mixin.py:109} INFO - [2022-04-04 21:54:21,491] {dag.py:2398} INFO - Sync 1 DAGs
[2022-04-04 21:54:21,513] {logging_mixin.py:109} INFO - [2022-04-04 21:54:21,513] {dag.py:2937} INFO - Setting next_dagrun for latest_only_with_trigger to 2022-04-04T17:54:21.513398+00:00
[2022-04-04 21:54:21,527] {processor.py:171} INFO - Processing /home/airflow/.local/lib/python3.7/site-packages/airflow/example_dags/example_latest_only_with_trigger.py took 0.096 seconds
[2022-04-04 21:54:51,600] {processor.py:163} INFO - Started process (PID=1097) to work on /home/airflow/.local/lib/python3.7/site-packages/airflow/example_dags/example_latest_only_with_trigger.py
[2022-04-04 21:54:51,603] {processor.py:642} INFO - Processing file /home/airflow/.local/lib/python3.7/site-packages/airflow/example_dags/example_latest_only_with_trigger.py for tasks to queue
[2022-04-04 21:54:51,604] {logging_mixin.py:109} INFO - [2022-04-04 21:54:51,604] {dagbag.py:500} INFO - Filling up the DagBag from /home/airflow/.local/lib/python3.7/site-packages/airflow/example_dags/example_latest_only_with_trigger.py
[2022-04-04 21:54:51,626] {processor.py:652} INFO - DAG(s) dict_keys(['latest_only_with_trigger']) retrieved from /home/airflow/.local/lib/python3.7/site-packages/airflow/example_dags/example_latest_only_with_trigger.py
[2022-04-04 21:54:51,709] {logging_mixin.py:109} INFO - [2022-04-04 21:54:51,709] {dag.py:2398} INFO - Sync 1 DAGs
[2022-04-04 21:54:51,737] {logging_mixin.py:109} INFO - [2022-04-04 21:54:51,736] {dag.py:2937} INFO - Setting next_dagrun for latest_only_with_trigger to 2022-04-04T17:54:51.736202+00:00
[2022-04-04 21:54:51,758] {processor.py:171} INFO - Processing /home/airflow/.local/lib/python3.7/site-packages/airflow/example_dags/example_latest_only_with_trigger.py took 0.164 seconds
[2022-04-04 21:55:21,946] {processor.py:163} INFO - Started process (PID=1148) to work on /home/airflow/.local/lib/python3.7/site-packages/airflow/example_dags/example_latest_only_with_trigger.py
[2022-04-04 21:55:21,947] {processor.py:642} INFO - Processing file /home/airflow/.local/lib/python3.7/site-packages/airflow/example_dags/example_latest_only_with_trigger.py for tasks to queue
[2022-04-04 21:55:21,948] {logging_mixin.py:109} INFO - [2022-04-04 21:55:21,948] {dagbag.py:500} INFO - Filling up the DagBag from /home/airflow/.local/lib/python3.7/site-packages/airflow/example_dags/example_latest_only_with_trigger.py
[2022-04-04 21:55:21,964] {processor.py:652} INFO - DAG(s) dict_keys(['latest_only_with_trigger']) retrieved from /home/airflow/.local/lib/python3.7/site-packages/airflow/example_dags/example_latest_only_with_trigger.py
[2022-04-04 21:55:21,989] {logging_mixin.py:109} INFO - [2022-04-04 21:55:21,989] {dag.py:2398} INFO - Sync 1 DAGs
[2022-04-04 21:55:22,009] {logging_mixin.py:109} INFO - [2022-04-04 21:55:22,009] {dag.py:2937} INFO - Setting next_dagrun for latest_only_with_trigger to 2022-04-04T17:55:22.009299+00:00
[2022-04-04 21:55:22,023] {processor.py:171} INFO - Processing /home/airflow/.local/lib/python3.7/site-packages/airflow/example_dags/example_latest_only_with_trigger.py took 0.081 seconds
[2022-04-04 21:55:52,190] {processor.py:163} INFO - Started process (PID=1210) to work on /home/airflow/.local/lib/python3.7/site-packages/airflow/example_dags/example_latest_only_with_trigger.py
[2022-04-04 21:55:52,191] {processor.py:642} INFO - Processing file /home/airflow/.local/lib/python3.7/site-packages/airflow/example_dags/example_latest_only_with_trigger.py for tasks to queue
[2022-04-04 21:55:52,192] {logging_mixin.py:109} INFO - [2022-04-04 21:55:52,192] {dagbag.py:500} INFO - Filling up the DagBag from /home/airflow/.local/lib/python3.7/site-packages/airflow/example_dags/example_latest_only_with_trigger.py
[2022-04-04 21:55:52,209] {processor.py:652} INFO - DAG(s) dict_keys(['latest_only_with_trigger']) retrieved from /home/airflow/.local/lib/python3.7/site-packages/airflow/example_dags/example_latest_only_with_trigger.py
[2022-04-04 21:55:52,237] {logging_mixin.py:109} INFO - [2022-04-04 21:55:52,236] {dag.py:2398} INFO - Sync 1 DAGs
[2022-04-04 21:55:52,260] {logging_mixin.py:109} INFO - [2022-04-04 21:55:52,259] {dag.py:2937} INFO - Setting next_dagrun for latest_only_with_trigger to 2022-04-04T17:55:52.259474+00:00
[2022-04-04 21:55:52,274] {processor.py:171} INFO - Processing /home/airflow/.local/lib/python3.7/site-packages/airflow/example_dags/example_latest_only_with_trigger.py took 0.089 seconds
[2022-04-04 21:56:22,318] {processor.py:163} INFO - Started process (PID=1261) to work on /home/airflow/.local/lib/python3.7/site-packages/airflow/example_dags/example_latest_only_with_trigger.py
[2022-04-04 21:56:22,322] {processor.py:642} INFO - Processing file /home/airflow/.local/lib/python3.7/site-packages/airflow/example_dags/example_latest_only_with_trigger.py for tasks to queue
[2022-04-04 21:56:22,323] {logging_mixin.py:109} INFO - [2022-04-04 21:56:22,323] {dagbag.py:500} INFO - Filling up the DagBag from /home/airflow/.local/lib/python3.7/site-packages/airflow/example_dags/example_latest_only_with_trigger.py
[2022-04-04 21:56:22,340] {processor.py:652} INFO - DAG(s) dict_keys(['latest_only_with_trigger']) retrieved from /home/airflow/.local/lib/python3.7/site-packages/airflow/example_dags/example_latest_only_with_trigger.py
[2022-04-04 21:56:22,365] {logging_mixin.py:109} INFO - [2022-04-04 21:56:22,365] {dag.py:2398} INFO - Sync 1 DAGs
[2022-04-04 21:56:22,385] {logging_mixin.py:109} INFO - [2022-04-04 21:56:22,385] {dag.py:2937} INFO - Setting next_dagrun for latest_only_with_trigger to 2022-04-04T17:56:22.385050+00:00
[2022-04-04 21:56:22,397] {processor.py:171} INFO - Processing /home/airflow/.local/lib/python3.7/site-packages/airflow/example_dags/example_latest_only_with_trigger.py took 0.082 seconds
[2022-04-04 21:56:52,630] {processor.py:163} INFO - Started process (PID=1313) to work on /home/airflow/.local/lib/python3.7/site-packages/airflow/example_dags/example_latest_only_with_trigger.py
[2022-04-04 21:56:52,632] {processor.py:642} INFO - Processing file /home/airflow/.local/lib/python3.7/site-packages/airflow/example_dags/example_latest_only_with_trigger.py for tasks to queue
[2022-04-04 21:56:52,632] {logging_mixin.py:109} INFO - [2022-04-04 21:56:52,632] {dagbag.py:500} INFO - Filling up the DagBag from /home/airflow/.local/lib/python3.7/site-packages/airflow/example_dags/example_latest_only_with_trigger.py
[2022-04-04 21:56:52,649] {processor.py:652} INFO - DAG(s) dict_keys(['latest_only_with_trigger']) retrieved from /home/airflow/.local/lib/python3.7/site-packages/airflow/example_dags/example_latest_only_with_trigger.py
[2022-04-04 21:56:52,676] {logging_mixin.py:109} INFO - [2022-04-04 21:56:52,676] {dag.py:2398} INFO - Sync 1 DAGs
[2022-04-04 21:56:52,697] {logging_mixin.py:109} INFO - [2022-04-04 21:56:52,697] {dag.py:2937} INFO - Setting next_dagrun for latest_only_with_trigger to 2022-04-04T17:56:52.697383+00:00
[2022-04-04 21:56:52,709] {processor.py:171} INFO - Processing /home/airflow/.local/lib/python3.7/site-packages/airflow/example_dags/example_latest_only_with_trigger.py took 0.082 seconds
[2022-04-04 21:57:22,771] {processor.py:163} INFO - Started process (PID=1372) to work on /home/airflow/.local/lib/python3.7/site-packages/airflow/example_dags/example_latest_only_with_trigger.py
[2022-04-04 21:57:22,773] {processor.py:642} INFO - Processing file /home/airflow/.local/lib/python3.7/site-packages/airflow/example_dags/example_latest_only_with_trigger.py for tasks to queue
[2022-04-04 21:57:22,775] {logging_mixin.py:109} INFO - [2022-04-04 21:57:22,775] {dagbag.py:500} INFO - Filling up the DagBag from /home/airflow/.local/lib/python3.7/site-packages/airflow/example_dags/example_latest_only_with_trigger.py
[2022-04-04 21:57:22,799] {processor.py:652} INFO - DAG(s) dict_keys(['latest_only_with_trigger']) retrieved from /home/airflow/.local/lib/python3.7/site-packages/airflow/example_dags/example_latest_only_with_trigger.py
[2022-04-04 21:57:22,828] {logging_mixin.py:109} INFO - [2022-04-04 21:57:22,828] {dag.py:2398} INFO - Sync 1 DAGs
[2022-04-04 21:57:22,854] {logging_mixin.py:109} INFO - [2022-04-04 21:57:22,853] {dag.py:2937} INFO - Setting next_dagrun for latest_only_with_trigger to 2022-04-04T17:57:22.853593+00:00
[2022-04-04 21:57:22,870] {processor.py:171} INFO - Processing /home/airflow/.local/lib/python3.7/site-packages/airflow/example_dags/example_latest_only_with_trigger.py took 0.104 seconds
[2022-04-04 21:57:53,218] {processor.py:163} INFO - Started process (PID=1427) to work on /home/airflow/.local/lib/python3.7/site-packages/airflow/example_dags/example_latest_only_with_trigger.py
[2022-04-04 21:57:53,220] {processor.py:642} INFO - Processing file /home/airflow/.local/lib/python3.7/site-packages/airflow/example_dags/example_latest_only_with_trigger.py for tasks to queue
[2022-04-04 21:57:53,221] {logging_mixin.py:109} INFO - [2022-04-04 21:57:53,221] {dagbag.py:500} INFO - Filling up the DagBag from /home/airflow/.local/lib/python3.7/site-packages/airflow/example_dags/example_latest_only_with_trigger.py
[2022-04-04 21:57:53,244] {processor.py:652} INFO - DAG(s) dict_keys(['latest_only_with_trigger']) retrieved from /home/airflow/.local/lib/python3.7/site-packages/airflow/example_dags/example_latest_only_with_trigger.py
[2022-04-04 21:57:53,275] {logging_mixin.py:109} INFO - [2022-04-04 21:57:53,275] {dag.py:2398} INFO - Sync 1 DAGs
[2022-04-04 21:57:53,300] {logging_mixin.py:109} INFO - [2022-04-04 21:57:53,300] {dag.py:2937} INFO - Setting next_dagrun for latest_only_with_trigger to 2022-04-04T17:57:53.300064+00:00
[2022-04-04 21:57:53,315] {processor.py:171} INFO - Processing /home/airflow/.local/lib/python3.7/site-packages/airflow/example_dags/example_latest_only_with_trigger.py took 0.101 seconds
[2022-04-04 21:58:23,496] {processor.py:163} INFO - Started process (PID=1479) to work on /home/airflow/.local/lib/python3.7/site-packages/airflow/example_dags/example_latest_only_with_trigger.py
[2022-04-04 21:58:23,498] {processor.py:642} INFO - Processing file /home/airflow/.local/lib/python3.7/site-packages/airflow/example_dags/example_latest_only_with_trigger.py for tasks to queue
[2022-04-04 21:58:23,499] {logging_mixin.py:109} INFO - [2022-04-04 21:58:23,499] {dagbag.py:500} INFO - Filling up the DagBag from /home/airflow/.local/lib/python3.7/site-packages/airflow/example_dags/example_latest_only_with_trigger.py
[2022-04-04 21:58:23,518] {processor.py:652} INFO - DAG(s) dict_keys(['latest_only_with_trigger']) retrieved from /home/airflow/.local/lib/python3.7/site-packages/airflow/example_dags/example_latest_only_with_trigger.py
[2022-04-04 21:58:23,545] {logging_mixin.py:109} INFO - [2022-04-04 21:58:23,545] {dag.py:2398} INFO - Sync 1 DAGs
[2022-04-04 21:58:23,570] {logging_mixin.py:109} INFO - [2022-04-04 21:58:23,570] {dag.py:2937} INFO - Setting next_dagrun for latest_only_with_trigger to 2022-04-04T17:58:23.570467+00:00
[2022-04-04 21:58:23,588] {processor.py:171} INFO - Processing /home/airflow/.local/lib/python3.7/site-packages/airflow/example_dags/example_latest_only_with_trigger.py took 0.095 seconds
