[2022-04-04 21:47:45,234] {processor.py:163} INFO - Started process (PID=310) to work on /home/airflow/.local/lib/python3.7/site-packages/airflow/example_dags/example_trigger_target_dag.py
[2022-04-04 21:47:45,235] {processor.py:642} INFO - Processing file /home/airflow/.local/lib/python3.7/site-packages/airflow/example_dags/example_trigger_target_dag.py for tasks to queue
[2022-04-04 21:47:45,236] {logging_mixin.py:109} INFO - [2022-04-04 21:47:45,236] {dagbag.py:500} INFO - Filling up the DagBag from /home/airflow/.local/lib/python3.7/site-packages/airflow/example_dags/example_trigger_target_dag.py
[2022-04-04 21:47:45,269] {processor.py:652} INFO - DAG(s) dict_keys(['example_trigger_target_dag']) retrieved from /home/airflow/.local/lib/python3.7/site-packages/airflow/example_dags/example_trigger_target_dag.py
[2022-04-04 21:47:48,671] {logging_mixin.py:109} INFO - [2022-04-04 21:47:48,671] {manager.py:496} INFO - Created Permission View: can edit on DAG:example_trigger_target_dag
[2022-04-04 21:47:48,687] {logging_mixin.py:109} INFO - [2022-04-04 21:47:48,686] {manager.py:496} INFO - Created Permission View: can read on DAG:example_trigger_target_dag
[2022-04-04 21:47:48,687] {logging_mixin.py:109} INFO - [2022-04-04 21:47:48,687] {dag.py:2398} INFO - Sync 1 DAGs
[2022-04-04 21:47:48,702] {logging_mixin.py:109} INFO - [2022-04-04 21:47:48,701] {dag.py:2417} INFO - Creating ORM DAG for example_trigger_target_dag
[2022-04-04 21:47:48,718] {logging_mixin.py:109} INFO - [2022-04-04 21:47:48,718] {dag.py:2937} INFO - Setting next_dagrun for example_trigger_target_dag to None
[2022-04-04 21:47:48,740] {processor.py:171} INFO - Processing /home/airflow/.local/lib/python3.7/site-packages/airflow/example_dags/example_trigger_target_dag.py took 3.512 seconds
[2022-04-04 21:48:18,810] {processor.py:163} INFO - Started process (PID=395) to work on /home/airflow/.local/lib/python3.7/site-packages/airflow/example_dags/example_trigger_target_dag.py
[2022-04-04 21:48:18,814] {processor.py:642} INFO - Processing file /home/airflow/.local/lib/python3.7/site-packages/airflow/example_dags/example_trigger_target_dag.py for tasks to queue
[2022-04-04 21:48:18,814] {logging_mixin.py:109} INFO - [2022-04-04 21:48:18,814] {dagbag.py:500} INFO - Filling up the DagBag from /home/airflow/.local/lib/python3.7/site-packages/airflow/example_dags/example_trigger_target_dag.py
[2022-04-04 21:48:18,835] {processor.py:652} INFO - DAG(s) dict_keys(['example_trigger_target_dag']) retrieved from /home/airflow/.local/lib/python3.7/site-packages/airflow/example_dags/example_trigger_target_dag.py
[2022-04-04 21:48:18,858] {logging_mixin.py:109} INFO - [2022-04-04 21:48:18,858] {dag.py:2398} INFO - Sync 1 DAGs
[2022-04-04 21:48:18,878] {logging_mixin.py:109} INFO - [2022-04-04 21:48:18,878] {dag.py:2937} INFO - Setting next_dagrun for example_trigger_target_dag to None
[2022-04-04 21:48:18,890] {processor.py:171} INFO - Processing /home/airflow/.local/lib/python3.7/site-packages/airflow/example_dags/example_trigger_target_dag.py took 0.084 seconds
[2022-04-04 21:48:49,177] {processor.py:163} INFO - Started process (PID=456) to work on /home/airflow/.local/lib/python3.7/site-packages/airflow/example_dags/example_trigger_target_dag.py
[2022-04-04 21:48:49,179] {processor.py:642} INFO - Processing file /home/airflow/.local/lib/python3.7/site-packages/airflow/example_dags/example_trigger_target_dag.py for tasks to queue
[2022-04-04 21:48:49,180] {logging_mixin.py:109} INFO - [2022-04-04 21:48:49,179] {dagbag.py:500} INFO - Filling up the DagBag from /home/airflow/.local/lib/python3.7/site-packages/airflow/example_dags/example_trigger_target_dag.py
[2022-04-04 21:48:49,209] {processor.py:652} INFO - DAG(s) dict_keys(['example_trigger_target_dag']) retrieved from /home/airflow/.local/lib/python3.7/site-packages/airflow/example_dags/example_trigger_target_dag.py
[2022-04-04 21:48:49,234] {logging_mixin.py:109} INFO - [2022-04-04 21:48:49,234] {dag.py:2398} INFO - Sync 1 DAGs
[2022-04-04 21:48:49,257] {logging_mixin.py:109} INFO - [2022-04-04 21:48:49,257] {dag.py:2937} INFO - Setting next_dagrun for example_trigger_target_dag to None
[2022-04-04 21:48:49,271] {processor.py:171} INFO - Processing /home/airflow/.local/lib/python3.7/site-packages/airflow/example_dags/example_trigger_target_dag.py took 0.100 seconds
[2022-04-04 21:49:19,674] {processor.py:163} INFO - Started process (PID=507) to work on /home/airflow/.local/lib/python3.7/site-packages/airflow/example_dags/example_trigger_target_dag.py
[2022-04-04 21:49:19,677] {processor.py:642} INFO - Processing file /home/airflow/.local/lib/python3.7/site-packages/airflow/example_dags/example_trigger_target_dag.py for tasks to queue
[2022-04-04 21:49:19,678] {logging_mixin.py:109} INFO - [2022-04-04 21:49:19,678] {dagbag.py:500} INFO - Filling up the DagBag from /home/airflow/.local/lib/python3.7/site-packages/airflow/example_dags/example_trigger_target_dag.py
[2022-04-04 21:49:19,700] {processor.py:652} INFO - DAG(s) dict_keys(['example_trigger_target_dag']) retrieved from /home/airflow/.local/lib/python3.7/site-packages/airflow/example_dags/example_trigger_target_dag.py
[2022-04-04 21:49:19,725] {logging_mixin.py:109} INFO - [2022-04-04 21:49:19,725] {dag.py:2398} INFO - Sync 1 DAGs
[2022-04-04 21:49:19,745] {logging_mixin.py:109} INFO - [2022-04-04 21:49:19,744] {dag.py:2937} INFO - Setting next_dagrun for example_trigger_target_dag to None
[2022-04-04 21:49:19,760] {processor.py:171} INFO - Processing /home/airflow/.local/lib/python3.7/site-packages/airflow/example_dags/example_trigger_target_dag.py took 0.090 seconds
[2022-04-04 21:49:50,344] {processor.py:163} INFO - Started process (PID=558) to work on /home/airflow/.local/lib/python3.7/site-packages/airflow/example_dags/example_trigger_target_dag.py
[2022-04-04 21:49:50,345] {processor.py:642} INFO - Processing file /home/airflow/.local/lib/python3.7/site-packages/airflow/example_dags/example_trigger_target_dag.py for tasks to queue
[2022-04-04 21:49:50,345] {logging_mixin.py:109} INFO - [2022-04-04 21:49:50,345] {dagbag.py:500} INFO - Filling up the DagBag from /home/airflow/.local/lib/python3.7/site-packages/airflow/example_dags/example_trigger_target_dag.py
[2022-04-04 21:49:50,367] {processor.py:652} INFO - DAG(s) dict_keys(['example_trigger_target_dag']) retrieved from /home/airflow/.local/lib/python3.7/site-packages/airflow/example_dags/example_trigger_target_dag.py
[2022-04-04 21:49:50,394] {logging_mixin.py:109} INFO - [2022-04-04 21:49:50,394] {dag.py:2398} INFO - Sync 1 DAGs
[2022-04-04 21:49:50,415] {logging_mixin.py:109} INFO - [2022-04-04 21:49:50,414] {dag.py:2937} INFO - Setting next_dagrun for example_trigger_target_dag to None
[2022-04-04 21:49:50,428] {processor.py:171} INFO - Processing /home/airflow/.local/lib/python3.7/site-packages/airflow/example_dags/example_trigger_target_dag.py took 0.088 seconds
[2022-04-04 21:50:20,742] {processor.py:163} INFO - Started process (PID=610) to work on /home/airflow/.local/lib/python3.7/site-packages/airflow/example_dags/example_trigger_target_dag.py
[2022-04-04 21:50:20,744] {processor.py:642} INFO - Processing file /home/airflow/.local/lib/python3.7/site-packages/airflow/example_dags/example_trigger_target_dag.py for tasks to queue
[2022-04-04 21:50:20,746] {logging_mixin.py:109} INFO - [2022-04-04 21:50:20,745] {dagbag.py:500} INFO - Filling up the DagBag from /home/airflow/.local/lib/python3.7/site-packages/airflow/example_dags/example_trigger_target_dag.py
[2022-04-04 21:50:20,781] {processor.py:652} INFO - DAG(s) dict_keys(['example_trigger_target_dag']) retrieved from /home/airflow/.local/lib/python3.7/site-packages/airflow/example_dags/example_trigger_target_dag.py
[2022-04-04 21:50:20,831] {logging_mixin.py:109} INFO - [2022-04-04 21:50:20,830] {dag.py:2398} INFO - Sync 1 DAGs
[2022-04-04 21:50:20,870] {logging_mixin.py:109} INFO - [2022-04-04 21:50:20,870] {dag.py:2937} INFO - Setting next_dagrun for example_trigger_target_dag to None
[2022-04-04 21:50:20,891] {processor.py:171} INFO - Processing /home/airflow/.local/lib/python3.7/site-packages/airflow/example_dags/example_trigger_target_dag.py took 0.154 seconds
[2022-04-04 21:50:51,079] {processor.py:163} INFO - Started process (PID=671) to work on /home/airflow/.local/lib/python3.7/site-packages/airflow/example_dags/example_trigger_target_dag.py
[2022-04-04 21:50:51,082] {processor.py:642} INFO - Processing file /home/airflow/.local/lib/python3.7/site-packages/airflow/example_dags/example_trigger_target_dag.py for tasks to queue
[2022-04-04 21:50:51,083] {logging_mixin.py:109} INFO - [2022-04-04 21:50:51,083] {dagbag.py:500} INFO - Filling up the DagBag from /home/airflow/.local/lib/python3.7/site-packages/airflow/example_dags/example_trigger_target_dag.py
[2022-04-04 21:50:51,106] {processor.py:652} INFO - DAG(s) dict_keys(['example_trigger_target_dag']) retrieved from /home/airflow/.local/lib/python3.7/site-packages/airflow/example_dags/example_trigger_target_dag.py
[2022-04-04 21:50:51,132] {logging_mixin.py:109} INFO - [2022-04-04 21:50:51,132] {dag.py:2398} INFO - Sync 1 DAGs
[2022-04-04 21:50:51,155] {logging_mixin.py:109} INFO - [2022-04-04 21:50:51,155] {dag.py:2937} INFO - Setting next_dagrun for example_trigger_target_dag to None
[2022-04-04 21:50:51,170] {processor.py:171} INFO - Processing /home/airflow/.local/lib/python3.7/site-packages/airflow/example_dags/example_trigger_target_dag.py took 0.096 seconds
[2022-04-04 21:51:21,434] {processor.py:163} INFO - Started process (PID=722) to work on /home/airflow/.local/lib/python3.7/site-packages/airflow/example_dags/example_trigger_target_dag.py
[2022-04-04 21:51:21,435] {processor.py:642} INFO - Processing file /home/airflow/.local/lib/python3.7/site-packages/airflow/example_dags/example_trigger_target_dag.py for tasks to queue
[2022-04-04 21:51:21,436] {logging_mixin.py:109} INFO - [2022-04-04 21:51:21,436] {dagbag.py:500} INFO - Filling up the DagBag from /home/airflow/.local/lib/python3.7/site-packages/airflow/example_dags/example_trigger_target_dag.py
[2022-04-04 21:51:21,457] {processor.py:652} INFO - DAG(s) dict_keys(['example_trigger_target_dag']) retrieved from /home/airflow/.local/lib/python3.7/site-packages/airflow/example_dags/example_trigger_target_dag.py
[2022-04-04 21:51:21,482] {logging_mixin.py:109} INFO - [2022-04-04 21:51:21,482] {dag.py:2398} INFO - Sync 1 DAGs
[2022-04-04 21:51:21,502] {logging_mixin.py:109} INFO - [2022-04-04 21:51:21,502] {dag.py:2937} INFO - Setting next_dagrun for example_trigger_target_dag to None
[2022-04-04 21:51:21,514] {processor.py:171} INFO - Processing /home/airflow/.local/lib/python3.7/site-packages/airflow/example_dags/example_trigger_target_dag.py took 0.084 seconds
[2022-04-04 21:51:51,950] {processor.py:163} INFO - Started process (PID=773) to work on /home/airflow/.local/lib/python3.7/site-packages/airflow/example_dags/example_trigger_target_dag.py
[2022-04-04 21:51:51,953] {processor.py:642} INFO - Processing file /home/airflow/.local/lib/python3.7/site-packages/airflow/example_dags/example_trigger_target_dag.py for tasks to queue
[2022-04-04 21:51:51,954] {logging_mixin.py:109} INFO - [2022-04-04 21:51:51,954] {dagbag.py:500} INFO - Filling up the DagBag from /home/airflow/.local/lib/python3.7/site-packages/airflow/example_dags/example_trigger_target_dag.py
[2022-04-04 21:51:51,979] {processor.py:652} INFO - DAG(s) dict_keys(['example_trigger_target_dag']) retrieved from /home/airflow/.local/lib/python3.7/site-packages/airflow/example_dags/example_trigger_target_dag.py
[2022-04-04 21:51:52,008] {logging_mixin.py:109} INFO - [2022-04-04 21:51:52,007] {dag.py:2398} INFO - Sync 1 DAGs
[2022-04-04 21:51:52,031] {logging_mixin.py:109} INFO - [2022-04-04 21:51:52,031] {dag.py:2937} INFO - Setting next_dagrun for example_trigger_target_dag to None
[2022-04-04 21:51:52,048] {processor.py:171} INFO - Processing /home/airflow/.local/lib/python3.7/site-packages/airflow/example_dags/example_trigger_target_dag.py took 0.101 seconds
[2022-04-04 21:52:22,475] {processor.py:163} INFO - Started process (PID=834) to work on /home/airflow/.local/lib/python3.7/site-packages/airflow/example_dags/example_trigger_target_dag.py
[2022-04-04 21:52:22,477] {processor.py:642} INFO - Processing file /home/airflow/.local/lib/python3.7/site-packages/airflow/example_dags/example_trigger_target_dag.py for tasks to queue
[2022-04-04 21:52:22,478] {logging_mixin.py:109} INFO - [2022-04-04 21:52:22,478] {dagbag.py:500} INFO - Filling up the DagBag from /home/airflow/.local/lib/python3.7/site-packages/airflow/example_dags/example_trigger_target_dag.py
[2022-04-04 21:52:22,523] {processor.py:652} INFO - DAG(s) dict_keys(['example_trigger_target_dag']) retrieved from /home/airflow/.local/lib/python3.7/site-packages/airflow/example_dags/example_trigger_target_dag.py
[2022-04-04 21:52:22,557] {logging_mixin.py:109} INFO - [2022-04-04 21:52:22,557] {dag.py:2398} INFO - Sync 1 DAGs
[2022-04-04 21:52:22,591] {logging_mixin.py:109} INFO - [2022-04-04 21:52:22,591] {dag.py:2937} INFO - Setting next_dagrun for example_trigger_target_dag to None
[2022-04-04 21:52:22,610] {processor.py:171} INFO - Processing /home/airflow/.local/lib/python3.7/site-packages/airflow/example_dags/example_trigger_target_dag.py took 0.141 seconds
[2022-04-04 21:52:52,822] {processor.py:163} INFO - Started process (PID=884) to work on /home/airflow/.local/lib/python3.7/site-packages/airflow/example_dags/example_trigger_target_dag.py
[2022-04-04 21:52:52,824] {processor.py:642} INFO - Processing file /home/airflow/.local/lib/python3.7/site-packages/airflow/example_dags/example_trigger_target_dag.py for tasks to queue
[2022-04-04 21:52:52,825] {logging_mixin.py:109} INFO - [2022-04-04 21:52:52,825] {dagbag.py:500} INFO - Filling up the DagBag from /home/airflow/.local/lib/python3.7/site-packages/airflow/example_dags/example_trigger_target_dag.py
[2022-04-04 21:52:52,850] {processor.py:652} INFO - DAG(s) dict_keys(['example_trigger_target_dag']) retrieved from /home/airflow/.local/lib/python3.7/site-packages/airflow/example_dags/example_trigger_target_dag.py
[2022-04-04 21:52:52,875] {logging_mixin.py:109} INFO - [2022-04-04 21:52:52,875] {dag.py:2398} INFO - Sync 1 DAGs
[2022-04-04 21:52:52,895] {logging_mixin.py:109} INFO - [2022-04-04 21:52:52,895] {dag.py:2937} INFO - Setting next_dagrun for example_trigger_target_dag to None
[2022-04-04 21:52:52,909] {processor.py:171} INFO - Processing /home/airflow/.local/lib/python3.7/site-packages/airflow/example_dags/example_trigger_target_dag.py took 0.092 seconds
[2022-04-04 21:53:23,169] {processor.py:163} INFO - Started process (PID=936) to work on /home/airflow/.local/lib/python3.7/site-packages/airflow/example_dags/example_trigger_target_dag.py
[2022-04-04 21:53:23,171] {processor.py:642} INFO - Processing file /home/airflow/.local/lib/python3.7/site-packages/airflow/example_dags/example_trigger_target_dag.py for tasks to queue
[2022-04-04 21:53:23,172] {logging_mixin.py:109} INFO - [2022-04-04 21:53:23,172] {dagbag.py:500} INFO - Filling up the DagBag from /home/airflow/.local/lib/python3.7/site-packages/airflow/example_dags/example_trigger_target_dag.py
[2022-04-04 21:53:23,193] {processor.py:652} INFO - DAG(s) dict_keys(['example_trigger_target_dag']) retrieved from /home/airflow/.local/lib/python3.7/site-packages/airflow/example_dags/example_trigger_target_dag.py
[2022-04-04 21:53:23,217] {logging_mixin.py:109} INFO - [2022-04-04 21:53:23,217] {dag.py:2398} INFO - Sync 1 DAGs
[2022-04-04 21:53:23,245] {logging_mixin.py:109} INFO - [2022-04-04 21:53:23,245] {dag.py:2937} INFO - Setting next_dagrun for example_trigger_target_dag to None
[2022-04-04 21:53:23,261] {processor.py:171} INFO - Processing /home/airflow/.local/lib/python3.7/site-packages/airflow/example_dags/example_trigger_target_dag.py took 0.095 seconds
[2022-04-04 21:53:54,111] {processor.py:163} INFO - Started process (PID=998) to work on /home/airflow/.local/lib/python3.7/site-packages/airflow/example_dags/example_trigger_target_dag.py
[2022-04-04 21:53:54,113] {processor.py:642} INFO - Processing file /home/airflow/.local/lib/python3.7/site-packages/airflow/example_dags/example_trigger_target_dag.py for tasks to queue
[2022-04-04 21:53:54,114] {logging_mixin.py:109} INFO - [2022-04-04 21:53:54,114] {dagbag.py:500} INFO - Filling up the DagBag from /home/airflow/.local/lib/python3.7/site-packages/airflow/example_dags/example_trigger_target_dag.py
[2022-04-04 21:53:54,149] {processor.py:652} INFO - DAG(s) dict_keys(['example_trigger_target_dag']) retrieved from /home/airflow/.local/lib/python3.7/site-packages/airflow/example_dags/example_trigger_target_dag.py
[2022-04-04 21:53:54,187] {logging_mixin.py:109} INFO - [2022-04-04 21:53:54,187] {dag.py:2398} INFO - Sync 1 DAGs
[2022-04-04 21:53:54,227] {logging_mixin.py:109} INFO - [2022-04-04 21:53:54,227] {dag.py:2937} INFO - Setting next_dagrun for example_trigger_target_dag to None
[2022-04-04 21:53:54,250] {processor.py:171} INFO - Processing /home/airflow/.local/lib/python3.7/site-packages/airflow/example_dags/example_trigger_target_dag.py took 0.144 seconds
[2022-04-04 21:54:24,565] {processor.py:163} INFO - Started process (PID=1048) to work on /home/airflow/.local/lib/python3.7/site-packages/airflow/example_dags/example_trigger_target_dag.py
[2022-04-04 21:54:24,567] {processor.py:642} INFO - Processing file /home/airflow/.local/lib/python3.7/site-packages/airflow/example_dags/example_trigger_target_dag.py for tasks to queue
[2022-04-04 21:54:24,567] {logging_mixin.py:109} INFO - [2022-04-04 21:54:24,567] {dagbag.py:500} INFO - Filling up the DagBag from /home/airflow/.local/lib/python3.7/site-packages/airflow/example_dags/example_trigger_target_dag.py
[2022-04-04 21:54:24,588] {processor.py:652} INFO - DAG(s) dict_keys(['example_trigger_target_dag']) retrieved from /home/airflow/.local/lib/python3.7/site-packages/airflow/example_dags/example_trigger_target_dag.py
[2022-04-04 21:54:24,618] {logging_mixin.py:109} INFO - [2022-04-04 21:54:24,618] {dag.py:2398} INFO - Sync 1 DAGs
[2022-04-04 21:54:24,638] {logging_mixin.py:109} INFO - [2022-04-04 21:54:24,638] {dag.py:2937} INFO - Setting next_dagrun for example_trigger_target_dag to None
[2022-04-04 21:54:24,657] {processor.py:171} INFO - Processing /home/airflow/.local/lib/python3.7/site-packages/airflow/example_dags/example_trigger_target_dag.py took 0.096 seconds
[2022-04-04 21:54:54,693] {processor.py:163} INFO - Started process (PID=1098) to work on /home/airflow/.local/lib/python3.7/site-packages/airflow/example_dags/example_trigger_target_dag.py
[2022-04-04 21:54:54,697] {processor.py:642} INFO - Processing file /home/airflow/.local/lib/python3.7/site-packages/airflow/example_dags/example_trigger_target_dag.py for tasks to queue
[2022-04-04 21:54:54,698] {logging_mixin.py:109} INFO - [2022-04-04 21:54:54,698] {dagbag.py:500} INFO - Filling up the DagBag from /home/airflow/.local/lib/python3.7/site-packages/airflow/example_dags/example_trigger_target_dag.py
[2022-04-04 21:54:54,719] {processor.py:652} INFO - DAG(s) dict_keys(['example_trigger_target_dag']) retrieved from /home/airflow/.local/lib/python3.7/site-packages/airflow/example_dags/example_trigger_target_dag.py
[2022-04-04 21:54:54,743] {logging_mixin.py:109} INFO - [2022-04-04 21:54:54,743] {dag.py:2398} INFO - Sync 1 DAGs
[2022-04-04 21:54:54,763] {logging_mixin.py:109} INFO - [2022-04-04 21:54:54,763] {dag.py:2937} INFO - Setting next_dagrun for example_trigger_target_dag to None
[2022-04-04 21:54:54,777] {processor.py:171} INFO - Processing /home/airflow/.local/lib/python3.7/site-packages/airflow/example_dags/example_trigger_target_dag.py took 0.088 seconds
[2022-04-04 21:55:25,050] {processor.py:163} INFO - Started process (PID=1159) to work on /home/airflow/.local/lib/python3.7/site-packages/airflow/example_dags/example_trigger_target_dag.py
[2022-04-04 21:55:25,053] {processor.py:642} INFO - Processing file /home/airflow/.local/lib/python3.7/site-packages/airflow/example_dags/example_trigger_target_dag.py for tasks to queue
[2022-04-04 21:55:25,054] {logging_mixin.py:109} INFO - [2022-04-04 21:55:25,054] {dagbag.py:500} INFO - Filling up the DagBag from /home/airflow/.local/lib/python3.7/site-packages/airflow/example_dags/example_trigger_target_dag.py
[2022-04-04 21:55:25,078] {processor.py:652} INFO - DAG(s) dict_keys(['example_trigger_target_dag']) retrieved from /home/airflow/.local/lib/python3.7/site-packages/airflow/example_dags/example_trigger_target_dag.py
[2022-04-04 21:55:25,105] {logging_mixin.py:109} INFO - [2022-04-04 21:55:25,105] {dag.py:2398} INFO - Sync 1 DAGs
[2022-04-04 21:55:25,128] {logging_mixin.py:109} INFO - [2022-04-04 21:55:25,127] {dag.py:2937} INFO - Setting next_dagrun for example_trigger_target_dag to None
[2022-04-04 21:55:25,144] {processor.py:171} INFO - Processing /home/airflow/.local/lib/python3.7/site-packages/airflow/example_dags/example_trigger_target_dag.py took 0.098 seconds
[2022-04-04 21:55:55,245] {processor.py:163} INFO - Started process (PID=1211) to work on /home/airflow/.local/lib/python3.7/site-packages/airflow/example_dags/example_trigger_target_dag.py
[2022-04-04 21:55:55,246] {processor.py:642} INFO - Processing file /home/airflow/.local/lib/python3.7/site-packages/airflow/example_dags/example_trigger_target_dag.py for tasks to queue
[2022-04-04 21:55:55,247] {logging_mixin.py:109} INFO - [2022-04-04 21:55:55,247] {dagbag.py:500} INFO - Filling up the DagBag from /home/airflow/.local/lib/python3.7/site-packages/airflow/example_dags/example_trigger_target_dag.py
[2022-04-04 21:55:55,269] {processor.py:652} INFO - DAG(s) dict_keys(['example_trigger_target_dag']) retrieved from /home/airflow/.local/lib/python3.7/site-packages/airflow/example_dags/example_trigger_target_dag.py
[2022-04-04 21:55:55,293] {logging_mixin.py:109} INFO - [2022-04-04 21:55:55,293] {dag.py:2398} INFO - Sync 1 DAGs
[2022-04-04 21:55:55,314] {logging_mixin.py:109} INFO - [2022-04-04 21:55:55,314] {dag.py:2937} INFO - Setting next_dagrun for example_trigger_target_dag to None
[2022-04-04 21:55:55,329] {processor.py:171} INFO - Processing /home/airflow/.local/lib/python3.7/site-packages/airflow/example_dags/example_trigger_target_dag.py took 0.087 seconds
[2022-04-04 21:56:25,420] {processor.py:163} INFO - Started process (PID=1262) to work on /home/airflow/.local/lib/python3.7/site-packages/airflow/example_dags/example_trigger_target_dag.py
[2022-04-04 21:56:25,423] {processor.py:642} INFO - Processing file /home/airflow/.local/lib/python3.7/site-packages/airflow/example_dags/example_trigger_target_dag.py for tasks to queue
[2022-04-04 21:56:25,424] {logging_mixin.py:109} INFO - [2022-04-04 21:56:25,424] {dagbag.py:500} INFO - Filling up the DagBag from /home/airflow/.local/lib/python3.7/site-packages/airflow/example_dags/example_trigger_target_dag.py
[2022-04-04 21:56:25,445] {processor.py:652} INFO - DAG(s) dict_keys(['example_trigger_target_dag']) retrieved from /home/airflow/.local/lib/python3.7/site-packages/airflow/example_dags/example_trigger_target_dag.py
[2022-04-04 21:56:25,470] {logging_mixin.py:109} INFO - [2022-04-04 21:56:25,470] {dag.py:2398} INFO - Sync 1 DAGs
[2022-04-04 21:56:25,491] {logging_mixin.py:109} INFO - [2022-04-04 21:56:25,491] {dag.py:2937} INFO - Setting next_dagrun for example_trigger_target_dag to None
[2022-04-04 21:56:25,507] {processor.py:171} INFO - Processing /home/airflow/.local/lib/python3.7/site-packages/airflow/example_dags/example_trigger_target_dag.py took 0.091 seconds
[2022-04-04 21:56:55,687] {processor.py:163} INFO - Started process (PID=1321) to work on /home/airflow/.local/lib/python3.7/site-packages/airflow/example_dags/example_trigger_target_dag.py
[2022-04-04 21:56:55,689] {processor.py:642} INFO - Processing file /home/airflow/.local/lib/python3.7/site-packages/airflow/example_dags/example_trigger_target_dag.py for tasks to queue
[2022-04-04 21:56:55,690] {logging_mixin.py:109} INFO - [2022-04-04 21:56:55,690] {dagbag.py:500} INFO - Filling up the DagBag from /home/airflow/.local/lib/python3.7/site-packages/airflow/example_dags/example_trigger_target_dag.py
[2022-04-04 21:56:55,740] {processor.py:652} INFO - DAG(s) dict_keys(['example_trigger_target_dag']) retrieved from /home/airflow/.local/lib/python3.7/site-packages/airflow/example_dags/example_trigger_target_dag.py
[2022-04-04 21:56:55,786] {logging_mixin.py:109} INFO - [2022-04-04 21:56:55,786] {dag.py:2398} INFO - Sync 1 DAGs
[2022-04-04 21:56:55,824] {logging_mixin.py:109} INFO - [2022-04-04 21:56:55,824] {dag.py:2937} INFO - Setting next_dagrun for example_trigger_target_dag to None
[2022-04-04 21:56:55,842] {processor.py:171} INFO - Processing /home/airflow/.local/lib/python3.7/site-packages/airflow/example_dags/example_trigger_target_dag.py took 0.163 seconds
[2022-04-04 21:57:25,878] {processor.py:163} INFO - Started process (PID=1375) to work on /home/airflow/.local/lib/python3.7/site-packages/airflow/example_dags/example_trigger_target_dag.py
[2022-04-04 21:57:25,882] {processor.py:642} INFO - Processing file /home/airflow/.local/lib/python3.7/site-packages/airflow/example_dags/example_trigger_target_dag.py for tasks to queue
[2022-04-04 21:57:25,883] {logging_mixin.py:109} INFO - [2022-04-04 21:57:25,883] {dagbag.py:500} INFO - Filling up the DagBag from /home/airflow/.local/lib/python3.7/site-packages/airflow/example_dags/example_trigger_target_dag.py
[2022-04-04 21:57:25,925] {processor.py:652} INFO - DAG(s) dict_keys(['example_trigger_target_dag']) retrieved from /home/airflow/.local/lib/python3.7/site-packages/airflow/example_dags/example_trigger_target_dag.py
[2022-04-04 21:57:25,951] {logging_mixin.py:109} INFO - [2022-04-04 21:57:25,951] {dag.py:2398} INFO - Sync 1 DAGs
[2022-04-04 21:57:25,973] {logging_mixin.py:109} INFO - [2022-04-04 21:57:25,973] {dag.py:2937} INFO - Setting next_dagrun for example_trigger_target_dag to None
[2022-04-04 21:57:25,987] {processor.py:171} INFO - Processing /home/airflow/.local/lib/python3.7/site-packages/airflow/example_dags/example_trigger_target_dag.py took 0.113 seconds
[2022-04-04 21:57:56,252] {processor.py:163} INFO - Started process (PID=1428) to work on /home/airflow/.local/lib/python3.7/site-packages/airflow/example_dags/example_trigger_target_dag.py
[2022-04-04 21:57:56,256] {processor.py:642} INFO - Processing file /home/airflow/.local/lib/python3.7/site-packages/airflow/example_dags/example_trigger_target_dag.py for tasks to queue
[2022-04-04 21:57:56,257] {logging_mixin.py:109} INFO - [2022-04-04 21:57:56,257] {dagbag.py:500} INFO - Filling up the DagBag from /home/airflow/.local/lib/python3.7/site-packages/airflow/example_dags/example_trigger_target_dag.py
[2022-04-04 21:57:56,281] {processor.py:652} INFO - DAG(s) dict_keys(['example_trigger_target_dag']) retrieved from /home/airflow/.local/lib/python3.7/site-packages/airflow/example_dags/example_trigger_target_dag.py
[2022-04-04 21:57:56,311] {logging_mixin.py:109} INFO - [2022-04-04 21:57:56,311] {dag.py:2398} INFO - Sync 1 DAGs
[2022-04-04 21:57:56,333] {logging_mixin.py:109} INFO - [2022-04-04 21:57:56,333] {dag.py:2937} INFO - Setting next_dagrun for example_trigger_target_dag to None
[2022-04-04 21:57:56,349] {processor.py:171} INFO - Processing /home/airflow/.local/lib/python3.7/site-packages/airflow/example_dags/example_trigger_target_dag.py took 0.100 seconds
