[2022-04-04 21:47:05,589] {processor.py:163} INFO - Started process (PID=105) to work on /home/airflow/.local/lib/python3.7/site-packages/airflow/example_dags/example_complex.py
[2022-04-04 21:47:05,590] {processor.py:642} INFO - Processing file /home/airflow/.local/lib/python3.7/site-packages/airflow/example_dags/example_complex.py for tasks to queue
[2022-04-04 21:47:05,591] {logging_mixin.py:109} INFO - [2022-04-04 21:47:05,591] {dagbag.py:500} INFO - Filling up the DagBag from /home/airflow/.local/lib/python3.7/site-packages/airflow/example_dags/example_complex.py
[2022-04-04 21:47:05,647] {processor.py:652} INFO - DAG(s) dict_keys(['example_complex']) retrieved from /home/airflow/.local/lib/python3.7/site-packages/airflow/example_dags/example_complex.py
[2022-04-04 21:47:10,614] {logging_mixin.py:109} INFO - [2022-04-04 21:47:10,614] {manager.py:496} INFO - Created Permission View: can edit on DAG:example_complex
[2022-04-04 21:47:10,630] {logging_mixin.py:109} INFO - [2022-04-04 21:47:10,630] {manager.py:496} INFO - Created Permission View: can read on DAG:example_complex
[2022-04-04 21:47:10,631] {logging_mixin.py:109} INFO - [2022-04-04 21:47:10,630] {dag.py:2398} INFO - Sync 1 DAGs
[2022-04-04 21:47:10,648] {logging_mixin.py:109} INFO - [2022-04-04 21:47:10,648] {dag.py:2417} INFO - Creating ORM DAG for example_complex
[2022-04-04 21:47:10,666] {logging_mixin.py:109} INFO - [2022-04-04 21:47:10,666] {dag.py:2937} INFO - Setting next_dagrun for example_complex to None
[2022-04-04 21:47:10,706] {processor.py:171} INFO - Processing /home/airflow/.local/lib/python3.7/site-packages/airflow/example_dags/example_complex.py took 5.122 seconds
[2022-04-04 21:47:53,966] {processor.py:163} INFO - Started process (PID=364) to work on /home/airflow/.local/lib/python3.7/site-packages/airflow/example_dags/example_complex.py
[2022-04-04 21:47:53,971] {processor.py:642} INFO - Processing file /home/airflow/.local/lib/python3.7/site-packages/airflow/example_dags/example_complex.py for tasks to queue
[2022-04-04 21:47:53,973] {logging_mixin.py:109} INFO - [2022-04-04 21:47:53,973] {dagbag.py:500} INFO - Filling up the DagBag from /home/airflow/.local/lib/python3.7/site-packages/airflow/example_dags/example_complex.py
[2022-04-04 21:47:54,086] {processor.py:652} INFO - DAG(s) dict_keys(['example_complex']) retrieved from /home/airflow/.local/lib/python3.7/site-packages/airflow/example_dags/example_complex.py
[2022-04-04 21:47:54,174] {logging_mixin.py:109} INFO - [2022-04-04 21:47:54,174] {dag.py:2398} INFO - Sync 1 DAGs
[2022-04-04 21:47:54,224] {logging_mixin.py:109} INFO - [2022-04-04 21:47:54,224] {dag.py:2937} INFO - Setting next_dagrun for example_complex to None
[2022-04-04 21:47:54,251] {processor.py:171} INFO - Processing /home/airflow/.local/lib/python3.7/site-packages/airflow/example_dags/example_complex.py took 0.289 seconds
[2022-04-04 21:48:24,710] {processor.py:163} INFO - Started process (PID=417) to work on /home/airflow/.local/lib/python3.7/site-packages/airflow/example_dags/example_complex.py
[2022-04-04 21:48:24,711] {processor.py:642} INFO - Processing file /home/airflow/.local/lib/python3.7/site-packages/airflow/example_dags/example_complex.py for tasks to queue
[2022-04-04 21:48:24,712] {logging_mixin.py:109} INFO - [2022-04-04 21:48:24,712] {dagbag.py:500} INFO - Filling up the DagBag from /home/airflow/.local/lib/python3.7/site-packages/airflow/example_dags/example_complex.py
[2022-04-04 21:48:24,756] {processor.py:652} INFO - DAG(s) dict_keys(['example_complex']) retrieved from /home/airflow/.local/lib/python3.7/site-packages/airflow/example_dags/example_complex.py
[2022-04-04 21:48:24,809] {logging_mixin.py:109} INFO - [2022-04-04 21:48:24,809] {dag.py:2398} INFO - Sync 1 DAGs
[2022-04-04 21:48:24,840] {logging_mixin.py:109} INFO - [2022-04-04 21:48:24,840] {dag.py:2937} INFO - Setting next_dagrun for example_complex to None
[2022-04-04 21:48:24,854] {processor.py:171} INFO - Processing /home/airflow/.local/lib/python3.7/site-packages/airflow/example_dags/example_complex.py took 0.148 seconds
[2022-04-04 21:48:55,160] {processor.py:163} INFO - Started process (PID=468) to work on /home/airflow/.local/lib/python3.7/site-packages/airflow/example_dags/example_complex.py
[2022-04-04 21:48:55,161] {processor.py:642} INFO - Processing file /home/airflow/.local/lib/python3.7/site-packages/airflow/example_dags/example_complex.py for tasks to queue
[2022-04-04 21:48:55,162] {logging_mixin.py:109} INFO - [2022-04-04 21:48:55,162] {dagbag.py:500} INFO - Filling up the DagBag from /home/airflow/.local/lib/python3.7/site-packages/airflow/example_dags/example_complex.py
[2022-04-04 21:48:55,189] {processor.py:652} INFO - DAG(s) dict_keys(['example_complex']) retrieved from /home/airflow/.local/lib/python3.7/site-packages/airflow/example_dags/example_complex.py
[2022-04-04 21:48:55,222] {logging_mixin.py:109} INFO - [2022-04-04 21:48:55,222] {dag.py:2398} INFO - Sync 1 DAGs
[2022-04-04 21:48:55,244] {logging_mixin.py:109} INFO - [2022-04-04 21:48:55,244] {dag.py:2937} INFO - Setting next_dagrun for example_complex to None
[2022-04-04 21:48:55,260] {processor.py:171} INFO - Processing /home/airflow/.local/lib/python3.7/site-packages/airflow/example_dags/example_complex.py took 0.103 seconds
[2022-04-04 21:49:25,622] {processor.py:163} INFO - Started process (PID=519) to work on /home/airflow/.local/lib/python3.7/site-packages/airflow/example_dags/example_complex.py
[2022-04-04 21:49:25,624] {processor.py:642} INFO - Processing file /home/airflow/.local/lib/python3.7/site-packages/airflow/example_dags/example_complex.py for tasks to queue
[2022-04-04 21:49:25,625] {logging_mixin.py:109} INFO - [2022-04-04 21:49:25,624] {dagbag.py:500} INFO - Filling up the DagBag from /home/airflow/.local/lib/python3.7/site-packages/airflow/example_dags/example_complex.py
[2022-04-04 21:49:25,656] {processor.py:652} INFO - DAG(s) dict_keys(['example_complex']) retrieved from /home/airflow/.local/lib/python3.7/site-packages/airflow/example_dags/example_complex.py
[2022-04-04 21:49:25,690] {logging_mixin.py:109} INFO - [2022-04-04 21:49:25,690] {dag.py:2398} INFO - Sync 1 DAGs
[2022-04-04 21:49:25,713] {logging_mixin.py:109} INFO - [2022-04-04 21:49:25,713] {dag.py:2937} INFO - Setting next_dagrun for example_complex to None
[2022-04-04 21:49:25,725] {processor.py:171} INFO - Processing /home/airflow/.local/lib/python3.7/site-packages/airflow/example_dags/example_complex.py took 0.106 seconds
[2022-04-04 21:49:56,250] {processor.py:163} INFO - Started process (PID=579) to work on /home/airflow/.local/lib/python3.7/site-packages/airflow/example_dags/example_complex.py
[2022-04-04 21:49:56,252] {processor.py:642} INFO - Processing file /home/airflow/.local/lib/python3.7/site-packages/airflow/example_dags/example_complex.py for tasks to queue
[2022-04-04 21:49:56,253] {logging_mixin.py:109} INFO - [2022-04-04 21:49:56,253] {dagbag.py:500} INFO - Filling up the DagBag from /home/airflow/.local/lib/python3.7/site-packages/airflow/example_dags/example_complex.py
[2022-04-04 21:49:56,291] {processor.py:652} INFO - DAG(s) dict_keys(['example_complex']) retrieved from /home/airflow/.local/lib/python3.7/site-packages/airflow/example_dags/example_complex.py
[2022-04-04 21:49:56,332] {logging_mixin.py:109} INFO - [2022-04-04 21:49:56,332] {dag.py:2398} INFO - Sync 1 DAGs
[2022-04-04 21:49:56,363] {logging_mixin.py:109} INFO - [2022-04-04 21:49:56,363] {dag.py:2937} INFO - Setting next_dagrun for example_complex to None
[2022-04-04 21:49:56,381] {processor.py:171} INFO - Processing /home/airflow/.local/lib/python3.7/site-packages/airflow/example_dags/example_complex.py took 0.136 seconds
[2022-04-04 21:50:27,275] {processor.py:163} INFO - Started process (PID=631) to work on /home/airflow/.local/lib/python3.7/site-packages/airflow/example_dags/example_complex.py
[2022-04-04 21:50:27,277] {processor.py:642} INFO - Processing file /home/airflow/.local/lib/python3.7/site-packages/airflow/example_dags/example_complex.py for tasks to queue
[2022-04-04 21:50:27,278] {logging_mixin.py:109} INFO - [2022-04-04 21:50:27,278] {dagbag.py:500} INFO - Filling up the DagBag from /home/airflow/.local/lib/python3.7/site-packages/airflow/example_dags/example_complex.py
[2022-04-04 21:50:27,306] {processor.py:652} INFO - DAG(s) dict_keys(['example_complex']) retrieved from /home/airflow/.local/lib/python3.7/site-packages/airflow/example_dags/example_complex.py
[2022-04-04 21:50:27,342] {logging_mixin.py:109} INFO - [2022-04-04 21:50:27,342] {dag.py:2398} INFO - Sync 1 DAGs
[2022-04-04 21:50:27,365] {logging_mixin.py:109} INFO - [2022-04-04 21:50:27,365] {dag.py:2937} INFO - Setting next_dagrun for example_complex to None
[2022-04-04 21:50:27,380] {processor.py:171} INFO - Processing /home/airflow/.local/lib/python3.7/site-packages/airflow/example_dags/example_complex.py took 0.109 seconds
[2022-04-04 21:50:57,534] {processor.py:163} INFO - Started process (PID=681) to work on /home/airflow/.local/lib/python3.7/site-packages/airflow/example_dags/example_complex.py
[2022-04-04 21:50:57,538] {processor.py:642} INFO - Processing file /home/airflow/.local/lib/python3.7/site-packages/airflow/example_dags/example_complex.py for tasks to queue
[2022-04-04 21:50:57,538] {logging_mixin.py:109} INFO - [2022-04-04 21:50:57,538] {dagbag.py:500} INFO - Filling up the DagBag from /home/airflow/.local/lib/python3.7/site-packages/airflow/example_dags/example_complex.py
[2022-04-04 21:50:57,569] {processor.py:652} INFO - DAG(s) dict_keys(['example_complex']) retrieved from /home/airflow/.local/lib/python3.7/site-packages/airflow/example_dags/example_complex.py
[2022-04-04 21:50:57,616] {logging_mixin.py:109} INFO - [2022-04-04 21:50:57,616] {dag.py:2398} INFO - Sync 1 DAGs
[2022-04-04 21:50:57,639] {logging_mixin.py:109} INFO - [2022-04-04 21:50:57,639] {dag.py:2937} INFO - Setting next_dagrun for example_complex to None
[2022-04-04 21:50:57,650] {processor.py:171} INFO - Processing /home/airflow/.local/lib/python3.7/site-packages/airflow/example_dags/example_complex.py took 0.120 seconds
[2022-04-04 21:51:27,977] {processor.py:163} INFO - Started process (PID=741) to work on /home/airflow/.local/lib/python3.7/site-packages/airflow/example_dags/example_complex.py
[2022-04-04 21:51:27,979] {processor.py:642} INFO - Processing file /home/airflow/.local/lib/python3.7/site-packages/airflow/example_dags/example_complex.py for tasks to queue
[2022-04-04 21:51:27,980] {logging_mixin.py:109} INFO - [2022-04-04 21:51:27,979] {dagbag.py:500} INFO - Filling up the DagBag from /home/airflow/.local/lib/python3.7/site-packages/airflow/example_dags/example_complex.py
[2022-04-04 21:51:28,020] {processor.py:652} INFO - DAG(s) dict_keys(['example_complex']) retrieved from /home/airflow/.local/lib/python3.7/site-packages/airflow/example_dags/example_complex.py
[2022-04-04 21:51:28,071] {logging_mixin.py:109} INFO - [2022-04-04 21:51:28,071] {dag.py:2398} INFO - Sync 1 DAGs
[2022-04-04 21:51:28,097] {logging_mixin.py:109} INFO - [2022-04-04 21:51:28,097] {dag.py:2937} INFO - Setting next_dagrun for example_complex to None
[2022-04-04 21:51:28,110] {processor.py:171} INFO - Processing /home/airflow/.local/lib/python3.7/site-packages/airflow/example_dags/example_complex.py took 0.138 seconds
[2022-04-04 21:51:58,433] {processor.py:163} INFO - Started process (PID=793) to work on /home/airflow/.local/lib/python3.7/site-packages/airflow/example_dags/example_complex.py
[2022-04-04 21:51:58,437] {processor.py:642} INFO - Processing file /home/airflow/.local/lib/python3.7/site-packages/airflow/example_dags/example_complex.py for tasks to queue
[2022-04-04 21:51:58,438] {logging_mixin.py:109} INFO - [2022-04-04 21:51:58,438] {dagbag.py:500} INFO - Filling up the DagBag from /home/airflow/.local/lib/python3.7/site-packages/airflow/example_dags/example_complex.py
[2022-04-04 21:51:58,473] {processor.py:652} INFO - DAG(s) dict_keys(['example_complex']) retrieved from /home/airflow/.local/lib/python3.7/site-packages/airflow/example_dags/example_complex.py
[2022-04-04 21:51:58,519] {logging_mixin.py:109} INFO - [2022-04-04 21:51:58,518] {dag.py:2398} INFO - Sync 1 DAGs
[2022-04-04 21:51:58,566] {logging_mixin.py:109} INFO - [2022-04-04 21:51:58,565] {dag.py:2937} INFO - Setting next_dagrun for example_complex to None
[2022-04-04 21:51:58,620] {processor.py:171} INFO - Processing /home/airflow/.local/lib/python3.7/site-packages/airflow/example_dags/example_complex.py took 0.192 seconds
[2022-04-04 21:52:29,023] {processor.py:163} INFO - Started process (PID=844) to work on /home/airflow/.local/lib/python3.7/site-packages/airflow/example_dags/example_complex.py
[2022-04-04 21:52:29,024] {processor.py:642} INFO - Processing file /home/airflow/.local/lib/python3.7/site-packages/airflow/example_dags/example_complex.py for tasks to queue
[2022-04-04 21:52:29,025] {logging_mixin.py:109} INFO - [2022-04-04 21:52:29,025] {dagbag.py:500} INFO - Filling up the DagBag from /home/airflow/.local/lib/python3.7/site-packages/airflow/example_dags/example_complex.py
[2022-04-04 21:52:29,059] {processor.py:652} INFO - DAG(s) dict_keys(['example_complex']) retrieved from /home/airflow/.local/lib/python3.7/site-packages/airflow/example_dags/example_complex.py
[2022-04-04 21:52:29,095] {logging_mixin.py:109} INFO - [2022-04-04 21:52:29,095] {dag.py:2398} INFO - Sync 1 DAGs
[2022-04-04 21:52:29,116] {logging_mixin.py:109} INFO - [2022-04-04 21:52:29,115] {dag.py:2937} INFO - Setting next_dagrun for example_complex to None
[2022-04-04 21:52:29,141] {processor.py:171} INFO - Processing /home/airflow/.local/lib/python3.7/site-packages/airflow/example_dags/example_complex.py took 0.122 seconds
[2022-04-04 21:52:59,264] {processor.py:163} INFO - Started process (PID=902) to work on /home/airflow/.local/lib/python3.7/site-packages/airflow/example_dags/example_complex.py
[2022-04-04 21:52:59,268] {processor.py:642} INFO - Processing file /home/airflow/.local/lib/python3.7/site-packages/airflow/example_dags/example_complex.py for tasks to queue
[2022-04-04 21:52:59,268] {logging_mixin.py:109} INFO - [2022-04-04 21:52:59,268] {dagbag.py:500} INFO - Filling up the DagBag from /home/airflow/.local/lib/python3.7/site-packages/airflow/example_dags/example_complex.py
[2022-04-04 21:52:59,303] {processor.py:652} INFO - DAG(s) dict_keys(['example_complex']) retrieved from /home/airflow/.local/lib/python3.7/site-packages/airflow/example_dags/example_complex.py
[2022-04-04 21:52:59,346] {logging_mixin.py:109} INFO - [2022-04-04 21:52:59,346] {dag.py:2398} INFO - Sync 1 DAGs
[2022-04-04 21:52:59,370] {logging_mixin.py:109} INFO - [2022-04-04 21:52:59,370] {dag.py:2937} INFO - Setting next_dagrun for example_complex to None
[2022-04-04 21:52:59,385] {processor.py:171} INFO - Processing /home/airflow/.local/lib/python3.7/site-packages/airflow/example_dags/example_complex.py took 0.124 seconds
[2022-04-04 21:53:29,658] {processor.py:163} INFO - Started process (PID=955) to work on /home/airflow/.local/lib/python3.7/site-packages/airflow/example_dags/example_complex.py
[2022-04-04 21:53:29,660] {processor.py:642} INFO - Processing file /home/airflow/.local/lib/python3.7/site-packages/airflow/example_dags/example_complex.py for tasks to queue
[2022-04-04 21:53:29,661] {logging_mixin.py:109} INFO - [2022-04-04 21:53:29,661] {dagbag.py:500} INFO - Filling up the DagBag from /home/airflow/.local/lib/python3.7/site-packages/airflow/example_dags/example_complex.py
[2022-04-04 21:53:29,689] {processor.py:652} INFO - DAG(s) dict_keys(['example_complex']) retrieved from /home/airflow/.local/lib/python3.7/site-packages/airflow/example_dags/example_complex.py
[2022-04-04 21:53:29,723] {logging_mixin.py:109} INFO - [2022-04-04 21:53:29,723] {dag.py:2398} INFO - Sync 1 DAGs
[2022-04-04 21:53:29,744] {logging_mixin.py:109} INFO - [2022-04-04 21:53:29,744] {dag.py:2937} INFO - Setting next_dagrun for example_complex to None
[2022-04-04 21:53:29,758] {processor.py:171} INFO - Processing /home/airflow/.local/lib/python3.7/site-packages/airflow/example_dags/example_complex.py took 0.104 seconds
[2022-04-04 21:53:59,805] {processor.py:163} INFO - Started process (PID=1008) to work on /home/airflow/.local/lib/python3.7/site-packages/airflow/example_dags/example_complex.py
[2022-04-04 21:53:59,808] {processor.py:642} INFO - Processing file /home/airflow/.local/lib/python3.7/site-packages/airflow/example_dags/example_complex.py for tasks to queue
[2022-04-04 21:53:59,809] {logging_mixin.py:109} INFO - [2022-04-04 21:53:59,809] {dagbag.py:500} INFO - Filling up the DagBag from /home/airflow/.local/lib/python3.7/site-packages/airflow/example_dags/example_complex.py
[2022-04-04 21:53:59,838] {processor.py:652} INFO - DAG(s) dict_keys(['example_complex']) retrieved from /home/airflow/.local/lib/python3.7/site-packages/airflow/example_dags/example_complex.py
[2022-04-04 21:53:59,874] {logging_mixin.py:109} INFO - [2022-04-04 21:53:59,873] {dag.py:2398} INFO - Sync 1 DAGs
[2022-04-04 21:53:59,895] {logging_mixin.py:109} INFO - [2022-04-04 21:53:59,894] {dag.py:2937} INFO - Setting next_dagrun for example_complex to None
[2022-04-04 21:53:59,911] {processor.py:171} INFO - Processing /home/airflow/.local/lib/python3.7/site-packages/airflow/example_dags/example_complex.py took 0.109 seconds
[2022-04-04 21:54:30,025] {processor.py:163} INFO - Started process (PID=1059) to work on /home/airflow/.local/lib/python3.7/site-packages/airflow/example_dags/example_complex.py
[2022-04-04 21:54:30,027] {processor.py:642} INFO - Processing file /home/airflow/.local/lib/python3.7/site-packages/airflow/example_dags/example_complex.py for tasks to queue
[2022-04-04 21:54:30,027] {logging_mixin.py:109} INFO - [2022-04-04 21:54:30,027] {dagbag.py:500} INFO - Filling up the DagBag from /home/airflow/.local/lib/python3.7/site-packages/airflow/example_dags/example_complex.py
[2022-04-04 21:54:30,055] {processor.py:652} INFO - DAG(s) dict_keys(['example_complex']) retrieved from /home/airflow/.local/lib/python3.7/site-packages/airflow/example_dags/example_complex.py
[2022-04-04 21:54:30,088] {logging_mixin.py:109} INFO - [2022-04-04 21:54:30,088] {dag.py:2398} INFO - Sync 1 DAGs
[2022-04-04 21:54:30,109] {logging_mixin.py:109} INFO - [2022-04-04 21:54:30,109] {dag.py:2937} INFO - Setting next_dagrun for example_complex to None
[2022-04-04 21:54:30,124] {processor.py:171} INFO - Processing /home/airflow/.local/lib/python3.7/site-packages/airflow/example_dags/example_complex.py took 0.102 seconds
[2022-04-04 21:55:00,363] {processor.py:163} INFO - Started process (PID=1119) to work on /home/airflow/.local/lib/python3.7/site-packages/airflow/example_dags/example_complex.py
[2022-04-04 21:55:00,367] {processor.py:642} INFO - Processing file /home/airflow/.local/lib/python3.7/site-packages/airflow/example_dags/example_complex.py for tasks to queue
[2022-04-04 21:55:00,368] {logging_mixin.py:109} INFO - [2022-04-04 21:55:00,368] {dagbag.py:500} INFO - Filling up the DagBag from /home/airflow/.local/lib/python3.7/site-packages/airflow/example_dags/example_complex.py
[2022-04-04 21:55:00,407] {processor.py:652} INFO - DAG(s) dict_keys(['example_complex']) retrieved from /home/airflow/.local/lib/python3.7/site-packages/airflow/example_dags/example_complex.py
[2022-04-04 21:55:00,454] {logging_mixin.py:109} INFO - [2022-04-04 21:55:00,454] {dag.py:2398} INFO - Sync 1 DAGs
[2022-04-04 21:55:00,485] {logging_mixin.py:109} INFO - [2022-04-04 21:55:00,485] {dag.py:2937} INFO - Setting next_dagrun for example_complex to None
[2022-04-04 21:55:00,504] {processor.py:171} INFO - Processing /home/airflow/.local/lib/python3.7/site-packages/airflow/example_dags/example_complex.py took 0.147 seconds
[2022-04-04 21:55:30,647] {processor.py:163} INFO - Started process (PID=1170) to work on /home/airflow/.local/lib/python3.7/site-packages/airflow/example_dags/example_complex.py
[2022-04-04 21:55:30,651] {processor.py:642} INFO - Processing file /home/airflow/.local/lib/python3.7/site-packages/airflow/example_dags/example_complex.py for tasks to queue
[2022-04-04 21:55:30,651] {logging_mixin.py:109} INFO - [2022-04-04 21:55:30,651] {dagbag.py:500} INFO - Filling up the DagBag from /home/airflow/.local/lib/python3.7/site-packages/airflow/example_dags/example_complex.py
[2022-04-04 21:55:30,679] {processor.py:652} INFO - DAG(s) dict_keys(['example_complex']) retrieved from /home/airflow/.local/lib/python3.7/site-packages/airflow/example_dags/example_complex.py
[2022-04-04 21:55:30,713] {logging_mixin.py:109} INFO - [2022-04-04 21:55:30,713] {dag.py:2398} INFO - Sync 1 DAGs
[2022-04-04 21:55:30,735] {logging_mixin.py:109} INFO - [2022-04-04 21:55:30,735] {dag.py:2937} INFO - Setting next_dagrun for example_complex to None
[2022-04-04 21:55:30,747] {processor.py:171} INFO - Processing /home/airflow/.local/lib/python3.7/site-packages/airflow/example_dags/example_complex.py took 0.103 seconds
[2022-04-04 21:56:01,165] {processor.py:163} INFO - Started process (PID=1222) to work on /home/airflow/.local/lib/python3.7/site-packages/airflow/example_dags/example_complex.py
[2022-04-04 21:56:01,166] {processor.py:642} INFO - Processing file /home/airflow/.local/lib/python3.7/site-packages/airflow/example_dags/example_complex.py for tasks to queue
[2022-04-04 21:56:01,167] {logging_mixin.py:109} INFO - [2022-04-04 21:56:01,166] {dagbag.py:500} INFO - Filling up the DagBag from /home/airflow/.local/lib/python3.7/site-packages/airflow/example_dags/example_complex.py
[2022-04-04 21:56:01,195] {processor.py:652} INFO - DAG(s) dict_keys(['example_complex']) retrieved from /home/airflow/.local/lib/python3.7/site-packages/airflow/example_dags/example_complex.py
[2022-04-04 21:56:01,232] {logging_mixin.py:109} INFO - [2022-04-04 21:56:01,232] {dag.py:2398} INFO - Sync 1 DAGs
[2022-04-04 21:56:01,254] {logging_mixin.py:109} INFO - [2022-04-04 21:56:01,254] {dag.py:2937} INFO - Setting next_dagrun for example_complex to None
[2022-04-04 21:56:01,267] {processor.py:171} INFO - Processing /home/airflow/.local/lib/python3.7/site-packages/airflow/example_dags/example_complex.py took 0.106 seconds
[2022-04-04 21:56:31,503] {processor.py:163} INFO - Started process (PID=1283) to work on /home/airflow/.local/lib/python3.7/site-packages/airflow/example_dags/example_complex.py
[2022-04-04 21:56:31,505] {processor.py:642} INFO - Processing file /home/airflow/.local/lib/python3.7/site-packages/airflow/example_dags/example_complex.py for tasks to queue
[2022-04-04 21:56:31,506] {logging_mixin.py:109} INFO - [2022-04-04 21:56:31,506] {dagbag.py:500} INFO - Filling up the DagBag from /home/airflow/.local/lib/python3.7/site-packages/airflow/example_dags/example_complex.py
[2022-04-04 21:56:31,543] {processor.py:652} INFO - DAG(s) dict_keys(['example_complex']) retrieved from /home/airflow/.local/lib/python3.7/site-packages/airflow/example_dags/example_complex.py
[2022-04-04 21:56:31,583] {logging_mixin.py:109} INFO - [2022-04-04 21:56:31,582] {dag.py:2398} INFO - Sync 1 DAGs
[2022-04-04 21:56:31,609] {logging_mixin.py:109} INFO - [2022-04-04 21:56:31,609] {dag.py:2937} INFO - Setting next_dagrun for example_complex to None
[2022-04-04 21:56:31,622] {processor.py:171} INFO - Processing /home/airflow/.local/lib/python3.7/site-packages/airflow/example_dags/example_complex.py took 0.123 seconds
[2022-04-04 21:57:02,244] {processor.py:163} INFO - Started process (PID=1334) to work on /home/airflow/.local/lib/python3.7/site-packages/airflow/example_dags/example_complex.py
[2022-04-04 21:57:02,245] {processor.py:642} INFO - Processing file /home/airflow/.local/lib/python3.7/site-packages/airflow/example_dags/example_complex.py for tasks to queue
[2022-04-04 21:57:02,245] {logging_mixin.py:109} INFO - [2022-04-04 21:57:02,245] {dagbag.py:500} INFO - Filling up the DagBag from /home/airflow/.local/lib/python3.7/site-packages/airflow/example_dags/example_complex.py
[2022-04-04 21:57:02,281] {processor.py:652} INFO - DAG(s) dict_keys(['example_complex']) retrieved from /home/airflow/.local/lib/python3.7/site-packages/airflow/example_dags/example_complex.py
[2022-04-04 21:57:02,321] {logging_mixin.py:109} INFO - [2022-04-04 21:57:02,321] {dag.py:2398} INFO - Sync 1 DAGs
[2022-04-04 21:57:02,347] {logging_mixin.py:109} INFO - [2022-04-04 21:57:02,347] {dag.py:2937} INFO - Setting next_dagrun for example_complex to None
[2022-04-04 21:57:02,363] {processor.py:171} INFO - Processing /home/airflow/.local/lib/python3.7/site-packages/airflow/example_dags/example_complex.py took 0.123 seconds
[2022-04-04 21:57:32,490] {processor.py:163} INFO - Started process (PID=1386) to work on /home/airflow/.local/lib/python3.7/site-packages/airflow/example_dags/example_complex.py
[2022-04-04 21:57:32,491] {processor.py:642} INFO - Processing file /home/airflow/.local/lib/python3.7/site-packages/airflow/example_dags/example_complex.py for tasks to queue
[2022-04-04 21:57:32,492] {logging_mixin.py:109} INFO - [2022-04-04 21:57:32,492] {dagbag.py:500} INFO - Filling up the DagBag from /home/airflow/.local/lib/python3.7/site-packages/airflow/example_dags/example_complex.py
[2022-04-04 21:57:32,522] {processor.py:652} INFO - DAG(s) dict_keys(['example_complex']) retrieved from /home/airflow/.local/lib/python3.7/site-packages/airflow/example_dags/example_complex.py
[2022-04-04 21:57:32,563] {logging_mixin.py:109} INFO - [2022-04-04 21:57:32,563] {dag.py:2398} INFO - Sync 1 DAGs
[2022-04-04 21:57:32,585] {logging_mixin.py:109} INFO - [2022-04-04 21:57:32,584] {dag.py:2937} INFO - Setting next_dagrun for example_complex to None
[2022-04-04 21:57:32,601] {processor.py:171} INFO - Processing /home/airflow/.local/lib/python3.7/site-packages/airflow/example_dags/example_complex.py took 0.116 seconds
[2022-04-04 21:58:02,738] {processor.py:163} INFO - Started process (PID=1438) to work on /home/airflow/.local/lib/python3.7/site-packages/airflow/example_dags/example_complex.py
[2022-04-04 21:58:02,740] {processor.py:642} INFO - Processing file /home/airflow/.local/lib/python3.7/site-packages/airflow/example_dags/example_complex.py for tasks to queue
[2022-04-04 21:58:02,741] {logging_mixin.py:109} INFO - [2022-04-04 21:58:02,741] {dagbag.py:500} INFO - Filling up the DagBag from /home/airflow/.local/lib/python3.7/site-packages/airflow/example_dags/example_complex.py
[2022-04-04 21:58:02,775] {processor.py:652} INFO - DAG(s) dict_keys(['example_complex']) retrieved from /home/airflow/.local/lib/python3.7/site-packages/airflow/example_dags/example_complex.py
[2022-04-04 21:58:02,815] {logging_mixin.py:109} INFO - [2022-04-04 21:58:02,815] {dag.py:2398} INFO - Sync 1 DAGs
[2022-04-04 21:58:02,837] {logging_mixin.py:109} INFO - [2022-04-04 21:58:02,837] {dag.py:2937} INFO - Setting next_dagrun for example_complex to None
[2022-04-04 21:58:02,852] {processor.py:171} INFO - Processing /home/airflow/.local/lib/python3.7/site-packages/airflow/example_dags/example_complex.py took 0.117 seconds
[2022-04-04 21:58:33,087] {processor.py:163} INFO - Started process (PID=1499) to work on /home/airflow/.local/lib/python3.7/site-packages/airflow/example_dags/example_complex.py
[2022-04-04 21:58:33,092] {processor.py:642} INFO - Processing file /home/airflow/.local/lib/python3.7/site-packages/airflow/example_dags/example_complex.py for tasks to queue
[2022-04-04 21:58:33,093] {logging_mixin.py:109} INFO - [2022-04-04 21:58:33,093] {dagbag.py:500} INFO - Filling up the DagBag from /home/airflow/.local/lib/python3.7/site-packages/airflow/example_dags/example_complex.py
[2022-04-04 21:58:33,125] {processor.py:652} INFO - DAG(s) dict_keys(['example_complex']) retrieved from /home/airflow/.local/lib/python3.7/site-packages/airflow/example_dags/example_complex.py
[2022-04-04 21:58:33,171] {logging_mixin.py:109} INFO - [2022-04-04 21:58:33,171] {dag.py:2398} INFO - Sync 1 DAGs
[2022-04-04 21:58:33,201] {logging_mixin.py:109} INFO - [2022-04-04 21:58:33,201] {dag.py:2937} INFO - Setting next_dagrun for example_complex to None
[2022-04-04 21:58:33,219] {processor.py:171} INFO - Processing /home/airflow/.local/lib/python3.7/site-packages/airflow/example_dags/example_complex.py took 0.136 seconds
