[2022-04-04 21:47:28,557] {processor.py:163} INFO - Started process (PID=230) to work on /home/airflow/.local/lib/python3.7/site-packages/airflow/example_dags/example_nested_branch_dag.py
[2022-04-04 21:47:28,559] {processor.py:642} INFO - Processing file /home/airflow/.local/lib/python3.7/site-packages/airflow/example_dags/example_nested_branch_dag.py for tasks to queue
[2022-04-04 21:47:28,560] {logging_mixin.py:109} INFO - [2022-04-04 21:47:28,560] {dagbag.py:500} INFO - Filling up the DagBag from /home/airflow/.local/lib/python3.7/site-packages/airflow/example_dags/example_nested_branch_dag.py
[2022-04-04 21:47:28,634] {processor.py:652} INFO - DAG(s) dict_keys(['example_nested_branch_dag']) retrieved from /home/airflow/.local/lib/python3.7/site-packages/airflow/example_dags/example_nested_branch_dag.py
[2022-04-04 21:47:33,121] {logging_mixin.py:109} INFO - [2022-04-04 21:47:33,121] {manager.py:496} INFO - Created Permission View: can edit on DAG:example_nested_branch_dag
[2022-04-04 21:47:33,136] {logging_mixin.py:109} INFO - [2022-04-04 21:47:33,136] {manager.py:496} INFO - Created Permission View: can read on DAG:example_nested_branch_dag
[2022-04-04 21:47:33,137] {logging_mixin.py:109} INFO - [2022-04-04 21:47:33,136] {dag.py:2398} INFO - Sync 1 DAGs
[2022-04-04 21:47:33,155] {logging_mixin.py:109} INFO - [2022-04-04 21:47:33,155] {dag.py:2417} INFO - Creating ORM DAG for example_nested_branch_dag
[2022-04-04 21:47:33,170] {logging_mixin.py:109} INFO - [2022-04-04 21:47:33,170] {dag.py:2937} INFO - Setting next_dagrun for example_nested_branch_dag to 2022-04-03 00:00:00+00:00
[2022-04-04 21:47:33,187] {processor.py:171} INFO - Processing /home/airflow/.local/lib/python3.7/site-packages/airflow/example_dags/example_nested_branch_dag.py took 4.643 seconds
[2022-04-04 21:48:03,232] {processor.py:163} INFO - Started process (PID=375) to work on /home/airflow/.local/lib/python3.7/site-packages/airflow/example_dags/example_nested_branch_dag.py
[2022-04-04 21:48:03,233] {processor.py:642} INFO - Processing file /home/airflow/.local/lib/python3.7/site-packages/airflow/example_dags/example_nested_branch_dag.py for tasks to queue
[2022-04-04 21:48:03,234] {logging_mixin.py:109} INFO - [2022-04-04 21:48:03,234] {dagbag.py:500} INFO - Filling up the DagBag from /home/airflow/.local/lib/python3.7/site-packages/airflow/example_dags/example_nested_branch_dag.py
[2022-04-04 21:48:03,268] {processor.py:652} INFO - DAG(s) dict_keys(['example_nested_branch_dag']) retrieved from /home/airflow/.local/lib/python3.7/site-packages/airflow/example_dags/example_nested_branch_dag.py
[2022-04-04 21:48:03,300] {logging_mixin.py:109} INFO - [2022-04-04 21:48:03,299] {dag.py:2398} INFO - Sync 1 DAGs
[2022-04-04 21:48:03,330] {logging_mixin.py:109} INFO - [2022-04-04 21:48:03,330] {dag.py:2937} INFO - Setting next_dagrun for example_nested_branch_dag to 2022-04-03 00:00:00+00:00
[2022-04-04 21:48:03,343] {processor.py:171} INFO - Processing /home/airflow/.local/lib/python3.7/site-packages/airflow/example_dags/example_nested_branch_dag.py took 0.116 seconds
[2022-04-04 21:48:33,721] {processor.py:163} INFO - Started process (PID=429) to work on /home/airflow/.local/lib/python3.7/site-packages/airflow/example_dags/example_nested_branch_dag.py
[2022-04-04 21:48:33,723] {processor.py:642} INFO - Processing file /home/airflow/.local/lib/python3.7/site-packages/airflow/example_dags/example_nested_branch_dag.py for tasks to queue
[2022-04-04 21:48:33,725] {logging_mixin.py:109} INFO - [2022-04-04 21:48:33,725] {dagbag.py:500} INFO - Filling up the DagBag from /home/airflow/.local/lib/python3.7/site-packages/airflow/example_dags/example_nested_branch_dag.py
[2022-04-04 21:48:33,751] {processor.py:652} INFO - DAG(s) dict_keys(['example_nested_branch_dag']) retrieved from /home/airflow/.local/lib/python3.7/site-packages/airflow/example_dags/example_nested_branch_dag.py
[2022-04-04 21:48:33,777] {logging_mixin.py:109} INFO - [2022-04-04 21:48:33,777] {dag.py:2398} INFO - Sync 1 DAGs
[2022-04-04 21:48:33,799] {logging_mixin.py:109} INFO - [2022-04-04 21:48:33,799] {dag.py:2937} INFO - Setting next_dagrun for example_nested_branch_dag to 2022-04-03 00:00:00+00:00
[2022-04-04 21:48:33,812] {processor.py:171} INFO - Processing /home/airflow/.local/lib/python3.7/site-packages/airflow/example_dags/example_nested_branch_dag.py took 0.094 seconds
[2022-04-04 21:49:04,255] {processor.py:163} INFO - Started process (PID=490) to work on /home/airflow/.local/lib/python3.7/site-packages/airflow/example_dags/example_nested_branch_dag.py
[2022-04-04 21:49:04,261] {processor.py:642} INFO - Processing file /home/airflow/.local/lib/python3.7/site-packages/airflow/example_dags/example_nested_branch_dag.py for tasks to queue
[2022-04-04 21:49:04,263] {logging_mixin.py:109} INFO - [2022-04-04 21:49:04,263] {dagbag.py:500} INFO - Filling up the DagBag from /home/airflow/.local/lib/python3.7/site-packages/airflow/example_dags/example_nested_branch_dag.py
[2022-04-04 21:49:04,292] {processor.py:652} INFO - DAG(s) dict_keys(['example_nested_branch_dag']) retrieved from /home/airflow/.local/lib/python3.7/site-packages/airflow/example_dags/example_nested_branch_dag.py
[2022-04-04 21:49:04,322] {logging_mixin.py:109} INFO - [2022-04-04 21:49:04,322] {dag.py:2398} INFO - Sync 1 DAGs
[2022-04-04 21:49:04,353] {logging_mixin.py:109} INFO - [2022-04-04 21:49:04,353] {dag.py:2937} INFO - Setting next_dagrun for example_nested_branch_dag to 2022-04-03 00:00:00+00:00
[2022-04-04 21:49:04,373] {processor.py:171} INFO - Processing /home/airflow/.local/lib/python3.7/site-packages/airflow/example_dags/example_nested_branch_dag.py took 0.122 seconds
[2022-04-04 21:49:34,938] {processor.py:163} INFO - Started process (PID=540) to work on /home/airflow/.local/lib/python3.7/site-packages/airflow/example_dags/example_nested_branch_dag.py
[2022-04-04 21:49:34,940] {processor.py:642} INFO - Processing file /home/airflow/.local/lib/python3.7/site-packages/airflow/example_dags/example_nested_branch_dag.py for tasks to queue
[2022-04-04 21:49:34,940] {logging_mixin.py:109} INFO - [2022-04-04 21:49:34,940] {dagbag.py:500} INFO - Filling up the DagBag from /home/airflow/.local/lib/python3.7/site-packages/airflow/example_dags/example_nested_branch_dag.py
[2022-04-04 21:49:34,960] {processor.py:652} INFO - DAG(s) dict_keys(['example_nested_branch_dag']) retrieved from /home/airflow/.local/lib/python3.7/site-packages/airflow/example_dags/example_nested_branch_dag.py
[2022-04-04 21:49:34,987] {logging_mixin.py:109} INFO - [2022-04-04 21:49:34,986] {dag.py:2398} INFO - Sync 1 DAGs
[2022-04-04 21:49:35,009] {logging_mixin.py:109} INFO - [2022-04-04 21:49:35,009] {dag.py:2937} INFO - Setting next_dagrun for example_nested_branch_dag to 2022-04-03 00:00:00+00:00
[2022-04-04 21:49:35,024] {processor.py:171} INFO - Processing /home/airflow/.local/lib/python3.7/site-packages/airflow/example_dags/example_nested_branch_dag.py took 0.090 seconds
[2022-04-04 21:50:05,181] {processor.py:163} INFO - Started process (PID=592) to work on /home/airflow/.local/lib/python3.7/site-packages/airflow/example_dags/example_nested_branch_dag.py
[2022-04-04 21:50:05,184] {processor.py:642} INFO - Processing file /home/airflow/.local/lib/python3.7/site-packages/airflow/example_dags/example_nested_branch_dag.py for tasks to queue
[2022-04-04 21:50:05,185] {logging_mixin.py:109} INFO - [2022-04-04 21:50:05,185] {dagbag.py:500} INFO - Filling up the DagBag from /home/airflow/.local/lib/python3.7/site-packages/airflow/example_dags/example_nested_branch_dag.py
[2022-04-04 21:50:05,207] {processor.py:652} INFO - DAG(s) dict_keys(['example_nested_branch_dag']) retrieved from /home/airflow/.local/lib/python3.7/site-packages/airflow/example_dags/example_nested_branch_dag.py
[2022-04-04 21:50:05,241] {logging_mixin.py:109} INFO - [2022-04-04 21:50:05,240] {dag.py:2398} INFO - Sync 1 DAGs
[2022-04-04 21:50:05,270] {logging_mixin.py:109} INFO - [2022-04-04 21:50:05,270] {dag.py:2937} INFO - Setting next_dagrun for example_nested_branch_dag to 2022-04-03 00:00:00+00:00
[2022-04-04 21:50:05,282] {processor.py:171} INFO - Processing /home/airflow/.local/lib/python3.7/site-packages/airflow/example_dags/example_nested_branch_dag.py took 0.104 seconds
[2022-04-04 21:50:35,652] {processor.py:163} INFO - Started process (PID=654) to work on /home/airflow/.local/lib/python3.7/site-packages/airflow/example_dags/example_nested_branch_dag.py
[2022-04-04 21:50:35,655] {processor.py:642} INFO - Processing file /home/airflow/.local/lib/python3.7/site-packages/airflow/example_dags/example_nested_branch_dag.py for tasks to queue
[2022-04-04 21:50:35,656] {logging_mixin.py:109} INFO - [2022-04-04 21:50:35,656] {dagbag.py:500} INFO - Filling up the DagBag from /home/airflow/.local/lib/python3.7/site-packages/airflow/example_dags/example_nested_branch_dag.py
[2022-04-04 21:50:35,677] {processor.py:652} INFO - DAG(s) dict_keys(['example_nested_branch_dag']) retrieved from /home/airflow/.local/lib/python3.7/site-packages/airflow/example_dags/example_nested_branch_dag.py
[2022-04-04 21:50:35,704] {logging_mixin.py:109} INFO - [2022-04-04 21:50:35,704] {dag.py:2398} INFO - Sync 1 DAGs
[2022-04-04 21:50:35,731] {logging_mixin.py:109} INFO - [2022-04-04 21:50:35,731] {dag.py:2937} INFO - Setting next_dagrun for example_nested_branch_dag to 2022-04-03 00:00:00+00:00
[2022-04-04 21:50:35,745] {processor.py:171} INFO - Processing /home/airflow/.local/lib/python3.7/site-packages/airflow/example_dags/example_nested_branch_dag.py took 0.097 seconds
[2022-04-04 21:51:06,048] {processor.py:163} INFO - Started process (PID=705) to work on /home/airflow/.local/lib/python3.7/site-packages/airflow/example_dags/example_nested_branch_dag.py
[2022-04-04 21:51:06,049] {processor.py:642} INFO - Processing file /home/airflow/.local/lib/python3.7/site-packages/airflow/example_dags/example_nested_branch_dag.py for tasks to queue
[2022-04-04 21:51:06,050] {logging_mixin.py:109} INFO - [2022-04-04 21:51:06,050] {dagbag.py:500} INFO - Filling up the DagBag from /home/airflow/.local/lib/python3.7/site-packages/airflow/example_dags/example_nested_branch_dag.py
[2022-04-04 21:51:06,072] {processor.py:652} INFO - DAG(s) dict_keys(['example_nested_branch_dag']) retrieved from /home/airflow/.local/lib/python3.7/site-packages/airflow/example_dags/example_nested_branch_dag.py
[2022-04-04 21:51:06,106] {logging_mixin.py:109} INFO - [2022-04-04 21:51:06,106] {dag.py:2398} INFO - Sync 1 DAGs
[2022-04-04 21:51:06,132] {logging_mixin.py:109} INFO - [2022-04-04 21:51:06,132] {dag.py:2937} INFO - Setting next_dagrun for example_nested_branch_dag to 2022-04-03 00:00:00+00:00
[2022-04-04 21:51:06,144] {processor.py:171} INFO - Processing /home/airflow/.local/lib/python3.7/site-packages/airflow/example_dags/example_nested_branch_dag.py took 0.100 seconds
[2022-04-04 21:51:36,414] {processor.py:163} INFO - Started process (PID=755) to work on /home/airflow/.local/lib/python3.7/site-packages/airflow/example_dags/example_nested_branch_dag.py
[2022-04-04 21:51:36,415] {processor.py:642} INFO - Processing file /home/airflow/.local/lib/python3.7/site-packages/airflow/example_dags/example_nested_branch_dag.py for tasks to queue
[2022-04-04 21:51:36,417] {logging_mixin.py:109} INFO - [2022-04-04 21:51:36,417] {dagbag.py:500} INFO - Filling up the DagBag from /home/airflow/.local/lib/python3.7/site-packages/airflow/example_dags/example_nested_branch_dag.py
[2022-04-04 21:51:36,445] {processor.py:652} INFO - DAG(s) dict_keys(['example_nested_branch_dag']) retrieved from /home/airflow/.local/lib/python3.7/site-packages/airflow/example_dags/example_nested_branch_dag.py
[2022-04-04 21:51:36,481] {logging_mixin.py:109} INFO - [2022-04-04 21:51:36,481] {dag.py:2398} INFO - Sync 1 DAGs
[2022-04-04 21:51:36,518] {logging_mixin.py:109} INFO - [2022-04-04 21:51:36,518] {dag.py:2937} INFO - Setting next_dagrun for example_nested_branch_dag to 2022-04-03 00:00:00+00:00
[2022-04-04 21:51:36,537] {processor.py:171} INFO - Processing /home/airflow/.local/lib/python3.7/site-packages/airflow/example_dags/example_nested_branch_dag.py took 0.127 seconds
[2022-04-04 21:52:06,577] {processor.py:163} INFO - Started process (PID=817) to work on /home/airflow/.local/lib/python3.7/site-packages/airflow/example_dags/example_nested_branch_dag.py
[2022-04-04 21:52:06,579] {processor.py:642} INFO - Processing file /home/airflow/.local/lib/python3.7/site-packages/airflow/example_dags/example_nested_branch_dag.py for tasks to queue
[2022-04-04 21:52:06,579] {logging_mixin.py:109} INFO - [2022-04-04 21:52:06,579] {dagbag.py:500} INFO - Filling up the DagBag from /home/airflow/.local/lib/python3.7/site-packages/airflow/example_dags/example_nested_branch_dag.py
[2022-04-04 21:52:06,601] {processor.py:652} INFO - DAG(s) dict_keys(['example_nested_branch_dag']) retrieved from /home/airflow/.local/lib/python3.7/site-packages/airflow/example_dags/example_nested_branch_dag.py
[2022-04-04 21:52:06,629] {logging_mixin.py:109} INFO - [2022-04-04 21:52:06,629] {dag.py:2398} INFO - Sync 1 DAGs
[2022-04-04 21:52:06,653] {logging_mixin.py:109} INFO - [2022-04-04 21:52:06,653] {dag.py:2937} INFO - Setting next_dagrun for example_nested_branch_dag to 2022-04-03 00:00:00+00:00
[2022-04-04 21:52:06,669] {processor.py:171} INFO - Processing /home/airflow/.local/lib/python3.7/site-packages/airflow/example_dags/example_nested_branch_dag.py took 0.096 seconds
[2022-04-04 21:52:36,934] {processor.py:163} INFO - Started process (PID=867) to work on /home/airflow/.local/lib/python3.7/site-packages/airflow/example_dags/example_nested_branch_dag.py
[2022-04-04 21:52:36,936] {processor.py:642} INFO - Processing file /home/airflow/.local/lib/python3.7/site-packages/airflow/example_dags/example_nested_branch_dag.py for tasks to queue
[2022-04-04 21:52:36,937] {logging_mixin.py:109} INFO - [2022-04-04 21:52:36,937] {dagbag.py:500} INFO - Filling up the DagBag from /home/airflow/.local/lib/python3.7/site-packages/airflow/example_dags/example_nested_branch_dag.py
[2022-04-04 21:52:36,957] {processor.py:652} INFO - DAG(s) dict_keys(['example_nested_branch_dag']) retrieved from /home/airflow/.local/lib/python3.7/site-packages/airflow/example_dags/example_nested_branch_dag.py
[2022-04-04 21:52:36,983] {logging_mixin.py:109} INFO - [2022-04-04 21:52:36,983] {dag.py:2398} INFO - Sync 1 DAGs
[2022-04-04 21:52:37,006] {logging_mixin.py:109} INFO - [2022-04-04 21:52:37,006] {dag.py:2937} INFO - Setting next_dagrun for example_nested_branch_dag to 2022-04-03 00:00:00+00:00
[2022-04-04 21:52:37,024] {processor.py:171} INFO - Processing /home/airflow/.local/lib/python3.7/site-packages/airflow/example_dags/example_nested_branch_dag.py took 0.093 seconds
[2022-04-04 21:53:07,234] {processor.py:163} INFO - Started process (PID=918) to work on /home/airflow/.local/lib/python3.7/site-packages/airflow/example_dags/example_nested_branch_dag.py
[2022-04-04 21:53:07,235] {processor.py:642} INFO - Processing file /home/airflow/.local/lib/python3.7/site-packages/airflow/example_dags/example_nested_branch_dag.py for tasks to queue
[2022-04-04 21:53:07,236] {logging_mixin.py:109} INFO - [2022-04-04 21:53:07,236] {dagbag.py:500} INFO - Filling up the DagBag from /home/airflow/.local/lib/python3.7/site-packages/airflow/example_dags/example_nested_branch_dag.py
[2022-04-04 21:53:07,256] {processor.py:652} INFO - DAG(s) dict_keys(['example_nested_branch_dag']) retrieved from /home/airflow/.local/lib/python3.7/site-packages/airflow/example_dags/example_nested_branch_dag.py
[2022-04-04 21:53:07,281] {logging_mixin.py:109} INFO - [2022-04-04 21:53:07,281] {dag.py:2398} INFO - Sync 1 DAGs
[2022-04-04 21:53:07,304] {logging_mixin.py:109} INFO - [2022-04-04 21:53:07,304] {dag.py:2937} INFO - Setting next_dagrun for example_nested_branch_dag to 2022-04-03 00:00:00+00:00
[2022-04-04 21:53:07,319] {processor.py:171} INFO - Processing /home/airflow/.local/lib/python3.7/site-packages/airflow/example_dags/example_nested_branch_dag.py took 0.091 seconds
[2022-04-04 21:53:38,095] {processor.py:163} INFO - Started process (PID=977) to work on /home/airflow/.local/lib/python3.7/site-packages/airflow/example_dags/example_nested_branch_dag.py
[2022-04-04 21:53:38,097] {processor.py:642} INFO - Processing file /home/airflow/.local/lib/python3.7/site-packages/airflow/example_dags/example_nested_branch_dag.py for tasks to queue
[2022-04-04 21:53:38,098] {logging_mixin.py:109} INFO - [2022-04-04 21:53:38,098] {dagbag.py:500} INFO - Filling up the DagBag from /home/airflow/.local/lib/python3.7/site-packages/airflow/example_dags/example_nested_branch_dag.py
[2022-04-04 21:53:38,122] {processor.py:652} INFO - DAG(s) dict_keys(['example_nested_branch_dag']) retrieved from /home/airflow/.local/lib/python3.7/site-packages/airflow/example_dags/example_nested_branch_dag.py
[2022-04-04 21:53:38,157] {logging_mixin.py:109} INFO - [2022-04-04 21:53:38,157] {dag.py:2398} INFO - Sync 1 DAGs
[2022-04-04 21:53:38,189] {logging_mixin.py:109} INFO - [2022-04-04 21:53:38,188] {dag.py:2937} INFO - Setting next_dagrun for example_nested_branch_dag to 2022-04-03 00:00:00+00:00
[2022-04-04 21:53:38,205] {processor.py:171} INFO - Processing /home/airflow/.local/lib/python3.7/site-packages/airflow/example_dags/example_nested_branch_dag.py took 0.114 seconds
[2022-04-04 21:54:09,052] {processor.py:163} INFO - Started process (PID=1032) to work on /home/airflow/.local/lib/python3.7/site-packages/airflow/example_dags/example_nested_branch_dag.py
[2022-04-04 21:54:09,053] {processor.py:642} INFO - Processing file /home/airflow/.local/lib/python3.7/site-packages/airflow/example_dags/example_nested_branch_dag.py for tasks to queue
[2022-04-04 21:54:09,054] {logging_mixin.py:109} INFO - [2022-04-04 21:54:09,054] {dagbag.py:500} INFO - Filling up the DagBag from /home/airflow/.local/lib/python3.7/site-packages/airflow/example_dags/example_nested_branch_dag.py
[2022-04-04 21:54:09,080] {processor.py:652} INFO - DAG(s) dict_keys(['example_nested_branch_dag']) retrieved from /home/airflow/.local/lib/python3.7/site-packages/airflow/example_dags/example_nested_branch_dag.py
[2022-04-04 21:54:09,108] {logging_mixin.py:109} INFO - [2022-04-04 21:54:09,107] {dag.py:2398} INFO - Sync 1 DAGs
[2022-04-04 21:54:09,141] {logging_mixin.py:109} INFO - [2022-04-04 21:54:09,141] {dag.py:2937} INFO - Setting next_dagrun for example_nested_branch_dag to 2022-04-03 00:00:00+00:00
[2022-04-04 21:54:09,160] {processor.py:171} INFO - Processing /home/airflow/.local/lib/python3.7/site-packages/airflow/example_dags/example_nested_branch_dag.py took 0.112 seconds
[2022-04-04 21:54:39,994] {processor.py:163} INFO - Started process (PID=1082) to work on /home/airflow/.local/lib/python3.7/site-packages/airflow/example_dags/example_nested_branch_dag.py
[2022-04-04 21:54:39,995] {processor.py:642} INFO - Processing file /home/airflow/.local/lib/python3.7/site-packages/airflow/example_dags/example_nested_branch_dag.py for tasks to queue
[2022-04-04 21:54:39,996] {logging_mixin.py:109} INFO - [2022-04-04 21:54:39,996] {dagbag.py:500} INFO - Filling up the DagBag from /home/airflow/.local/lib/python3.7/site-packages/airflow/example_dags/example_nested_branch_dag.py
[2022-04-04 21:54:40,015] {processor.py:652} INFO - DAG(s) dict_keys(['example_nested_branch_dag']) retrieved from /home/airflow/.local/lib/python3.7/site-packages/airflow/example_dags/example_nested_branch_dag.py
[2022-04-04 21:54:40,041] {logging_mixin.py:109} INFO - [2022-04-04 21:54:40,040] {dag.py:2398} INFO - Sync 1 DAGs
[2022-04-04 21:54:40,064] {logging_mixin.py:109} INFO - [2022-04-04 21:54:40,064] {dag.py:2937} INFO - Setting next_dagrun for example_nested_branch_dag to 2022-04-03 00:00:00+00:00
[2022-04-04 21:54:40,079] {processor.py:171} INFO - Processing /home/airflow/.local/lib/python3.7/site-packages/airflow/example_dags/example_nested_branch_dag.py took 0.089 seconds
[2022-04-04 21:55:10,176] {processor.py:163} INFO - Started process (PID=1132) to work on /home/airflow/.local/lib/python3.7/site-packages/airflow/example_dags/example_nested_branch_dag.py
[2022-04-04 21:55:10,179] {processor.py:642} INFO - Processing file /home/airflow/.local/lib/python3.7/site-packages/airflow/example_dags/example_nested_branch_dag.py for tasks to queue
[2022-04-04 21:55:10,180] {logging_mixin.py:109} INFO - [2022-04-04 21:55:10,180] {dagbag.py:500} INFO - Filling up the DagBag from /home/airflow/.local/lib/python3.7/site-packages/airflow/example_dags/example_nested_branch_dag.py
[2022-04-04 21:55:10,199] {processor.py:652} INFO - DAG(s) dict_keys(['example_nested_branch_dag']) retrieved from /home/airflow/.local/lib/python3.7/site-packages/airflow/example_dags/example_nested_branch_dag.py
[2022-04-04 21:55:10,225] {logging_mixin.py:109} INFO - [2022-04-04 21:55:10,225] {dag.py:2398} INFO - Sync 1 DAGs
[2022-04-04 21:55:10,247] {logging_mixin.py:109} INFO - [2022-04-04 21:55:10,246] {dag.py:2937} INFO - Setting next_dagrun for example_nested_branch_dag to 2022-04-03 00:00:00+00:00
[2022-04-04 21:55:10,260] {processor.py:171} INFO - Processing /home/airflow/.local/lib/python3.7/site-packages/airflow/example_dags/example_nested_branch_dag.py took 0.088 seconds
[2022-04-04 21:55:40,423] {processor.py:163} INFO - Started process (PID=1193) to work on /home/airflow/.local/lib/python3.7/site-packages/airflow/example_dags/example_nested_branch_dag.py
[2022-04-04 21:55:40,424] {processor.py:642} INFO - Processing file /home/airflow/.local/lib/python3.7/site-packages/airflow/example_dags/example_nested_branch_dag.py for tasks to queue
[2022-04-04 21:55:40,425] {logging_mixin.py:109} INFO - [2022-04-04 21:55:40,425] {dagbag.py:500} INFO - Filling up the DagBag from /home/airflow/.local/lib/python3.7/site-packages/airflow/example_dags/example_nested_branch_dag.py
[2022-04-04 21:55:40,449] {processor.py:652} INFO - DAG(s) dict_keys(['example_nested_branch_dag']) retrieved from /home/airflow/.local/lib/python3.7/site-packages/airflow/example_dags/example_nested_branch_dag.py
[2022-04-04 21:55:40,476] {logging_mixin.py:109} INFO - [2022-04-04 21:55:40,476] {dag.py:2398} INFO - Sync 1 DAGs
[2022-04-04 21:55:40,498] {logging_mixin.py:109} INFO - [2022-04-04 21:55:40,497] {dag.py:2937} INFO - Setting next_dagrun for example_nested_branch_dag to 2022-04-03 00:00:00+00:00
[2022-04-04 21:55:40,511] {processor.py:171} INFO - Processing /home/airflow/.local/lib/python3.7/site-packages/airflow/example_dags/example_nested_branch_dag.py took 0.092 seconds
[2022-04-04 21:56:10,790] {processor.py:163} INFO - Started process (PID=1244) to work on /home/airflow/.local/lib/python3.7/site-packages/airflow/example_dags/example_nested_branch_dag.py
[2022-04-04 21:56:10,791] {processor.py:642} INFO - Processing file /home/airflow/.local/lib/python3.7/site-packages/airflow/example_dags/example_nested_branch_dag.py for tasks to queue
[2022-04-04 21:56:10,792] {logging_mixin.py:109} INFO - [2022-04-04 21:56:10,792] {dagbag.py:500} INFO - Filling up the DagBag from /home/airflow/.local/lib/python3.7/site-packages/airflow/example_dags/example_nested_branch_dag.py
[2022-04-04 21:56:10,812] {processor.py:652} INFO - DAG(s) dict_keys(['example_nested_branch_dag']) retrieved from /home/airflow/.local/lib/python3.7/site-packages/airflow/example_dags/example_nested_branch_dag.py
[2022-04-04 21:56:10,839] {logging_mixin.py:109} INFO - [2022-04-04 21:56:10,839] {dag.py:2398} INFO - Sync 1 DAGs
[2022-04-04 21:56:10,862] {logging_mixin.py:109} INFO - [2022-04-04 21:56:10,862] {dag.py:2937} INFO - Setting next_dagrun for example_nested_branch_dag to 2022-04-03 00:00:00+00:00
[2022-04-04 21:56:10,877] {processor.py:171} INFO - Processing /home/airflow/.local/lib/python3.7/site-packages/airflow/example_dags/example_nested_branch_dag.py took 0.090 seconds
[2022-04-04 21:56:41,230] {processor.py:163} INFO - Started process (PID=1296) to work on /home/airflow/.local/lib/python3.7/site-packages/airflow/example_dags/example_nested_branch_dag.py
[2022-04-04 21:56:41,231] {processor.py:642} INFO - Processing file /home/airflow/.local/lib/python3.7/site-packages/airflow/example_dags/example_nested_branch_dag.py for tasks to queue
[2022-04-04 21:56:41,232] {logging_mixin.py:109} INFO - [2022-04-04 21:56:41,232] {dagbag.py:500} INFO - Filling up the DagBag from /home/airflow/.local/lib/python3.7/site-packages/airflow/example_dags/example_nested_branch_dag.py
[2022-04-04 21:56:41,258] {processor.py:652} INFO - DAG(s) dict_keys(['example_nested_branch_dag']) retrieved from /home/airflow/.local/lib/python3.7/site-packages/airflow/example_dags/example_nested_branch_dag.py
[2022-04-04 21:56:41,285] {logging_mixin.py:109} INFO - [2022-04-04 21:56:41,284] {dag.py:2398} INFO - Sync 1 DAGs
[2022-04-04 21:56:41,307] {logging_mixin.py:109} INFO - [2022-04-04 21:56:41,307] {dag.py:2937} INFO - Setting next_dagrun for example_nested_branch_dag to 2022-04-03 00:00:00+00:00
[2022-04-04 21:56:41,322] {processor.py:171} INFO - Processing /home/airflow/.local/lib/python3.7/site-packages/airflow/example_dags/example_nested_branch_dag.py took 0.097 seconds
[2022-04-04 21:57:11,978] {processor.py:163} INFO - Started process (PID=1358) to work on /home/airflow/.local/lib/python3.7/site-packages/airflow/example_dags/example_nested_branch_dag.py
[2022-04-04 21:57:11,980] {processor.py:642} INFO - Processing file /home/airflow/.local/lib/python3.7/site-packages/airflow/example_dags/example_nested_branch_dag.py for tasks to queue
[2022-04-04 21:57:11,981] {logging_mixin.py:109} INFO - [2022-04-04 21:57:11,981] {dagbag.py:500} INFO - Filling up the DagBag from /home/airflow/.local/lib/python3.7/site-packages/airflow/example_dags/example_nested_branch_dag.py
[2022-04-04 21:57:12,005] {processor.py:652} INFO - DAG(s) dict_keys(['example_nested_branch_dag']) retrieved from /home/airflow/.local/lib/python3.7/site-packages/airflow/example_dags/example_nested_branch_dag.py
[2022-04-04 21:57:12,037] {logging_mixin.py:109} INFO - [2022-04-04 21:57:12,037] {dag.py:2398} INFO - Sync 1 DAGs
[2022-04-04 21:57:12,071] {logging_mixin.py:109} INFO - [2022-04-04 21:57:12,071] {dag.py:2937} INFO - Setting next_dagrun for example_nested_branch_dag to 2022-04-03 00:00:00+00:00
[2022-04-04 21:57:12,088] {processor.py:171} INFO - Processing /home/airflow/.local/lib/python3.7/site-packages/airflow/example_dags/example_nested_branch_dag.py took 0.114 seconds
[2022-04-04 21:57:42,598] {processor.py:163} INFO - Started process (PID=1409) to work on /home/airflow/.local/lib/python3.7/site-packages/airflow/example_dags/example_nested_branch_dag.py
[2022-04-04 21:57:42,599] {processor.py:642} INFO - Processing file /home/airflow/.local/lib/python3.7/site-packages/airflow/example_dags/example_nested_branch_dag.py for tasks to queue
[2022-04-04 21:57:42,600] {logging_mixin.py:109} INFO - [2022-04-04 21:57:42,600] {dagbag.py:500} INFO - Filling up the DagBag from /home/airflow/.local/lib/python3.7/site-packages/airflow/example_dags/example_nested_branch_dag.py
[2022-04-04 21:57:42,620] {processor.py:652} INFO - DAG(s) dict_keys(['example_nested_branch_dag']) retrieved from /home/airflow/.local/lib/python3.7/site-packages/airflow/example_dags/example_nested_branch_dag.py
[2022-04-04 21:57:42,645] {logging_mixin.py:109} INFO - [2022-04-04 21:57:42,645] {dag.py:2398} INFO - Sync 1 DAGs
[2022-04-04 21:57:42,668] {logging_mixin.py:109} INFO - [2022-04-04 21:57:42,668] {dag.py:2937} INFO - Setting next_dagrun for example_nested_branch_dag to 2022-04-03 00:00:00+00:00
[2022-04-04 21:57:42,681] {processor.py:171} INFO - Processing /home/airflow/.local/lib/python3.7/site-packages/airflow/example_dags/example_nested_branch_dag.py took 0.086 seconds
