[2022-04-04 21:47:17,795] {processor.py:163} INFO - Started process (PID=168) to work on /home/airflow/.local/lib/python3.7/site-packages/airflow/example_dags/example_latest_only.py
[2022-04-04 21:47:17,796] {processor.py:642} INFO - Processing file /home/airflow/.local/lib/python3.7/site-packages/airflow/example_dags/example_latest_only.py for tasks to queue
[2022-04-04 21:47:17,796] {logging_mixin.py:109} INFO - [2022-04-04 21:47:17,796] {dagbag.py:500} INFO - Filling up the DagBag from /home/airflow/.local/lib/python3.7/site-packages/airflow/example_dags/example_latest_only.py
[2022-04-04 21:47:17,822] {processor.py:652} INFO - DAG(s) dict_keys(['latest_only']) retrieved from /home/airflow/.local/lib/python3.7/site-packages/airflow/example_dags/example_latest_only.py
[2022-04-04 21:47:20,880] {logging_mixin.py:109} INFO - [2022-04-04 21:47:20,880] {manager.py:496} INFO - Created Permission View: can edit on DAG:latest_only
[2022-04-04 21:47:20,894] {logging_mixin.py:109} INFO - [2022-04-04 21:47:20,894] {manager.py:496} INFO - Created Permission View: can read on DAG:latest_only
[2022-04-04 21:47:20,895] {logging_mixin.py:109} INFO - [2022-04-04 21:47:20,895] {dag.py:2398} INFO - Sync 1 DAGs
[2022-04-04 21:47:20,908] {logging_mixin.py:109} INFO - [2022-04-04 21:47:20,908] {dag.py:2417} INFO - Creating ORM DAG for latest_only
[2022-04-04 21:47:20,919] {logging_mixin.py:109} INFO - [2022-04-04 21:47:20,919] {dag.py:2937} INFO - Setting next_dagrun for latest_only to 2022-04-04T17:47:20.919423+00:00
[2022-04-04 21:47:20,938] {processor.py:171} INFO - Processing /home/airflow/.local/lib/python3.7/site-packages/airflow/example_dags/example_latest_only.py took 3.147 seconds
[2022-04-04 21:47:55,113] {processor.py:163} INFO - Started process (PID=370) to work on /home/airflow/.local/lib/python3.7/site-packages/airflow/example_dags/example_latest_only.py
[2022-04-04 21:47:55,116] {processor.py:642} INFO - Processing file /home/airflow/.local/lib/python3.7/site-packages/airflow/example_dags/example_latest_only.py for tasks to queue
[2022-04-04 21:47:55,117] {logging_mixin.py:109} INFO - [2022-04-04 21:47:55,117] {dagbag.py:500} INFO - Filling up the DagBag from /home/airflow/.local/lib/python3.7/site-packages/airflow/example_dags/example_latest_only.py
[2022-04-04 21:47:55,167] {processor.py:652} INFO - DAG(s) dict_keys(['latest_only']) retrieved from /home/airflow/.local/lib/python3.7/site-packages/airflow/example_dags/example_latest_only.py
[2022-04-04 21:47:55,262] {logging_mixin.py:109} INFO - [2022-04-04 21:47:55,261] {dag.py:2398} INFO - Sync 1 DAGs
[2022-04-04 21:47:55,308] {logging_mixin.py:109} INFO - [2022-04-04 21:47:55,307] {dag.py:2937} INFO - Setting next_dagrun for latest_only to 2022-04-04T17:47:55.305967+00:00
[2022-04-04 21:47:55,325] {processor.py:171} INFO - Processing /home/airflow/.local/lib/python3.7/site-packages/airflow/example_dags/example_latest_only.py took 0.221 seconds
[2022-04-04 21:48:25,495] {processor.py:163} INFO - Started process (PID=423) to work on /home/airflow/.local/lib/python3.7/site-packages/airflow/example_dags/example_latest_only.py
[2022-04-04 21:48:25,497] {processor.py:642} INFO - Processing file /home/airflow/.local/lib/python3.7/site-packages/airflow/example_dags/example_latest_only.py for tasks to queue
[2022-04-04 21:48:25,499] {logging_mixin.py:109} INFO - [2022-04-04 21:48:25,498] {dagbag.py:500} INFO - Filling up the DagBag from /home/airflow/.local/lib/python3.7/site-packages/airflow/example_dags/example_latest_only.py
[2022-04-04 21:48:25,519] {processor.py:652} INFO - DAG(s) dict_keys(['latest_only']) retrieved from /home/airflow/.local/lib/python3.7/site-packages/airflow/example_dags/example_latest_only.py
[2022-04-04 21:48:25,544] {logging_mixin.py:109} INFO - [2022-04-04 21:48:25,544] {dag.py:2398} INFO - Sync 1 DAGs
[2022-04-04 21:48:25,569] {logging_mixin.py:109} INFO - [2022-04-04 21:48:25,569] {dag.py:2937} INFO - Setting next_dagrun for latest_only to 2022-04-04T17:48:25.569267+00:00
[2022-04-04 21:48:25,582] {processor.py:171} INFO - Processing /home/airflow/.local/lib/python3.7/site-packages/airflow/example_dags/example_latest_only.py took 0.092 seconds
[2022-04-04 21:48:56,999] {processor.py:163} INFO - Started process (PID=475) to work on /home/airflow/.local/lib/python3.7/site-packages/airflow/example_dags/example_latest_only.py
[2022-04-04 21:48:57,000] {processor.py:642} INFO - Processing file /home/airflow/.local/lib/python3.7/site-packages/airflow/example_dags/example_latest_only.py for tasks to queue
[2022-04-04 21:48:57,001] {logging_mixin.py:109} INFO - [2022-04-04 21:48:57,001] {dagbag.py:500} INFO - Filling up the DagBag from /home/airflow/.local/lib/python3.7/site-packages/airflow/example_dags/example_latest_only.py
[2022-04-04 21:48:57,019] {processor.py:652} INFO - DAG(s) dict_keys(['latest_only']) retrieved from /home/airflow/.local/lib/python3.7/site-packages/airflow/example_dags/example_latest_only.py
[2022-04-04 21:48:57,045] {logging_mixin.py:109} INFO - [2022-04-04 21:48:57,045] {dag.py:2398} INFO - Sync 1 DAGs
[2022-04-04 21:48:57,067] {logging_mixin.py:109} INFO - [2022-04-04 21:48:57,067] {dag.py:2937} INFO - Setting next_dagrun for latest_only to 2022-04-04T17:48:57.067378+00:00
[2022-04-04 21:48:57,079] {processor.py:171} INFO - Processing /home/airflow/.local/lib/python3.7/site-packages/airflow/example_dags/example_latest_only.py took 0.084 seconds
[2022-04-04 21:49:27,652] {processor.py:163} INFO - Started process (PID=533) to work on /home/airflow/.local/lib/python3.7/site-packages/airflow/example_dags/example_latest_only.py
[2022-04-04 21:49:27,653] {processor.py:642} INFO - Processing file /home/airflow/.local/lib/python3.7/site-packages/airflow/example_dags/example_latest_only.py for tasks to queue
[2022-04-04 21:49:27,654] {logging_mixin.py:109} INFO - [2022-04-04 21:49:27,654] {dagbag.py:500} INFO - Filling up the DagBag from /home/airflow/.local/lib/python3.7/site-packages/airflow/example_dags/example_latest_only.py
[2022-04-04 21:49:27,675] {processor.py:652} INFO - DAG(s) dict_keys(['latest_only']) retrieved from /home/airflow/.local/lib/python3.7/site-packages/airflow/example_dags/example_latest_only.py
[2022-04-04 21:49:27,707] {logging_mixin.py:109} INFO - [2022-04-04 21:49:27,707] {dag.py:2398} INFO - Sync 1 DAGs
[2022-04-04 21:49:27,735] {logging_mixin.py:109} INFO - [2022-04-04 21:49:27,735] {dag.py:2937} INFO - Setting next_dagrun for latest_only to 2022-04-04T17:49:27.734751+00:00
[2022-04-04 21:49:27,752] {processor.py:171} INFO - Processing /home/airflow/.local/lib/python3.7/site-packages/airflow/example_dags/example_latest_only.py took 0.105 seconds
[2022-04-04 21:49:58,506] {processor.py:163} INFO - Started process (PID=587) to work on /home/airflow/.local/lib/python3.7/site-packages/airflow/example_dags/example_latest_only.py
[2022-04-04 21:49:58,508] {processor.py:642} INFO - Processing file /home/airflow/.local/lib/python3.7/site-packages/airflow/example_dags/example_latest_only.py for tasks to queue
[2022-04-04 21:49:58,509] {logging_mixin.py:109} INFO - [2022-04-04 21:49:58,509] {dagbag.py:500} INFO - Filling up the DagBag from /home/airflow/.local/lib/python3.7/site-packages/airflow/example_dags/example_latest_only.py
[2022-04-04 21:49:58,525] {processor.py:652} INFO - DAG(s) dict_keys(['latest_only']) retrieved from /home/airflow/.local/lib/python3.7/site-packages/airflow/example_dags/example_latest_only.py
[2022-04-04 21:49:58,551] {logging_mixin.py:109} INFO - [2022-04-04 21:49:58,551] {dag.py:2398} INFO - Sync 1 DAGs
[2022-04-04 21:49:58,574] {logging_mixin.py:109} INFO - [2022-04-04 21:49:58,574] {dag.py:2937} INFO - Setting next_dagrun for latest_only to 2022-04-04T17:49:58.574124+00:00
[2022-04-04 21:49:58,591] {processor.py:171} INFO - Processing /home/airflow/.local/lib/python3.7/site-packages/airflow/example_dags/example_latest_only.py took 0.088 seconds
[2022-04-04 21:50:29,262] {processor.py:163} INFO - Started process (PID=639) to work on /home/airflow/.local/lib/python3.7/site-packages/airflow/example_dags/example_latest_only.py
[2022-04-04 21:50:29,263] {processor.py:642} INFO - Processing file /home/airflow/.local/lib/python3.7/site-packages/airflow/example_dags/example_latest_only.py for tasks to queue
[2022-04-04 21:50:29,264] {logging_mixin.py:109} INFO - [2022-04-04 21:50:29,264] {dagbag.py:500} INFO - Filling up the DagBag from /home/airflow/.local/lib/python3.7/site-packages/airflow/example_dags/example_latest_only.py
[2022-04-04 21:50:29,304] {processor.py:652} INFO - DAG(s) dict_keys(['latest_only']) retrieved from /home/airflow/.local/lib/python3.7/site-packages/airflow/example_dags/example_latest_only.py
[2022-04-04 21:50:29,353] {logging_mixin.py:109} INFO - [2022-04-04 21:50:29,353] {dag.py:2398} INFO - Sync 1 DAGs
[2022-04-04 21:50:29,382] {logging_mixin.py:109} INFO - [2022-04-04 21:50:29,382] {dag.py:2937} INFO - Setting next_dagrun for latest_only to 2022-04-04T17:50:29.382147+00:00
[2022-04-04 21:50:29,400] {processor.py:171} INFO - Processing /home/airflow/.local/lib/python3.7/site-packages/airflow/example_dags/example_latest_only.py took 0.141 seconds
[2022-04-04 21:51:00,240] {processor.py:163} INFO - Started process (PID=690) to work on /home/airflow/.local/lib/python3.7/site-packages/airflow/example_dags/example_latest_only.py
[2022-04-04 21:51:00,242] {processor.py:642} INFO - Processing file /home/airflow/.local/lib/python3.7/site-packages/airflow/example_dags/example_latest_only.py for tasks to queue
[2022-04-04 21:51:00,243] {logging_mixin.py:109} INFO - [2022-04-04 21:51:00,243] {dagbag.py:500} INFO - Filling up the DagBag from /home/airflow/.local/lib/python3.7/site-packages/airflow/example_dags/example_latest_only.py
[2022-04-04 21:51:00,269] {processor.py:652} INFO - DAG(s) dict_keys(['latest_only']) retrieved from /home/airflow/.local/lib/python3.7/site-packages/airflow/example_dags/example_latest_only.py
[2022-04-04 21:51:00,349] {logging_mixin.py:109} INFO - [2022-04-04 21:51:00,349] {dag.py:2398} INFO - Sync 1 DAGs
[2022-04-04 21:51:00,388] {logging_mixin.py:109} INFO - [2022-04-04 21:51:00,388] {dag.py:2937} INFO - Setting next_dagrun for latest_only to 2022-04-04T17:51:00.387217+00:00
[2022-04-04 21:51:00,406] {processor.py:171} INFO - Processing /home/airflow/.local/lib/python3.7/site-packages/airflow/example_dags/example_latest_only.py took 0.172 seconds
[2022-04-04 21:51:31,056] {processor.py:163} INFO - Started process (PID=750) to work on /home/airflow/.local/lib/python3.7/site-packages/airflow/example_dags/example_latest_only.py
[2022-04-04 21:51:31,057] {processor.py:642} INFO - Processing file /home/airflow/.local/lib/python3.7/site-packages/airflow/example_dags/example_latest_only.py for tasks to queue
[2022-04-04 21:51:31,058] {logging_mixin.py:109} INFO - [2022-04-04 21:51:31,058] {dagbag.py:500} INFO - Filling up the DagBag from /home/airflow/.local/lib/python3.7/site-packages/airflow/example_dags/example_latest_only.py
[2022-04-04 21:51:31,077] {processor.py:652} INFO - DAG(s) dict_keys(['latest_only']) retrieved from /home/airflow/.local/lib/python3.7/site-packages/airflow/example_dags/example_latest_only.py
[2022-04-04 21:51:31,106] {logging_mixin.py:109} INFO - [2022-04-04 21:51:31,105] {dag.py:2398} INFO - Sync 1 DAGs
[2022-04-04 21:51:31,129] {logging_mixin.py:109} INFO - [2022-04-04 21:51:31,128] {dag.py:2937} INFO - Setting next_dagrun for latest_only to 2022-04-04T17:51:31.128633+00:00
[2022-04-04 21:51:31,142] {processor.py:171} INFO - Processing /home/airflow/.local/lib/python3.7/site-packages/airflow/example_dags/example_latest_only.py took 0.090 seconds
[2022-04-04 21:52:01,880] {processor.py:163} INFO - Started process (PID=802) to work on /home/airflow/.local/lib/python3.7/site-packages/airflow/example_dags/example_latest_only.py
[2022-04-04 21:52:01,883] {processor.py:642} INFO - Processing file /home/airflow/.local/lib/python3.7/site-packages/airflow/example_dags/example_latest_only.py for tasks to queue
[2022-04-04 21:52:01,884] {logging_mixin.py:109} INFO - [2022-04-04 21:52:01,884] {dagbag.py:500} INFO - Filling up the DagBag from /home/airflow/.local/lib/python3.7/site-packages/airflow/example_dags/example_latest_only.py
[2022-04-04 21:52:01,911] {processor.py:652} INFO - DAG(s) dict_keys(['latest_only']) retrieved from /home/airflow/.local/lib/python3.7/site-packages/airflow/example_dags/example_latest_only.py
[2022-04-04 21:52:01,941] {logging_mixin.py:109} INFO - [2022-04-04 21:52:01,941] {dag.py:2398} INFO - Sync 1 DAGs
[2022-04-04 21:52:01,964] {logging_mixin.py:109} INFO - [2022-04-04 21:52:01,964] {dag.py:2937} INFO - Setting next_dagrun for latest_only to 2022-04-04T17:52:01.964058+00:00
[2022-04-04 21:52:01,977] {processor.py:171} INFO - Processing /home/airflow/.local/lib/python3.7/site-packages/airflow/example_dags/example_latest_only.py took 0.101 seconds
[2022-04-04 21:52:32,392] {processor.py:163} INFO - Started process (PID=853) to work on /home/airflow/.local/lib/python3.7/site-packages/airflow/example_dags/example_latest_only.py
[2022-04-04 21:52:32,393] {processor.py:642} INFO - Processing file /home/airflow/.local/lib/python3.7/site-packages/airflow/example_dags/example_latest_only.py for tasks to queue
[2022-04-04 21:52:32,394] {logging_mixin.py:109} INFO - [2022-04-04 21:52:32,393] {dagbag.py:500} INFO - Filling up the DagBag from /home/airflow/.local/lib/python3.7/site-packages/airflow/example_dags/example_latest_only.py
[2022-04-04 21:52:32,415] {processor.py:652} INFO - DAG(s) dict_keys(['latest_only']) retrieved from /home/airflow/.local/lib/python3.7/site-packages/airflow/example_dags/example_latest_only.py
[2022-04-04 21:52:32,441] {logging_mixin.py:109} INFO - [2022-04-04 21:52:32,440] {dag.py:2398} INFO - Sync 1 DAGs
[2022-04-04 21:52:32,467] {logging_mixin.py:109} INFO - [2022-04-04 21:52:32,467] {dag.py:2937} INFO - Setting next_dagrun for latest_only to 2022-04-04T17:52:32.466716+00:00
[2022-04-04 21:52:32,485] {processor.py:171} INFO - Processing /home/airflow/.local/lib/python3.7/site-packages/airflow/example_dags/example_latest_only.py took 0.096 seconds
[2022-04-04 21:53:03,561] {processor.py:163} INFO - Started process (PID=913) to work on /home/airflow/.local/lib/python3.7/site-packages/airflow/example_dags/example_latest_only.py
[2022-04-04 21:53:03,563] {processor.py:642} INFO - Processing file /home/airflow/.local/lib/python3.7/site-packages/airflow/example_dags/example_latest_only.py for tasks to queue
[2022-04-04 21:53:03,564] {logging_mixin.py:109} INFO - [2022-04-04 21:53:03,564] {dagbag.py:500} INFO - Filling up the DagBag from /home/airflow/.local/lib/python3.7/site-packages/airflow/example_dags/example_latest_only.py
[2022-04-04 21:53:03,582] {processor.py:652} INFO - DAG(s) dict_keys(['latest_only']) retrieved from /home/airflow/.local/lib/python3.7/site-packages/airflow/example_dags/example_latest_only.py
[2022-04-04 21:53:03,607] {logging_mixin.py:109} INFO - [2022-04-04 21:53:03,607] {dag.py:2398} INFO - Sync 1 DAGs
[2022-04-04 21:53:03,640] {logging_mixin.py:109} INFO - [2022-04-04 21:53:03,640] {dag.py:2937} INFO - Setting next_dagrun for latest_only to 2022-04-04T17:53:03.639774+00:00
[2022-04-04 21:53:03,655] {processor.py:171} INFO - Processing /home/airflow/.local/lib/python3.7/site-packages/airflow/example_dags/example_latest_only.py took 0.098 seconds
[2022-04-04 21:53:34,883] {processor.py:163} INFO - Started process (PID=964) to work on /home/airflow/.local/lib/python3.7/site-packages/airflow/example_dags/example_latest_only.py
[2022-04-04 21:53:34,884] {processor.py:642} INFO - Processing file /home/airflow/.local/lib/python3.7/site-packages/airflow/example_dags/example_latest_only.py for tasks to queue
[2022-04-04 21:53:34,885] {logging_mixin.py:109} INFO - [2022-04-04 21:53:34,885] {dagbag.py:500} INFO - Filling up the DagBag from /home/airflow/.local/lib/python3.7/site-packages/airflow/example_dags/example_latest_only.py
[2022-04-04 21:53:34,902] {processor.py:652} INFO - DAG(s) dict_keys(['latest_only']) retrieved from /home/airflow/.local/lib/python3.7/site-packages/airflow/example_dags/example_latest_only.py
[2022-04-04 21:53:34,927] {logging_mixin.py:109} INFO - [2022-04-04 21:53:34,927] {dag.py:2398} INFO - Sync 1 DAGs
[2022-04-04 21:53:34,947] {logging_mixin.py:109} INFO - [2022-04-04 21:53:34,947] {dag.py:2937} INFO - Setting next_dagrun for latest_only to 2022-04-04T17:53:34.946875+00:00
[2022-04-04 21:53:34,959] {processor.py:171} INFO - Processing /home/airflow/.local/lib/python3.7/site-packages/airflow/example_dags/example_latest_only.py took 0.079 seconds
[2022-04-04 21:54:05,678] {processor.py:163} INFO - Started process (PID=1027) to work on /home/airflow/.local/lib/python3.7/site-packages/airflow/example_dags/example_latest_only.py
[2022-04-04 21:54:05,680] {processor.py:642} INFO - Processing file /home/airflow/.local/lib/python3.7/site-packages/airflow/example_dags/example_latest_only.py for tasks to queue
[2022-04-04 21:54:05,681] {logging_mixin.py:109} INFO - [2022-04-04 21:54:05,681] {dagbag.py:500} INFO - Filling up the DagBag from /home/airflow/.local/lib/python3.7/site-packages/airflow/example_dags/example_latest_only.py
[2022-04-04 21:54:05,710] {processor.py:652} INFO - DAG(s) dict_keys(['latest_only']) retrieved from /home/airflow/.local/lib/python3.7/site-packages/airflow/example_dags/example_latest_only.py
[2022-04-04 21:54:05,744] {logging_mixin.py:109} INFO - [2022-04-04 21:54:05,744] {dag.py:2398} INFO - Sync 1 DAGs
[2022-04-04 21:54:05,770] {logging_mixin.py:109} INFO - [2022-04-04 21:54:05,770] {dag.py:2937} INFO - Setting next_dagrun for latest_only to 2022-04-04T17:54:05.769664+00:00
[2022-04-04 21:54:05,788] {processor.py:171} INFO - Processing /home/airflow/.local/lib/python3.7/site-packages/airflow/example_dags/example_latest_only.py took 0.116 seconds
[2022-04-04 21:54:36,477] {processor.py:163} INFO - Started process (PID=1077) to work on /home/airflow/.local/lib/python3.7/site-packages/airflow/example_dags/example_latest_only.py
[2022-04-04 21:54:36,479] {processor.py:642} INFO - Processing file /home/airflow/.local/lib/python3.7/site-packages/airflow/example_dags/example_latest_only.py for tasks to queue
[2022-04-04 21:54:36,480] {logging_mixin.py:109} INFO - [2022-04-04 21:54:36,480] {dagbag.py:500} INFO - Filling up the DagBag from /home/airflow/.local/lib/python3.7/site-packages/airflow/example_dags/example_latest_only.py
[2022-04-04 21:54:36,509] {processor.py:652} INFO - DAG(s) dict_keys(['latest_only']) retrieved from /home/airflow/.local/lib/python3.7/site-packages/airflow/example_dags/example_latest_only.py
[2022-04-04 21:54:36,607] {logging_mixin.py:109} INFO - [2022-04-04 21:54:36,606] {dag.py:2398} INFO - Sync 1 DAGs
[2022-04-04 21:54:36,650] {logging_mixin.py:109} INFO - [2022-04-04 21:54:36,650] {dag.py:2937} INFO - Setting next_dagrun for latest_only to 2022-04-04T17:54:36.649920+00:00
[2022-04-04 21:54:36,669] {processor.py:171} INFO - Processing /home/airflow/.local/lib/python3.7/site-packages/airflow/example_dags/example_latest_only.py took 0.202 seconds
[2022-04-04 21:55:07,719] {processor.py:163} INFO - Started process (PID=1128) to work on /home/airflow/.local/lib/python3.7/site-packages/airflow/example_dags/example_latest_only.py
[2022-04-04 21:55:07,720] {processor.py:642} INFO - Processing file /home/airflow/.local/lib/python3.7/site-packages/airflow/example_dags/example_latest_only.py for tasks to queue
[2022-04-04 21:55:07,721] {logging_mixin.py:109} INFO - [2022-04-04 21:55:07,721] {dagbag.py:500} INFO - Filling up the DagBag from /home/airflow/.local/lib/python3.7/site-packages/airflow/example_dags/example_latest_only.py
[2022-04-04 21:55:07,737] {processor.py:652} INFO - DAG(s) dict_keys(['latest_only']) retrieved from /home/airflow/.local/lib/python3.7/site-packages/airflow/example_dags/example_latest_only.py
[2022-04-04 21:55:07,762] {logging_mixin.py:109} INFO - [2022-04-04 21:55:07,761] {dag.py:2398} INFO - Sync 1 DAGs
[2022-04-04 21:55:07,783] {logging_mixin.py:109} INFO - [2022-04-04 21:55:07,783] {dag.py:2937} INFO - Setting next_dagrun for latest_only to 2022-04-04T17:55:07.782723+00:00
[2022-04-04 21:55:07,795] {processor.py:171} INFO - Processing /home/airflow/.local/lib/python3.7/site-packages/airflow/example_dags/example_latest_only.py took 0.080 seconds
[2022-04-04 21:55:38,919] {processor.py:163} INFO - Started process (PID=1189) to work on /home/airflow/.local/lib/python3.7/site-packages/airflow/example_dags/example_latest_only.py
[2022-04-04 21:55:38,921] {processor.py:642} INFO - Processing file /home/airflow/.local/lib/python3.7/site-packages/airflow/example_dags/example_latest_only.py for tasks to queue
[2022-04-04 21:55:38,922] {logging_mixin.py:109} INFO - [2022-04-04 21:55:38,922] {dagbag.py:500} INFO - Filling up the DagBag from /home/airflow/.local/lib/python3.7/site-packages/airflow/example_dags/example_latest_only.py
[2022-04-04 21:55:38,938] {processor.py:652} INFO - DAG(s) dict_keys(['latest_only']) retrieved from /home/airflow/.local/lib/python3.7/site-packages/airflow/example_dags/example_latest_only.py
[2022-04-04 21:55:38,962] {logging_mixin.py:109} INFO - [2022-04-04 21:55:38,962] {dag.py:2398} INFO - Sync 1 DAGs
[2022-04-04 21:55:38,987] {logging_mixin.py:109} INFO - [2022-04-04 21:55:38,987] {dag.py:2937} INFO - Setting next_dagrun for latest_only to 2022-04-04T17:55:38.986831+00:00
[2022-04-04 21:55:39,003] {processor.py:171} INFO - Processing /home/airflow/.local/lib/python3.7/site-packages/airflow/example_dags/example_latest_only.py took 0.088 seconds
[2022-04-04 21:56:09,170] {processor.py:163} INFO - Started process (PID=1238) to work on /home/airflow/.local/lib/python3.7/site-packages/airflow/example_dags/example_latest_only.py
[2022-04-04 21:56:09,171] {processor.py:642} INFO - Processing file /home/airflow/.local/lib/python3.7/site-packages/airflow/example_dags/example_latest_only.py for tasks to queue
[2022-04-04 21:56:09,172] {logging_mixin.py:109} INFO - [2022-04-04 21:56:09,172] {dagbag.py:500} INFO - Filling up the DagBag from /home/airflow/.local/lib/python3.7/site-packages/airflow/example_dags/example_latest_only.py
[2022-04-04 21:56:09,191] {processor.py:652} INFO - DAG(s) dict_keys(['latest_only']) retrieved from /home/airflow/.local/lib/python3.7/site-packages/airflow/example_dags/example_latest_only.py
[2022-04-04 21:56:09,222] {logging_mixin.py:109} INFO - [2022-04-04 21:56:09,222] {dag.py:2398} INFO - Sync 1 DAGs
[2022-04-04 21:56:09,249] {logging_mixin.py:109} INFO - [2022-04-04 21:56:09,249] {dag.py:2937} INFO - Setting next_dagrun for latest_only to 2022-04-04T17:56:09.249554+00:00
[2022-04-04 21:56:09,263] {processor.py:171} INFO - Processing /home/airflow/.local/lib/python3.7/site-packages/airflow/example_dags/example_latest_only.py took 0.098 seconds
[2022-04-04 21:56:40,400] {processor.py:163} INFO - Started process (PID=1290) to work on /home/airflow/.local/lib/python3.7/site-packages/airflow/example_dags/example_latest_only.py
[2022-04-04 21:56:40,402] {processor.py:642} INFO - Processing file /home/airflow/.local/lib/python3.7/site-packages/airflow/example_dags/example_latest_only.py for tasks to queue
[2022-04-04 21:56:40,402] {logging_mixin.py:109} INFO - [2022-04-04 21:56:40,402] {dagbag.py:500} INFO - Filling up the DagBag from /home/airflow/.local/lib/python3.7/site-packages/airflow/example_dags/example_latest_only.py
[2022-04-04 21:56:40,422] {processor.py:652} INFO - DAG(s) dict_keys(['latest_only']) retrieved from /home/airflow/.local/lib/python3.7/site-packages/airflow/example_dags/example_latest_only.py
[2022-04-04 21:56:40,450] {logging_mixin.py:109} INFO - [2022-04-04 21:56:40,450] {dag.py:2398} INFO - Sync 1 DAGs
[2022-04-04 21:56:40,477] {logging_mixin.py:109} INFO - [2022-04-04 21:56:40,477] {dag.py:2937} INFO - Setting next_dagrun for latest_only to 2022-04-04T17:56:40.477093+00:00
[2022-04-04 21:56:40,493] {processor.py:171} INFO - Processing /home/airflow/.local/lib/python3.7/site-packages/airflow/example_dags/example_latest_only.py took 0.096 seconds
[2022-04-04 21:57:11,214] {processor.py:163} INFO - Started process (PID=1352) to work on /home/airflow/.local/lib/python3.7/site-packages/airflow/example_dags/example_latest_only.py
[2022-04-04 21:57:11,216] {processor.py:642} INFO - Processing file /home/airflow/.local/lib/python3.7/site-packages/airflow/example_dags/example_latest_only.py for tasks to queue
[2022-04-04 21:57:11,217] {logging_mixin.py:109} INFO - [2022-04-04 21:57:11,217] {dagbag.py:500} INFO - Filling up the DagBag from /home/airflow/.local/lib/python3.7/site-packages/airflow/example_dags/example_latest_only.py
[2022-04-04 21:57:11,239] {processor.py:652} INFO - DAG(s) dict_keys(['latest_only']) retrieved from /home/airflow/.local/lib/python3.7/site-packages/airflow/example_dags/example_latest_only.py
[2022-04-04 21:57:11,268] {logging_mixin.py:109} INFO - [2022-04-04 21:57:11,268] {dag.py:2398} INFO - Sync 1 DAGs
[2022-04-04 21:57:11,296] {logging_mixin.py:109} INFO - [2022-04-04 21:57:11,295] {dag.py:2937} INFO - Setting next_dagrun for latest_only to 2022-04-04T17:57:11.295342+00:00
[2022-04-04 21:57:11,311] {processor.py:171} INFO - Processing /home/airflow/.local/lib/python3.7/site-packages/airflow/example_dags/example_latest_only.py took 0.101 seconds
[2022-04-04 21:57:42,293] {processor.py:163} INFO - Started process (PID=1404) to work on /home/airflow/.local/lib/python3.7/site-packages/airflow/example_dags/example_latest_only.py
[2022-04-04 21:57:42,295] {processor.py:642} INFO - Processing file /home/airflow/.local/lib/python3.7/site-packages/airflow/example_dags/example_latest_only.py for tasks to queue
[2022-04-04 21:57:42,295] {logging_mixin.py:109} INFO - [2022-04-04 21:57:42,295] {dagbag.py:500} INFO - Filling up the DagBag from /home/airflow/.local/lib/python3.7/site-packages/airflow/example_dags/example_latest_only.py
[2022-04-04 21:57:42,312] {processor.py:652} INFO - DAG(s) dict_keys(['latest_only']) retrieved from /home/airflow/.local/lib/python3.7/site-packages/airflow/example_dags/example_latest_only.py
[2022-04-04 21:57:42,336] {logging_mixin.py:109} INFO - [2022-04-04 21:57:42,336] {dag.py:2398} INFO - Sync 1 DAGs
[2022-04-04 21:57:42,359] {logging_mixin.py:109} INFO - [2022-04-04 21:57:42,358] {dag.py:2937} INFO - Setting next_dagrun for latest_only to 2022-04-04T17:57:42.358652+00:00
[2022-04-04 21:57:42,370] {processor.py:171} INFO - Processing /home/airflow/.local/lib/python3.7/site-packages/airflow/example_dags/example_latest_only.py took 0.081 seconds
[2022-04-04 21:58:13,224] {processor.py:163} INFO - Started process (PID=1456) to work on /home/airflow/.local/lib/python3.7/site-packages/airflow/example_dags/example_latest_only.py
[2022-04-04 21:58:13,225] {processor.py:642} INFO - Processing file /home/airflow/.local/lib/python3.7/site-packages/airflow/example_dags/example_latest_only.py for tasks to queue
[2022-04-04 21:58:13,226] {logging_mixin.py:109} INFO - [2022-04-04 21:58:13,226] {dagbag.py:500} INFO - Filling up the DagBag from /home/airflow/.local/lib/python3.7/site-packages/airflow/example_dags/example_latest_only.py
[2022-04-04 21:58:13,248] {processor.py:652} INFO - DAG(s) dict_keys(['latest_only']) retrieved from /home/airflow/.local/lib/python3.7/site-packages/airflow/example_dags/example_latest_only.py
[2022-04-04 21:58:13,280] {logging_mixin.py:109} INFO - [2022-04-04 21:58:13,279] {dag.py:2398} INFO - Sync 1 DAGs
[2022-04-04 21:58:13,309] {logging_mixin.py:109} INFO - [2022-04-04 21:58:13,309] {dag.py:2937} INFO - Setting next_dagrun for latest_only to 2022-04-04T17:58:13.309226+00:00
[2022-04-04 21:58:13,327] {processor.py:171} INFO - Processing /home/airflow/.local/lib/python3.7/site-packages/airflow/example_dags/example_latest_only.py took 0.108 seconds
[2022-04-04 21:58:44,212] {processor.py:163} INFO - Started process (PID=1514) to work on /home/airflow/.local/lib/python3.7/site-packages/airflow/example_dags/example_latest_only.py
[2022-04-04 21:58:44,213] {processor.py:642} INFO - Processing file /home/airflow/.local/lib/python3.7/site-packages/airflow/example_dags/example_latest_only.py for tasks to queue
[2022-04-04 21:58:44,214] {logging_mixin.py:109} INFO - [2022-04-04 21:58:44,214] {dagbag.py:500} INFO - Filling up the DagBag from /home/airflow/.local/lib/python3.7/site-packages/airflow/example_dags/example_latest_only.py
[2022-04-04 21:58:44,233] {processor.py:652} INFO - DAG(s) dict_keys(['latest_only']) retrieved from /home/airflow/.local/lib/python3.7/site-packages/airflow/example_dags/example_latest_only.py
[2022-04-04 21:58:44,261] {logging_mixin.py:109} INFO - [2022-04-04 21:58:44,261] {dag.py:2398} INFO - Sync 1 DAGs
[2022-04-04 21:58:44,287] {logging_mixin.py:109} INFO - [2022-04-04 21:58:44,287] {dag.py:2937} INFO - Setting next_dagrun for latest_only to 2022-04-04T17:58:44.286630+00:00
[2022-04-04 21:58:44,304] {processor.py:171} INFO - Processing /home/airflow/.local/lib/python3.7/site-packages/airflow/example_dags/example_latest_only.py took 0.098 seconds
[2022-04-04 21:59:15,327] {processor.py:163} INFO - Started process (PID=1567) to work on /home/airflow/.local/lib/python3.7/site-packages/airflow/example_dags/example_latest_only.py
[2022-04-04 21:59:15,328] {processor.py:642} INFO - Processing file /home/airflow/.local/lib/python3.7/site-packages/airflow/example_dags/example_latest_only.py for tasks to queue
[2022-04-04 21:59:15,329] {logging_mixin.py:109} INFO - [2022-04-04 21:59:15,329] {dagbag.py:500} INFO - Filling up the DagBag from /home/airflow/.local/lib/python3.7/site-packages/airflow/example_dags/example_latest_only.py
[2022-04-04 21:59:15,356] {processor.py:652} INFO - DAG(s) dict_keys(['latest_only']) retrieved from /home/airflow/.local/lib/python3.7/site-packages/airflow/example_dags/example_latest_only.py
[2022-04-04 21:59:15,391] {logging_mixin.py:109} INFO - [2022-04-04 21:59:15,391] {dag.py:2398} INFO - Sync 1 DAGs
[2022-04-04 21:59:15,418] {logging_mixin.py:109} INFO - [2022-04-04 21:59:15,417] {dag.py:2937} INFO - Setting next_dagrun for latest_only to 2022-04-04T17:59:15.417537+00:00
[2022-04-04 21:59:15,431] {processor.py:171} INFO - Processing /home/airflow/.local/lib/python3.7/site-packages/airflow/example_dags/example_latest_only.py took 0.109 seconds
