[2022-04-04 21:46:57,454] {processor.py:163} INFO - Started process (PID=68) to work on /home/airflow/.local/lib/python3.7/site-packages/airflow/example_dags/example_xcom.py
[2022-04-04 21:46:57,455] {processor.py:642} INFO - Processing file /home/airflow/.local/lib/python3.7/site-packages/airflow/example_dags/example_xcom.py for tasks to queue
[2022-04-04 21:46:57,456] {logging_mixin.py:109} INFO - [2022-04-04 21:46:57,455] {dagbag.py:500} INFO - Filling up the DagBag from /home/airflow/.local/lib/python3.7/site-packages/airflow/example_dags/example_xcom.py
[2022-04-04 21:46:57,527] {processor.py:652} INFO - DAG(s) dict_keys(['example_xcom']) retrieved from /home/airflow/.local/lib/python3.7/site-packages/airflow/example_dags/example_xcom.py
[2022-04-04 21:47:01,090] {logging_mixin.py:109} INFO - [2022-04-04 21:47:01,090] {manager.py:496} INFO - Created Permission View: can edit on DAG:example_xcom
[2022-04-04 21:47:01,124] {logging_mixin.py:109} INFO - [2022-04-04 21:47:01,124] {manager.py:496} INFO - Created Permission View: can read on DAG:example_xcom
[2022-04-04 21:47:01,125] {logging_mixin.py:109} INFO - [2022-04-04 21:47:01,124] {dag.py:2398} INFO - Sync 1 DAGs
[2022-04-04 21:47:01,144] {logging_mixin.py:109} INFO - [2022-04-04 21:47:01,143] {dag.py:2417} INFO - Creating ORM DAG for example_xcom
[2022-04-04 21:47:01,171] {logging_mixin.py:109} INFO - [2022-04-04 21:47:01,171] {dag.py:2937} INFO - Setting next_dagrun for example_xcom to 2021-01-01T00:00:00+00:00
[2022-04-04 21:47:01,221] {processor.py:171} INFO - Processing /home/airflow/.local/lib/python3.7/site-packages/airflow/example_dags/example_xcom.py took 3.771 seconds
[2022-04-04 21:47:52,930] {processor.py:163} INFO - Started process (PID=357) to work on /home/airflow/.local/lib/python3.7/site-packages/airflow/example_dags/example_xcom.py
[2022-04-04 21:47:52,931] {processor.py:642} INFO - Processing file /home/airflow/.local/lib/python3.7/site-packages/airflow/example_dags/example_xcom.py for tasks to queue
[2022-04-04 21:47:52,932] {logging_mixin.py:109} INFO - [2022-04-04 21:47:52,932] {dagbag.py:500} INFO - Filling up the DagBag from /home/airflow/.local/lib/python3.7/site-packages/airflow/example_dags/example_xcom.py
[2022-04-04 21:47:52,985] {processor.py:652} INFO - DAG(s) dict_keys(['example_xcom']) retrieved from /home/airflow/.local/lib/python3.7/site-packages/airflow/example_dags/example_xcom.py
[2022-04-04 21:47:53,522] {logging_mixin.py:109} INFO - [2022-04-04 21:47:53,522] {dag.py:2398} INFO - Sync 1 DAGs
[2022-04-04 21:47:53,546] {logging_mixin.py:109} INFO - [2022-04-04 21:47:53,546] {dag.py:2937} INFO - Setting next_dagrun for example_xcom to 2021-01-01T00:00:00+00:00
[2022-04-04 21:47:53,568] {processor.py:171} INFO - Processing /home/airflow/.local/lib/python3.7/site-packages/airflow/example_dags/example_xcom.py took 0.641 seconds
[2022-04-04 21:48:23,697] {processor.py:163} INFO - Started process (PID=413) to work on /home/airflow/.local/lib/python3.7/site-packages/airflow/example_dags/example_xcom.py
[2022-04-04 21:48:23,699] {processor.py:642} INFO - Processing file /home/airflow/.local/lib/python3.7/site-packages/airflow/example_dags/example_xcom.py for tasks to queue
[2022-04-04 21:48:23,700] {logging_mixin.py:109} INFO - [2022-04-04 21:48:23,700] {dagbag.py:500} INFO - Filling up the DagBag from /home/airflow/.local/lib/python3.7/site-packages/airflow/example_dags/example_xcom.py
[2022-04-04 21:48:23,738] {processor.py:652} INFO - DAG(s) dict_keys(['example_xcom']) retrieved from /home/airflow/.local/lib/python3.7/site-packages/airflow/example_dags/example_xcom.py
[2022-04-04 21:48:24,289] {logging_mixin.py:109} INFO - [2022-04-04 21:48:24,289] {dag.py:2398} INFO - Sync 1 DAGs
[2022-04-04 21:48:24,322] {logging_mixin.py:109} INFO - [2022-04-04 21:48:24,322] {dag.py:2937} INFO - Setting next_dagrun for example_xcom to 2021-01-01T00:00:00+00:00
[2022-04-04 21:48:24,357] {processor.py:171} INFO - Processing /home/airflow/.local/lib/python3.7/site-packages/airflow/example_dags/example_xcom.py took 0.664 seconds
[2022-04-04 21:48:54,507] {processor.py:163} INFO - Started process (PID=463) to work on /home/airflow/.local/lib/python3.7/site-packages/airflow/example_dags/example_xcom.py
[2022-04-04 21:48:54,509] {processor.py:642} INFO - Processing file /home/airflow/.local/lib/python3.7/site-packages/airflow/example_dags/example_xcom.py for tasks to queue
[2022-04-04 21:48:54,510] {logging_mixin.py:109} INFO - [2022-04-04 21:48:54,510] {dagbag.py:500} INFO - Filling up the DagBag from /home/airflow/.local/lib/python3.7/site-packages/airflow/example_dags/example_xcom.py
[2022-04-04 21:48:54,537] {processor.py:652} INFO - DAG(s) dict_keys(['example_xcom']) retrieved from /home/airflow/.local/lib/python3.7/site-packages/airflow/example_dags/example_xcom.py
[2022-04-04 21:48:54,900] {logging_mixin.py:109} INFO - [2022-04-04 21:48:54,900] {dag.py:2398} INFO - Sync 1 DAGs
[2022-04-04 21:48:54,918] {logging_mixin.py:109} INFO - [2022-04-04 21:48:54,918] {dag.py:2937} INFO - Setting next_dagrun for example_xcom to 2021-01-01T00:00:00+00:00
[2022-04-04 21:48:54,932] {processor.py:171} INFO - Processing /home/airflow/.local/lib/python3.7/site-packages/airflow/example_dags/example_xcom.py took 0.428 seconds
[2022-04-04 21:49:25,015] {processor.py:163} INFO - Started process (PID=514) to work on /home/airflow/.local/lib/python3.7/site-packages/airflow/example_dags/example_xcom.py
[2022-04-04 21:49:25,019] {processor.py:642} INFO - Processing file /home/airflow/.local/lib/python3.7/site-packages/airflow/example_dags/example_xcom.py for tasks to queue
[2022-04-04 21:49:25,020] {logging_mixin.py:109} INFO - [2022-04-04 21:49:25,020] {dagbag.py:500} INFO - Filling up the DagBag from /home/airflow/.local/lib/python3.7/site-packages/airflow/example_dags/example_xcom.py
[2022-04-04 21:49:25,049] {processor.py:652} INFO - DAG(s) dict_keys(['example_xcom']) retrieved from /home/airflow/.local/lib/python3.7/site-packages/airflow/example_dags/example_xcom.py
[2022-04-04 21:49:25,455] {logging_mixin.py:109} INFO - [2022-04-04 21:49:25,455] {dag.py:2398} INFO - Sync 1 DAGs
[2022-04-04 21:49:25,478] {logging_mixin.py:109} INFO - [2022-04-04 21:49:25,478] {dag.py:2937} INFO - Setting next_dagrun for example_xcom to 2021-01-01T00:00:00+00:00
[2022-04-04 21:49:25,493] {processor.py:171} INFO - Processing /home/airflow/.local/lib/python3.7/site-packages/airflow/example_dags/example_xcom.py took 0.481 seconds
[2022-04-04 21:49:55,800] {processor.py:163} INFO - Started process (PID=575) to work on /home/airflow/.local/lib/python3.7/site-packages/airflow/example_dags/example_xcom.py
[2022-04-04 21:49:55,801] {processor.py:642} INFO - Processing file /home/airflow/.local/lib/python3.7/site-packages/airflow/example_dags/example_xcom.py for tasks to queue
[2022-04-04 21:49:55,802] {logging_mixin.py:109} INFO - [2022-04-04 21:49:55,802] {dagbag.py:500} INFO - Filling up the DagBag from /home/airflow/.local/lib/python3.7/site-packages/airflow/example_dags/example_xcom.py
[2022-04-04 21:49:55,837] {processor.py:652} INFO - DAG(s) dict_keys(['example_xcom']) retrieved from /home/airflow/.local/lib/python3.7/site-packages/airflow/example_dags/example_xcom.py
[2022-04-04 21:49:56,394] {logging_mixin.py:109} INFO - [2022-04-04 21:49:56,394] {dag.py:2398} INFO - Sync 1 DAGs
[2022-04-04 21:49:56,414] {logging_mixin.py:109} INFO - [2022-04-04 21:49:56,414] {dag.py:2937} INFO - Setting next_dagrun for example_xcom to 2021-01-01T00:00:00+00:00
[2022-04-04 21:49:56,432] {processor.py:171} INFO - Processing /home/airflow/.local/lib/python3.7/site-packages/airflow/example_dags/example_xcom.py took 0.636 seconds
[2022-04-04 21:50:27,272] {processor.py:163} INFO - Started process (PID=630) to work on /home/airflow/.local/lib/python3.7/site-packages/airflow/example_dags/example_xcom.py
[2022-04-04 21:50:27,274] {processor.py:642} INFO - Processing file /home/airflow/.local/lib/python3.7/site-packages/airflow/example_dags/example_xcom.py for tasks to queue
[2022-04-04 21:50:27,274] {logging_mixin.py:109} INFO - [2022-04-04 21:50:27,274] {dagbag.py:500} INFO - Filling up the DagBag from /home/airflow/.local/lib/python3.7/site-packages/airflow/example_dags/example_xcom.py
[2022-04-04 21:50:27,299] {processor.py:652} INFO - DAG(s) dict_keys(['example_xcom']) retrieved from /home/airflow/.local/lib/python3.7/site-packages/airflow/example_dags/example_xcom.py
[2022-04-04 21:50:27,700] {logging_mixin.py:109} INFO - [2022-04-04 21:50:27,700] {dag.py:2398} INFO - Sync 1 DAGs
[2022-04-04 21:50:27,718] {logging_mixin.py:109} INFO - [2022-04-04 21:50:27,718] {dag.py:2937} INFO - Setting next_dagrun for example_xcom to 2021-01-01T00:00:00+00:00
[2022-04-04 21:50:27,733] {processor.py:171} INFO - Processing /home/airflow/.local/lib/python3.7/site-packages/airflow/example_dags/example_xcom.py took 0.466 seconds
[2022-04-04 21:50:57,807] {processor.py:163} INFO - Started process (PID=684) to work on /home/airflow/.local/lib/python3.7/site-packages/airflow/example_dags/example_xcom.py
[2022-04-04 21:50:57,808] {processor.py:642} INFO - Processing file /home/airflow/.local/lib/python3.7/site-packages/airflow/example_dags/example_xcom.py for tasks to queue
[2022-04-04 21:50:57,809] {logging_mixin.py:109} INFO - [2022-04-04 21:50:57,809] {dagbag.py:500} INFO - Filling up the DagBag from /home/airflow/.local/lib/python3.7/site-packages/airflow/example_dags/example_xcom.py
[2022-04-04 21:50:57,834] {processor.py:652} INFO - DAG(s) dict_keys(['example_xcom']) retrieved from /home/airflow/.local/lib/python3.7/site-packages/airflow/example_dags/example_xcom.py
[2022-04-04 21:50:58,189] {logging_mixin.py:109} INFO - [2022-04-04 21:50:58,189] {dag.py:2398} INFO - Sync 1 DAGs
[2022-04-04 21:50:58,206] {logging_mixin.py:109} INFO - [2022-04-04 21:50:58,206] {dag.py:2937} INFO - Setting next_dagrun for example_xcom to 2021-01-01T00:00:00+00:00
[2022-04-04 21:50:58,222] {processor.py:171} INFO - Processing /home/airflow/.local/lib/python3.7/site-packages/airflow/example_dags/example_xcom.py took 0.420 seconds
[2022-04-04 21:51:28,501] {processor.py:163} INFO - Started process (PID=745) to work on /home/airflow/.local/lib/python3.7/site-packages/airflow/example_dags/example_xcom.py
[2022-04-04 21:51:28,503] {processor.py:642} INFO - Processing file /home/airflow/.local/lib/python3.7/site-packages/airflow/example_dags/example_xcom.py for tasks to queue
[2022-04-04 21:51:28,504] {logging_mixin.py:109} INFO - [2022-04-04 21:51:28,504] {dagbag.py:500} INFO - Filling up the DagBag from /home/airflow/.local/lib/python3.7/site-packages/airflow/example_dags/example_xcom.py
[2022-04-04 21:51:28,531] {processor.py:652} INFO - DAG(s) dict_keys(['example_xcom']) retrieved from /home/airflow/.local/lib/python3.7/site-packages/airflow/example_dags/example_xcom.py
[2022-04-04 21:51:28,940] {logging_mixin.py:109} INFO - [2022-04-04 21:51:28,940] {dag.py:2398} INFO - Sync 1 DAGs
[2022-04-04 21:51:28,959] {logging_mixin.py:109} INFO - [2022-04-04 21:51:28,959] {dag.py:2937} INFO - Setting next_dagrun for example_xcom to 2021-01-01T00:00:00+00:00
[2022-04-04 21:51:28,975] {processor.py:171} INFO - Processing /home/airflow/.local/lib/python3.7/site-packages/airflow/example_dags/example_xcom.py took 0.479 seconds
[2022-04-04 21:51:59,770] {processor.py:163} INFO - Started process (PID=797) to work on /home/airflow/.local/lib/python3.7/site-packages/airflow/example_dags/example_xcom.py
[2022-04-04 21:51:59,774] {processor.py:642} INFO - Processing file /home/airflow/.local/lib/python3.7/site-packages/airflow/example_dags/example_xcom.py for tasks to queue
[2022-04-04 21:51:59,775] {logging_mixin.py:109} INFO - [2022-04-04 21:51:59,775] {dagbag.py:500} INFO - Filling up the DagBag from /home/airflow/.local/lib/python3.7/site-packages/airflow/example_dags/example_xcom.py
[2022-04-04 21:51:59,804] {processor.py:652} INFO - DAG(s) dict_keys(['example_xcom']) retrieved from /home/airflow/.local/lib/python3.7/site-packages/airflow/example_dags/example_xcom.py
[2022-04-04 21:52:00,227] {logging_mixin.py:109} INFO - [2022-04-04 21:52:00,227] {dag.py:2398} INFO - Sync 1 DAGs
[2022-04-04 21:52:00,250] {logging_mixin.py:109} INFO - [2022-04-04 21:52:00,250] {dag.py:2937} INFO - Setting next_dagrun for example_xcom to 2021-01-01T00:00:00+00:00
[2022-04-04 21:52:00,268] {processor.py:171} INFO - Processing /home/airflow/.local/lib/python3.7/site-packages/airflow/example_dags/example_xcom.py took 0.503 seconds
[2022-04-04 21:52:30,357] {processor.py:163} INFO - Started process (PID=848) to work on /home/airflow/.local/lib/python3.7/site-packages/airflow/example_dags/example_xcom.py
[2022-04-04 21:52:30,359] {processor.py:642} INFO - Processing file /home/airflow/.local/lib/python3.7/site-packages/airflow/example_dags/example_xcom.py for tasks to queue
[2022-04-04 21:52:30,359] {logging_mixin.py:109} INFO - [2022-04-04 21:52:30,359] {dagbag.py:500} INFO - Filling up the DagBag from /home/airflow/.local/lib/python3.7/site-packages/airflow/example_dags/example_xcom.py
[2022-04-04 21:52:30,390] {processor.py:652} INFO - DAG(s) dict_keys(['example_xcom']) retrieved from /home/airflow/.local/lib/python3.7/site-packages/airflow/example_dags/example_xcom.py
[2022-04-04 21:52:30,801] {logging_mixin.py:109} INFO - [2022-04-04 21:52:30,800] {dag.py:2398} INFO - Sync 1 DAGs
[2022-04-04 21:52:30,822] {logging_mixin.py:109} INFO - [2022-04-04 21:52:30,822] {dag.py:2937} INFO - Setting next_dagrun for example_xcom to 2021-01-01T00:00:00+00:00
[2022-04-04 21:52:30,839] {processor.py:171} INFO - Processing /home/airflow/.local/lib/python3.7/site-packages/airflow/example_dags/example_xcom.py took 0.485 seconds
[2022-04-04 21:53:01,512] {processor.py:163} INFO - Started process (PID=908) to work on /home/airflow/.local/lib/python3.7/site-packages/airflow/example_dags/example_xcom.py
[2022-04-04 21:53:01,516] {processor.py:642} INFO - Processing file /home/airflow/.local/lib/python3.7/site-packages/airflow/example_dags/example_xcom.py for tasks to queue
[2022-04-04 21:53:01,516] {logging_mixin.py:109} INFO - [2022-04-04 21:53:01,516] {dagbag.py:500} INFO - Filling up the DagBag from /home/airflow/.local/lib/python3.7/site-packages/airflow/example_dags/example_xcom.py
[2022-04-04 21:53:01,547] {processor.py:652} INFO - DAG(s) dict_keys(['example_xcom']) retrieved from /home/airflow/.local/lib/python3.7/site-packages/airflow/example_dags/example_xcom.py
[2022-04-04 21:53:02,031] {logging_mixin.py:109} INFO - [2022-04-04 21:53:02,031] {dag.py:2398} INFO - Sync 1 DAGs
[2022-04-04 21:53:02,058] {logging_mixin.py:109} INFO - [2022-04-04 21:53:02,058] {dag.py:2937} INFO - Setting next_dagrun for example_xcom to 2021-01-01T00:00:00+00:00
[2022-04-04 21:53:02,072] {processor.py:171} INFO - Processing /home/airflow/.local/lib/python3.7/site-packages/airflow/example_dags/example_xcom.py took 0.565 seconds
[2022-04-04 21:53:32,878] {processor.py:163} INFO - Started process (PID=959) to work on /home/airflow/.local/lib/python3.7/site-packages/airflow/example_dags/example_xcom.py
[2022-04-04 21:53:32,879] {processor.py:642} INFO - Processing file /home/airflow/.local/lib/python3.7/site-packages/airflow/example_dags/example_xcom.py for tasks to queue
[2022-04-04 21:53:32,880] {logging_mixin.py:109} INFO - [2022-04-04 21:53:32,880] {dagbag.py:500} INFO - Filling up the DagBag from /home/airflow/.local/lib/python3.7/site-packages/airflow/example_dags/example_xcom.py
[2022-04-04 21:53:32,904] {processor.py:652} INFO - DAG(s) dict_keys(['example_xcom']) retrieved from /home/airflow/.local/lib/python3.7/site-packages/airflow/example_dags/example_xcom.py
[2022-04-04 21:53:33,311] {logging_mixin.py:109} INFO - [2022-04-04 21:53:33,311] {dag.py:2398} INFO - Sync 1 DAGs
[2022-04-04 21:53:33,328] {logging_mixin.py:109} INFO - [2022-04-04 21:53:33,328] {dag.py:2937} INFO - Setting next_dagrun for example_xcom to 2021-01-01T00:00:00+00:00
[2022-04-04 21:53:33,344] {processor.py:171} INFO - Processing /home/airflow/.local/lib/python3.7/site-packages/airflow/example_dags/example_xcom.py took 0.470 seconds
[2022-04-04 21:54:04,018] {processor.py:163} INFO - Started process (PID=1012) to work on /home/airflow/.local/lib/python3.7/site-packages/airflow/example_dags/example_xcom.py
[2022-04-04 21:54:04,020] {processor.py:642} INFO - Processing file /home/airflow/.local/lib/python3.7/site-packages/airflow/example_dags/example_xcom.py for tasks to queue
[2022-04-04 21:54:04,021] {logging_mixin.py:109} INFO - [2022-04-04 21:54:04,021] {dagbag.py:500} INFO - Filling up the DagBag from /home/airflow/.local/lib/python3.7/site-packages/airflow/example_dags/example_xcom.py
[2022-04-04 21:54:04,046] {processor.py:652} INFO - DAG(s) dict_keys(['example_xcom']) retrieved from /home/airflow/.local/lib/python3.7/site-packages/airflow/example_dags/example_xcom.py
[2022-04-04 21:54:04,472] {logging_mixin.py:109} INFO - [2022-04-04 21:54:04,472] {dag.py:2398} INFO - Sync 1 DAGs
[2022-04-04 21:54:04,492] {logging_mixin.py:109} INFO - [2022-04-04 21:54:04,492] {dag.py:2937} INFO - Setting next_dagrun for example_xcom to 2021-01-01T00:00:00+00:00
[2022-04-04 21:54:04,508] {processor.py:171} INFO - Processing /home/airflow/.local/lib/python3.7/site-packages/airflow/example_dags/example_xcom.py took 0.493 seconds
[2022-04-04 21:54:35,259] {processor.py:163} INFO - Started process (PID=1072) to work on /home/airflow/.local/lib/python3.7/site-packages/airflow/example_dags/example_xcom.py
[2022-04-04 21:54:35,260] {processor.py:642} INFO - Processing file /home/airflow/.local/lib/python3.7/site-packages/airflow/example_dags/example_xcom.py for tasks to queue
[2022-04-04 21:54:35,261] {logging_mixin.py:109} INFO - [2022-04-04 21:54:35,261] {dagbag.py:500} INFO - Filling up the DagBag from /home/airflow/.local/lib/python3.7/site-packages/airflow/example_dags/example_xcom.py
[2022-04-04 21:54:35,288] {processor.py:652} INFO - DAG(s) dict_keys(['example_xcom']) retrieved from /home/airflow/.local/lib/python3.7/site-packages/airflow/example_dags/example_xcom.py
[2022-04-04 21:54:35,757] {logging_mixin.py:109} INFO - [2022-04-04 21:54:35,757] {dag.py:2398} INFO - Sync 1 DAGs
[2022-04-04 21:54:35,777] {logging_mixin.py:109} INFO - [2022-04-04 21:54:35,776] {dag.py:2937} INFO - Setting next_dagrun for example_xcom to 2021-01-01T00:00:00+00:00
[2022-04-04 21:54:35,793] {processor.py:171} INFO - Processing /home/airflow/.local/lib/python3.7/site-packages/airflow/example_dags/example_xcom.py took 0.538 seconds
[2022-04-04 21:55:06,643] {processor.py:163} INFO - Started process (PID=1123) to work on /home/airflow/.local/lib/python3.7/site-packages/airflow/example_dags/example_xcom.py
[2022-04-04 21:55:06,646] {processor.py:642} INFO - Processing file /home/airflow/.local/lib/python3.7/site-packages/airflow/example_dags/example_xcom.py for tasks to queue
[2022-04-04 21:55:06,647] {logging_mixin.py:109} INFO - [2022-04-04 21:55:06,646] {dagbag.py:500} INFO - Filling up the DagBag from /home/airflow/.local/lib/python3.7/site-packages/airflow/example_dags/example_xcom.py
[2022-04-04 21:55:06,675] {processor.py:652} INFO - DAG(s) dict_keys(['example_xcom']) retrieved from /home/airflow/.local/lib/python3.7/site-packages/airflow/example_dags/example_xcom.py
[2022-04-04 21:55:07,110] {logging_mixin.py:109} INFO - [2022-04-04 21:55:07,110] {dag.py:2398} INFO - Sync 1 DAGs
[2022-04-04 21:55:07,128] {logging_mixin.py:109} INFO - [2022-04-04 21:55:07,128] {dag.py:2937} INFO - Setting next_dagrun for example_xcom to 2021-01-01T00:00:00+00:00
[2022-04-04 21:55:07,143] {processor.py:171} INFO - Processing /home/airflow/.local/lib/python3.7/site-packages/airflow/example_dags/example_xcom.py took 0.503 seconds
[2022-04-04 21:55:37,791] {processor.py:163} INFO - Started process (PID=1182) to work on /home/airflow/.local/lib/python3.7/site-packages/airflow/example_dags/example_xcom.py
[2022-04-04 21:55:37,794] {processor.py:642} INFO - Processing file /home/airflow/.local/lib/python3.7/site-packages/airflow/example_dags/example_xcom.py for tasks to queue
[2022-04-04 21:55:37,795] {logging_mixin.py:109} INFO - [2022-04-04 21:55:37,795] {dagbag.py:500} INFO - Filling up the DagBag from /home/airflow/.local/lib/python3.7/site-packages/airflow/example_dags/example_xcom.py
[2022-04-04 21:55:37,835] {processor.py:652} INFO - DAG(s) dict_keys(['example_xcom']) retrieved from /home/airflow/.local/lib/python3.7/site-packages/airflow/example_dags/example_xcom.py
[2022-04-04 21:55:38,273] {logging_mixin.py:109} INFO - [2022-04-04 21:55:38,273] {dag.py:2398} INFO - Sync 1 DAGs
[2022-04-04 21:55:38,294] {logging_mixin.py:109} INFO - [2022-04-04 21:55:38,294] {dag.py:2937} INFO - Setting next_dagrun for example_xcom to 2021-01-01T00:00:00+00:00
[2022-04-04 21:55:38,313] {processor.py:171} INFO - Processing /home/airflow/.local/lib/python3.7/site-packages/airflow/example_dags/example_xcom.py took 0.525 seconds
[2022-04-04 21:56:08,391] {processor.py:163} INFO - Started process (PID=1235) to work on /home/airflow/.local/lib/python3.7/site-packages/airflow/example_dags/example_xcom.py
[2022-04-04 21:56:08,392] {processor.py:642} INFO - Processing file /home/airflow/.local/lib/python3.7/site-packages/airflow/example_dags/example_xcom.py for tasks to queue
[2022-04-04 21:56:08,393] {logging_mixin.py:109} INFO - [2022-04-04 21:56:08,393] {dagbag.py:500} INFO - Filling up the DagBag from /home/airflow/.local/lib/python3.7/site-packages/airflow/example_dags/example_xcom.py
[2022-04-04 21:56:08,419] {processor.py:652} INFO - DAG(s) dict_keys(['example_xcom']) retrieved from /home/airflow/.local/lib/python3.7/site-packages/airflow/example_dags/example_xcom.py
[2022-04-04 21:56:08,890] {logging_mixin.py:109} INFO - [2022-04-04 21:56:08,890] {dag.py:2398} INFO - Sync 1 DAGs
[2022-04-04 21:56:08,918] {logging_mixin.py:109} INFO - [2022-04-04 21:56:08,918] {dag.py:2937} INFO - Setting next_dagrun for example_xcom to 2021-01-01T00:00:00+00:00
[2022-04-04 21:56:08,935] {processor.py:171} INFO - Processing /home/airflow/.local/lib/python3.7/site-packages/airflow/example_dags/example_xcom.py took 0.548 seconds
[2022-04-04 21:56:39,769] {processor.py:163} INFO - Started process (PID=1287) to work on /home/airflow/.local/lib/python3.7/site-packages/airflow/example_dags/example_xcom.py
[2022-04-04 21:56:39,772] {processor.py:642} INFO - Processing file /home/airflow/.local/lib/python3.7/site-packages/airflow/example_dags/example_xcom.py for tasks to queue
[2022-04-04 21:56:39,773] {logging_mixin.py:109} INFO - [2022-04-04 21:56:39,773] {dagbag.py:500} INFO - Filling up the DagBag from /home/airflow/.local/lib/python3.7/site-packages/airflow/example_dags/example_xcom.py
[2022-04-04 21:56:39,803] {processor.py:652} INFO - DAG(s) dict_keys(['example_xcom']) retrieved from /home/airflow/.local/lib/python3.7/site-packages/airflow/example_dags/example_xcom.py
[2022-04-04 21:56:40,243] {logging_mixin.py:109} INFO - [2022-04-04 21:56:40,243] {dag.py:2398} INFO - Sync 1 DAGs
[2022-04-04 21:56:40,265] {logging_mixin.py:109} INFO - [2022-04-04 21:56:40,265] {dag.py:2937} INFO - Setting next_dagrun for example_xcom to 2021-01-01T00:00:00+00:00
[2022-04-04 21:56:40,280] {processor.py:171} INFO - Processing /home/airflow/.local/lib/python3.7/site-packages/airflow/example_dags/example_xcom.py took 0.515 seconds
[2022-04-04 21:57:10,531] {processor.py:163} INFO - Started process (PID=1349) to work on /home/airflow/.local/lib/python3.7/site-packages/airflow/example_dags/example_xcom.py
[2022-04-04 21:57:10,534] {processor.py:642} INFO - Processing file /home/airflow/.local/lib/python3.7/site-packages/airflow/example_dags/example_xcom.py for tasks to queue
[2022-04-04 21:57:10,535] {logging_mixin.py:109} INFO - [2022-04-04 21:57:10,535] {dagbag.py:500} INFO - Filling up the DagBag from /home/airflow/.local/lib/python3.7/site-packages/airflow/example_dags/example_xcom.py
[2022-04-04 21:57:10,566] {processor.py:652} INFO - DAG(s) dict_keys(['example_xcom']) retrieved from /home/airflow/.local/lib/python3.7/site-packages/airflow/example_dags/example_xcom.py
[2022-04-04 21:57:11,105] {logging_mixin.py:109} INFO - [2022-04-04 21:57:11,105] {dag.py:2398} INFO - Sync 1 DAGs
[2022-04-04 21:57:11,144] {logging_mixin.py:109} INFO - [2022-04-04 21:57:11,144] {dag.py:2937} INFO - Setting next_dagrun for example_xcom to 2021-01-01T00:00:00+00:00
[2022-04-04 21:57:11,164] {processor.py:171} INFO - Processing /home/airflow/.local/lib/python3.7/site-packages/airflow/example_dags/example_xcom.py took 0.638 seconds
[2022-04-04 21:57:41,745] {processor.py:163} INFO - Started process (PID=1401) to work on /home/airflow/.local/lib/python3.7/site-packages/airflow/example_dags/example_xcom.py
[2022-04-04 21:57:41,746] {processor.py:642} INFO - Processing file /home/airflow/.local/lib/python3.7/site-packages/airflow/example_dags/example_xcom.py for tasks to queue
[2022-04-04 21:57:41,746] {logging_mixin.py:109} INFO - [2022-04-04 21:57:41,746] {dagbag.py:500} INFO - Filling up the DagBag from /home/airflow/.local/lib/python3.7/site-packages/airflow/example_dags/example_xcom.py
[2022-04-04 21:57:41,783] {processor.py:652} INFO - DAG(s) dict_keys(['example_xcom']) retrieved from /home/airflow/.local/lib/python3.7/site-packages/airflow/example_dags/example_xcom.py
[2022-04-04 21:57:42,192] {logging_mixin.py:109} INFO - [2022-04-04 21:57:42,192] {dag.py:2398} INFO - Sync 1 DAGs
[2022-04-04 21:57:42,210] {logging_mixin.py:109} INFO - [2022-04-04 21:57:42,210] {dag.py:2937} INFO - Setting next_dagrun for example_xcom to 2021-01-01T00:00:00+00:00
[2022-04-04 21:57:42,226] {processor.py:171} INFO - Processing /home/airflow/.local/lib/python3.7/site-packages/airflow/example_dags/example_xcom.py took 0.485 seconds
[2022-04-04 21:58:12,652] {processor.py:163} INFO - Started process (PID=1453) to work on /home/airflow/.local/lib/python3.7/site-packages/airflow/example_dags/example_xcom.py
[2022-04-04 21:58:12,656] {processor.py:642} INFO - Processing file /home/airflow/.local/lib/python3.7/site-packages/airflow/example_dags/example_xcom.py for tasks to queue
[2022-04-04 21:58:12,657] {logging_mixin.py:109} INFO - [2022-04-04 21:58:12,656] {dagbag.py:500} INFO - Filling up the DagBag from /home/airflow/.local/lib/python3.7/site-packages/airflow/example_dags/example_xcom.py
[2022-04-04 21:58:12,682] {processor.py:652} INFO - DAG(s) dict_keys(['example_xcom']) retrieved from /home/airflow/.local/lib/python3.7/site-packages/airflow/example_dags/example_xcom.py
[2022-04-04 21:58:13,149] {logging_mixin.py:109} INFO - [2022-04-04 21:58:13,148] {dag.py:2398} INFO - Sync 1 DAGs
[2022-04-04 21:58:13,172] {logging_mixin.py:109} INFO - [2022-04-04 21:58:13,171] {dag.py:2937} INFO - Setting next_dagrun for example_xcom to 2021-01-01T00:00:00+00:00
[2022-04-04 21:58:13,191] {processor.py:171} INFO - Processing /home/airflow/.local/lib/python3.7/site-packages/airflow/example_dags/example_xcom.py took 0.543 seconds
[2022-04-04 21:58:43,398] {processor.py:163} INFO - Started process (PID=1504) to work on /home/airflow/.local/lib/python3.7/site-packages/airflow/example_dags/example_xcom.py
[2022-04-04 21:58:43,402] {processor.py:642} INFO - Processing file /home/airflow/.local/lib/python3.7/site-packages/airflow/example_dags/example_xcom.py for tasks to queue
[2022-04-04 21:58:43,403] {logging_mixin.py:109} INFO - [2022-04-04 21:58:43,403] {dagbag.py:500} INFO - Filling up the DagBag from /home/airflow/.local/lib/python3.7/site-packages/airflow/example_dags/example_xcom.py
[2022-04-04 21:58:43,431] {processor.py:652} INFO - DAG(s) dict_keys(['example_xcom']) retrieved from /home/airflow/.local/lib/python3.7/site-packages/airflow/example_dags/example_xcom.py
[2022-04-04 21:58:43,922] {logging_mixin.py:109} INFO - [2022-04-04 21:58:43,921] {dag.py:2398} INFO - Sync 1 DAGs
[2022-04-04 21:58:43,957] {logging_mixin.py:109} INFO - [2022-04-04 21:58:43,957] {dag.py:2937} INFO - Setting next_dagrun for example_xcom to 2021-01-01T00:00:00+00:00
[2022-04-04 21:58:43,979] {processor.py:171} INFO - Processing /home/airflow/.local/lib/python3.7/site-packages/airflow/example_dags/example_xcom.py took 0.584 seconds
[2022-04-04 21:59:14,638] {processor.py:163} INFO - Started process (PID=1564) to work on /home/airflow/.local/lib/python3.7/site-packages/airflow/example_dags/example_xcom.py
[2022-04-04 21:59:14,640] {processor.py:642} INFO - Processing file /home/airflow/.local/lib/python3.7/site-packages/airflow/example_dags/example_xcom.py for tasks to queue
[2022-04-04 21:59:14,641] {logging_mixin.py:109} INFO - [2022-04-04 21:59:14,640] {dagbag.py:500} INFO - Filling up the DagBag from /home/airflow/.local/lib/python3.7/site-packages/airflow/example_dags/example_xcom.py
[2022-04-04 21:59:14,695] {processor.py:652} INFO - DAG(s) dict_keys(['example_xcom']) retrieved from /home/airflow/.local/lib/python3.7/site-packages/airflow/example_dags/example_xcom.py
[2022-04-04 21:59:15,146] {logging_mixin.py:109} INFO - [2022-04-04 21:59:15,146] {dag.py:2398} INFO - Sync 1 DAGs
[2022-04-04 21:59:15,178] {logging_mixin.py:109} INFO - [2022-04-04 21:59:15,178] {dag.py:2937} INFO - Setting next_dagrun for example_xcom to 2021-01-01T00:00:00+00:00
[2022-04-04 21:59:15,200] {processor.py:171} INFO - Processing /home/airflow/.local/lib/python3.7/site-packages/airflow/example_dags/example_xcom.py took 0.566 seconds
