[2022-04-04 21:47:05,423] {processor.py:163} INFO - Started process (PID=104) to work on /home/airflow/.local/lib/python3.7/site-packages/airflow/example_dags/example_task_group.py
[2022-04-04 21:47:05,424] {processor.py:642} INFO - Processing file /home/airflow/.local/lib/python3.7/site-packages/airflow/example_dags/example_task_group.py for tasks to queue
[2022-04-04 21:47:05,426] {logging_mixin.py:109} INFO - [2022-04-04 21:47:05,425] {dagbag.py:500} INFO - Filling up the DagBag from /home/airflow/.local/lib/python3.7/site-packages/airflow/example_dags/example_task_group.py
[2022-04-04 21:47:05,472] {processor.py:652} INFO - DAG(s) dict_keys(['example_task_group']) retrieved from /home/airflow/.local/lib/python3.7/site-packages/airflow/example_dags/example_task_group.py
[2022-04-04 21:47:10,540] {logging_mixin.py:109} INFO - [2022-04-04 21:47:10,540] {manager.py:496} INFO - Created Permission View: can edit on DAG:example_task_group
[2022-04-04 21:47:10,558] {logging_mixin.py:109} INFO - [2022-04-04 21:47:10,557] {manager.py:496} INFO - Created Permission View: can read on DAG:example_task_group
[2022-04-04 21:47:10,560] {logging_mixin.py:109} INFO - [2022-04-04 21:47:10,559] {dag.py:2398} INFO - Sync 1 DAGs
[2022-04-04 21:47:10,578] {logging_mixin.py:109} INFO - [2022-04-04 21:47:10,578] {dag.py:2417} INFO - Creating ORM DAG for example_task_group
[2022-04-04 21:47:10,596] {logging_mixin.py:109} INFO - [2022-04-04 21:47:10,596] {dag.py:2937} INFO - Setting next_dagrun for example_task_group to 2022-04-03T21:47:10.595815+00:00
[2022-04-04 21:47:10,621] {processor.py:171} INFO - Processing /home/airflow/.local/lib/python3.7/site-packages/airflow/example_dags/example_task_group.py took 5.210 seconds
[2022-04-04 21:47:53,754] {processor.py:163} INFO - Started process (PID=363) to work on /home/airflow/.local/lib/python3.7/site-packages/airflow/example_dags/example_task_group.py
[2022-04-04 21:47:53,756] {processor.py:642} INFO - Processing file /home/airflow/.local/lib/python3.7/site-packages/airflow/example_dags/example_task_group.py for tasks to queue
[2022-04-04 21:47:53,757] {logging_mixin.py:109} INFO - [2022-04-04 21:47:53,757] {dagbag.py:500} INFO - Filling up the DagBag from /home/airflow/.local/lib/python3.7/site-packages/airflow/example_dags/example_task_group.py
[2022-04-04 21:47:53,809] {processor.py:652} INFO - DAG(s) dict_keys(['example_task_group']) retrieved from /home/airflow/.local/lib/python3.7/site-packages/airflow/example_dags/example_task_group.py
[2022-04-04 21:47:53,861] {logging_mixin.py:109} INFO - [2022-04-04 21:47:53,861] {dag.py:2398} INFO - Sync 1 DAGs
[2022-04-04 21:47:53,911] {logging_mixin.py:109} INFO - [2022-04-04 21:47:53,911] {dag.py:2937} INFO - Setting next_dagrun for example_task_group to 2022-04-03T21:47:53.911183+00:00
[2022-04-04 21:47:53,942] {processor.py:171} INFO - Processing /home/airflow/.local/lib/python3.7/site-packages/airflow/example_dags/example_task_group.py took 0.196 seconds
[2022-04-04 21:48:24,567] {processor.py:163} INFO - Started process (PID=416) to work on /home/airflow/.local/lib/python3.7/site-packages/airflow/example_dags/example_task_group.py
[2022-04-04 21:48:24,572] {processor.py:642} INFO - Processing file /home/airflow/.local/lib/python3.7/site-packages/airflow/example_dags/example_task_group.py for tasks to queue
[2022-04-04 21:48:24,573] {logging_mixin.py:109} INFO - [2022-04-04 21:48:24,573] {dagbag.py:500} INFO - Filling up the DagBag from /home/airflow/.local/lib/python3.7/site-packages/airflow/example_dags/example_task_group.py
[2022-04-04 21:48:24,604] {processor.py:652} INFO - DAG(s) dict_keys(['example_task_group']) retrieved from /home/airflow/.local/lib/python3.7/site-packages/airflow/example_dags/example_task_group.py
[2022-04-04 21:48:24,645] {logging_mixin.py:109} INFO - [2022-04-04 21:48:24,645] {dag.py:2398} INFO - Sync 1 DAGs
[2022-04-04 21:48:24,677] {logging_mixin.py:109} INFO - [2022-04-04 21:48:24,677] {dag.py:2937} INFO - Setting next_dagrun for example_task_group to 2022-04-03T21:48:24.676817+00:00
[2022-04-04 21:48:24,691] {processor.py:171} INFO - Processing /home/airflow/.local/lib/python3.7/site-packages/airflow/example_dags/example_task_group.py took 0.129 seconds
[2022-04-04 21:48:55,060] {processor.py:163} INFO - Started process (PID=467) to work on /home/airflow/.local/lib/python3.7/site-packages/airflow/example_dags/example_task_group.py
[2022-04-04 21:48:55,061] {processor.py:642} INFO - Processing file /home/airflow/.local/lib/python3.7/site-packages/airflow/example_dags/example_task_group.py for tasks to queue
[2022-04-04 21:48:55,062] {logging_mixin.py:109} INFO - [2022-04-04 21:48:55,062] {dagbag.py:500} INFO - Filling up the DagBag from /home/airflow/.local/lib/python3.7/site-packages/airflow/example_dags/example_task_group.py
[2022-04-04 21:48:55,082] {processor.py:652} INFO - DAG(s) dict_keys(['example_task_group']) retrieved from /home/airflow/.local/lib/python3.7/site-packages/airflow/example_dags/example_task_group.py
[2022-04-04 21:48:55,108] {logging_mixin.py:109} INFO - [2022-04-04 21:48:55,108] {dag.py:2398} INFO - Sync 1 DAGs
[2022-04-04 21:48:55,130] {logging_mixin.py:109} INFO - [2022-04-04 21:48:55,130] {dag.py:2937} INFO - Setting next_dagrun for example_task_group to 2022-04-03T21:48:55.129724+00:00
[2022-04-04 21:48:55,144] {processor.py:171} INFO - Processing /home/airflow/.local/lib/python3.7/site-packages/airflow/example_dags/example_task_group.py took 0.087 seconds
[2022-04-04 21:49:25,619] {processor.py:163} INFO - Started process (PID=518) to work on /home/airflow/.local/lib/python3.7/site-packages/airflow/example_dags/example_task_group.py
[2022-04-04 21:49:25,621] {processor.py:642} INFO - Processing file /home/airflow/.local/lib/python3.7/site-packages/airflow/example_dags/example_task_group.py for tasks to queue
[2022-04-04 21:49:25,622] {logging_mixin.py:109} INFO - [2022-04-04 21:49:25,622] {dagbag.py:500} INFO - Filling up the DagBag from /home/airflow/.local/lib/python3.7/site-packages/airflow/example_dags/example_task_group.py
[2022-04-04 21:49:25,642] {processor.py:652} INFO - DAG(s) dict_keys(['example_task_group']) retrieved from /home/airflow/.local/lib/python3.7/site-packages/airflow/example_dags/example_task_group.py
[2022-04-04 21:49:25,671] {logging_mixin.py:109} INFO - [2022-04-04 21:49:25,671] {dag.py:2398} INFO - Sync 1 DAGs
[2022-04-04 21:49:25,693] {logging_mixin.py:109} INFO - [2022-04-04 21:49:25,693] {dag.py:2937} INFO - Setting next_dagrun for example_task_group to 2022-04-03T21:49:25.692823+00:00
[2022-04-04 21:49:25,707] {processor.py:171} INFO - Processing /home/airflow/.local/lib/python3.7/site-packages/airflow/example_dags/example_task_group.py took 0.092 seconds
[2022-04-04 21:49:56,102] {processor.py:163} INFO - Started process (PID=578) to work on /home/airflow/.local/lib/python3.7/site-packages/airflow/example_dags/example_task_group.py
[2022-04-04 21:49:56,104] {processor.py:642} INFO - Processing file /home/airflow/.local/lib/python3.7/site-packages/airflow/example_dags/example_task_group.py for tasks to queue
[2022-04-04 21:49:56,104] {logging_mixin.py:109} INFO - [2022-04-04 21:49:56,104] {dagbag.py:500} INFO - Filling up the DagBag from /home/airflow/.local/lib/python3.7/site-packages/airflow/example_dags/example_task_group.py
[2022-04-04 21:49:56,139] {processor.py:652} INFO - DAG(s) dict_keys(['example_task_group']) retrieved from /home/airflow/.local/lib/python3.7/site-packages/airflow/example_dags/example_task_group.py
[2022-04-04 21:49:56,180] {logging_mixin.py:109} INFO - [2022-04-04 21:49:56,180] {dag.py:2398} INFO - Sync 1 DAGs
[2022-04-04 21:49:56,215] {logging_mixin.py:109} INFO - [2022-04-04 21:49:56,214] {dag.py:2937} INFO - Setting next_dagrun for example_task_group to 2022-04-03T21:49:56.214618+00:00
[2022-04-04 21:49:56,230] {processor.py:171} INFO - Processing /home/airflow/.local/lib/python3.7/site-packages/airflow/example_dags/example_task_group.py took 0.133 seconds
[2022-04-04 21:50:26,260] {processor.py:163} INFO - Started process (PID=629) to work on /home/airflow/.local/lib/python3.7/site-packages/airflow/example_dags/example_task_group.py
[2022-04-04 21:50:26,261] {processor.py:642} INFO - Processing file /home/airflow/.local/lib/python3.7/site-packages/airflow/example_dags/example_task_group.py for tasks to queue
[2022-04-04 21:50:26,261] {logging_mixin.py:109} INFO - [2022-04-04 21:50:26,261] {dagbag.py:500} INFO - Filling up the DagBag from /home/airflow/.local/lib/python3.7/site-packages/airflow/example_dags/example_task_group.py
[2022-04-04 21:50:26,280] {processor.py:652} INFO - DAG(s) dict_keys(['example_task_group']) retrieved from /home/airflow/.local/lib/python3.7/site-packages/airflow/example_dags/example_task_group.py
[2022-04-04 21:50:26,307] {logging_mixin.py:109} INFO - [2022-04-04 21:50:26,307] {dag.py:2398} INFO - Sync 1 DAGs
[2022-04-04 21:50:26,327] {logging_mixin.py:109} INFO - [2022-04-04 21:50:26,327] {dag.py:2937} INFO - Setting next_dagrun for example_task_group to 2022-04-03T21:50:26.327441+00:00
[2022-04-04 21:50:26,340] {processor.py:171} INFO - Processing /home/airflow/.local/lib/python3.7/site-packages/airflow/example_dags/example_task_group.py took 0.084 seconds
[2022-04-04 21:50:56,523] {processor.py:163} INFO - Started process (PID=680) to work on /home/airflow/.local/lib/python3.7/site-packages/airflow/example_dags/example_task_group.py
[2022-04-04 21:50:56,525] {processor.py:642} INFO - Processing file /home/airflow/.local/lib/python3.7/site-packages/airflow/example_dags/example_task_group.py for tasks to queue
[2022-04-04 21:50:56,525] {logging_mixin.py:109} INFO - [2022-04-04 21:50:56,525] {dagbag.py:500} INFO - Filling up the DagBag from /home/airflow/.local/lib/python3.7/site-packages/airflow/example_dags/example_task_group.py
[2022-04-04 21:50:56,544] {processor.py:652} INFO - DAG(s) dict_keys(['example_task_group']) retrieved from /home/airflow/.local/lib/python3.7/site-packages/airflow/example_dags/example_task_group.py
[2022-04-04 21:50:56,572] {logging_mixin.py:109} INFO - [2022-04-04 21:50:56,572] {dag.py:2398} INFO - Sync 1 DAGs
[2022-04-04 21:50:56,594] {logging_mixin.py:109} INFO - [2022-04-04 21:50:56,594] {dag.py:2937} INFO - Setting next_dagrun for example_task_group to 2022-04-03T21:50:56.593808+00:00
[2022-04-04 21:50:56,607] {processor.py:171} INFO - Processing /home/airflow/.local/lib/python3.7/site-packages/airflow/example_dags/example_task_group.py took 0.088 seconds
[2022-04-04 21:51:26,946] {processor.py:163} INFO - Started process (PID=738) to work on /home/airflow/.local/lib/python3.7/site-packages/airflow/example_dags/example_task_group.py
[2022-04-04 21:51:26,948] {processor.py:642} INFO - Processing file /home/airflow/.local/lib/python3.7/site-packages/airflow/example_dags/example_task_group.py for tasks to queue
[2022-04-04 21:51:26,949] {logging_mixin.py:109} INFO - [2022-04-04 21:51:26,949] {dagbag.py:500} INFO - Filling up the DagBag from /home/airflow/.local/lib/python3.7/site-packages/airflow/example_dags/example_task_group.py
[2022-04-04 21:51:26,971] {processor.py:652} INFO - DAG(s) dict_keys(['example_task_group']) retrieved from /home/airflow/.local/lib/python3.7/site-packages/airflow/example_dags/example_task_group.py
[2022-04-04 21:51:26,996] {logging_mixin.py:109} INFO - [2022-04-04 21:51:26,996] {dag.py:2398} INFO - Sync 1 DAGs
[2022-04-04 21:51:27,021] {logging_mixin.py:109} INFO - [2022-04-04 21:51:27,021] {dag.py:2937} INFO - Setting next_dagrun for example_task_group to 2022-04-03T21:51:27.021246+00:00
[2022-04-04 21:51:27,038] {processor.py:171} INFO - Processing /home/airflow/.local/lib/python3.7/site-packages/airflow/example_dags/example_task_group.py took 0.096 seconds
[2022-04-04 21:51:57,398] {processor.py:163} INFO - Started process (PID=792) to work on /home/airflow/.local/lib/python3.7/site-packages/airflow/example_dags/example_task_group.py
[2022-04-04 21:51:57,400] {processor.py:642} INFO - Processing file /home/airflow/.local/lib/python3.7/site-packages/airflow/example_dags/example_task_group.py for tasks to queue
[2022-04-04 21:51:57,401] {logging_mixin.py:109} INFO - [2022-04-04 21:51:57,400] {dagbag.py:500} INFO - Filling up the DagBag from /home/airflow/.local/lib/python3.7/site-packages/airflow/example_dags/example_task_group.py
[2022-04-04 21:51:57,420] {processor.py:652} INFO - DAG(s) dict_keys(['example_task_group']) retrieved from /home/airflow/.local/lib/python3.7/site-packages/airflow/example_dags/example_task_group.py
[2022-04-04 21:51:57,446] {logging_mixin.py:109} INFO - [2022-04-04 21:51:57,446] {dag.py:2398} INFO - Sync 1 DAGs
[2022-04-04 21:51:57,467] {logging_mixin.py:109} INFO - [2022-04-04 21:51:57,467] {dag.py:2937} INFO - Setting next_dagrun for example_task_group to 2022-04-03T21:51:57.466840+00:00
[2022-04-04 21:51:57,481] {processor.py:171} INFO - Processing /home/airflow/.local/lib/python3.7/site-packages/airflow/example_dags/example_task_group.py took 0.087 seconds
[2022-04-04 21:52:28,017] {processor.py:163} INFO - Started process (PID=843) to work on /home/airflow/.local/lib/python3.7/site-packages/airflow/example_dags/example_task_group.py
[2022-04-04 21:52:28,019] {processor.py:642} INFO - Processing file /home/airflow/.local/lib/python3.7/site-packages/airflow/example_dags/example_task_group.py for tasks to queue
[2022-04-04 21:52:28,019] {logging_mixin.py:109} INFO - [2022-04-04 21:52:28,019] {dagbag.py:500} INFO - Filling up the DagBag from /home/airflow/.local/lib/python3.7/site-packages/airflow/example_dags/example_task_group.py
[2022-04-04 21:52:28,039] {processor.py:652} INFO - DAG(s) dict_keys(['example_task_group']) retrieved from /home/airflow/.local/lib/python3.7/site-packages/airflow/example_dags/example_task_group.py
[2022-04-04 21:52:28,066] {logging_mixin.py:109} INFO - [2022-04-04 21:52:28,066] {dag.py:2398} INFO - Sync 1 DAGs
[2022-04-04 21:52:28,091] {logging_mixin.py:109} INFO - [2022-04-04 21:52:28,091] {dag.py:2937} INFO - Setting next_dagrun for example_task_group to 2022-04-03T21:52:28.091308+00:00
[2022-04-04 21:52:28,108] {processor.py:171} INFO - Processing /home/airflow/.local/lib/python3.7/site-packages/airflow/example_dags/example_task_group.py took 0.096 seconds
[2022-04-04 21:52:58,253] {processor.py:163} INFO - Started process (PID=893) to work on /home/airflow/.local/lib/python3.7/site-packages/airflow/example_dags/example_task_group.py
[2022-04-04 21:52:58,254] {processor.py:642} INFO - Processing file /home/airflow/.local/lib/python3.7/site-packages/airflow/example_dags/example_task_group.py for tasks to queue
[2022-04-04 21:52:58,255] {logging_mixin.py:109} INFO - [2022-04-04 21:52:58,255] {dagbag.py:500} INFO - Filling up the DagBag from /home/airflow/.local/lib/python3.7/site-packages/airflow/example_dags/example_task_group.py
[2022-04-04 21:52:58,274] {processor.py:652} INFO - DAG(s) dict_keys(['example_task_group']) retrieved from /home/airflow/.local/lib/python3.7/site-packages/airflow/example_dags/example_task_group.py
[2022-04-04 21:52:58,299] {logging_mixin.py:109} INFO - [2022-04-04 21:52:58,299] {dag.py:2398} INFO - Sync 1 DAGs
[2022-04-04 21:52:58,320] {logging_mixin.py:109} INFO - [2022-04-04 21:52:58,320] {dag.py:2937} INFO - Setting next_dagrun for example_task_group to 2022-04-03T21:52:58.320422+00:00
[2022-04-04 21:52:58,334] {processor.py:171} INFO - Processing /home/airflow/.local/lib/python3.7/site-packages/airflow/example_dags/example_task_group.py took 0.084 seconds
[2022-04-04 21:53:28,639] {processor.py:163} INFO - Started process (PID=954) to work on /home/airflow/.local/lib/python3.7/site-packages/airflow/example_dags/example_task_group.py
[2022-04-04 21:53:28,641] {processor.py:642} INFO - Processing file /home/airflow/.local/lib/python3.7/site-packages/airflow/example_dags/example_task_group.py for tasks to queue
[2022-04-04 21:53:28,642] {logging_mixin.py:109} INFO - [2022-04-04 21:53:28,641] {dagbag.py:500} INFO - Filling up the DagBag from /home/airflow/.local/lib/python3.7/site-packages/airflow/example_dags/example_task_group.py
[2022-04-04 21:53:28,665] {processor.py:652} INFO - DAG(s) dict_keys(['example_task_group']) retrieved from /home/airflow/.local/lib/python3.7/site-packages/airflow/example_dags/example_task_group.py
[2022-04-04 21:53:28,698] {logging_mixin.py:109} INFO - [2022-04-04 21:53:28,698] {dag.py:2398} INFO - Sync 1 DAGs
[2022-04-04 21:53:28,724] {logging_mixin.py:109} INFO - [2022-04-04 21:53:28,724] {dag.py:2937} INFO - Setting next_dagrun for example_task_group to 2022-04-03T21:53:28.724259+00:00
[2022-04-04 21:53:28,738] {processor.py:171} INFO - Processing /home/airflow/.local/lib/python3.7/site-packages/airflow/example_dags/example_task_group.py took 0.103 seconds
[2022-04-04 21:53:58,794] {processor.py:163} INFO - Started process (PID=1007) to work on /home/airflow/.local/lib/python3.7/site-packages/airflow/example_dags/example_task_group.py
[2022-04-04 21:53:58,795] {processor.py:642} INFO - Processing file /home/airflow/.local/lib/python3.7/site-packages/airflow/example_dags/example_task_group.py for tasks to queue
[2022-04-04 21:53:58,795] {logging_mixin.py:109} INFO - [2022-04-04 21:53:58,795] {dagbag.py:500} INFO - Filling up the DagBag from /home/airflow/.local/lib/python3.7/site-packages/airflow/example_dags/example_task_group.py
[2022-04-04 21:53:58,815] {processor.py:652} INFO - DAG(s) dict_keys(['example_task_group']) retrieved from /home/airflow/.local/lib/python3.7/site-packages/airflow/example_dags/example_task_group.py
[2022-04-04 21:53:58,842] {logging_mixin.py:109} INFO - [2022-04-04 21:53:58,842] {dag.py:2398} INFO - Sync 1 DAGs
[2022-04-04 21:53:58,863] {logging_mixin.py:109} INFO - [2022-04-04 21:53:58,863] {dag.py:2937} INFO - Setting next_dagrun for example_task_group to 2022-04-03T21:53:58.862865+00:00
[2022-04-04 21:53:58,878] {processor.py:171} INFO - Processing /home/airflow/.local/lib/python3.7/site-packages/airflow/example_dags/example_task_group.py took 0.088 seconds
[2022-04-04 21:54:29,016] {processor.py:163} INFO - Started process (PID=1058) to work on /home/airflow/.local/lib/python3.7/site-packages/airflow/example_dags/example_task_group.py
[2022-04-04 21:54:29,017] {processor.py:642} INFO - Processing file /home/airflow/.local/lib/python3.7/site-packages/airflow/example_dags/example_task_group.py for tasks to queue
[2022-04-04 21:54:29,018] {logging_mixin.py:109} INFO - [2022-04-04 21:54:29,018] {dagbag.py:500} INFO - Filling up the DagBag from /home/airflow/.local/lib/python3.7/site-packages/airflow/example_dags/example_task_group.py
[2022-04-04 21:54:29,037] {processor.py:652} INFO - DAG(s) dict_keys(['example_task_group']) retrieved from /home/airflow/.local/lib/python3.7/site-packages/airflow/example_dags/example_task_group.py
[2022-04-04 21:54:29,063] {logging_mixin.py:109} INFO - [2022-04-04 21:54:29,063] {dag.py:2398} INFO - Sync 1 DAGs
[2022-04-04 21:54:29,084] {logging_mixin.py:109} INFO - [2022-04-04 21:54:29,084] {dag.py:2937} INFO - Setting next_dagrun for example_task_group to 2022-04-03T21:54:29.083816+00:00
[2022-04-04 21:54:29,096] {processor.py:171} INFO - Processing /home/airflow/.local/lib/python3.7/site-packages/airflow/example_dags/example_task_group.py took 0.084 seconds
[2022-04-04 21:54:59,354] {processor.py:163} INFO - Started process (PID=1118) to work on /home/airflow/.local/lib/python3.7/site-packages/airflow/example_dags/example_task_group.py
[2022-04-04 21:54:59,355] {processor.py:642} INFO - Processing file /home/airflow/.local/lib/python3.7/site-packages/airflow/example_dags/example_task_group.py for tasks to queue
[2022-04-04 21:54:59,356] {logging_mixin.py:109} INFO - [2022-04-04 21:54:59,356] {dagbag.py:500} INFO - Filling up the DagBag from /home/airflow/.local/lib/python3.7/site-packages/airflow/example_dags/example_task_group.py
[2022-04-04 21:54:59,383] {processor.py:652} INFO - DAG(s) dict_keys(['example_task_group']) retrieved from /home/airflow/.local/lib/python3.7/site-packages/airflow/example_dags/example_task_group.py
[2022-04-04 21:54:59,412] {logging_mixin.py:109} INFO - [2022-04-04 21:54:59,412] {dag.py:2398} INFO - Sync 1 DAGs
[2022-04-04 21:54:59,437] {logging_mixin.py:109} INFO - [2022-04-04 21:54:59,437] {dag.py:2937} INFO - Setting next_dagrun for example_task_group to 2022-04-03T21:54:59.432022+00:00
[2022-04-04 21:54:59,453] {processor.py:171} INFO - Processing /home/airflow/.local/lib/python3.7/site-packages/airflow/example_dags/example_task_group.py took 0.104 seconds
[2022-04-04 21:55:29,642] {processor.py:163} INFO - Started process (PID=1169) to work on /home/airflow/.local/lib/python3.7/site-packages/airflow/example_dags/example_task_group.py
[2022-04-04 21:55:29,643] {processor.py:642} INFO - Processing file /home/airflow/.local/lib/python3.7/site-packages/airflow/example_dags/example_task_group.py for tasks to queue
[2022-04-04 21:55:29,644] {logging_mixin.py:109} INFO - [2022-04-04 21:55:29,644] {dagbag.py:500} INFO - Filling up the DagBag from /home/airflow/.local/lib/python3.7/site-packages/airflow/example_dags/example_task_group.py
[2022-04-04 21:55:29,665] {processor.py:652} INFO - DAG(s) dict_keys(['example_task_group']) retrieved from /home/airflow/.local/lib/python3.7/site-packages/airflow/example_dags/example_task_group.py
[2022-04-04 21:55:29,692] {logging_mixin.py:109} INFO - [2022-04-04 21:55:29,692] {dag.py:2398} INFO - Sync 1 DAGs
[2022-04-04 21:55:29,712] {logging_mixin.py:109} INFO - [2022-04-04 21:55:29,712] {dag.py:2937} INFO - Setting next_dagrun for example_task_group to 2022-04-03T21:55:29.711994+00:00
[2022-04-04 21:55:29,726] {processor.py:171} INFO - Processing /home/airflow/.local/lib/python3.7/site-packages/airflow/example_dags/example_task_group.py took 0.090 seconds
[2022-04-04 21:56:00,149] {processor.py:163} INFO - Started process (PID=1221) to work on /home/airflow/.local/lib/python3.7/site-packages/airflow/example_dags/example_task_group.py
[2022-04-04 21:56:00,150] {processor.py:642} INFO - Processing file /home/airflow/.local/lib/python3.7/site-packages/airflow/example_dags/example_task_group.py for tasks to queue
[2022-04-04 21:56:00,151] {logging_mixin.py:109} INFO - [2022-04-04 21:56:00,151] {dagbag.py:500} INFO - Filling up the DagBag from /home/airflow/.local/lib/python3.7/site-packages/airflow/example_dags/example_task_group.py
[2022-04-04 21:56:00,172] {processor.py:652} INFO - DAG(s) dict_keys(['example_task_group']) retrieved from /home/airflow/.local/lib/python3.7/site-packages/airflow/example_dags/example_task_group.py
[2022-04-04 21:56:00,199] {logging_mixin.py:109} INFO - [2022-04-04 21:56:00,199] {dag.py:2398} INFO - Sync 1 DAGs
[2022-04-04 21:56:00,219] {logging_mixin.py:109} INFO - [2022-04-04 21:56:00,219] {dag.py:2937} INFO - Setting next_dagrun for example_task_group to 2022-04-03T21:56:00.219344+00:00
[2022-04-04 21:56:00,233] {processor.py:171} INFO - Processing /home/airflow/.local/lib/python3.7/site-packages/airflow/example_dags/example_task_group.py took 0.088 seconds
[2022-04-04 21:56:30,862] {processor.py:163} INFO - Started process (PID=1281) to work on /home/airflow/.local/lib/python3.7/site-packages/airflow/example_dags/example_task_group.py
[2022-04-04 21:56:30,864] {processor.py:642} INFO - Processing file /home/airflow/.local/lib/python3.7/site-packages/airflow/example_dags/example_task_group.py for tasks to queue
[2022-04-04 21:56:30,865] {logging_mixin.py:109} INFO - [2022-04-04 21:56:30,865] {dagbag.py:500} INFO - Filling up the DagBag from /home/airflow/.local/lib/python3.7/site-packages/airflow/example_dags/example_task_group.py
[2022-04-04 21:56:30,895] {processor.py:652} INFO - DAG(s) dict_keys(['example_task_group']) retrieved from /home/airflow/.local/lib/python3.7/site-packages/airflow/example_dags/example_task_group.py
[2022-04-04 21:56:30,937] {logging_mixin.py:109} INFO - [2022-04-04 21:56:30,937] {dag.py:2398} INFO - Sync 1 DAGs
[2022-04-04 21:56:30,969] {logging_mixin.py:109} INFO - [2022-04-04 21:56:30,969] {dag.py:2937} INFO - Setting next_dagrun for example_task_group to 2022-04-03T21:56:30.969018+00:00
[2022-04-04 21:56:30,989] {processor.py:171} INFO - Processing /home/airflow/.local/lib/python3.7/site-packages/airflow/example_dags/example_task_group.py took 0.131 seconds
[2022-04-04 21:57:01,224] {processor.py:163} INFO - Started process (PID=1333) to work on /home/airflow/.local/lib/python3.7/site-packages/airflow/example_dags/example_task_group.py
[2022-04-04 21:57:01,225] {processor.py:642} INFO - Processing file /home/airflow/.local/lib/python3.7/site-packages/airflow/example_dags/example_task_group.py for tasks to queue
[2022-04-04 21:57:01,225] {logging_mixin.py:109} INFO - [2022-04-04 21:57:01,225] {dagbag.py:500} INFO - Filling up the DagBag from /home/airflow/.local/lib/python3.7/site-packages/airflow/example_dags/example_task_group.py
[2022-04-04 21:57:01,246] {processor.py:652} INFO - DAG(s) dict_keys(['example_task_group']) retrieved from /home/airflow/.local/lib/python3.7/site-packages/airflow/example_dags/example_task_group.py
[2022-04-04 21:57:01,275] {logging_mixin.py:109} INFO - [2022-04-04 21:57:01,275] {dag.py:2398} INFO - Sync 1 DAGs
[2022-04-04 21:57:01,299] {logging_mixin.py:109} INFO - [2022-04-04 21:57:01,299] {dag.py:2937} INFO - Setting next_dagrun for example_task_group to 2022-04-03T21:57:01.298812+00:00
[2022-04-04 21:57:01,317] {processor.py:171} INFO - Processing /home/airflow/.local/lib/python3.7/site-packages/airflow/example_dags/example_task_group.py took 0.097 seconds
[2022-04-04 21:57:31,364] {processor.py:163} INFO - Started process (PID=1384) to work on /home/airflow/.local/lib/python3.7/site-packages/airflow/example_dags/example_task_group.py
[2022-04-04 21:57:31,366] {processor.py:642} INFO - Processing file /home/airflow/.local/lib/python3.7/site-packages/airflow/example_dags/example_task_group.py for tasks to queue
[2022-04-04 21:57:31,367] {logging_mixin.py:109} INFO - [2022-04-04 21:57:31,367] {dagbag.py:500} INFO - Filling up the DagBag from /home/airflow/.local/lib/python3.7/site-packages/airflow/example_dags/example_task_group.py
[2022-04-04 21:57:31,389] {processor.py:652} INFO - DAG(s) dict_keys(['example_task_group']) retrieved from /home/airflow/.local/lib/python3.7/site-packages/airflow/example_dags/example_task_group.py
[2022-04-04 21:57:31,421] {logging_mixin.py:109} INFO - [2022-04-04 21:57:31,421] {dag.py:2398} INFO - Sync 1 DAGs
[2022-04-04 21:57:31,444] {logging_mixin.py:109} INFO - [2022-04-04 21:57:31,444] {dag.py:2937} INFO - Setting next_dagrun for example_task_group to 2022-04-03T21:57:31.443920+00:00
[2022-04-04 21:57:31,466] {processor.py:171} INFO - Processing /home/airflow/.local/lib/python3.7/site-packages/airflow/example_dags/example_task_group.py took 0.106 seconds
[2022-04-04 21:58:01,725] {processor.py:163} INFO - Started process (PID=1437) to work on /home/airflow/.local/lib/python3.7/site-packages/airflow/example_dags/example_task_group.py
[2022-04-04 21:58:01,727] {processor.py:642} INFO - Processing file /home/airflow/.local/lib/python3.7/site-packages/airflow/example_dags/example_task_group.py for tasks to queue
[2022-04-04 21:58:01,728] {logging_mixin.py:109} INFO - [2022-04-04 21:58:01,728] {dagbag.py:500} INFO - Filling up the DagBag from /home/airflow/.local/lib/python3.7/site-packages/airflow/example_dags/example_task_group.py
[2022-04-04 21:58:01,749] {processor.py:652} INFO - DAG(s) dict_keys(['example_task_group']) retrieved from /home/airflow/.local/lib/python3.7/site-packages/airflow/example_dags/example_task_group.py
[2022-04-04 21:58:01,778] {logging_mixin.py:109} INFO - [2022-04-04 21:58:01,778] {dag.py:2398} INFO - Sync 1 DAGs
[2022-04-04 21:58:01,802] {logging_mixin.py:109} INFO - [2022-04-04 21:58:01,802] {dag.py:2937} INFO - Setting next_dagrun for example_task_group to 2022-04-03T21:58:01.801841+00:00
[2022-04-04 21:58:01,817] {processor.py:171} INFO - Processing /home/airflow/.local/lib/python3.7/site-packages/airflow/example_dags/example_task_group.py took 0.095 seconds
[2022-04-04 21:58:32,069] {processor.py:163} INFO - Started process (PID=1498) to work on /home/airflow/.local/lib/python3.7/site-packages/airflow/example_dags/example_task_group.py
[2022-04-04 21:58:32,070] {processor.py:642} INFO - Processing file /home/airflow/.local/lib/python3.7/site-packages/airflow/example_dags/example_task_group.py for tasks to queue
[2022-04-04 21:58:32,071] {logging_mixin.py:109} INFO - [2022-04-04 21:58:32,071] {dagbag.py:500} INFO - Filling up the DagBag from /home/airflow/.local/lib/python3.7/site-packages/airflow/example_dags/example_task_group.py
[2022-04-04 21:58:32,098] {processor.py:652} INFO - DAG(s) dict_keys(['example_task_group']) retrieved from /home/airflow/.local/lib/python3.7/site-packages/airflow/example_dags/example_task_group.py
[2022-04-04 21:58:32,134] {logging_mixin.py:109} INFO - [2022-04-04 21:58:32,134] {dag.py:2398} INFO - Sync 1 DAGs
[2022-04-04 21:58:32,162] {logging_mixin.py:109} INFO - [2022-04-04 21:58:32,162] {dag.py:2937} INFO - Setting next_dagrun for example_task_group to 2022-04-03T21:58:32.162040+00:00
[2022-04-04 21:58:32,177] {processor.py:171} INFO - Processing /home/airflow/.local/lib/python3.7/site-packages/airflow/example_dags/example_task_group.py took 0.112 seconds
