[2022-04-04 21:47:24,731] {processor.py:163} INFO - Started process (PID=213) to work on /home/airflow/.local/lib/python3.7/site-packages/airflow/example_dags/example_branch_operator.py
[2022-04-04 21:47:24,732] {processor.py:642} INFO - Processing file /home/airflow/.local/lib/python3.7/site-packages/airflow/example_dags/example_branch_operator.py for tasks to queue
[2022-04-04 21:47:24,733] {logging_mixin.py:109} INFO - [2022-04-04 21:47:24,733] {dagbag.py:500} INFO - Filling up the DagBag from /home/airflow/.local/lib/python3.7/site-packages/airflow/example_dags/example_branch_operator.py
[2022-04-04 21:47:24,765] {processor.py:652} INFO - DAG(s) dict_keys(['example_branch_operator']) retrieved from /home/airflow/.local/lib/python3.7/site-packages/airflow/example_dags/example_branch_operator.py
[2022-04-04 21:47:28,624] {logging_mixin.py:109} INFO - [2022-04-04 21:47:28,623] {manager.py:496} INFO - Created Permission View: can edit on DAG:example_branch_operator
[2022-04-04 21:47:28,648] {logging_mixin.py:109} INFO - [2022-04-04 21:47:28,648] {manager.py:496} INFO - Created Permission View: can read on DAG:example_branch_operator
[2022-04-04 21:47:28,648] {logging_mixin.py:109} INFO - [2022-04-04 21:47:28,648] {dag.py:2398} INFO - Sync 1 DAGs
[2022-04-04 21:47:28,665] {logging_mixin.py:109} INFO - [2022-04-04 21:47:28,665] {dag.py:2417} INFO - Creating ORM DAG for example_branch_operator
[2022-04-04 21:47:28,698] {logging_mixin.py:109} INFO - [2022-04-04 21:47:28,698] {dag.py:2937} INFO - Setting next_dagrun for example_branch_operator to 2022-04-03 00:00:00+00:00
[2022-04-04 21:47:28,745] {processor.py:171} INFO - Processing /home/airflow/.local/lib/python3.7/site-packages/airflow/example_dags/example_branch_operator.py took 4.019 seconds
[2022-04-04 21:47:59,213] {processor.py:163} INFO - Started process (PID=374) to work on /home/airflow/.local/lib/python3.7/site-packages/airflow/example_dags/example_branch_operator.py
[2022-04-04 21:47:59,219] {processor.py:642} INFO - Processing file /home/airflow/.local/lib/python3.7/site-packages/airflow/example_dags/example_branch_operator.py for tasks to queue
[2022-04-04 21:47:59,220] {logging_mixin.py:109} INFO - [2022-04-04 21:47:59,220] {dagbag.py:500} INFO - Filling up the DagBag from /home/airflow/.local/lib/python3.7/site-packages/airflow/example_dags/example_branch_operator.py
[2022-04-04 21:47:59,250] {processor.py:652} INFO - DAG(s) dict_keys(['example_branch_operator']) retrieved from /home/airflow/.local/lib/python3.7/site-packages/airflow/example_dags/example_branch_operator.py
[2022-04-04 21:47:59,282] {logging_mixin.py:109} INFO - [2022-04-04 21:47:59,282] {dag.py:2398} INFO - Sync 1 DAGs
[2022-04-04 21:47:59,314] {logging_mixin.py:109} INFO - [2022-04-04 21:47:59,314] {dag.py:2937} INFO - Setting next_dagrun for example_branch_operator to 2022-04-03 00:00:00+00:00
[2022-04-04 21:47:59,329] {processor.py:171} INFO - Processing /home/airflow/.local/lib/python3.7/site-packages/airflow/example_dags/example_branch_operator.py took 0.120 seconds
[2022-04-04 21:48:29,664] {processor.py:163} INFO - Started process (PID=428) to work on /home/airflow/.local/lib/python3.7/site-packages/airflow/example_dags/example_branch_operator.py
[2022-04-04 21:48:29,666] {processor.py:642} INFO - Processing file /home/airflow/.local/lib/python3.7/site-packages/airflow/example_dags/example_branch_operator.py for tasks to queue
[2022-04-04 21:48:29,667] {logging_mixin.py:109} INFO - [2022-04-04 21:48:29,667] {dagbag.py:500} INFO - Filling up the DagBag from /home/airflow/.local/lib/python3.7/site-packages/airflow/example_dags/example_branch_operator.py
[2022-04-04 21:48:29,691] {processor.py:652} INFO - DAG(s) dict_keys(['example_branch_operator']) retrieved from /home/airflow/.local/lib/python3.7/site-packages/airflow/example_dags/example_branch_operator.py
[2022-04-04 21:48:29,718] {logging_mixin.py:109} INFO - [2022-04-04 21:48:29,717] {dag.py:2398} INFO - Sync 1 DAGs
[2022-04-04 21:48:29,742] {logging_mixin.py:109} INFO - [2022-04-04 21:48:29,742] {dag.py:2937} INFO - Setting next_dagrun for example_branch_operator to 2022-04-03 00:00:00+00:00
[2022-04-04 21:48:29,757] {processor.py:171} INFO - Processing /home/airflow/.local/lib/python3.7/site-packages/airflow/example_dags/example_branch_operator.py took 0.097 seconds
[2022-04-04 21:49:00,128] {processor.py:163} INFO - Started process (PID=479) to work on /home/airflow/.local/lib/python3.7/site-packages/airflow/example_dags/example_branch_operator.py
[2022-04-04 21:49:00,129] {processor.py:642} INFO - Processing file /home/airflow/.local/lib/python3.7/site-packages/airflow/example_dags/example_branch_operator.py for tasks to queue
[2022-04-04 21:49:00,130] {logging_mixin.py:109} INFO - [2022-04-04 21:49:00,130] {dagbag.py:500} INFO - Filling up the DagBag from /home/airflow/.local/lib/python3.7/site-packages/airflow/example_dags/example_branch_operator.py
[2022-04-04 21:49:00,153] {processor.py:652} INFO - DAG(s) dict_keys(['example_branch_operator']) retrieved from /home/airflow/.local/lib/python3.7/site-packages/airflow/example_dags/example_branch_operator.py
[2022-04-04 21:49:00,183] {logging_mixin.py:109} INFO - [2022-04-04 21:49:00,183] {dag.py:2398} INFO - Sync 1 DAGs
[2022-04-04 21:49:00,212] {logging_mixin.py:109} INFO - [2022-04-04 21:49:00,211] {dag.py:2937} INFO - Setting next_dagrun for example_branch_operator to 2022-04-03 00:00:00+00:00
[2022-04-04 21:49:00,225] {processor.py:171} INFO - Processing /home/airflow/.local/lib/python3.7/site-packages/airflow/example_dags/example_branch_operator.py took 0.101 seconds
[2022-04-04 21:49:30,801] {processor.py:163} INFO - Started process (PID=539) to work on /home/airflow/.local/lib/python3.7/site-packages/airflow/example_dags/example_branch_operator.py
[2022-04-04 21:49:30,802] {processor.py:642} INFO - Processing file /home/airflow/.local/lib/python3.7/site-packages/airflow/example_dags/example_branch_operator.py for tasks to queue
[2022-04-04 21:49:30,803] {logging_mixin.py:109} INFO - [2022-04-04 21:49:30,803] {dagbag.py:500} INFO - Filling up the DagBag from /home/airflow/.local/lib/python3.7/site-packages/airflow/example_dags/example_branch_operator.py
[2022-04-04 21:49:30,830] {processor.py:652} INFO - DAG(s) dict_keys(['example_branch_operator']) retrieved from /home/airflow/.local/lib/python3.7/site-packages/airflow/example_dags/example_branch_operator.py
[2022-04-04 21:49:30,858] {logging_mixin.py:109} INFO - [2022-04-04 21:49:30,857] {dag.py:2398} INFO - Sync 1 DAGs
[2022-04-04 21:49:30,884] {logging_mixin.py:109} INFO - [2022-04-04 21:49:30,884] {dag.py:2937} INFO - Setting next_dagrun for example_branch_operator to 2022-04-03 00:00:00+00:00
[2022-04-04 21:49:30,897] {processor.py:171} INFO - Processing /home/airflow/.local/lib/python3.7/site-packages/airflow/example_dags/example_branch_operator.py took 0.101 seconds
[2022-04-04 21:50:01,648] {processor.py:163} INFO - Started process (PID=591) to work on /home/airflow/.local/lib/python3.7/site-packages/airflow/example_dags/example_branch_operator.py
[2022-04-04 21:50:01,651] {processor.py:642} INFO - Processing file /home/airflow/.local/lib/python3.7/site-packages/airflow/example_dags/example_branch_operator.py for tasks to queue
[2022-04-04 21:50:01,652] {logging_mixin.py:109} INFO - [2022-04-04 21:50:01,652] {dagbag.py:500} INFO - Filling up the DagBag from /home/airflow/.local/lib/python3.7/site-packages/airflow/example_dags/example_branch_operator.py
[2022-04-04 21:50:01,690] {processor.py:652} INFO - DAG(s) dict_keys(['example_branch_operator']) retrieved from /home/airflow/.local/lib/python3.7/site-packages/airflow/example_dags/example_branch_operator.py
[2022-04-04 21:50:01,725] {logging_mixin.py:109} INFO - [2022-04-04 21:50:01,725] {dag.py:2398} INFO - Sync 1 DAGs
[2022-04-04 21:50:01,756] {logging_mixin.py:109} INFO - [2022-04-04 21:50:01,756] {dag.py:2937} INFO - Setting next_dagrun for example_branch_operator to 2022-04-03 00:00:00+00:00
[2022-04-04 21:50:01,772] {processor.py:171} INFO - Processing /home/airflow/.local/lib/python3.7/site-packages/airflow/example_dags/example_branch_operator.py took 0.130 seconds
[2022-04-04 21:50:32,530] {processor.py:163} INFO - Started process (PID=643) to work on /home/airflow/.local/lib/python3.7/site-packages/airflow/example_dags/example_branch_operator.py
[2022-04-04 21:50:32,532] {processor.py:642} INFO - Processing file /home/airflow/.local/lib/python3.7/site-packages/airflow/example_dags/example_branch_operator.py for tasks to queue
[2022-04-04 21:50:32,533] {logging_mixin.py:109} INFO - [2022-04-04 21:50:32,533] {dagbag.py:500} INFO - Filling up the DagBag from /home/airflow/.local/lib/python3.7/site-packages/airflow/example_dags/example_branch_operator.py
[2022-04-04 21:50:32,553] {processor.py:652} INFO - DAG(s) dict_keys(['example_branch_operator']) retrieved from /home/airflow/.local/lib/python3.7/site-packages/airflow/example_dags/example_branch_operator.py
[2022-04-04 21:50:32,581] {logging_mixin.py:109} INFO - [2022-04-04 21:50:32,581] {dag.py:2398} INFO - Sync 1 DAGs
[2022-04-04 21:50:32,611] {logging_mixin.py:109} INFO - [2022-04-04 21:50:32,611] {dag.py:2937} INFO - Setting next_dagrun for example_branch_operator to 2022-04-03 00:00:00+00:00
[2022-04-04 21:50:32,625] {processor.py:171} INFO - Processing /home/airflow/.local/lib/python3.7/site-packages/airflow/example_dags/example_branch_operator.py took 0.098 seconds
[2022-04-04 21:51:03,580] {processor.py:163} INFO - Started process (PID=704) to work on /home/airflow/.local/lib/python3.7/site-packages/airflow/example_dags/example_branch_operator.py
[2022-04-04 21:51:03,581] {processor.py:642} INFO - Processing file /home/airflow/.local/lib/python3.7/site-packages/airflow/example_dags/example_branch_operator.py for tasks to queue
[2022-04-04 21:51:03,581] {logging_mixin.py:109} INFO - [2022-04-04 21:51:03,581] {dagbag.py:500} INFO - Filling up the DagBag from /home/airflow/.local/lib/python3.7/site-packages/airflow/example_dags/example_branch_operator.py
[2022-04-04 21:51:03,605] {processor.py:652} INFO - DAG(s) dict_keys(['example_branch_operator']) retrieved from /home/airflow/.local/lib/python3.7/site-packages/airflow/example_dags/example_branch_operator.py
[2022-04-04 21:51:03,634] {logging_mixin.py:109} INFO - [2022-04-04 21:51:03,634] {dag.py:2398} INFO - Sync 1 DAGs
[2022-04-04 21:51:03,662] {logging_mixin.py:109} INFO - [2022-04-04 21:51:03,662] {dag.py:2937} INFO - Setting next_dagrun for example_branch_operator to 2022-04-03 00:00:00+00:00
[2022-04-04 21:51:03,677] {processor.py:171} INFO - Processing /home/airflow/.local/lib/python3.7/site-packages/airflow/example_dags/example_branch_operator.py took 0.102 seconds
[2022-04-04 21:51:34,295] {processor.py:163} INFO - Started process (PID=754) to work on /home/airflow/.local/lib/python3.7/site-packages/airflow/example_dags/example_branch_operator.py
[2022-04-04 21:51:34,296] {processor.py:642} INFO - Processing file /home/airflow/.local/lib/python3.7/site-packages/airflow/example_dags/example_branch_operator.py for tasks to queue
[2022-04-04 21:51:34,297] {logging_mixin.py:109} INFO - [2022-04-04 21:51:34,297] {dagbag.py:500} INFO - Filling up the DagBag from /home/airflow/.local/lib/python3.7/site-packages/airflow/example_dags/example_branch_operator.py
[2022-04-04 21:51:34,319] {processor.py:652} INFO - DAG(s) dict_keys(['example_branch_operator']) retrieved from /home/airflow/.local/lib/python3.7/site-packages/airflow/example_dags/example_branch_operator.py
[2022-04-04 21:51:34,347] {logging_mixin.py:109} INFO - [2022-04-04 21:51:34,347] {dag.py:2398} INFO - Sync 1 DAGs
[2022-04-04 21:51:34,374] {logging_mixin.py:109} INFO - [2022-04-04 21:51:34,374] {dag.py:2937} INFO - Setting next_dagrun for example_branch_operator to 2022-04-03 00:00:00+00:00
[2022-04-04 21:51:34,390] {processor.py:171} INFO - Processing /home/airflow/.local/lib/python3.7/site-packages/airflow/example_dags/example_branch_operator.py took 0.099 seconds
[2022-04-04 21:52:05,108] {processor.py:163} INFO - Started process (PID=806) to work on /home/airflow/.local/lib/python3.7/site-packages/airflow/example_dags/example_branch_operator.py
[2022-04-04 21:52:05,109] {processor.py:642} INFO - Processing file /home/airflow/.local/lib/python3.7/site-packages/airflow/example_dags/example_branch_operator.py for tasks to queue
[2022-04-04 21:52:05,110] {logging_mixin.py:109} INFO - [2022-04-04 21:52:05,110] {dagbag.py:500} INFO - Filling up the DagBag from /home/airflow/.local/lib/python3.7/site-packages/airflow/example_dags/example_branch_operator.py
[2022-04-04 21:52:05,140] {processor.py:652} INFO - DAG(s) dict_keys(['example_branch_operator']) retrieved from /home/airflow/.local/lib/python3.7/site-packages/airflow/example_dags/example_branch_operator.py
[2022-04-04 21:52:05,179] {logging_mixin.py:109} INFO - [2022-04-04 21:52:05,179] {dag.py:2398} INFO - Sync 1 DAGs
[2022-04-04 21:52:05,206] {logging_mixin.py:109} INFO - [2022-04-04 21:52:05,206] {dag.py:2937} INFO - Setting next_dagrun for example_branch_operator to 2022-04-03 00:00:00+00:00
[2022-04-04 21:52:05,221] {processor.py:171} INFO - Processing /home/airflow/.local/lib/python3.7/site-packages/airflow/example_dags/example_branch_operator.py took 0.117 seconds
[2022-04-04 21:52:35,814] {processor.py:163} INFO - Started process (PID=866) to work on /home/airflow/.local/lib/python3.7/site-packages/airflow/example_dags/example_branch_operator.py
[2022-04-04 21:52:35,816] {processor.py:642} INFO - Processing file /home/airflow/.local/lib/python3.7/site-packages/airflow/example_dags/example_branch_operator.py for tasks to queue
[2022-04-04 21:52:35,817] {logging_mixin.py:109} INFO - [2022-04-04 21:52:35,816] {dagbag.py:500} INFO - Filling up the DagBag from /home/airflow/.local/lib/python3.7/site-packages/airflow/example_dags/example_branch_operator.py
[2022-04-04 21:52:35,845] {processor.py:652} INFO - DAG(s) dict_keys(['example_branch_operator']) retrieved from /home/airflow/.local/lib/python3.7/site-packages/airflow/example_dags/example_branch_operator.py
[2022-04-04 21:52:35,874] {logging_mixin.py:109} INFO - [2022-04-04 21:52:35,874] {dag.py:2398} INFO - Sync 1 DAGs
[2022-04-04 21:52:35,897] {logging_mixin.py:109} INFO - [2022-04-04 21:52:35,897] {dag.py:2937} INFO - Setting next_dagrun for example_branch_operator to 2022-04-03 00:00:00+00:00
[2022-04-04 21:52:35,913] {processor.py:171} INFO - Processing /home/airflow/.local/lib/python3.7/site-packages/airflow/example_dags/example_branch_operator.py took 0.103 seconds
[2022-04-04 21:53:06,738] {processor.py:163} INFO - Started process (PID=917) to work on /home/airflow/.local/lib/python3.7/site-packages/airflow/example_dags/example_branch_operator.py
[2022-04-04 21:53:06,739] {processor.py:642} INFO - Processing file /home/airflow/.local/lib/python3.7/site-packages/airflow/example_dags/example_branch_operator.py for tasks to queue
[2022-04-04 21:53:06,740] {logging_mixin.py:109} INFO - [2022-04-04 21:53:06,740] {dagbag.py:500} INFO - Filling up the DagBag from /home/airflow/.local/lib/python3.7/site-packages/airflow/example_dags/example_branch_operator.py
[2022-04-04 21:53:06,768] {processor.py:652} INFO - DAG(s) dict_keys(['example_branch_operator']) retrieved from /home/airflow/.local/lib/python3.7/site-packages/airflow/example_dags/example_branch_operator.py
[2022-04-04 21:53:06,796] {logging_mixin.py:109} INFO - [2022-04-04 21:53:06,796] {dag.py:2398} INFO - Sync 1 DAGs
[2022-04-04 21:53:06,821] {logging_mixin.py:109} INFO - [2022-04-04 21:53:06,820] {dag.py:2937} INFO - Setting next_dagrun for example_branch_operator to 2022-04-03 00:00:00+00:00
[2022-04-04 21:53:06,835] {processor.py:171} INFO - Processing /home/airflow/.local/lib/python3.7/site-packages/airflow/example_dags/example_branch_operator.py took 0.103 seconds
[2022-04-04 21:53:37,081] {processor.py:163} INFO - Started process (PID=967) to work on /home/airflow/.local/lib/python3.7/site-packages/airflow/example_dags/example_branch_operator.py
[2022-04-04 21:53:37,084] {processor.py:642} INFO - Processing file /home/airflow/.local/lib/python3.7/site-packages/airflow/example_dags/example_branch_operator.py for tasks to queue
[2022-04-04 21:53:37,085] {logging_mixin.py:109} INFO - [2022-04-04 21:53:37,085] {dagbag.py:500} INFO - Filling up the DagBag from /home/airflow/.local/lib/python3.7/site-packages/airflow/example_dags/example_branch_operator.py
[2022-04-04 21:53:37,105] {processor.py:652} INFO - DAG(s) dict_keys(['example_branch_operator']) retrieved from /home/airflow/.local/lib/python3.7/site-packages/airflow/example_dags/example_branch_operator.py
[2022-04-04 21:53:37,136] {logging_mixin.py:109} INFO - [2022-04-04 21:53:37,136] {dag.py:2398} INFO - Sync 1 DAGs
[2022-04-04 21:53:37,168] {logging_mixin.py:109} INFO - [2022-04-04 21:53:37,168] {dag.py:2937} INFO - Setting next_dagrun for example_branch_operator to 2022-04-03 00:00:00+00:00
[2022-04-04 21:53:37,183] {processor.py:171} INFO - Processing /home/airflow/.local/lib/python3.7/site-packages/airflow/example_dags/example_branch_operator.py took 0.106 seconds
[2022-04-04 21:54:07,936] {processor.py:163} INFO - Started process (PID=1030) to work on /home/airflow/.local/lib/python3.7/site-packages/airflow/example_dags/example_branch_operator.py
[2022-04-04 21:54:07,937] {processor.py:642} INFO - Processing file /home/airflow/.local/lib/python3.7/site-packages/airflow/example_dags/example_branch_operator.py for tasks to queue
[2022-04-04 21:54:07,938] {logging_mixin.py:109} INFO - [2022-04-04 21:54:07,938] {dagbag.py:500} INFO - Filling up the DagBag from /home/airflow/.local/lib/python3.7/site-packages/airflow/example_dags/example_branch_operator.py
[2022-04-04 21:54:07,967] {processor.py:652} INFO - DAG(s) dict_keys(['example_branch_operator']) retrieved from /home/airflow/.local/lib/python3.7/site-packages/airflow/example_dags/example_branch_operator.py
[2022-04-04 21:54:07,998] {logging_mixin.py:109} INFO - [2022-04-04 21:54:07,998] {dag.py:2398} INFO - Sync 1 DAGs
[2022-04-04 21:54:08,028] {logging_mixin.py:109} INFO - [2022-04-04 21:54:08,028] {dag.py:2937} INFO - Setting next_dagrun for example_branch_operator to 2022-04-03 00:00:00+00:00
[2022-04-04 21:54:08,043] {processor.py:171} INFO - Processing /home/airflow/.local/lib/python3.7/site-packages/airflow/example_dags/example_branch_operator.py took 0.111 seconds
[2022-04-04 21:54:38,927] {processor.py:163} INFO - Started process (PID=1080) to work on /home/airflow/.local/lib/python3.7/site-packages/airflow/example_dags/example_branch_operator.py
[2022-04-04 21:54:38,930] {processor.py:642} INFO - Processing file /home/airflow/.local/lib/python3.7/site-packages/airflow/example_dags/example_branch_operator.py for tasks to queue
[2022-04-04 21:54:38,931] {logging_mixin.py:109} INFO - [2022-04-04 21:54:38,931] {dagbag.py:500} INFO - Filling up the DagBag from /home/airflow/.local/lib/python3.7/site-packages/airflow/example_dags/example_branch_operator.py
[2022-04-04 21:54:38,952] {processor.py:652} INFO - DAG(s) dict_keys(['example_branch_operator']) retrieved from /home/airflow/.local/lib/python3.7/site-packages/airflow/example_dags/example_branch_operator.py
[2022-04-04 21:54:38,980] {logging_mixin.py:109} INFO - [2022-04-04 21:54:38,980] {dag.py:2398} INFO - Sync 1 DAGs
[2022-04-04 21:54:39,003] {logging_mixin.py:109} INFO - [2022-04-04 21:54:39,002] {dag.py:2937} INFO - Setting next_dagrun for example_branch_operator to 2022-04-03 00:00:00+00:00
[2022-04-04 21:54:39,018] {processor.py:171} INFO - Processing /home/airflow/.local/lib/python3.7/site-packages/airflow/example_dags/example_branch_operator.py took 0.095 seconds
[2022-04-04 21:55:09,169] {processor.py:163} INFO - Started process (PID=1131) to work on /home/airflow/.local/lib/python3.7/site-packages/airflow/example_dags/example_branch_operator.py
[2022-04-04 21:55:09,172] {processor.py:642} INFO - Processing file /home/airflow/.local/lib/python3.7/site-packages/airflow/example_dags/example_branch_operator.py for tasks to queue
[2022-04-04 21:55:09,173] {logging_mixin.py:109} INFO - [2022-04-04 21:55:09,173] {dagbag.py:500} INFO - Filling up the DagBag from /home/airflow/.local/lib/python3.7/site-packages/airflow/example_dags/example_branch_operator.py
[2022-04-04 21:55:09,193] {processor.py:652} INFO - DAG(s) dict_keys(['example_branch_operator']) retrieved from /home/airflow/.local/lib/python3.7/site-packages/airflow/example_dags/example_branch_operator.py
[2022-04-04 21:55:09,220] {logging_mixin.py:109} INFO - [2022-04-04 21:55:09,220] {dag.py:2398} INFO - Sync 1 DAGs
[2022-04-04 21:55:09,242] {logging_mixin.py:109} INFO - [2022-04-04 21:55:09,242] {dag.py:2937} INFO - Setting next_dagrun for example_branch_operator to 2022-04-03 00:00:00+00:00
[2022-04-04 21:55:09,255] {processor.py:171} INFO - Processing /home/airflow/.local/lib/python3.7/site-packages/airflow/example_dags/example_branch_operator.py took 0.090 seconds
[2022-04-04 21:55:39,415] {processor.py:163} INFO - Started process (PID=1192) to work on /home/airflow/.local/lib/python3.7/site-packages/airflow/example_dags/example_branch_operator.py
[2022-04-04 21:55:39,416] {processor.py:642} INFO - Processing file /home/airflow/.local/lib/python3.7/site-packages/airflow/example_dags/example_branch_operator.py for tasks to queue
[2022-04-04 21:55:39,418] {logging_mixin.py:109} INFO - [2022-04-04 21:55:39,418] {dagbag.py:500} INFO - Filling up the DagBag from /home/airflow/.local/lib/python3.7/site-packages/airflow/example_dags/example_branch_operator.py
[2022-04-04 21:55:39,445] {processor.py:652} INFO - DAG(s) dict_keys(['example_branch_operator']) retrieved from /home/airflow/.local/lib/python3.7/site-packages/airflow/example_dags/example_branch_operator.py
[2022-04-04 21:55:39,473] {logging_mixin.py:109} INFO - [2022-04-04 21:55:39,473] {dag.py:2398} INFO - Sync 1 DAGs
[2022-04-04 21:55:39,497] {logging_mixin.py:109} INFO - [2022-04-04 21:55:39,497] {dag.py:2937} INFO - Setting next_dagrun for example_branch_operator to 2022-04-03 00:00:00+00:00
[2022-04-04 21:55:39,512] {processor.py:171} INFO - Processing /home/airflow/.local/lib/python3.7/site-packages/airflow/example_dags/example_branch_operator.py took 0.100 seconds
[2022-04-04 21:56:09,677] {processor.py:163} INFO - Started process (PID=1243) to work on /home/airflow/.local/lib/python3.7/site-packages/airflow/example_dags/example_branch_operator.py
[2022-04-04 21:56:09,678] {processor.py:642} INFO - Processing file /home/airflow/.local/lib/python3.7/site-packages/airflow/example_dags/example_branch_operator.py for tasks to queue
[2022-04-04 21:56:09,679] {logging_mixin.py:109} INFO - [2022-04-04 21:56:09,679] {dagbag.py:500} INFO - Filling up the DagBag from /home/airflow/.local/lib/python3.7/site-packages/airflow/example_dags/example_branch_operator.py
[2022-04-04 21:56:09,702] {processor.py:652} INFO - DAG(s) dict_keys(['example_branch_operator']) retrieved from /home/airflow/.local/lib/python3.7/site-packages/airflow/example_dags/example_branch_operator.py
[2022-04-04 21:56:09,731] {logging_mixin.py:109} INFO - [2022-04-04 21:56:09,730] {dag.py:2398} INFO - Sync 1 DAGs
[2022-04-04 21:56:09,757] {logging_mixin.py:109} INFO - [2022-04-04 21:56:09,757] {dag.py:2937} INFO - Setting next_dagrun for example_branch_operator to 2022-04-03 00:00:00+00:00
[2022-04-04 21:56:09,771] {processor.py:171} INFO - Processing /home/airflow/.local/lib/python3.7/site-packages/airflow/example_dags/example_branch_operator.py took 0.097 seconds
[2022-04-04 21:56:41,152] {processor.py:163} INFO - Started process (PID=1295) to work on /home/airflow/.local/lib/python3.7/site-packages/airflow/example_dags/example_branch_operator.py
[2022-04-04 21:56:41,153] {processor.py:642} INFO - Processing file /home/airflow/.local/lib/python3.7/site-packages/airflow/example_dags/example_branch_operator.py for tasks to queue
[2022-04-04 21:56:41,154] {logging_mixin.py:109} INFO - [2022-04-04 21:56:41,154] {dagbag.py:500} INFO - Filling up the DagBag from /home/airflow/.local/lib/python3.7/site-packages/airflow/example_dags/example_branch_operator.py
[2022-04-04 21:56:41,175] {processor.py:652} INFO - DAG(s) dict_keys(['example_branch_operator']) retrieved from /home/airflow/.local/lib/python3.7/site-packages/airflow/example_dags/example_branch_operator.py
[2022-04-04 21:56:41,204] {logging_mixin.py:109} INFO - [2022-04-04 21:56:41,204] {dag.py:2398} INFO - Sync 1 DAGs
[2022-04-04 21:56:41,231] {logging_mixin.py:109} INFO - [2022-04-04 21:56:41,231] {dag.py:2937} INFO - Setting next_dagrun for example_branch_operator to 2022-04-03 00:00:00+00:00
[2022-04-04 21:56:41,243] {processor.py:171} INFO - Processing /home/airflow/.local/lib/python3.7/site-packages/airflow/example_dags/example_branch_operator.py took 0.095 seconds
[2022-04-04 21:57:11,606] {processor.py:163} INFO - Started process (PID=1356) to work on /home/airflow/.local/lib/python3.7/site-packages/airflow/example_dags/example_branch_operator.py
[2022-04-04 21:57:11,608] {processor.py:642} INFO - Processing file /home/airflow/.local/lib/python3.7/site-packages/airflow/example_dags/example_branch_operator.py for tasks to queue
[2022-04-04 21:57:11,610] {logging_mixin.py:109} INFO - [2022-04-04 21:57:11,609] {dagbag.py:500} INFO - Filling up the DagBag from /home/airflow/.local/lib/python3.7/site-packages/airflow/example_dags/example_branch_operator.py
[2022-04-04 21:57:11,640] {processor.py:652} INFO - DAG(s) dict_keys(['example_branch_operator']) retrieved from /home/airflow/.local/lib/python3.7/site-packages/airflow/example_dags/example_branch_operator.py
[2022-04-04 21:57:11,679] {logging_mixin.py:109} INFO - [2022-04-04 21:57:11,679] {dag.py:2398} INFO - Sync 1 DAGs
[2022-04-04 21:57:11,718] {logging_mixin.py:109} INFO - [2022-04-04 21:57:11,717] {dag.py:2937} INFO - Setting next_dagrun for example_branch_operator to 2022-04-03 00:00:00+00:00
[2022-04-04 21:57:11,736] {processor.py:171} INFO - Processing /home/airflow/.local/lib/python3.7/site-packages/airflow/example_dags/example_branch_operator.py took 0.134 seconds
[2022-04-04 21:57:42,495] {processor.py:163} INFO - Started process (PID=1408) to work on /home/airflow/.local/lib/python3.7/site-packages/airflow/example_dags/example_branch_operator.py
[2022-04-04 21:57:42,496] {processor.py:642} INFO - Processing file /home/airflow/.local/lib/python3.7/site-packages/airflow/example_dags/example_branch_operator.py for tasks to queue
[2022-04-04 21:57:42,497] {logging_mixin.py:109} INFO - [2022-04-04 21:57:42,497] {dagbag.py:500} INFO - Filling up the DagBag from /home/airflow/.local/lib/python3.7/site-packages/airflow/example_dags/example_branch_operator.py
[2022-04-04 21:57:42,518] {processor.py:652} INFO - DAG(s) dict_keys(['example_branch_operator']) retrieved from /home/airflow/.local/lib/python3.7/site-packages/airflow/example_dags/example_branch_operator.py
[2022-04-04 21:57:42,546] {logging_mixin.py:109} INFO - [2022-04-04 21:57:42,546] {dag.py:2398} INFO - Sync 1 DAGs
[2022-04-04 21:57:42,570] {logging_mixin.py:109} INFO - [2022-04-04 21:57:42,570] {dag.py:2937} INFO - Setting next_dagrun for example_branch_operator to 2022-04-03 00:00:00+00:00
[2022-04-04 21:57:42,582] {processor.py:171} INFO - Processing /home/airflow/.local/lib/python3.7/site-packages/airflow/example_dags/example_branch_operator.py took 0.091 seconds
[2022-04-04 21:58:13,466] {processor.py:163} INFO - Started process (PID=1459) to work on /home/airflow/.local/lib/python3.7/site-packages/airflow/example_dags/example_branch_operator.py
[2022-04-04 21:58:13,467] {processor.py:642} INFO - Processing file /home/airflow/.local/lib/python3.7/site-packages/airflow/example_dags/example_branch_operator.py for tasks to queue
[2022-04-04 21:58:13,468] {logging_mixin.py:109} INFO - [2022-04-04 21:58:13,468] {dagbag.py:500} INFO - Filling up the DagBag from /home/airflow/.local/lib/python3.7/site-packages/airflow/example_dags/example_branch_operator.py
[2022-04-04 21:58:13,492] {processor.py:652} INFO - DAG(s) dict_keys(['example_branch_operator']) retrieved from /home/airflow/.local/lib/python3.7/site-packages/airflow/example_dags/example_branch_operator.py
[2022-04-04 21:58:13,522] {logging_mixin.py:109} INFO - [2022-04-04 21:58:13,522] {dag.py:2398} INFO - Sync 1 DAGs
[2022-04-04 21:58:13,547] {logging_mixin.py:109} INFO - [2022-04-04 21:58:13,546] {dag.py:2937} INFO - Setting next_dagrun for example_branch_operator to 2022-04-03 00:00:00+00:00
[2022-04-04 21:58:13,562] {processor.py:171} INFO - Processing /home/airflow/.local/lib/python3.7/site-packages/airflow/example_dags/example_branch_operator.py took 0.100 seconds
[2022-04-04 21:58:44,605] {processor.py:163} INFO - Started process (PID=1520) to work on /home/airflow/.local/lib/python3.7/site-packages/airflow/example_dags/example_branch_operator.py
[2022-04-04 21:58:44,607] {processor.py:642} INFO - Processing file /home/airflow/.local/lib/python3.7/site-packages/airflow/example_dags/example_branch_operator.py for tasks to queue
[2022-04-04 21:58:44,609] {logging_mixin.py:109} INFO - [2022-04-04 21:58:44,609] {dagbag.py:500} INFO - Filling up the DagBag from /home/airflow/.local/lib/python3.7/site-packages/airflow/example_dags/example_branch_operator.py
[2022-04-04 21:58:44,633] {processor.py:652} INFO - DAG(s) dict_keys(['example_branch_operator']) retrieved from /home/airflow/.local/lib/python3.7/site-packages/airflow/example_dags/example_branch_operator.py
[2022-04-04 21:58:44,665] {logging_mixin.py:109} INFO - [2022-04-04 21:58:44,665] {dag.py:2398} INFO - Sync 1 DAGs
[2022-04-04 21:58:44,694] {logging_mixin.py:109} INFO - [2022-04-04 21:58:44,694] {dag.py:2937} INFO - Setting next_dagrun for example_branch_operator to 2022-04-03 00:00:00+00:00
[2022-04-04 21:58:44,711] {processor.py:171} INFO - Processing /home/airflow/.local/lib/python3.7/site-packages/airflow/example_dags/example_branch_operator.py took 0.110 seconds
