[2022-04-04 21:47:15,128] {processor.py:163} INFO - Started process (PID=150) to work on /home/airflow/.local/lib/python3.7/site-packages/airflow/example_dags/tutorial.py
[2022-04-04 21:47:15,130] {processor.py:642} INFO - Processing file /home/airflow/.local/lib/python3.7/site-packages/airflow/example_dags/tutorial.py for tasks to queue
[2022-04-04 21:47:15,131] {logging_mixin.py:109} INFO - [2022-04-04 21:47:15,131] {dagbag.py:500} INFO - Filling up the DagBag from /home/airflow/.local/lib/python3.7/site-packages/airflow/example_dags/tutorial.py
[2022-04-04 21:47:15,152] {processor.py:652} INFO - DAG(s) dict_keys(['tutorial']) retrieved from /home/airflow/.local/lib/python3.7/site-packages/airflow/example_dags/tutorial.py
[2022-04-04 21:47:17,698] {logging_mixin.py:109} INFO - [2022-04-04 21:47:17,698] {manager.py:496} INFO - Created Permission View: can edit on DAG:tutorial
[2022-04-04 21:47:17,717] {logging_mixin.py:109} INFO - [2022-04-04 21:47:17,717] {manager.py:496} INFO - Created Permission View: can read on DAG:tutorial
[2022-04-04 21:47:17,719] {logging_mixin.py:109} INFO - [2022-04-04 21:47:17,718] {dag.py:2398} INFO - Sync 1 DAGs
[2022-04-04 21:47:17,734] {logging_mixin.py:109} INFO - [2022-04-04 21:47:17,733] {dag.py:2417} INFO - Creating ORM DAG for tutorial
[2022-04-04 21:47:17,745] {logging_mixin.py:109} INFO - [2022-04-04 21:47:17,745] {dag.py:2937} INFO - Setting next_dagrun for tutorial to 2022-04-03T21:47:17.745009+00:00
[2022-04-04 21:47:17,763] {processor.py:171} INFO - Processing /home/airflow/.local/lib/python3.7/site-packages/airflow/example_dags/tutorial.py took 2.639 seconds
[2022-04-04 21:47:54,758] {processor.py:163} INFO - Started process (PID=368) to work on /home/airflow/.local/lib/python3.7/site-packages/airflow/example_dags/tutorial.py
[2022-04-04 21:47:54,761] {processor.py:642} INFO - Processing file /home/airflow/.local/lib/python3.7/site-packages/airflow/example_dags/tutorial.py for tasks to queue
[2022-04-04 21:47:54,764] {logging_mixin.py:109} INFO - [2022-04-04 21:47:54,762] {dagbag.py:500} INFO - Filling up the DagBag from /home/airflow/.local/lib/python3.7/site-packages/airflow/example_dags/tutorial.py
[2022-04-04 21:47:54,808] {processor.py:652} INFO - DAG(s) dict_keys(['tutorial']) retrieved from /home/airflow/.local/lib/python3.7/site-packages/airflow/example_dags/tutorial.py
[2022-04-04 21:47:54,843] {logging_mixin.py:109} INFO - [2022-04-04 21:47:54,843] {dag.py:2398} INFO - Sync 1 DAGs
[2022-04-04 21:47:54,877] {logging_mixin.py:109} INFO - [2022-04-04 21:47:54,877] {dag.py:2937} INFO - Setting next_dagrun for tutorial to 2022-04-03T21:47:54.877200+00:00
[2022-04-04 21:47:54,898] {processor.py:171} INFO - Processing /home/airflow/.local/lib/python3.7/site-packages/airflow/example_dags/tutorial.py took 0.145 seconds
[2022-04-04 21:48:25,217] {processor.py:163} INFO - Started process (PID=421) to work on /home/airflow/.local/lib/python3.7/site-packages/airflow/example_dags/tutorial.py
[2022-04-04 21:48:25,219] {processor.py:642} INFO - Processing file /home/airflow/.local/lib/python3.7/site-packages/airflow/example_dags/tutorial.py for tasks to queue
[2022-04-04 21:48:25,220] {logging_mixin.py:109} INFO - [2022-04-04 21:48:25,219] {dagbag.py:500} INFO - Filling up the DagBag from /home/airflow/.local/lib/python3.7/site-packages/airflow/example_dags/tutorial.py
[2022-04-04 21:48:25,238] {processor.py:652} INFO - DAG(s) dict_keys(['tutorial']) retrieved from /home/airflow/.local/lib/python3.7/site-packages/airflow/example_dags/tutorial.py
[2022-04-04 21:48:25,266] {logging_mixin.py:109} INFO - [2022-04-04 21:48:25,265] {dag.py:2398} INFO - Sync 1 DAGs
[2022-04-04 21:48:25,288] {logging_mixin.py:109} INFO - [2022-04-04 21:48:25,288] {dag.py:2937} INFO - Setting next_dagrun for tutorial to 2022-04-03T21:48:25.287808+00:00
[2022-04-04 21:48:25,306] {processor.py:171} INFO - Processing /home/airflow/.local/lib/python3.7/site-packages/airflow/example_dags/tutorial.py took 0.093 seconds
[2022-04-04 21:48:55,376] {processor.py:163} INFO - Started process (PID=471) to work on /home/airflow/.local/lib/python3.7/site-packages/airflow/example_dags/tutorial.py
[2022-04-04 21:48:55,377] {processor.py:642} INFO - Processing file /home/airflow/.local/lib/python3.7/site-packages/airflow/example_dags/tutorial.py for tasks to queue
[2022-04-04 21:48:55,377] {logging_mixin.py:109} INFO - [2022-04-04 21:48:55,377] {dagbag.py:500} INFO - Filling up the DagBag from /home/airflow/.local/lib/python3.7/site-packages/airflow/example_dags/tutorial.py
[2022-04-04 21:48:55,395] {processor.py:652} INFO - DAG(s) dict_keys(['tutorial']) retrieved from /home/airflow/.local/lib/python3.7/site-packages/airflow/example_dags/tutorial.py
[2022-04-04 21:48:55,420] {logging_mixin.py:109} INFO - [2022-04-04 21:48:55,420] {dag.py:2398} INFO - Sync 1 DAGs
[2022-04-04 21:48:55,440] {logging_mixin.py:109} INFO - [2022-04-04 21:48:55,439] {dag.py:2937} INFO - Setting next_dagrun for tutorial to 2022-04-03T21:48:55.439652+00:00
[2022-04-04 21:48:55,452] {processor.py:171} INFO - Processing /home/airflow/.local/lib/python3.7/site-packages/airflow/example_dags/tutorial.py took 0.079 seconds
[2022-04-04 21:49:25,828] {processor.py:163} INFO - Started process (PID=522) to work on /home/airflow/.local/lib/python3.7/site-packages/airflow/example_dags/tutorial.py
[2022-04-04 21:49:25,830] {processor.py:642} INFO - Processing file /home/airflow/.local/lib/python3.7/site-packages/airflow/example_dags/tutorial.py for tasks to queue
[2022-04-04 21:49:25,831] {logging_mixin.py:109} INFO - [2022-04-04 21:49:25,831] {dagbag.py:500} INFO - Filling up the DagBag from /home/airflow/.local/lib/python3.7/site-packages/airflow/example_dags/tutorial.py
[2022-04-04 21:49:25,850] {processor.py:652} INFO - DAG(s) dict_keys(['tutorial']) retrieved from /home/airflow/.local/lib/python3.7/site-packages/airflow/example_dags/tutorial.py
[2022-04-04 21:49:25,874] {logging_mixin.py:109} INFO - [2022-04-04 21:49:25,873] {dag.py:2398} INFO - Sync 1 DAGs
[2022-04-04 21:49:25,895] {logging_mixin.py:109} INFO - [2022-04-04 21:49:25,894] {dag.py:2937} INFO - Setting next_dagrun for tutorial to 2022-04-03T21:49:25.894617+00:00
[2022-04-04 21:49:25,910] {processor.py:171} INFO - Processing /home/airflow/.local/lib/python3.7/site-packages/airflow/example_dags/tutorial.py took 0.086 seconds
[2022-04-04 21:49:56,781] {processor.py:163} INFO - Started process (PID=583) to work on /home/airflow/.local/lib/python3.7/site-packages/airflow/example_dags/tutorial.py
[2022-04-04 21:49:56,782] {processor.py:642} INFO - Processing file /home/airflow/.local/lib/python3.7/site-packages/airflow/example_dags/tutorial.py for tasks to queue
[2022-04-04 21:49:56,783] {logging_mixin.py:109} INFO - [2022-04-04 21:49:56,783] {dagbag.py:500} INFO - Filling up the DagBag from /home/airflow/.local/lib/python3.7/site-packages/airflow/example_dags/tutorial.py
[2022-04-04 21:49:56,804] {processor.py:652} INFO - DAG(s) dict_keys(['tutorial']) retrieved from /home/airflow/.local/lib/python3.7/site-packages/airflow/example_dags/tutorial.py
[2022-04-04 21:49:56,835] {logging_mixin.py:109} INFO - [2022-04-04 21:49:56,834] {dag.py:2398} INFO - Sync 1 DAGs
[2022-04-04 21:49:56,862] {logging_mixin.py:109} INFO - [2022-04-04 21:49:56,862] {dag.py:2937} INFO - Setting next_dagrun for tutorial to 2022-04-03T21:49:56.861685+00:00
[2022-04-04 21:49:56,880] {processor.py:171} INFO - Processing /home/airflow/.local/lib/python3.7/site-packages/airflow/example_dags/tutorial.py took 0.103 seconds
[2022-04-04 21:50:27,609] {processor.py:163} INFO - Started process (PID=634) to work on /home/airflow/.local/lib/python3.7/site-packages/airflow/example_dags/tutorial.py
[2022-04-04 21:50:27,610] {processor.py:642} INFO - Processing file /home/airflow/.local/lib/python3.7/site-packages/airflow/example_dags/tutorial.py for tasks to queue
[2022-04-04 21:50:27,611] {logging_mixin.py:109} INFO - [2022-04-04 21:50:27,611] {dagbag.py:500} INFO - Filling up the DagBag from /home/airflow/.local/lib/python3.7/site-packages/airflow/example_dags/tutorial.py
[2022-04-04 21:50:27,629] {processor.py:652} INFO - DAG(s) dict_keys(['tutorial']) retrieved from /home/airflow/.local/lib/python3.7/site-packages/airflow/example_dags/tutorial.py
[2022-04-04 21:50:27,653] {logging_mixin.py:109} INFO - [2022-04-04 21:50:27,653] {dag.py:2398} INFO - Sync 1 DAGs
[2022-04-04 21:50:27,674] {logging_mixin.py:109} INFO - [2022-04-04 21:50:27,674] {dag.py:2937} INFO - Setting next_dagrun for tutorial to 2022-04-03T21:50:27.674316+00:00
[2022-04-04 21:50:27,687] {processor.py:171} INFO - Processing /home/airflow/.local/lib/python3.7/site-packages/airflow/example_dags/tutorial.py took 0.081 seconds
[2022-04-04 21:50:57,812] {processor.py:163} INFO - Started process (PID=685) to work on /home/airflow/.local/lib/python3.7/site-packages/airflow/example_dags/tutorial.py
[2022-04-04 21:50:57,814] {processor.py:642} INFO - Processing file /home/airflow/.local/lib/python3.7/site-packages/airflow/example_dags/tutorial.py for tasks to queue
[2022-04-04 21:50:57,815] {logging_mixin.py:109} INFO - [2022-04-04 21:50:57,815] {dagbag.py:500} INFO - Filling up the DagBag from /home/airflow/.local/lib/python3.7/site-packages/airflow/example_dags/tutorial.py
[2022-04-04 21:50:57,837] {processor.py:652} INFO - DAG(s) dict_keys(['tutorial']) retrieved from /home/airflow/.local/lib/python3.7/site-packages/airflow/example_dags/tutorial.py
[2022-04-04 21:50:57,863] {logging_mixin.py:109} INFO - [2022-04-04 21:50:57,863] {dag.py:2398} INFO - Sync 1 DAGs
[2022-04-04 21:50:57,890] {logging_mixin.py:109} INFO - [2022-04-04 21:50:57,889] {dag.py:2937} INFO - Setting next_dagrun for tutorial to 2022-04-03T21:50:57.889477+00:00
[2022-04-04 21:50:57,904] {processor.py:171} INFO - Processing /home/airflow/.local/lib/python3.7/site-packages/airflow/example_dags/tutorial.py took 0.096 seconds
[2022-04-04 21:51:28,363] {processor.py:163} INFO - Started process (PID=744) to work on /home/airflow/.local/lib/python3.7/site-packages/airflow/example_dags/tutorial.py
[2022-04-04 21:51:28,368] {processor.py:642} INFO - Processing file /home/airflow/.local/lib/python3.7/site-packages/airflow/example_dags/tutorial.py for tasks to queue
[2022-04-04 21:51:28,369] {logging_mixin.py:109} INFO - [2022-04-04 21:51:28,369] {dagbag.py:500} INFO - Filling up the DagBag from /home/airflow/.local/lib/python3.7/site-packages/airflow/example_dags/tutorial.py
[2022-04-04 21:51:28,401] {processor.py:652} INFO - DAG(s) dict_keys(['tutorial']) retrieved from /home/airflow/.local/lib/python3.7/site-packages/airflow/example_dags/tutorial.py
[2022-04-04 21:51:28,437] {logging_mixin.py:109} INFO - [2022-04-04 21:51:28,437] {dag.py:2398} INFO - Sync 1 DAGs
[2022-04-04 21:51:28,468] {logging_mixin.py:109} INFO - [2022-04-04 21:51:28,467] {dag.py:2937} INFO - Setting next_dagrun for tutorial to 2022-04-03T21:51:28.465720+00:00
[2022-04-04 21:51:28,481] {processor.py:171} INFO - Processing /home/airflow/.local/lib/python3.7/site-packages/airflow/example_dags/tutorial.py took 0.123 seconds
[2022-04-04 21:51:58,643] {processor.py:163} INFO - Started process (PID=796) to work on /home/airflow/.local/lib/python3.7/site-packages/airflow/example_dags/tutorial.py
[2022-04-04 21:51:58,646] {processor.py:642} INFO - Processing file /home/airflow/.local/lib/python3.7/site-packages/airflow/example_dags/tutorial.py for tasks to queue
[2022-04-04 21:51:58,647] {logging_mixin.py:109} INFO - [2022-04-04 21:51:58,647] {dagbag.py:500} INFO - Filling up the DagBag from /home/airflow/.local/lib/python3.7/site-packages/airflow/example_dags/tutorial.py
[2022-04-04 21:51:58,683] {processor.py:652} INFO - DAG(s) dict_keys(['tutorial']) retrieved from /home/airflow/.local/lib/python3.7/site-packages/airflow/example_dags/tutorial.py
[2022-04-04 21:51:58,715] {logging_mixin.py:109} INFO - [2022-04-04 21:51:58,715] {dag.py:2398} INFO - Sync 1 DAGs
[2022-04-04 21:51:58,738] {logging_mixin.py:109} INFO - [2022-04-04 21:51:58,738] {dag.py:2937} INFO - Setting next_dagrun for tutorial to 2022-04-03T21:51:58.737856+00:00
[2022-04-04 21:51:58,753] {processor.py:171} INFO - Processing /home/airflow/.local/lib/python3.7/site-packages/airflow/example_dags/tutorial.py took 0.115 seconds
[2022-04-04 21:52:29,162] {processor.py:163} INFO - Started process (PID=847) to work on /home/airflow/.local/lib/python3.7/site-packages/airflow/example_dags/tutorial.py
[2022-04-04 21:52:29,164] {processor.py:642} INFO - Processing file /home/airflow/.local/lib/python3.7/site-packages/airflow/example_dags/tutorial.py for tasks to queue
[2022-04-04 21:52:29,165] {logging_mixin.py:109} INFO - [2022-04-04 21:52:29,165] {dagbag.py:500} INFO - Filling up the DagBag from /home/airflow/.local/lib/python3.7/site-packages/airflow/example_dags/tutorial.py
[2022-04-04 21:52:29,184] {processor.py:652} INFO - DAG(s) dict_keys(['tutorial']) retrieved from /home/airflow/.local/lib/python3.7/site-packages/airflow/example_dags/tutorial.py
[2022-04-04 21:52:29,275] {logging_mixin.py:109} INFO - [2022-04-04 21:52:29,275] {dag.py:2398} INFO - Sync 1 DAGs
[2022-04-04 21:52:29,302] {logging_mixin.py:109} INFO - [2022-04-04 21:52:29,302] {dag.py:2937} INFO - Setting next_dagrun for tutorial to 2022-04-03T21:52:29.302361+00:00
[2022-04-04 21:52:29,323] {processor.py:171} INFO - Processing /home/airflow/.local/lib/python3.7/site-packages/airflow/example_dags/tutorial.py took 0.166 seconds
[2022-04-04 21:52:59,403] {processor.py:163} INFO - Started process (PID=907) to work on /home/airflow/.local/lib/python3.7/site-packages/airflow/example_dags/tutorial.py
[2022-04-04 21:52:59,404] {processor.py:642} INFO - Processing file /home/airflow/.local/lib/python3.7/site-packages/airflow/example_dags/tutorial.py for tasks to queue
[2022-04-04 21:52:59,405] {logging_mixin.py:109} INFO - [2022-04-04 21:52:59,405] {dagbag.py:500} INFO - Filling up the DagBag from /home/airflow/.local/lib/python3.7/site-packages/airflow/example_dags/tutorial.py
[2022-04-04 21:52:59,424] {processor.py:652} INFO - DAG(s) dict_keys(['tutorial']) retrieved from /home/airflow/.local/lib/python3.7/site-packages/airflow/example_dags/tutorial.py
[2022-04-04 21:52:59,452] {logging_mixin.py:109} INFO - [2022-04-04 21:52:59,452] {dag.py:2398} INFO - Sync 1 DAGs
[2022-04-04 21:52:59,485] {logging_mixin.py:109} INFO - [2022-04-04 21:52:59,484] {dag.py:2937} INFO - Setting next_dagrun for tutorial to 2022-04-03T21:52:59.484478+00:00
[2022-04-04 21:52:59,501] {processor.py:171} INFO - Processing /home/airflow/.local/lib/python3.7/site-packages/airflow/example_dags/tutorial.py took 0.102 seconds
[2022-04-04 21:53:29,775] {processor.py:163} INFO - Started process (PID=958) to work on /home/airflow/.local/lib/python3.7/site-packages/airflow/example_dags/tutorial.py
[2022-04-04 21:53:29,776] {processor.py:642} INFO - Processing file /home/airflow/.local/lib/python3.7/site-packages/airflow/example_dags/tutorial.py for tasks to queue
[2022-04-04 21:53:29,777] {logging_mixin.py:109} INFO - [2022-04-04 21:53:29,777] {dagbag.py:500} INFO - Filling up the DagBag from /home/airflow/.local/lib/python3.7/site-packages/airflow/example_dags/tutorial.py
[2022-04-04 21:53:29,795] {processor.py:652} INFO - DAG(s) dict_keys(['tutorial']) retrieved from /home/airflow/.local/lib/python3.7/site-packages/airflow/example_dags/tutorial.py
[2022-04-04 21:53:29,823] {logging_mixin.py:109} INFO - [2022-04-04 21:53:29,822] {dag.py:2398} INFO - Sync 1 DAGs
[2022-04-04 21:53:29,845] {logging_mixin.py:109} INFO - [2022-04-04 21:53:29,845] {dag.py:2937} INFO - Setting next_dagrun for tutorial to 2022-04-03T21:53:29.845425+00:00
[2022-04-04 21:53:29,858] {processor.py:171} INFO - Processing /home/airflow/.local/lib/python3.7/site-packages/airflow/example_dags/tutorial.py took 0.087 seconds
[2022-04-04 21:53:59,931] {processor.py:163} INFO - Started process (PID=1011) to work on /home/airflow/.local/lib/python3.7/site-packages/airflow/example_dags/tutorial.py
[2022-04-04 21:53:59,933] {processor.py:642} INFO - Processing file /home/airflow/.local/lib/python3.7/site-packages/airflow/example_dags/tutorial.py for tasks to queue
[2022-04-04 21:53:59,934] {logging_mixin.py:109} INFO - [2022-04-04 21:53:59,933] {dagbag.py:500} INFO - Filling up the DagBag from /home/airflow/.local/lib/python3.7/site-packages/airflow/example_dags/tutorial.py
[2022-04-04 21:53:59,952] {processor.py:652} INFO - DAG(s) dict_keys(['tutorial']) retrieved from /home/airflow/.local/lib/python3.7/site-packages/airflow/example_dags/tutorial.py
[2022-04-04 21:53:59,976] {logging_mixin.py:109} INFO - [2022-04-04 21:53:59,976] {dag.py:2398} INFO - Sync 1 DAGs
[2022-04-04 21:53:59,996] {logging_mixin.py:109} INFO - [2022-04-04 21:53:59,996] {dag.py:2937} INFO - Setting next_dagrun for tutorial to 2022-04-03T21:53:59.996213+00:00
[2022-04-04 21:54:00,012] {processor.py:171} INFO - Processing /home/airflow/.local/lib/python3.7/site-packages/airflow/example_dags/tutorial.py took 0.084 seconds
[2022-04-04 21:54:30,143] {processor.py:163} INFO - Started process (PID=1062) to work on /home/airflow/.local/lib/python3.7/site-packages/airflow/example_dags/tutorial.py
[2022-04-04 21:54:30,145] {processor.py:642} INFO - Processing file /home/airflow/.local/lib/python3.7/site-packages/airflow/example_dags/tutorial.py for tasks to queue
[2022-04-04 21:54:30,146] {logging_mixin.py:109} INFO - [2022-04-04 21:54:30,145] {dagbag.py:500} INFO - Filling up the DagBag from /home/airflow/.local/lib/python3.7/site-packages/airflow/example_dags/tutorial.py
[2022-04-04 21:54:30,167] {processor.py:652} INFO - DAG(s) dict_keys(['tutorial']) retrieved from /home/airflow/.local/lib/python3.7/site-packages/airflow/example_dags/tutorial.py
[2022-04-04 21:54:30,197] {logging_mixin.py:109} INFO - [2022-04-04 21:54:30,197] {dag.py:2398} INFO - Sync 1 DAGs
[2022-04-04 21:54:30,229] {logging_mixin.py:109} INFO - [2022-04-04 21:54:30,229] {dag.py:2937} INFO - Setting next_dagrun for tutorial to 2022-04-03T21:54:30.224025+00:00
[2022-04-04 21:54:30,253] {processor.py:171} INFO - Processing /home/airflow/.local/lib/python3.7/site-packages/airflow/example_dags/tutorial.py took 0.113 seconds
[2022-04-04 21:55:00,522] {processor.py:163} INFO - Started process (PID=1122) to work on /home/airflow/.local/lib/python3.7/site-packages/airflow/example_dags/tutorial.py
[2022-04-04 21:55:00,524] {processor.py:642} INFO - Processing file /home/airflow/.local/lib/python3.7/site-packages/airflow/example_dags/tutorial.py for tasks to queue
[2022-04-04 21:55:00,525] {logging_mixin.py:109} INFO - [2022-04-04 21:55:00,525] {dagbag.py:500} INFO - Filling up the DagBag from /home/airflow/.local/lib/python3.7/site-packages/airflow/example_dags/tutorial.py
[2022-04-04 21:55:00,546] {processor.py:652} INFO - DAG(s) dict_keys(['tutorial']) retrieved from /home/airflow/.local/lib/python3.7/site-packages/airflow/example_dags/tutorial.py
[2022-04-04 21:55:00,581] {logging_mixin.py:109} INFO - [2022-04-04 21:55:00,580] {dag.py:2398} INFO - Sync 1 DAGs
[2022-04-04 21:55:00,610] {logging_mixin.py:109} INFO - [2022-04-04 21:55:00,610] {dag.py:2937} INFO - Setting next_dagrun for tutorial to 2022-04-03T21:55:00.610184+00:00
[2022-04-04 21:55:00,626] {processor.py:171} INFO - Processing /home/airflow/.local/lib/python3.7/site-packages/airflow/example_dags/tutorial.py took 0.109 seconds
[2022-04-04 21:55:30,766] {processor.py:163} INFO - Started process (PID=1173) to work on /home/airflow/.local/lib/python3.7/site-packages/airflow/example_dags/tutorial.py
[2022-04-04 21:55:30,767] {processor.py:642} INFO - Processing file /home/airflow/.local/lib/python3.7/site-packages/airflow/example_dags/tutorial.py for tasks to queue
[2022-04-04 21:55:30,768] {logging_mixin.py:109} INFO - [2022-04-04 21:55:30,768] {dagbag.py:500} INFO - Filling up the DagBag from /home/airflow/.local/lib/python3.7/site-packages/airflow/example_dags/tutorial.py
[2022-04-04 21:55:30,785] {processor.py:652} INFO - DAG(s) dict_keys(['tutorial']) retrieved from /home/airflow/.local/lib/python3.7/site-packages/airflow/example_dags/tutorial.py
[2022-04-04 21:55:30,810] {logging_mixin.py:109} INFO - [2022-04-04 21:55:30,810] {dag.py:2398} INFO - Sync 1 DAGs
[2022-04-04 21:55:30,830] {logging_mixin.py:109} INFO - [2022-04-04 21:55:30,830] {dag.py:2937} INFO - Setting next_dagrun for tutorial to 2022-04-03T21:55:30.830230+00:00
[2022-04-04 21:55:30,846] {processor.py:171} INFO - Processing /home/airflow/.local/lib/python3.7/site-packages/airflow/example_dags/tutorial.py took 0.084 seconds
[2022-04-04 21:56:01,284] {processor.py:163} INFO - Started process (PID=1225) to work on /home/airflow/.local/lib/python3.7/site-packages/airflow/example_dags/tutorial.py
[2022-04-04 21:56:01,285] {processor.py:642} INFO - Processing file /home/airflow/.local/lib/python3.7/site-packages/airflow/example_dags/tutorial.py for tasks to queue
[2022-04-04 21:56:01,286] {logging_mixin.py:109} INFO - [2022-04-04 21:56:01,286] {dagbag.py:500} INFO - Filling up the DagBag from /home/airflow/.local/lib/python3.7/site-packages/airflow/example_dags/tutorial.py
[2022-04-04 21:56:01,304] {processor.py:652} INFO - DAG(s) dict_keys(['tutorial']) retrieved from /home/airflow/.local/lib/python3.7/site-packages/airflow/example_dags/tutorial.py
[2022-04-04 21:56:01,331] {logging_mixin.py:109} INFO - [2022-04-04 21:56:01,331] {dag.py:2398} INFO - Sync 1 DAGs
[2022-04-04 21:56:01,352] {logging_mixin.py:109} INFO - [2022-04-04 21:56:01,352] {dag.py:2937} INFO - Setting next_dagrun for tutorial to 2022-04-03T21:56:01.352249+00:00
[2022-04-04 21:56:01,365] {processor.py:171} INFO - Processing /home/airflow/.local/lib/python3.7/site-packages/airflow/example_dags/tutorial.py took 0.085 seconds
[2022-04-04 21:56:31,641] {processor.py:163} INFO - Started process (PID=1286) to work on /home/airflow/.local/lib/python3.7/site-packages/airflow/example_dags/tutorial.py
[2022-04-04 21:56:31,643] {processor.py:642} INFO - Processing file /home/airflow/.local/lib/python3.7/site-packages/airflow/example_dags/tutorial.py for tasks to queue
[2022-04-04 21:56:31,644] {logging_mixin.py:109} INFO - [2022-04-04 21:56:31,644] {dagbag.py:500} INFO - Filling up the DagBag from /home/airflow/.local/lib/python3.7/site-packages/airflow/example_dags/tutorial.py
[2022-04-04 21:56:31,667] {processor.py:652} INFO - DAG(s) dict_keys(['tutorial']) retrieved from /home/airflow/.local/lib/python3.7/site-packages/airflow/example_dags/tutorial.py
[2022-04-04 21:56:31,698] {logging_mixin.py:109} INFO - [2022-04-04 21:56:31,698] {dag.py:2398} INFO - Sync 1 DAGs
[2022-04-04 21:56:31,726] {logging_mixin.py:109} INFO - [2022-04-04 21:56:31,726] {dag.py:2937} INFO - Setting next_dagrun for tutorial to 2022-04-03T21:56:31.725697+00:00
[2022-04-04 21:56:31,741] {processor.py:171} INFO - Processing /home/airflow/.local/lib/python3.7/site-packages/airflow/example_dags/tutorial.py took 0.105 seconds
[2022-04-04 21:57:02,383] {processor.py:163} INFO - Started process (PID=1337) to work on /home/airflow/.local/lib/python3.7/site-packages/airflow/example_dags/tutorial.py
[2022-04-04 21:57:02,385] {processor.py:642} INFO - Processing file /home/airflow/.local/lib/python3.7/site-packages/airflow/example_dags/tutorial.py for tasks to queue
[2022-04-04 21:57:02,385] {logging_mixin.py:109} INFO - [2022-04-04 21:57:02,385] {dagbag.py:500} INFO - Filling up the DagBag from /home/airflow/.local/lib/python3.7/site-packages/airflow/example_dags/tutorial.py
[2022-04-04 21:57:02,411] {processor.py:652} INFO - DAG(s) dict_keys(['tutorial']) retrieved from /home/airflow/.local/lib/python3.7/site-packages/airflow/example_dags/tutorial.py
[2022-04-04 21:57:02,447] {logging_mixin.py:109} INFO - [2022-04-04 21:57:02,447] {dag.py:2398} INFO - Sync 1 DAGs
[2022-04-04 21:57:02,474] {logging_mixin.py:109} INFO - [2022-04-04 21:57:02,474] {dag.py:2937} INFO - Setting next_dagrun for tutorial to 2022-04-03T21:57:02.474071+00:00
[2022-04-04 21:57:02,489] {processor.py:171} INFO - Processing /home/airflow/.local/lib/python3.7/site-packages/airflow/example_dags/tutorial.py took 0.110 seconds
[2022-04-04 21:57:32,611] {processor.py:163} INFO - Started process (PID=1388) to work on /home/airflow/.local/lib/python3.7/site-packages/airflow/example_dags/tutorial.py
[2022-04-04 21:57:32,612] {processor.py:642} INFO - Processing file /home/airflow/.local/lib/python3.7/site-packages/airflow/example_dags/tutorial.py for tasks to queue
[2022-04-04 21:57:32,613] {logging_mixin.py:109} INFO - [2022-04-04 21:57:32,613] {dagbag.py:500} INFO - Filling up the DagBag from /home/airflow/.local/lib/python3.7/site-packages/airflow/example_dags/tutorial.py
[2022-04-04 21:57:32,634] {processor.py:652} INFO - DAG(s) dict_keys(['tutorial']) retrieved from /home/airflow/.local/lib/python3.7/site-packages/airflow/example_dags/tutorial.py
[2022-04-04 21:57:32,660] {logging_mixin.py:109} INFO - [2022-04-04 21:57:32,660] {dag.py:2398} INFO - Sync 1 DAGs
[2022-04-04 21:57:32,685] {logging_mixin.py:109} INFO - [2022-04-04 21:57:32,685] {dag.py:2937} INFO - Setting next_dagrun for tutorial to 2022-04-03T21:57:32.685038+00:00
[2022-04-04 21:57:32,703] {processor.py:171} INFO - Processing /home/airflow/.local/lib/python3.7/site-packages/airflow/example_dags/tutorial.py took 0.095 seconds
[2022-04-04 21:58:02,871] {processor.py:163} INFO - Started process (PID=1441) to work on /home/airflow/.local/lib/python3.7/site-packages/airflow/example_dags/tutorial.py
[2022-04-04 21:58:02,872] {processor.py:642} INFO - Processing file /home/airflow/.local/lib/python3.7/site-packages/airflow/example_dags/tutorial.py for tasks to queue
[2022-04-04 21:58:02,873] {logging_mixin.py:109} INFO - [2022-04-04 21:58:02,873] {dagbag.py:500} INFO - Filling up the DagBag from /home/airflow/.local/lib/python3.7/site-packages/airflow/example_dags/tutorial.py
[2022-04-04 21:58:02,892] {processor.py:652} INFO - DAG(s) dict_keys(['tutorial']) retrieved from /home/airflow/.local/lib/python3.7/site-packages/airflow/example_dags/tutorial.py
[2022-04-04 21:58:02,921] {logging_mixin.py:109} INFO - [2022-04-04 21:58:02,921] {dag.py:2398} INFO - Sync 1 DAGs
[2022-04-04 21:58:02,947] {logging_mixin.py:109} INFO - [2022-04-04 21:58:02,946] {dag.py:2937} INFO - Setting next_dagrun for tutorial to 2022-04-03T21:58:02.946471+00:00
[2022-04-04 21:58:02,960] {processor.py:171} INFO - Processing /home/airflow/.local/lib/python3.7/site-packages/airflow/example_dags/tutorial.py took 0.093 seconds
[2022-04-04 21:58:33,241] {processor.py:163} INFO - Started process (PID=1502) to work on /home/airflow/.local/lib/python3.7/site-packages/airflow/example_dags/tutorial.py
[2022-04-04 21:58:33,243] {processor.py:642} INFO - Processing file /home/airflow/.local/lib/python3.7/site-packages/airflow/example_dags/tutorial.py for tasks to queue
[2022-04-04 21:58:33,244] {logging_mixin.py:109} INFO - [2022-04-04 21:58:33,244] {dagbag.py:500} INFO - Filling up the DagBag from /home/airflow/.local/lib/python3.7/site-packages/airflow/example_dags/tutorial.py
[2022-04-04 21:58:33,271] {processor.py:652} INFO - DAG(s) dict_keys(['tutorial']) retrieved from /home/airflow/.local/lib/python3.7/site-packages/airflow/example_dags/tutorial.py
[2022-04-04 21:58:33,304] {logging_mixin.py:109} INFO - [2022-04-04 21:58:33,304] {dag.py:2398} INFO - Sync 1 DAGs
[2022-04-04 21:58:33,335] {logging_mixin.py:109} INFO - [2022-04-04 21:58:33,335] {dag.py:2937} INFO - Setting next_dagrun for tutorial to 2022-04-03T21:58:33.335453+00:00
[2022-04-04 21:58:33,353] {processor.py:171} INFO - Processing /home/airflow/.local/lib/python3.7/site-packages/airflow/example_dags/tutorial.py took 0.117 seconds
[2022-04-04 21:59:03,496] {processor.py:163} INFO - Started process (PID=1552) to work on /home/airflow/.local/lib/python3.7/site-packages/airflow/example_dags/tutorial.py
[2022-04-04 21:59:03,497] {processor.py:642} INFO - Processing file /home/airflow/.local/lib/python3.7/site-packages/airflow/example_dags/tutorial.py for tasks to queue
[2022-04-04 21:59:03,498] {logging_mixin.py:109} INFO - [2022-04-04 21:59:03,498] {dagbag.py:500} INFO - Filling up the DagBag from /home/airflow/.local/lib/python3.7/site-packages/airflow/example_dags/tutorial.py
[2022-04-04 21:59:03,518] {processor.py:652} INFO - DAG(s) dict_keys(['tutorial']) retrieved from /home/airflow/.local/lib/python3.7/site-packages/airflow/example_dags/tutorial.py
[2022-04-04 21:59:03,547] {logging_mixin.py:109} INFO - [2022-04-04 21:59:03,547] {dag.py:2398} INFO - Sync 1 DAGs
[2022-04-04 21:59:03,570] {logging_mixin.py:109} INFO - [2022-04-04 21:59:03,570] {dag.py:2937} INFO - Setting next_dagrun for tutorial to 2022-04-03T21:59:03.570404+00:00
[2022-04-04 21:59:03,585] {processor.py:171} INFO - Processing /home/airflow/.local/lib/python3.7/site-packages/airflow/example_dags/tutorial.py took 0.095 seconds
[2022-04-04 22:04:12,259] {processor.py:163} INFO - Started process (PID=123) to work on /home/airflow/.local/lib/python3.7/site-packages/airflow/example_dags/tutorial.py
[2022-04-04 22:04:12,261] {processor.py:642} INFO - Processing file /home/airflow/.local/lib/python3.7/site-packages/airflow/example_dags/tutorial.py for tasks to queue
[2022-04-04 22:04:12,261] {logging_mixin.py:109} INFO - [2022-04-04 22:04:12,261] {dagbag.py:500} INFO - Filling up the DagBag from /home/airflow/.local/lib/python3.7/site-packages/airflow/example_dags/tutorial.py
[2022-04-04 22:04:12,285] {processor.py:652} INFO - DAG(s) dict_keys(['tutorial']) retrieved from /home/airflow/.local/lib/python3.7/site-packages/airflow/example_dags/tutorial.py
[2022-04-04 22:04:15,102] {logging_mixin.py:109} INFO - [2022-04-04 22:04:15,102] {manager.py:496} INFO - Created Permission View: can edit on DAG:tutorial
[2022-04-04 22:04:15,111] {logging_mixin.py:109} INFO - [2022-04-04 22:04:15,111] {manager.py:496} INFO - Created Permission View: can read on DAG:tutorial
[2022-04-04 22:04:15,112] {logging_mixin.py:109} INFO - [2022-04-04 22:04:15,111] {dag.py:2398} INFO - Sync 1 DAGs
[2022-04-04 22:04:15,120] {logging_mixin.py:109} INFO - [2022-04-04 22:04:15,119] {dag.py:2417} INFO - Creating ORM DAG for tutorial
[2022-04-04 22:04:15,129] {logging_mixin.py:109} INFO - [2022-04-04 22:04:15,129] {dag.py:2937} INFO - Setting next_dagrun for tutorial to 2022-04-03T22:04:15.129184+00:00
[2022-04-04 22:04:15,142] {processor.py:171} INFO - Processing /home/airflow/.local/lib/python3.7/site-packages/airflow/example_dags/tutorial.py took 2.886 seconds
[2022-04-04 22:04:45,363] {processor.py:163} INFO - Started process (PID=349) to work on /home/airflow/.local/lib/python3.7/site-packages/airflow/example_dags/tutorial.py
[2022-04-04 22:04:45,370] {processor.py:642} INFO - Processing file /home/airflow/.local/lib/python3.7/site-packages/airflow/example_dags/tutorial.py for tasks to queue
[2022-04-04 22:04:45,372] {logging_mixin.py:109} INFO - [2022-04-04 22:04:45,372] {dagbag.py:500} INFO - Filling up the DagBag from /home/airflow/.local/lib/python3.7/site-packages/airflow/example_dags/tutorial.py
[2022-04-04 22:04:45,400] {processor.py:652} INFO - DAG(s) dict_keys(['tutorial']) retrieved from /home/airflow/.local/lib/python3.7/site-packages/airflow/example_dags/tutorial.py
[2022-04-04 22:04:45,421] {logging_mixin.py:109} INFO - [2022-04-04 22:04:45,421] {dag.py:2398} INFO - Sync 1 DAGs
[2022-04-04 22:04:45,444] {logging_mixin.py:109} INFO - [2022-04-04 22:04:45,444] {dag.py:2937} INFO - Setting next_dagrun for tutorial to 2022-04-03T22:04:45.443742+00:00
[2022-04-04 22:04:45,466] {processor.py:171} INFO - Processing /home/airflow/.local/lib/python3.7/site-packages/airflow/example_dags/tutorial.py took 0.107 seconds
