[2022-04-04 21:47:10,695] {processor.py:163} INFO - Started process (PID=131) to work on /home/airflow/.local/lib/python3.7/site-packages/airflow/example_dags/tutorial_etl_dag.py
[2022-04-04 21:47:10,697] {processor.py:642} INFO - Processing file /home/airflow/.local/lib/python3.7/site-packages/airflow/example_dags/tutorial_etl_dag.py for tasks to queue
[2022-04-04 21:47:10,698] {logging_mixin.py:109} INFO - [2022-04-04 21:47:10,698] {dagbag.py:500} INFO - Filling up the DagBag from /home/airflow/.local/lib/python3.7/site-packages/airflow/example_dags/tutorial_etl_dag.py
[2022-04-04 21:47:10,747] {processor.py:652} INFO - DAG(s) dict_keys(['tutorial_etl_dag']) retrieved from /home/airflow/.local/lib/python3.7/site-packages/airflow/example_dags/tutorial_etl_dag.py
[2022-04-04 21:47:14,986] {logging_mixin.py:109} INFO - [2022-04-04 21:47:14,985] {manager.py:496} INFO - Created Permission View: can edit on DAG:tutorial_etl_dag
[2022-04-04 21:47:14,997] {logging_mixin.py:109} INFO - [2022-04-04 21:47:14,996] {manager.py:496} INFO - Created Permission View: can read on DAG:tutorial_etl_dag
[2022-04-04 21:47:14,997] {logging_mixin.py:109} INFO - [2022-04-04 21:47:14,997] {dag.py:2398} INFO - Sync 1 DAGs
[2022-04-04 21:47:15,006] {logging_mixin.py:109} INFO - [2022-04-04 21:47:15,006] {dag.py:2417} INFO - Creating ORM DAG for tutorial_etl_dag
[2022-04-04 21:47:15,017] {logging_mixin.py:109} INFO - [2022-04-04 21:47:15,017] {dag.py:2937} INFO - Setting next_dagrun for tutorial_etl_dag to None
[2022-04-04 21:47:15,033] {processor.py:171} INFO - Processing /home/airflow/.local/lib/python3.7/site-packages/airflow/example_dags/tutorial_etl_dag.py took 4.344 seconds
[2022-04-04 21:47:54,308] {processor.py:163} INFO - Started process (PID=365) to work on /home/airflow/.local/lib/python3.7/site-packages/airflow/example_dags/tutorial_etl_dag.py
[2022-04-04 21:47:54,313] {processor.py:642} INFO - Processing file /home/airflow/.local/lib/python3.7/site-packages/airflow/example_dags/tutorial_etl_dag.py for tasks to queue
[2022-04-04 21:47:54,315] {logging_mixin.py:109} INFO - [2022-04-04 21:47:54,315] {dagbag.py:500} INFO - Filling up the DagBag from /home/airflow/.local/lib/python3.7/site-packages/airflow/example_dags/tutorial_etl_dag.py
[2022-04-04 21:47:54,350] {processor.py:652} INFO - DAG(s) dict_keys(['tutorial_etl_dag']) retrieved from /home/airflow/.local/lib/python3.7/site-packages/airflow/example_dags/tutorial_etl_dag.py
[2022-04-04 21:47:54,394] {logging_mixin.py:109} INFO - [2022-04-04 21:47:54,394] {dag.py:2398} INFO - Sync 1 DAGs
[2022-04-04 21:47:54,434] {logging_mixin.py:109} INFO - [2022-04-04 21:47:54,434] {dag.py:2937} INFO - Setting next_dagrun for tutorial_etl_dag to None
[2022-04-04 21:47:54,486] {processor.py:171} INFO - Processing /home/airflow/.local/lib/python3.7/site-packages/airflow/example_dags/tutorial_etl_dag.py took 0.182 seconds
[2022-04-04 21:48:24,887] {processor.py:163} INFO - Started process (PID=419) to work on /home/airflow/.local/lib/python3.7/site-packages/airflow/example_dags/tutorial_etl_dag.py
[2022-04-04 21:48:24,889] {processor.py:642} INFO - Processing file /home/airflow/.local/lib/python3.7/site-packages/airflow/example_dags/tutorial_etl_dag.py for tasks to queue
[2022-04-04 21:48:24,891] {logging_mixin.py:109} INFO - [2022-04-04 21:48:24,890] {dagbag.py:500} INFO - Filling up the DagBag from /home/airflow/.local/lib/python3.7/site-packages/airflow/example_dags/tutorial_etl_dag.py
[2022-04-04 21:48:24,927] {processor.py:652} INFO - DAG(s) dict_keys(['tutorial_etl_dag']) retrieved from /home/airflow/.local/lib/python3.7/site-packages/airflow/example_dags/tutorial_etl_dag.py
[2022-04-04 21:48:24,966] {logging_mixin.py:109} INFO - [2022-04-04 21:48:24,966] {dag.py:2398} INFO - Sync 1 DAGs
[2022-04-04 21:48:25,014] {logging_mixin.py:109} INFO - [2022-04-04 21:48:25,014] {dag.py:2937} INFO - Setting next_dagrun for tutorial_etl_dag to None
[2022-04-04 21:48:25,039] {processor.py:171} INFO - Processing /home/airflow/.local/lib/python3.7/site-packages/airflow/example_dags/tutorial_etl_dag.py took 0.160 seconds
[2022-04-04 21:48:55,277] {processor.py:163} INFO - Started process (PID=469) to work on /home/airflow/.local/lib/python3.7/site-packages/airflow/example_dags/tutorial_etl_dag.py
[2022-04-04 21:48:55,278] {processor.py:642} INFO - Processing file /home/airflow/.local/lib/python3.7/site-packages/airflow/example_dags/tutorial_etl_dag.py for tasks to queue
[2022-04-04 21:48:55,279] {logging_mixin.py:109} INFO - [2022-04-04 21:48:55,279] {dagbag.py:500} INFO - Filling up the DagBag from /home/airflow/.local/lib/python3.7/site-packages/airflow/example_dags/tutorial_etl_dag.py
[2022-04-04 21:48:55,299] {processor.py:652} INFO - DAG(s) dict_keys(['tutorial_etl_dag']) retrieved from /home/airflow/.local/lib/python3.7/site-packages/airflow/example_dags/tutorial_etl_dag.py
[2022-04-04 21:48:55,324] {logging_mixin.py:109} INFO - [2022-04-04 21:48:55,324] {dag.py:2398} INFO - Sync 1 DAGs
[2022-04-04 21:48:55,346] {logging_mixin.py:109} INFO - [2022-04-04 21:48:55,346] {dag.py:2937} INFO - Setting next_dagrun for tutorial_etl_dag to None
[2022-04-04 21:48:55,358] {processor.py:171} INFO - Processing /home/airflow/.local/lib/python3.7/site-packages/airflow/example_dags/tutorial_etl_dag.py took 0.085 seconds
[2022-04-04 21:49:25,728] {processor.py:163} INFO - Started process (PID=520) to work on /home/airflow/.local/lib/python3.7/site-packages/airflow/example_dags/tutorial_etl_dag.py
[2022-04-04 21:49:25,730] {processor.py:642} INFO - Processing file /home/airflow/.local/lib/python3.7/site-packages/airflow/example_dags/tutorial_etl_dag.py for tasks to queue
[2022-04-04 21:49:25,730] {logging_mixin.py:109} INFO - [2022-04-04 21:49:25,730] {dagbag.py:500} INFO - Filling up the DagBag from /home/airflow/.local/lib/python3.7/site-packages/airflow/example_dags/tutorial_etl_dag.py
[2022-04-04 21:49:25,750] {processor.py:652} INFO - DAG(s) dict_keys(['tutorial_etl_dag']) retrieved from /home/airflow/.local/lib/python3.7/site-packages/airflow/example_dags/tutorial_etl_dag.py
[2022-04-04 21:49:25,774] {logging_mixin.py:109} INFO - [2022-04-04 21:49:25,774] {dag.py:2398} INFO - Sync 1 DAGs
[2022-04-04 21:49:25,797] {logging_mixin.py:109} INFO - [2022-04-04 21:49:25,797] {dag.py:2937} INFO - Setting next_dagrun for tutorial_etl_dag to None
[2022-04-04 21:49:25,810] {processor.py:171} INFO - Processing /home/airflow/.local/lib/python3.7/site-packages/airflow/example_dags/tutorial_etl_dag.py took 0.087 seconds
[2022-04-04 21:49:56,462] {processor.py:163} INFO - Started process (PID=581) to work on /home/airflow/.local/lib/python3.7/site-packages/airflow/example_dags/tutorial_etl_dag.py
[2022-04-04 21:49:56,465] {processor.py:642} INFO - Processing file /home/airflow/.local/lib/python3.7/site-packages/airflow/example_dags/tutorial_etl_dag.py for tasks to queue
[2022-04-04 21:49:56,466] {logging_mixin.py:109} INFO - [2022-04-04 21:49:56,465] {dagbag.py:500} INFO - Filling up the DagBag from /home/airflow/.local/lib/python3.7/site-packages/airflow/example_dags/tutorial_etl_dag.py
[2022-04-04 21:49:56,492] {processor.py:652} INFO - DAG(s) dict_keys(['tutorial_etl_dag']) retrieved from /home/airflow/.local/lib/python3.7/site-packages/airflow/example_dags/tutorial_etl_dag.py
[2022-04-04 21:49:56,579] {logging_mixin.py:109} INFO - [2022-04-04 21:49:56,579] {dag.py:2398} INFO - Sync 1 DAGs
[2022-04-04 21:49:56,611] {logging_mixin.py:109} INFO - [2022-04-04 21:49:56,611] {dag.py:2937} INFO - Setting next_dagrun for tutorial_etl_dag to None
[2022-04-04 21:49:56,632] {processor.py:171} INFO - Processing /home/airflow/.local/lib/python3.7/site-packages/airflow/example_dags/tutorial_etl_dag.py took 0.178 seconds
[2022-04-04 21:50:27,396] {processor.py:163} INFO - Started process (PID=632) to work on /home/airflow/.local/lib/python3.7/site-packages/airflow/example_dags/tutorial_etl_dag.py
[2022-04-04 21:50:27,397] {processor.py:642} INFO - Processing file /home/airflow/.local/lib/python3.7/site-packages/airflow/example_dags/tutorial_etl_dag.py for tasks to queue
[2022-04-04 21:50:27,398] {logging_mixin.py:109} INFO - [2022-04-04 21:50:27,398] {dagbag.py:500} INFO - Filling up the DagBag from /home/airflow/.local/lib/python3.7/site-packages/airflow/example_dags/tutorial_etl_dag.py
[2022-04-04 21:50:27,418] {processor.py:652} INFO - DAG(s) dict_keys(['tutorial_etl_dag']) retrieved from /home/airflow/.local/lib/python3.7/site-packages/airflow/example_dags/tutorial_etl_dag.py
[2022-04-04 21:50:27,447] {logging_mixin.py:109} INFO - [2022-04-04 21:50:27,447] {dag.py:2398} INFO - Sync 1 DAGs
[2022-04-04 21:50:27,470] {logging_mixin.py:109} INFO - [2022-04-04 21:50:27,470] {dag.py:2937} INFO - Setting next_dagrun for tutorial_etl_dag to None
[2022-04-04 21:50:27,483] {processor.py:171} INFO - Processing /home/airflow/.local/lib/python3.7/site-packages/airflow/example_dags/tutorial_etl_dag.py took 0.090 seconds
[2022-04-04 21:50:57,539] {processor.py:163} INFO - Started process (PID=682) to work on /home/airflow/.local/lib/python3.7/site-packages/airflow/example_dags/tutorial_etl_dag.py
[2022-04-04 21:50:57,540] {processor.py:642} INFO - Processing file /home/airflow/.local/lib/python3.7/site-packages/airflow/example_dags/tutorial_etl_dag.py for tasks to queue
[2022-04-04 21:50:57,541] {logging_mixin.py:109} INFO - [2022-04-04 21:50:57,541] {dagbag.py:500} INFO - Filling up the DagBag from /home/airflow/.local/lib/python3.7/site-packages/airflow/example_dags/tutorial_etl_dag.py
[2022-04-04 21:50:57,559] {processor.py:652} INFO - DAG(s) dict_keys(['tutorial_etl_dag']) retrieved from /home/airflow/.local/lib/python3.7/site-packages/airflow/example_dags/tutorial_etl_dag.py
[2022-04-04 21:50:57,592] {logging_mixin.py:109} INFO - [2022-04-04 21:50:57,592] {dag.py:2398} INFO - Sync 1 DAGs
[2022-04-04 21:50:57,617] {logging_mixin.py:109} INFO - [2022-04-04 21:50:57,617] {dag.py:2937} INFO - Setting next_dagrun for tutorial_etl_dag to None
[2022-04-04 21:50:57,632] {processor.py:171} INFO - Processing /home/airflow/.local/lib/python3.7/site-packages/airflow/example_dags/tutorial_etl_dag.py took 0.097 seconds
[2022-04-04 21:51:27,981] {processor.py:163} INFO - Started process (PID=742) to work on /home/airflow/.local/lib/python3.7/site-packages/airflow/example_dags/tutorial_etl_dag.py
[2022-04-04 21:51:27,984] {processor.py:642} INFO - Processing file /home/airflow/.local/lib/python3.7/site-packages/airflow/example_dags/tutorial_etl_dag.py for tasks to queue
[2022-04-04 21:51:27,984] {logging_mixin.py:109} INFO - [2022-04-04 21:51:27,984] {dagbag.py:500} INFO - Filling up the DagBag from /home/airflow/.local/lib/python3.7/site-packages/airflow/example_dags/tutorial_etl_dag.py
[2022-04-04 21:51:28,007] {processor.py:652} INFO - DAG(s) dict_keys(['tutorial_etl_dag']) retrieved from /home/airflow/.local/lib/python3.7/site-packages/airflow/example_dags/tutorial_etl_dag.py
[2022-04-04 21:51:28,037] {logging_mixin.py:109} INFO - [2022-04-04 21:51:28,037] {dag.py:2398} INFO - Sync 1 DAGs
[2022-04-04 21:51:28,071] {logging_mixin.py:109} INFO - [2022-04-04 21:51:28,071] {dag.py:2937} INFO - Setting next_dagrun for tutorial_etl_dag to None
[2022-04-04 21:51:28,087] {processor.py:171} INFO - Processing /home/airflow/.local/lib/python3.7/site-packages/airflow/example_dags/tutorial_etl_dag.py took 0.110 seconds
[2022-04-04 21:51:58,436] {processor.py:163} INFO - Started process (PID=794) to work on /home/airflow/.local/lib/python3.7/site-packages/airflow/example_dags/tutorial_etl_dag.py
[2022-04-04 21:51:58,438] {processor.py:642} INFO - Processing file /home/airflow/.local/lib/python3.7/site-packages/airflow/example_dags/tutorial_etl_dag.py for tasks to queue
[2022-04-04 21:51:58,439] {logging_mixin.py:109} INFO - [2022-04-04 21:51:58,439] {dagbag.py:500} INFO - Filling up the DagBag from /home/airflow/.local/lib/python3.7/site-packages/airflow/example_dags/tutorial_etl_dag.py
[2022-04-04 21:51:58,459] {processor.py:652} INFO - DAG(s) dict_keys(['tutorial_etl_dag']) retrieved from /home/airflow/.local/lib/python3.7/site-packages/airflow/example_dags/tutorial_etl_dag.py
[2022-04-04 21:51:58,491] {logging_mixin.py:109} INFO - [2022-04-04 21:51:58,491] {dag.py:2398} INFO - Sync 1 DAGs
[2022-04-04 21:51:58,517] {logging_mixin.py:109} INFO - [2022-04-04 21:51:58,517] {dag.py:2937} INFO - Setting next_dagrun for tutorial_etl_dag to None
[2022-04-04 21:51:58,537] {processor.py:171} INFO - Processing /home/airflow/.local/lib/python3.7/site-packages/airflow/example_dags/tutorial_etl_dag.py took 0.104 seconds
[2022-04-04 21:52:29,028] {processor.py:163} INFO - Started process (PID=845) to work on /home/airflow/.local/lib/python3.7/site-packages/airflow/example_dags/tutorial_etl_dag.py
[2022-04-04 21:52:29,029] {processor.py:642} INFO - Processing file /home/airflow/.local/lib/python3.7/site-packages/airflow/example_dags/tutorial_etl_dag.py for tasks to queue
[2022-04-04 21:52:29,030] {logging_mixin.py:109} INFO - [2022-04-04 21:52:29,030] {dagbag.py:500} INFO - Filling up the DagBag from /home/airflow/.local/lib/python3.7/site-packages/airflow/example_dags/tutorial_etl_dag.py
[2022-04-04 21:52:29,048] {processor.py:652} INFO - DAG(s) dict_keys(['tutorial_etl_dag']) retrieved from /home/airflow/.local/lib/python3.7/site-packages/airflow/example_dags/tutorial_etl_dag.py
[2022-04-04 21:52:29,074] {logging_mixin.py:109} INFO - [2022-04-04 21:52:29,074] {dag.py:2398} INFO - Sync 1 DAGs
[2022-04-04 21:52:29,097] {logging_mixin.py:109} INFO - [2022-04-04 21:52:29,097] {dag.py:2937} INFO - Setting next_dagrun for tutorial_etl_dag to None
[2022-04-04 21:52:29,113] {processor.py:171} INFO - Processing /home/airflow/.local/lib/python3.7/site-packages/airflow/example_dags/tutorial_etl_dag.py took 0.089 seconds
[2022-04-04 21:52:59,270] {processor.py:163} INFO - Started process (PID=903) to work on /home/airflow/.local/lib/python3.7/site-packages/airflow/example_dags/tutorial_etl_dag.py
[2022-04-04 21:52:59,272] {processor.py:642} INFO - Processing file /home/airflow/.local/lib/python3.7/site-packages/airflow/example_dags/tutorial_etl_dag.py for tasks to queue
[2022-04-04 21:52:59,273] {logging_mixin.py:109} INFO - [2022-04-04 21:52:59,272] {dagbag.py:500} INFO - Filling up the DagBag from /home/airflow/.local/lib/python3.7/site-packages/airflow/example_dags/tutorial_etl_dag.py
[2022-04-04 21:52:59,295] {processor.py:652} INFO - DAG(s) dict_keys(['tutorial_etl_dag']) retrieved from /home/airflow/.local/lib/python3.7/site-packages/airflow/example_dags/tutorial_etl_dag.py
[2022-04-04 21:52:59,323] {logging_mixin.py:109} INFO - [2022-04-04 21:52:59,322] {dag.py:2398} INFO - Sync 1 DAGs
[2022-04-04 21:52:59,345] {logging_mixin.py:109} INFO - [2022-04-04 21:52:59,345] {dag.py:2937} INFO - Setting next_dagrun for tutorial_etl_dag to None
[2022-04-04 21:52:59,361] {processor.py:171} INFO - Processing /home/airflow/.local/lib/python3.7/site-packages/airflow/example_dags/tutorial_etl_dag.py took 0.095 seconds
[2022-04-04 21:53:29,658] {processor.py:163} INFO - Started process (PID=956) to work on /home/airflow/.local/lib/python3.7/site-packages/airflow/example_dags/tutorial_etl_dag.py
[2022-04-04 21:53:29,660] {processor.py:642} INFO - Processing file /home/airflow/.local/lib/python3.7/site-packages/airflow/example_dags/tutorial_etl_dag.py for tasks to queue
[2022-04-04 21:53:29,661] {logging_mixin.py:109} INFO - [2022-04-04 21:53:29,661] {dagbag.py:500} INFO - Filling up the DagBag from /home/airflow/.local/lib/python3.7/site-packages/airflow/example_dags/tutorial_etl_dag.py
[2022-04-04 21:53:29,678] {processor.py:652} INFO - DAG(s) dict_keys(['tutorial_etl_dag']) retrieved from /home/airflow/.local/lib/python3.7/site-packages/airflow/example_dags/tutorial_etl_dag.py
[2022-04-04 21:53:29,704] {logging_mixin.py:109} INFO - [2022-04-04 21:53:29,703] {dag.py:2398} INFO - Sync 1 DAGs
[2022-04-04 21:53:29,725] {logging_mixin.py:109} INFO - [2022-04-04 21:53:29,724] {dag.py:2937} INFO - Setting next_dagrun for tutorial_etl_dag to None
[2022-04-04 21:53:29,739] {processor.py:171} INFO - Processing /home/airflow/.local/lib/python3.7/site-packages/airflow/example_dags/tutorial_etl_dag.py took 0.086 seconds
[2022-04-04 21:53:59,808] {processor.py:163} INFO - Started process (PID=1009) to work on /home/airflow/.local/lib/python3.7/site-packages/airflow/example_dags/tutorial_etl_dag.py
[2022-04-04 21:53:59,810] {processor.py:642} INFO - Processing file /home/airflow/.local/lib/python3.7/site-packages/airflow/example_dags/tutorial_etl_dag.py for tasks to queue
[2022-04-04 21:53:59,810] {logging_mixin.py:109} INFO - [2022-04-04 21:53:59,810] {dagbag.py:500} INFO - Filling up the DagBag from /home/airflow/.local/lib/python3.7/site-packages/airflow/example_dags/tutorial_etl_dag.py
[2022-04-04 21:53:59,828] {processor.py:652} INFO - DAG(s) dict_keys(['tutorial_etl_dag']) retrieved from /home/airflow/.local/lib/python3.7/site-packages/airflow/example_dags/tutorial_etl_dag.py
[2022-04-04 21:53:59,854] {logging_mixin.py:109} INFO - [2022-04-04 21:53:59,854] {dag.py:2398} INFO - Sync 1 DAGs
[2022-04-04 21:53:59,873] {logging_mixin.py:109} INFO - [2022-04-04 21:53:59,873] {dag.py:2937} INFO - Setting next_dagrun for tutorial_etl_dag to None
[2022-04-04 21:53:59,886] {processor.py:171} INFO - Processing /home/airflow/.local/lib/python3.7/site-packages/airflow/example_dags/tutorial_etl_dag.py took 0.082 seconds
[2022-04-04 21:54:30,029] {processor.py:163} INFO - Started process (PID=1060) to work on /home/airflow/.local/lib/python3.7/site-packages/airflow/example_dags/tutorial_etl_dag.py
[2022-04-04 21:54:30,030] {processor.py:642} INFO - Processing file /home/airflow/.local/lib/python3.7/site-packages/airflow/example_dags/tutorial_etl_dag.py for tasks to queue
[2022-04-04 21:54:30,031] {logging_mixin.py:109} INFO - [2022-04-04 21:54:30,031] {dagbag.py:500} INFO - Filling up the DagBag from /home/airflow/.local/lib/python3.7/site-packages/airflow/example_dags/tutorial_etl_dag.py
[2022-04-04 21:54:30,047] {processor.py:652} INFO - DAG(s) dict_keys(['tutorial_etl_dag']) retrieved from /home/airflow/.local/lib/python3.7/site-packages/airflow/example_dags/tutorial_etl_dag.py
[2022-04-04 21:54:30,072] {logging_mixin.py:109} INFO - [2022-04-04 21:54:30,072] {dag.py:2398} INFO - Sync 1 DAGs
[2022-04-04 21:54:30,093] {logging_mixin.py:109} INFO - [2022-04-04 21:54:30,093] {dag.py:2937} INFO - Setting next_dagrun for tutorial_etl_dag to None
[2022-04-04 21:54:30,106] {processor.py:171} INFO - Processing /home/airflow/.local/lib/python3.7/site-packages/airflow/example_dags/tutorial_etl_dag.py took 0.081 seconds
[2022-04-04 21:55:00,368] {processor.py:163} INFO - Started process (PID=1120) to work on /home/airflow/.local/lib/python3.7/site-packages/airflow/example_dags/tutorial_etl_dag.py
[2022-04-04 21:55:00,370] {processor.py:642} INFO - Processing file /home/airflow/.local/lib/python3.7/site-packages/airflow/example_dags/tutorial_etl_dag.py for tasks to queue
[2022-04-04 21:55:00,371] {logging_mixin.py:109} INFO - [2022-04-04 21:55:00,371] {dagbag.py:500} INFO - Filling up the DagBag from /home/airflow/.local/lib/python3.7/site-packages/airflow/example_dags/tutorial_etl_dag.py
[2022-04-04 21:55:00,399] {processor.py:652} INFO - DAG(s) dict_keys(['tutorial_etl_dag']) retrieved from /home/airflow/.local/lib/python3.7/site-packages/airflow/example_dags/tutorial_etl_dag.py
[2022-04-04 21:55:00,431] {logging_mixin.py:109} INFO - [2022-04-04 21:55:00,431] {dag.py:2398} INFO - Sync 1 DAGs
[2022-04-04 21:55:00,459] {logging_mixin.py:109} INFO - [2022-04-04 21:55:00,459] {dag.py:2937} INFO - Setting next_dagrun for tutorial_etl_dag to None
[2022-04-04 21:55:00,477] {processor.py:171} INFO - Processing /home/airflow/.local/lib/python3.7/site-packages/airflow/example_dags/tutorial_etl_dag.py took 0.114 seconds
[2022-04-04 21:55:30,650] {processor.py:163} INFO - Started process (PID=1171) to work on /home/airflow/.local/lib/python3.7/site-packages/airflow/example_dags/tutorial_etl_dag.py
[2022-04-04 21:55:30,652] {processor.py:642} INFO - Processing file /home/airflow/.local/lib/python3.7/site-packages/airflow/example_dags/tutorial_etl_dag.py for tasks to queue
[2022-04-04 21:55:30,652] {logging_mixin.py:109} INFO - [2022-04-04 21:55:30,652] {dagbag.py:500} INFO - Filling up the DagBag from /home/airflow/.local/lib/python3.7/site-packages/airflow/example_dags/tutorial_etl_dag.py
[2022-04-04 21:55:30,669] {processor.py:652} INFO - DAG(s) dict_keys(['tutorial_etl_dag']) retrieved from /home/airflow/.local/lib/python3.7/site-packages/airflow/example_dags/tutorial_etl_dag.py
[2022-04-04 21:55:30,695] {logging_mixin.py:109} INFO - [2022-04-04 21:55:30,695] {dag.py:2398} INFO - Sync 1 DAGs
[2022-04-04 21:55:30,715] {logging_mixin.py:109} INFO - [2022-04-04 21:55:30,715] {dag.py:2937} INFO - Setting next_dagrun for tutorial_etl_dag to None
[2022-04-04 21:55:30,730] {processor.py:171} INFO - Processing /home/airflow/.local/lib/python3.7/site-packages/airflow/example_dags/tutorial_etl_dag.py took 0.083 seconds
[2022-04-04 21:56:01,169] {processor.py:163} INFO - Started process (PID=1223) to work on /home/airflow/.local/lib/python3.7/site-packages/airflow/example_dags/tutorial_etl_dag.py
[2022-04-04 21:56:01,170] {processor.py:642} INFO - Processing file /home/airflow/.local/lib/python3.7/site-packages/airflow/example_dags/tutorial_etl_dag.py for tasks to queue
[2022-04-04 21:56:01,170] {logging_mixin.py:109} INFO - [2022-04-04 21:56:01,170] {dagbag.py:500} INFO - Filling up the DagBag from /home/airflow/.local/lib/python3.7/site-packages/airflow/example_dags/tutorial_etl_dag.py
[2022-04-04 21:56:01,188] {processor.py:652} INFO - DAG(s) dict_keys(['tutorial_etl_dag']) retrieved from /home/airflow/.local/lib/python3.7/site-packages/airflow/example_dags/tutorial_etl_dag.py
[2022-04-04 21:56:01,217] {logging_mixin.py:109} INFO - [2022-04-04 21:56:01,217] {dag.py:2398} INFO - Sync 1 DAGs
[2022-04-04 21:56:01,238] {logging_mixin.py:109} INFO - [2022-04-04 21:56:01,238] {dag.py:2937} INFO - Setting next_dagrun for tutorial_etl_dag to None
[2022-04-04 21:56:01,251] {processor.py:171} INFO - Processing /home/airflow/.local/lib/python3.7/site-packages/airflow/example_dags/tutorial_etl_dag.py took 0.085 seconds
[2022-04-04 21:56:31,507] {processor.py:163} INFO - Started process (PID=1284) to work on /home/airflow/.local/lib/python3.7/site-packages/airflow/example_dags/tutorial_etl_dag.py
[2022-04-04 21:56:31,509] {processor.py:642} INFO - Processing file /home/airflow/.local/lib/python3.7/site-packages/airflow/example_dags/tutorial_etl_dag.py for tasks to queue
[2022-04-04 21:56:31,510] {logging_mixin.py:109} INFO - [2022-04-04 21:56:31,509] {dagbag.py:500} INFO - Filling up the DagBag from /home/airflow/.local/lib/python3.7/site-packages/airflow/example_dags/tutorial_etl_dag.py
[2022-04-04 21:56:31,529] {processor.py:652} INFO - DAG(s) dict_keys(['tutorial_etl_dag']) retrieved from /home/airflow/.local/lib/python3.7/site-packages/airflow/example_dags/tutorial_etl_dag.py
[2022-04-04 21:56:31,555] {logging_mixin.py:109} INFO - [2022-04-04 21:56:31,555] {dag.py:2398} INFO - Sync 1 DAGs
[2022-04-04 21:56:31,578] {logging_mixin.py:109} INFO - [2022-04-04 21:56:31,578] {dag.py:2937} INFO - Setting next_dagrun for tutorial_etl_dag to None
[2022-04-04 21:56:31,595] {processor.py:171} INFO - Processing /home/airflow/.local/lib/python3.7/site-packages/airflow/example_dags/tutorial_etl_dag.py took 0.092 seconds
[2022-04-04 21:57:02,247] {processor.py:163} INFO - Started process (PID=1335) to work on /home/airflow/.local/lib/python3.7/site-packages/airflow/example_dags/tutorial_etl_dag.py
[2022-04-04 21:57:02,248] {processor.py:642} INFO - Processing file /home/airflow/.local/lib/python3.7/site-packages/airflow/example_dags/tutorial_etl_dag.py for tasks to queue
[2022-04-04 21:57:02,249] {logging_mixin.py:109} INFO - [2022-04-04 21:57:02,249] {dagbag.py:500} INFO - Filling up the DagBag from /home/airflow/.local/lib/python3.7/site-packages/airflow/example_dags/tutorial_etl_dag.py
[2022-04-04 21:57:02,273] {processor.py:652} INFO - DAG(s) dict_keys(['tutorial_etl_dag']) retrieved from /home/airflow/.local/lib/python3.7/site-packages/airflow/example_dags/tutorial_etl_dag.py
[2022-04-04 21:57:02,300] {logging_mixin.py:109} INFO - [2022-04-04 21:57:02,299] {dag.py:2398} INFO - Sync 1 DAGs
[2022-04-04 21:57:02,323] {logging_mixin.py:109} INFO - [2022-04-04 21:57:02,322] {dag.py:2937} INFO - Setting next_dagrun for tutorial_etl_dag to None
[2022-04-04 21:57:02,339] {processor.py:171} INFO - Processing /home/airflow/.local/lib/python3.7/site-packages/airflow/example_dags/tutorial_etl_dag.py took 0.095 seconds
[2022-04-04 21:57:32,381] {processor.py:163} INFO - Started process (PID=1385) to work on /home/airflow/.local/lib/python3.7/site-packages/airflow/example_dags/tutorial_etl_dag.py
[2022-04-04 21:57:32,383] {processor.py:642} INFO - Processing file /home/airflow/.local/lib/python3.7/site-packages/airflow/example_dags/tutorial_etl_dag.py for tasks to queue
[2022-04-04 21:57:32,384] {logging_mixin.py:109} INFO - [2022-04-04 21:57:32,383] {dagbag.py:500} INFO - Filling up the DagBag from /home/airflow/.local/lib/python3.7/site-packages/airflow/example_dags/tutorial_etl_dag.py
[2022-04-04 21:57:32,409] {processor.py:652} INFO - DAG(s) dict_keys(['tutorial_etl_dag']) retrieved from /home/airflow/.local/lib/python3.7/site-packages/airflow/example_dags/tutorial_etl_dag.py
[2022-04-04 21:57:32,439] {logging_mixin.py:109} INFO - [2022-04-04 21:57:32,439] {dag.py:2398} INFO - Sync 1 DAGs
[2022-04-04 21:57:32,463] {logging_mixin.py:109} INFO - [2022-04-04 21:57:32,463] {dag.py:2937} INFO - Setting next_dagrun for tutorial_etl_dag to None
[2022-04-04 21:57:32,479] {processor.py:171} INFO - Processing /home/airflow/.local/lib/python3.7/site-packages/airflow/example_dags/tutorial_etl_dag.py took 0.102 seconds
[2022-04-04 21:58:02,742] {processor.py:163} INFO - Started process (PID=1439) to work on /home/airflow/.local/lib/python3.7/site-packages/airflow/example_dags/tutorial_etl_dag.py
[2022-04-04 21:58:02,744] {processor.py:642} INFO - Processing file /home/airflow/.local/lib/python3.7/site-packages/airflow/example_dags/tutorial_etl_dag.py for tasks to queue
[2022-04-04 21:58:02,745] {logging_mixin.py:109} INFO - [2022-04-04 21:58:02,745] {dagbag.py:500} INFO - Filling up the DagBag from /home/airflow/.local/lib/python3.7/site-packages/airflow/example_dags/tutorial_etl_dag.py
[2022-04-04 21:58:02,764] {processor.py:652} INFO - DAG(s) dict_keys(['tutorial_etl_dag']) retrieved from /home/airflow/.local/lib/python3.7/site-packages/airflow/example_dags/tutorial_etl_dag.py
[2022-04-04 21:58:02,794] {logging_mixin.py:109} INFO - [2022-04-04 21:58:02,793] {dag.py:2398} INFO - Sync 1 DAGs
[2022-04-04 21:58:02,819] {logging_mixin.py:109} INFO - [2022-04-04 21:58:02,819] {dag.py:2937} INFO - Setting next_dagrun for tutorial_etl_dag to None
[2022-04-04 21:58:02,835] {processor.py:171} INFO - Processing /home/airflow/.local/lib/python3.7/site-packages/airflow/example_dags/tutorial_etl_dag.py took 0.097 seconds
[2022-04-04 21:58:33,093] {processor.py:163} INFO - Started process (PID=1500) to work on /home/airflow/.local/lib/python3.7/site-packages/airflow/example_dags/tutorial_etl_dag.py
[2022-04-04 21:58:33,095] {processor.py:642} INFO - Processing file /home/airflow/.local/lib/python3.7/site-packages/airflow/example_dags/tutorial_etl_dag.py for tasks to queue
[2022-04-04 21:58:33,097] {logging_mixin.py:109} INFO - [2022-04-04 21:58:33,097] {dagbag.py:500} INFO - Filling up the DagBag from /home/airflow/.local/lib/python3.7/site-packages/airflow/example_dags/tutorial_etl_dag.py
[2022-04-04 21:58:33,119] {processor.py:652} INFO - DAG(s) dict_keys(['tutorial_etl_dag']) retrieved from /home/airflow/.local/lib/python3.7/site-packages/airflow/example_dags/tutorial_etl_dag.py
[2022-04-04 21:58:33,151] {logging_mixin.py:109} INFO - [2022-04-04 21:58:33,151] {dag.py:2398} INFO - Sync 1 DAGs
[2022-04-04 21:58:33,179] {logging_mixin.py:109} INFO - [2022-04-04 21:58:33,178] {dag.py:2937} INFO - Setting next_dagrun for tutorial_etl_dag to None
[2022-04-04 21:58:33,195] {processor.py:171} INFO - Processing /home/airflow/.local/lib/python3.7/site-packages/airflow/example_dags/tutorial_etl_dag.py took 0.107 seconds
[2022-04-04 21:59:03,235] {processor.py:163} INFO - Started process (PID=1549) to work on /home/airflow/.local/lib/python3.7/site-packages/airflow/example_dags/tutorial_etl_dag.py
[2022-04-04 21:59:03,236] {processor.py:642} INFO - Processing file /home/airflow/.local/lib/python3.7/site-packages/airflow/example_dags/tutorial_etl_dag.py for tasks to queue
[2022-04-04 21:59:03,236] {logging_mixin.py:109} INFO - [2022-04-04 21:59:03,236] {dagbag.py:500} INFO - Filling up the DagBag from /home/airflow/.local/lib/python3.7/site-packages/airflow/example_dags/tutorial_etl_dag.py
[2022-04-04 21:59:03,260] {processor.py:652} INFO - DAG(s) dict_keys(['tutorial_etl_dag']) retrieved from /home/airflow/.local/lib/python3.7/site-packages/airflow/example_dags/tutorial_etl_dag.py
[2022-04-04 21:59:03,289] {logging_mixin.py:109} INFO - [2022-04-04 21:59:03,289] {dag.py:2398} INFO - Sync 1 DAGs
[2022-04-04 21:59:03,316] {logging_mixin.py:109} INFO - [2022-04-04 21:59:03,316] {dag.py:2937} INFO - Setting next_dagrun for tutorial_etl_dag to None
[2022-04-04 21:59:03,331] {processor.py:171} INFO - Processing /home/airflow/.local/lib/python3.7/site-packages/airflow/example_dags/tutorial_etl_dag.py took 0.100 seconds
[2022-04-04 22:04:08,912] {processor.py:163} INFO - Started process (PID=105) to work on /home/airflow/.local/lib/python3.7/site-packages/airflow/example_dags/tutorial_etl_dag.py
[2022-04-04 22:04:08,914] {processor.py:642} INFO - Processing file /home/airflow/.local/lib/python3.7/site-packages/airflow/example_dags/tutorial_etl_dag.py for tasks to queue
[2022-04-04 22:04:08,914] {logging_mixin.py:109} INFO - [2022-04-04 22:04:08,914] {dagbag.py:500} INFO - Filling up the DagBag from /home/airflow/.local/lib/python3.7/site-packages/airflow/example_dags/tutorial_etl_dag.py
[2022-04-04 22:04:08,954] {processor.py:652} INFO - DAG(s) dict_keys(['tutorial_etl_dag']) retrieved from /home/airflow/.local/lib/python3.7/site-packages/airflow/example_dags/tutorial_etl_dag.py
[2022-04-04 22:04:12,154] {logging_mixin.py:109} INFO - [2022-04-04 22:04:12,154] {manager.py:496} INFO - Created Permission View: can edit on DAG:tutorial_etl_dag
[2022-04-04 22:04:12,164] {logging_mixin.py:109} INFO - [2022-04-04 22:04:12,164] {manager.py:496} INFO - Created Permission View: can read on DAG:tutorial_etl_dag
[2022-04-04 22:04:12,164] {logging_mixin.py:109} INFO - [2022-04-04 22:04:12,164] {dag.py:2398} INFO - Sync 1 DAGs
[2022-04-04 22:04:12,175] {logging_mixin.py:109} INFO - [2022-04-04 22:04:12,175] {dag.py:2417} INFO - Creating ORM DAG for tutorial_etl_dag
[2022-04-04 22:04:12,186] {logging_mixin.py:109} INFO - [2022-04-04 22:04:12,186] {dag.py:2937} INFO - Setting next_dagrun for tutorial_etl_dag to None
[2022-04-04 22:04:12,201] {processor.py:171} INFO - Processing /home/airflow/.local/lib/python3.7/site-packages/airflow/example_dags/tutorial_etl_dag.py took 3.293 seconds
[2022-04-04 22:04:42,329] {processor.py:163} INFO - Started process (PID=347) to work on /home/airflow/.local/lib/python3.7/site-packages/airflow/example_dags/tutorial_etl_dag.py
[2022-04-04 22:04:42,330] {processor.py:642} INFO - Processing file /home/airflow/.local/lib/python3.7/site-packages/airflow/example_dags/tutorial_etl_dag.py for tasks to queue
[2022-04-04 22:04:42,331] {logging_mixin.py:109} INFO - [2022-04-04 22:04:42,331] {dagbag.py:500} INFO - Filling up the DagBag from /home/airflow/.local/lib/python3.7/site-packages/airflow/example_dags/tutorial_etl_dag.py
[2022-04-04 22:04:42,361] {processor.py:652} INFO - DAG(s) dict_keys(['tutorial_etl_dag']) retrieved from /home/airflow/.local/lib/python3.7/site-packages/airflow/example_dags/tutorial_etl_dag.py
[2022-04-04 22:04:42,390] {logging_mixin.py:109} INFO - [2022-04-04 22:04:42,389] {dag.py:2398} INFO - Sync 1 DAGs
[2022-04-04 22:04:42,416] {logging_mixin.py:109} INFO - [2022-04-04 22:04:42,416] {dag.py:2937} INFO - Setting next_dagrun for tutorial_etl_dag to None
[2022-04-04 22:04:42,439] {processor.py:171} INFO - Processing /home/airflow/.local/lib/python3.7/site-packages/airflow/example_dags/tutorial_etl_dag.py took 0.115 seconds
